
================================================================================
DÉMARRAGE: ap_install
Description: Installation du mode Access Point
Date: Thu  5 Jun 11:19:33 CEST 2025
Utilisateur: root
Répertoire: /media/prod/USBTOOL
================================================================================

[2025-06-05 11:19:34] [INFO] [ap_install] Script ap_install initialisé
[2025-06-05 11:19:34] [INFO] [ap_install] ========== DÉBUT DE L'INSTALLATION AP ==========
[2025-06-05 11:19:34] [INFO] [ap_install] Progression: 10% - Vérifications initiales
[2025-06-05 11:19:34] [INFO] [ap_install] Privilèges root confirmés
[2025-06-05 11:19:34] [INFO] [ap_install] Interface wlan0 disponible
[2025-06-05 11:19:34] [INFO] [ap_install] NetworkManager actif
[2025-06-05 11:19:36] [INFO] [ap_install] Progression: 25% - Installation des paquets
[2025-06-05 11:19:36] [INFO] [ap_install] Installation hybride de Point d'accès
[2025-06-05 11:19:36] [INFO] [ap_install] Point d'accès déjà installé
[2025-06-05 11:19:37] [SUCCESS] [ap_install] Tous les paquets AP installés
[2025-06-05 11:19:39] [INFO] [ap_install] Progression: 35% - Préparation du système
[2025-06-05 11:19:39] [INFO] [ap_install] Configuration du resolv.conf
[2025-06-05 11:19:39] [CMD] [ap_install] Exécution: Protection du resolv.conf
[2025-06-05 11:19:39] [CMD] [ap_install] Commande: chattr +i /etc/resolv.conf 2>/dev/null || true
[2025-06-05 11:19:39] [CMD] [ap_install] Code de sortie: 0
[2025-06-05 11:19:39] [INFO] [ap_install] resolv.conf configuré avec succès
[2025-06-05 11:19:39] [INFO] [ap_install] Désactivation des services DNS conflictuels
[2025-06-05 11:19:39] [INFO] [ap_install] Nettoyage des connexions WiFi existantes
[2025-06-05 11:19:40] [CMD] [ap_install] Exécution: Déconnexion interface
[2025-06-05 11:19:40] [CMD] [ap_install] Commande: nmcli device disconnect wlan0 2>/dev/null || true
[2025-06-05 11:19:40] [CMD] [ap_install] Code de sortie: 0
[2025-06-05 11:19:40] [CMD] [ap_install] Exécution: Suppression ancienne config AP
[2025-06-05 11:19:40] [CMD] [ap_install] Commande: nmcli connection delete 'MaxLink-NETWORK' 2>/dev/null || true
[2025-06-05 11:19:40] [CMD] [ap_install] Code de sortie: 0
[2025-06-05 11:19:40] [INFO] [ap_install] Configuration de NetworkManager pour dnsmasq
[2025-06-05 11:19:40] [CMD] [ap_install] Exécution: Sauvegarde config NetworkManager
[2025-06-05 11:19:40] [CMD] [ap_install] Commande: cp /etc/NetworkManager/NetworkManager.conf /etc/NetworkManager/NetworkManager.conf.original
[2025-06-05 11:19:41] [CMD] [ap_install] Code de sortie: 0
[2025-06-05 11:19:41] [INFO] [ap_install] NetworkManager configuré avec succès
[2025-06-05 11:19:43] [INFO] [ap_install] Progression: 50% - Configuration du point d'accès
[2025-06-05 11:19:43] [INFO] [ap_install] Configuration AP - SSID: MaxLink-NETWORK, IP: 192.168.4.1/24, Canal: 6
[2025-06-05 11:19:43] [CMD] [ap_install] Exécution: Création profil AP
[2025-06-05 11:19:43] [CMD] [ap_install] Commande: nmcli connection add     type wifi     ifname wlan0     con-name 'MaxLink-NETWORK'     autoconnect yes     ssid 'MaxLink-NETWORK'     mode ap     802-11-wireless.band bg     802-11-wireless.channel 6     802-11-wireless-security.key-mgmt wpa-psk 	802-11-wireless-security.proto rsn 	802-11-wireless-security.pairwise ccmp 	802-11-wireless-security.group ccmp     802-11-wireless-security.psk 'MDPsupersecret007'     ipv4.method shared     ipv4.addresses '192.168.4.1/24'     ipv6.method disabled
[2025-06-05 11:19:43] [OUT] [ap_install] Connection 'MaxLink-NETWORK' (e72ed150-e3f1-49ae-8a94-d37d4c8b63ad) successfully added.
[2025-06-05 11:19:43] [CMD] [ap_install] Code de sortie: 0
[2025-06-05 11:19:43] [SUCCESS] [ap_install] Profil AP créé avec succès
[2025-06-05 11:19:43] [INFO] [ap_install] Configuration DHCP/DNS pour l'AP
[2025-06-05 11:19:44] [INFO] [ap_install] Configuration dnsmasq créée dans /etc/NetworkManager/dnsmasq-shared.d/
[2025-06-05 11:19:44] [INFO] [ap_install] Configuration DNS supplémentaire créée
[2025-06-05 11:19:46] [INFO] [ap_install] Progression: 70% - Configuration du pare-feu
[2025-06-05 11:19:46] [INFO] [ap_install] Configuration des règles iptables
[2025-06-05 11:19:48] [INFO] [ap_install] Progression: 85% - Activation du point d'accès
[2025-06-05 11:19:48] [INFO] [ap_install] Activation du point d'accès
[2025-06-05 11:19:48] [CMD] [ap_install] Exécution: Redémarrage NetworkManager
[2025-06-05 11:19:48] [CMD] [ap_install] Commande: systemctl restart NetworkManager
[2025-06-05 11:19:50] [CMD] [ap_install] Code de sortie: 0
[2025-06-05 11:19:55] [CMD] [ap_install] Exécution: Activation connexion AP
[2025-06-05 11:19:55] [CMD] [ap_install] Commande: nmcli connection up 'MaxLink-NETWORK'
[2025-06-05 11:19:56] [OUT] [ap_install] Connection successfully activated (D-Bus active path: /org/freedesktop/NetworkManager/ActiveConnection/3)
[2025-06-05 11:19:56] [CMD] [ap_install] Code de sortie: 0
[2025-06-05 11:19:56] [SUCCESS] [ap_install] Point d'accès activé avec succès
[2025-06-05 11:19:56] [INFO] [ap_install] Vérification de l'état du point d'accès
[2025-06-05 11:19:59] [SUCCESS] [ap_install] Point d'accès opérationnel
[2025-06-05 11:20:00] [INFO] [ap_install] Service dnsmasq actif
[2025-06-05 11:20:02] [INFO] [ap_install] Progression: 95% - Finalisation
[2025-06-05 11:20:02] [INFO] [ap_install] Configuration de démarrage automatique activée
[2025-06-05 11:20:02] [INFO] [ap_install] Configuration finale:
[2025-06-05 11:20:02] [INFO] [ap_install]   - SSID: MaxLink-NETWORK
[2025-06-05 11:20:02] [INFO] [ap_install]   - IP: 192.168.4.1
[2025-06-05 11:20:02] [INFO] [ap_install]   - DHCP: 192.168.4.10 - 192.168.4.100
[2025-06-05 11:20:02] [INFO] [ap_install] Progression: 100% - Installation terminée
[2025-06-05 11:20:02] [WARN] [ap_install] Test DNS final échoué - redémarrage recommandé
[2025-06-05 11:20:02] [INFO] [ap_install] Redémarrage du système prévu dans 15 secondes
[2025-06-05 11:20:18] [INFO] [ap_install] Redémarrage du système
[2025-06-05 11:20:18] [INFO] [ap_install] Script ap_install terminé avec le code 0
