
================================================================================
DÉMARRAGE: ap_install
Description: Installation du mode Access Point
Date: Tue 17 Jun 10:58:59 CEST 2025
Utilisateur: root
Répertoire: /media/prod/USBTOOL
================================================================================

[2025-06-17 10:58:59] [INFO] [ap_install] Script ap_install initialisé
[2025-06-17 10:58:59] [INFO] [ap_install] ========== DÉBUT DE L'INSTALLATION AP ==========
[2025-06-17 10:58:59] [INFO] [ap_install] Progression: 10% - Vérifications initiales
[2025-06-17 10:59:00] [INFO] [ap_install] Privilèges root confirmés
[2025-06-17 10:59:00] [INFO] [ap_install] Interface wlan0 disponible
[2025-06-17 10:59:00] [INFO] [ap_install] NetworkManager actif
[2025-06-17 10:59:02] [INFO] [ap_install] Progression: 25% - Installation des paquets
[2025-06-17 10:59:02] [INFO] [ap_install] Installation hybride de Point d'accès
[2025-06-17 10:59:02] [INFO] [ap_install] Point d'accès déjà installé
[2025-06-17 10:59:02] [SUCCESS] [ap_install] Tous les paquets AP installés
[2025-06-17 10:59:04] [INFO] [ap_install] Progression: 35% - Préparation du système
[2025-06-17 10:59:04] [INFO] [ap_install] Configuration du resolv.conf
[2025-06-17 10:59:05] [CMD] [ap_install] Exécution: Protection du resolv.conf
[2025-06-17 10:59:05] [CMD] [ap_install] Commande: chattr +i /etc/resolv.conf 2>/dev/null || true
[2025-06-17 10:59:05] [CMD] [ap_install] Code de sortie: 0
[2025-06-17 10:59:05] [INFO] [ap_install] resolv.conf configuré avec succès
[2025-06-17 10:59:05] [INFO] [ap_install] Désactivation des services DNS conflictuels
[2025-06-17 10:59:05] [INFO] [ap_install] Nettoyage des connexions WiFi existantes
[2025-06-17 10:59:05] [CMD] [ap_install] Exécution: Déconnexion interface
[2025-06-17 10:59:05] [CMD] [ap_install] Commande: nmcli device disconnect wlan0 2>/dev/null || true
[2025-06-17 10:59:05] [CMD] [ap_install] Code de sortie: 0
[2025-06-17 10:59:06] [CMD] [ap_install] Exécution: Suppression ancienne config AP
[2025-06-17 10:59:06] [CMD] [ap_install] Commande: nmcli connection delete 'MaxLink-NETWORK' 2>/dev/null || true
[2025-06-17 10:59:06] [CMD] [ap_install] Code de sortie: 0
[2025-06-17 10:59:06] [INFO] [ap_install] Configuration de NetworkManager pour dnsmasq
[2025-06-17 10:59:06] [CMD] [ap_install] Exécution: Sauvegarde config NetworkManager
[2025-06-17 10:59:06] [CMD] [ap_install] Commande: cp /etc/NetworkManager/NetworkManager.conf /etc/NetworkManager/NetworkManager.conf.original
[2025-06-17 10:59:06] [CMD] [ap_install] Code de sortie: 0
[2025-06-17 10:59:06] [INFO] [ap_install] NetworkManager configuré avec succès
[2025-06-17 10:59:08] [INFO] [ap_install] Progression: 50% - Configuration du point d'accès
[2025-06-17 10:59:08] [INFO] [ap_install] Configuration AP - SSID: MaxLink-NETWORK, IP: 192.168.4.1/24, Canal: 6
[2025-06-17 10:59:09] [CMD] [ap_install] Exécution: Création profil AP
[2025-06-17 10:59:09] [CMD] [ap_install] Commande: nmcli connection add     type wifi     ifname wlan0     con-name 'MaxLink-NETWORK'     autoconnect yes     ssid 'MaxLink-NETWORK'     mode ap     802-11-wireless.band bg     802-11-wireless.channel 6     802-11-wireless-security.key-mgmt wpa-psk 	802-11-wireless-security.proto rsn 	802-11-wireless-security.pairwise ccmp 	802-11-wireless-security.group ccmp     802-11-wireless-security.psk 'MDPsupersecret007'     ipv4.method shared     ipv4.addresses '192.168.4.1/24'     ipv6.method disabled
[2025-06-17 10:59:09] [OUT] [ap_install] Connection 'MaxLink-NETWORK' (0eb738a2-b9bb-4100-8719-b8776ce8735b) successfully added.
[2025-06-17 10:59:09] [CMD] [ap_install] Code de sortie: 0
[2025-06-17 10:59:09] [SUCCESS] [ap_install] Profil AP créé avec succès
[2025-06-17 10:59:09] [INFO] [ap_install] Configuration DHCP/DNS pour l'AP
[2025-06-17 10:59:09] [INFO] [ap_install] Configuration dnsmasq créée dans /etc/NetworkManager/dnsmasq-shared.d/
[2025-06-17 10:59:09] [INFO] [ap_install] Configuration DNS supplémentaire créée
[2025-06-17 10:59:11] [INFO] [ap_install] Progression: 70% - Configuration du pare-feu
[2025-06-17 10:59:12] [INFO] [ap_install] Configuration des règles iptables
[2025-06-17 10:59:14] [INFO] [ap_install] Progression: 85% - Activation du point d'accès
[2025-06-17 10:59:14] [INFO] [ap_install] Activation du point d'accès
[2025-06-17 10:59:14] [CMD] [ap_install] Exécution: Redémarrage NetworkManager
[2025-06-17 10:59:14] [CMD] [ap_install] Commande: systemctl restart NetworkManager
[2025-06-17 10:59:16] [CMD] [ap_install] Code de sortie: 0
[2025-06-17 10:59:21] [CMD] [ap_install] Exécution: Activation connexion AP
[2025-06-17 10:59:21] [CMD] [ap_install] Commande: nmcli connection up 'MaxLink-NETWORK'
[2025-06-17 10:59:22] [OUT] [ap_install] Connection successfully activated (D-Bus active path: /org/freedesktop/NetworkManager/ActiveConnection/3)
[2025-06-17 10:59:22] [CMD] [ap_install] Code de sortie: 0
[2025-06-17 10:59:22] [SUCCESS] [ap_install] Point d'accès activé avec succès
[2025-06-17 10:59:22] [INFO] [ap_install] Vérification de l'état du point d'accès
[2025-06-17 10:59:25] [SUCCESS] [ap_install] Point d'accès opérationnel
[2025-06-17 10:59:25] [INFO] [ap_install] Service dnsmasq actif
[2025-06-17 10:59:27] [INFO] [ap_install] Progression: 95% - Finalisation
[2025-06-17 10:59:28] [INFO] [ap_install] Configuration de démarrage automatique activée
[2025-06-17 10:59:28] [INFO] [ap_install] Statut du service ap mis à jour: active
[2025-06-17 10:59:28] [INFO] [ap_install] Configuration finale:
[2025-06-17 10:59:28] [INFO] [ap_install]   - SSID: MaxLink-NETWORK
[2025-06-17 10:59:28] [INFO] [ap_install]   - IP: 192.168.4.1
[2025-06-17 10:59:28] [INFO] [ap_install]   - DHCP: 192.168.4.10 - 192.168.4.100
[2025-06-17 10:59:28] [INFO] [ap_install] Progression: 100% - Installation terminée
[2025-06-17 10:59:28] [WARN] [ap_install] Test DNS final échoué - redémarrage recommandé
[2025-06-17 10:59:28] [INFO] [ap_install] Redémarrage différé - SKIP_REBOOT=true
[2025-06-17 10:59:29] [INFO] [ap_install] Script ap_install terminé avec le code 0

================================================================================
FIN: ap_install
Code de sortie: 0
Durée: 30 secondes
================================================================================

