
================================================================================
DÉMARRAGE: full_install_install
Description: Installation complète MaxLink
Date: Tue 13 May 02:19:48 CEST 2025
Utilisateur: root
Répertoire: /media/prod/USBTOOL
================================================================================

[2025-05-13 02:19:48] [INFO] [full_install_install] Script full_install_install initialisé
[2025-05-13 02:19:48] [INFO] [full_install_install] ========== DÉBUT DE L'INSTALLATION COMPLÈTE MAXLINK ==========
[2025-05-13 02:19:48] [INFO] [full_install_install] Exécution de update_install.sh
[2025-06-07 07:44:46] [SUCCESS] [full_install_install] update_install.sh installé avec succès
[2025-06-07 07:44:56] [INFO] [full_install_install] Exécution de ap_install.sh
[2025-06-07 07:45:26] [SUCCESS] [full_install_install] ap_install.sh installé avec succès
[2025-06-07 07:45:36] [INFO] [full_install_install] Exécution de nginx_install.sh
[2025-06-07 07:45:57] [SUCCESS] [full_install_install] nginx_install.sh installé avec succès
[2025-06-07 07:46:07] [INFO] [full_install_install] Exécution de mqtt_install.sh
[2025-06-07 07:46:32] [SUCCESS] [full_install_install] mqtt_install.sh installé avec succès
[2025-06-07 07:46:43] [INFO] [full_install_install] Exécution de mqtt_wgs_install.sh
[2025-06-07 07:47:07] [SUCCESS] [full_install_install] mqtt_wgs_install.sh installé avec succès
[2025-06-07 07:47:17] [INFO] [full_install_install] Exécution de orchestrator_install.sh
[2025-06-07 07:47:31] [SUCCESS] [full_install_install] orchestrator_install.sh installé avec succès
[2025-06-07 07:47:31] [SUCCESS] [full_install_install] Installation complète réussie - 0 erreur
[2025-06-07 07:48:01] [INFO] [full_install_install] Redémarrage du système pour finalisation
[2025-06-07 07:48:02] [INFO] [full_install_install] Script full_install_install terminé avec le code 0
