
================================================================================
DÉMARRAGE: full_install_install
Description: Installation complète MaxLink
Date: Mon 14 Jul 16:40:43 CEST 2025
Utilisateur: root
Répertoire: 
================================================================================

[2025-07-14 16:40:43] [INFO] [full_install_install] Script full_install_install initialisé
[2025-07-14 16:40:43] [INFO] [full_install_install] ========== DÉBUT DE L'INSTALLATION COMPLÈTE MAXLINK ==========
[2025-07-14 16:40:43] [INFO] [full_install_install] Exécution de update_install.sh
[2025-07-14 16:45:29] [SUCCESS] [full_install_install] update_install.sh installé avec succès
[2025-07-14 16:45:39] [INFO] [full_install_install] Exécution de ap_install.sh
[2025-07-14 16:46:09] [SUCCESS] [full_install_install] ap_install.sh installé avec succès
[2025-07-14 16:46:19] [INFO] [full_install_install] Exécution de nginx_install.sh
[2025-07-14 16:46:40] [SUCCESS] [full_install_install] nginx_install.sh installé avec succès
[2025-07-14 16:46:50] [INFO] [full_install_install] Exécution de mqtt_install.sh
[2025-07-14 16:47:14] [SUCCESS] [full_install_install] mqtt_install.sh installé avec succès
[2025-07-14 16:47:25] [INFO] [full_install_install] Exécution de mqtt_wgs_install.sh
[2025-07-14 16:48:00] [SUCCESS] [full_install_install] mqtt_wgs_install.sh installé avec succès
[2025-07-14 16:48:10] [INFO] [full_install_install] Exécution de php_archives_install.sh
[2025-07-14 16:48:10] [ERROR] [full_install_install] php_archives_install.sh a échoué
[2025-07-14 16:48:21] [INFO] [full_install_install] Exécution de orchestrator_install.sh
[2025-07-14 16:48:31] [SUCCESS] [full_install_install] orchestrator_install.sh installé avec succès
[2025-07-14 16:48:32] [ERROR] [full_install_install] Installation terminée avec 1 erreurs
[2025-07-14 16:49:32] [INFO] [full_install_install] Redémarrage du système malgré les erreurs
[2025-07-14 16:49:32] [INFO] [full_install_install] Script full_install_install terminé avec le code 1
