
================================================================================
DÉMARRAGE: full_install_install
Description: Installation complète MaxLink
Date: Mon 14 Jul 15:48:18 CEST 2025
Utilisateur: root
Répertoire: /media/prod/USBTOOL
================================================================================

[2025-07-14 15:48:18] [INFO] [full_install_install] Script full_install_install initialisé
[2025-07-14 15:48:19] [INFO] [full_install_install] ========== DÉBUT DE L'INSTALLATION COMPLÈTE MAXLINK ==========
[2025-07-14 15:48:19] [INFO] [full_install_install] Exécution de update_install.sh
[2025-07-14 15:52:47] [SUCCESS] [full_install_install] update_install.sh installé avec succès
[2025-07-14 15:52:57] [INFO] [full_install_install] Exécution de ap_install.sh
[2025-07-14 15:53:27] [SUCCESS] [full_install_install] ap_install.sh installé avec succès
[2025-07-14 15:53:37] [INFO] [full_install_install] Exécution de nginx_install.sh
[2025-07-14 15:53:58] [SUCCESS] [full_install_install] nginx_install.sh installé avec succès
[2025-07-14 15:54:08] [INFO] [full_install_install] Exécution de mqtt_install.sh
[2025-07-14 15:54:33] [SUCCESS] [full_install_install] mqtt_install.sh installé avec succès
[2025-07-14 15:54:43] [INFO] [full_install_install] Exécution de mqtt_wgs_install.sh
[2025-07-14 15:55:19] [SUCCESS] [full_install_install] mqtt_wgs_install.sh installé avec succès
[2025-07-14 15:55:29] [INFO] [full_install_install] Exécution de orchestrator_install.sh
[2025-07-14 15:55:39] [SUCCESS] [full_install_install] orchestrator_install.sh installé avec succès
[2025-07-14 15:55:39] [SUCCESS] [full_install_install] Installation complète réussie - 0 erreur
[2025-07-14 15:56:09] [INFO] [full_install_install] Redémarrage du système pour finalisation
[2025-07-14 15:56:10] [INFO] [full_install_install] Script full_install_install terminé avec le code 0
