
================================================================================
DÉMARRAGE: full_install_install
Description: Installation complète MaxLink
Date: Tue 24 Jun 13:28:39 CEST 2025
Utilisateur: root
Répertoire: /media/prod/USBTOOL
================================================================================

[2025-06-24 13:28:39] [INFO] [full_install_install] Script full_install_install initialisé
[2025-06-24 13:28:39] [INFO] [full_install_install] ========== DÉBUT DE L'INSTALLATION COMPLÈTE MAXLINK ==========
[2025-06-24 13:28:39] [INFO] [full_install_install] Exécution de update_install.sh
[2025-06-24 13:33:37] [SUCCESS] [full_install_install] update_install.sh installé avec succès
[2025-06-24 13:33:47] [INFO] [full_install_install] Exécution de ap_install.sh
[2025-06-24 13:34:17] [SUCCESS] [full_install_install] ap_install.sh installé avec succès
[2025-06-24 13:34:28] [INFO] [full_install_install] Exécution de nginx_install.sh
[2025-06-24 13:34:49] [SUCCESS] [full_install_install] nginx_install.sh installé avec succès
[2025-06-24 13:34:59] [INFO] [full_install_install] Exécution de mqtt_install.sh
[2025-06-24 13:35:24] [SUCCESS] [full_install_install] mqtt_install.sh installé avec succès
[2025-06-24 13:35:34] [INFO] [full_install_install] Exécution de mqtt_wgs_install.sh
[2025-06-24 13:36:10] [SUCCESS] [full_install_install] mqtt_wgs_install.sh installé avec succès
[2025-06-24 13:36:20] [INFO] [full_install_install] Exécution de orchestrator_install.sh
[2025-06-24 13:36:31] [SUCCESS] [full_install_install] orchestrator_install.sh installé avec succès
[2025-06-24 13:36:31] [SUCCESS] [full_install_install] Installation complète réussie - 0 erreur
[2025-06-24 13:37:02] [INFO] [full_install_install] Redémarrage du système pour finalisation
[2025-06-24 13:37:02] [INFO] [full_install_install] Script full_install_install terminé avec le code 0
