
================================================================================
DÉMARRAGE: full_install_install
Description: Installation complète MaxLink
Date: Mon 16 Jun 14:10:25 CEST 2025
Utilisateur: root
Répertoire: /media/prod/WERIT
Fichier de log: /media/prod/WERIT/logs/install/full_install_install_20250616_141025.log
================================================================================
[2025-06-16 14:10:25] [INFO] [full_install_install] Initialisation du logging pour full_install_install
[2025-06-16 14:10:25] [INFO] [full_install_install] Installation complète MaxLink
[2025-06-16 14:10:25] [INFO] [full_install_install] ========== DÉBUT DE L'INSTALLATION COMPLÈTE MAXLINK ==========
[2025-06-16 14:10:25] [INFO] [full_install_install] Exécution de update_install.sh
[2025-06-16 14:13:59] [SUCCESS] [full_install_install] update_install.sh installé avec succès
[2025-06-16 14:14:10] [INFO] [full_install_install] Exécution de ap_install.sh
[2025-06-16 14:14:17] [ERROR] [full_install_install] ap_install.sh a échoué
[2025-06-16 14:14:27] [INFO] [full_install_install] Exécution de nginx_install.sh
[2025-06-16 14:14:27] [ERROR] [full_install_install] nginx_install.sh a échoué
[2025-06-16 14:14:37] [INFO] [full_install_install] Exécution de mqtt_install.sh
[2025-06-16 14:14:57] [SUCCESS] [full_install_install] mqtt_install.sh installé avec succès
[2025-06-16 14:15:08] [INFO] [full_install_install] Exécution de mqtt_wgs_install.sh
[2025-06-16 14:15:26] [SUCCESS] [full_install_install] mqtt_wgs_install.sh installé avec succès
[2025-06-16 14:15:37] [INFO] [full_install_install] Exécution de orchestrator_install.sh
[2025-06-16 14:15:38] [SUCCESS] [full_install_install] orchestrator_install.sh installé avec succès
[2025-06-16 14:15:39] [WARN] [full_install_install] Installation terminée avec 2 erreur(s)
[2025-06-16 14:15:39] [INFO] [full_install_install] Mode installation complète - Redémarrage géré par l'interface
