
================================================================================
DÉMARRAGE: full_install_install
Description: Installation complète MaxLink
Date: Tue 21 Oct 11:03:20 CEST 2025
Utilisateur: root
Répertoire: /media/prod/USBTOOL
================================================================================

[2025-10-21 11:03:20] [INFO] [full_install_install] Script full_install_install initialisé
[2025-10-21 11:03:20] [INFO] [full_install_install] ========== DÉBUT DE L'INSTALLATION COMPLÈTE MAXLINK ==========
[2025-10-21 11:03:20] [INFO] [full_install_install] Exécution de update_install.sh
[2025-10-21 11:08:15] [SUCCESS] [full_install_install] update_install.sh installé avec succès
[2025-10-21 11:08:25] [INFO] [full_install_install] Exécution de ap_install.sh
[2025-10-21 11:08:56] [SUCCESS] [full_install_install] ap_install.sh installé avec succès
[2025-10-21 11:09:06] [INFO] [full_install_install] Exécution de nginx_install.sh
[2025-10-21 11:09:29] [SUCCESS] [full_install_install] nginx_install.sh installé avec succès
[2025-10-21 11:09:39] [ERROR] [full_install_install] Script non trouvé: /media/prod/USBTOOL/scripts/install/fake_ncsi_install.sh
[2025-10-21 11:09:40] [INFO] [full_install_install] Exécution de mqtt_install.sh
[2025-10-21 11:09:56] [ERROR] [full_install_install] mqtt_install.sh a échoué
[2025-10-21 11:10:06] [INFO] [full_install_install] Exécution de mqtt_wgs_install.sh
[2025-10-21 11:10:07] [ERROR] [full_install_install] mqtt_wgs_install.sh a échoué
[2025-10-21 11:10:17] [INFO] [full_install_install] Exécution de php_archives_install.sh
[2025-10-21 11:10:34] [ERROR] [full_install_install] php_archives_install.sh a échoué
[2025-10-21 11:10:44] [INFO] [full_install_install] Exécution de orchestrator_install.sh
[2025-10-21 11:10:53] [SUCCESS] [full_install_install] orchestrator_install.sh installé avec succès
[2025-10-21 11:10:53] [ERROR] [full_install_install] Installation terminée avec 4 erreurs
[2025-10-21 11:12:53] [INFO] [full_install_install] Redémarrage du système malgré les erreurs
[2025-10-21 11:12:53] [INFO] [full_install_install] Script full_install_install terminé avec le code 1
