
================================================================================
DÉMARRAGE: full_install_install
Description: Installation complète MaxLink
Date: Tue 13 May 02:19:54 CEST 2025
Utilisateur: root
Répertoire: /media/prod/USBTOOL
================================================================================

[2025-05-13 02:19:54] [INFO] [full_install_install] Script full_install_install initialisé
[2025-05-13 02:19:54] [INFO] [full_install_install] ========== DÉBUT DE L'INSTALLATION COMPLÈTE MAXLINK ==========
[2025-05-13 02:19:55] [INFO] [full_install_install] Exécution de update_install.sh
[2025-06-06 22:33:10] [SUCCESS] [full_install_install] update_install.sh installé avec succès
[2025-06-06 22:33:20] [INFO] [full_install_install] Exécution de ap_install.sh
[2025-06-06 22:33:50] [SUCCESS] [full_install_install] ap_install.sh installé avec succès
[2025-06-06 22:34:00] [INFO] [full_install_install] Exécution de nginx_install.sh
[2025-06-06 22:34:21] [SUCCESS] [full_install_install] nginx_install.sh installé avec succès
[2025-06-06 22:34:31] [INFO] [full_install_install] Exécution de mqtt_install.sh
[2025-06-06 22:34:56] [SUCCESS] [full_install_install] mqtt_install.sh installé avec succès
[2025-06-06 22:35:07] [INFO] [full_install_install] Exécution de mqtt_wgs_install.sh
[2025-06-06 22:35:32] [SUCCESS] [full_install_install] mqtt_wgs_install.sh installé avec succès
[2025-06-06 22:35:42] [INFO] [full_install_install] Exécution de orchestrator_install.sh
[2025-06-06 22:35:55] [SUCCESS] [full_install_install] orchestrator_install.sh installé avec succès
[2025-06-06 22:35:56] [SUCCESS] [full_install_install] Installation complète réussie - 0 erreur
[2025-06-06 22:36:26] [INFO] [full_install_install] Redémarrage du système pour finalisation
[2025-06-06 22:36:26] [INFO] [full_install_install] Script full_install_install terminé avec le code 0
