
================================================================================
DÉMARRAGE: full_install_install
Description: Installation complète MaxLink
Date: Sat 21 Jun 14:17:47 CEST 2025
Utilisateur: root
Répertoire: /media/prod/USBTOOL
================================================================================

[2025-06-21 14:17:47] [INFO] [full_install_install] Script full_install_install initialisé
[2025-06-21 14:17:47] [INFO] [full_install_install] ========== DÉBUT DE L'INSTALLATION COMPLÈTE MAXLINK ==========
[2025-06-21 14:17:47] [INFO] [full_install_install] Exécution de update_install.sh
[2025-06-21 11:22:38] [SUCCESS] [full_install_install] update_install.sh installé avec succès
[2025-06-21 11:22:48] [INFO] [full_install_install] Exécution de ap_install.sh
[2025-06-21 11:23:18] [SUCCESS] [full_install_install] ap_install.sh installé avec succès
[2025-06-21 11:23:28] [INFO] [full_install_install] Exécution de nginx_install.sh
[2025-06-21 11:23:49] [SUCCESS] [full_install_install] nginx_install.sh installé avec succès
[2025-06-21 11:23:59] [INFO] [full_install_install] Exécution de mqtt_install.sh
[2025-06-21 11:24:24] [SUCCESS] [full_install_install] mqtt_install.sh installé avec succès
[2025-06-21 11:24:34] [INFO] [full_install_install] Exécution de mqtt_wgs_install.sh
[2025-06-21 11:25:07] [SUCCESS] [full_install_install] mqtt_wgs_install.sh installé avec succès
[2025-06-21 11:25:17] [INFO] [full_install_install] Exécution de orchestrator_install.sh
[2025-06-21 11:25:27] [SUCCESS] [full_install_install] orchestrator_install.sh installé avec succès
[2025-06-21 11:25:27] [SUCCESS] [full_install_install] Installation complète réussie - 0 erreur
[2025-06-21 11:25:57] [INFO] [full_install_install] Redémarrage du système pour finalisation
[2025-06-21 11:25:58] [INFO] [full_install_install] Script full_install_install terminé avec le code 0
