
================================================================================
DÉMARRAGE: full_install_install
Description: Installation complète MaxLink
Date: Mon 14 Jul 17:02:31 CEST 2025
Utilisateur: root
Répertoire: /media/prod/USBTOOL
================================================================================

[2025-07-14 17:02:31] [INFO] [full_install_install] Script full_install_install initialisé
[2025-07-14 17:02:31] [INFO] [full_install_install] ========== DÉBUT DE L'INSTALLATION COMPLÈTE MAXLINK ==========
[2025-07-14 17:02:31] [INFO] [full_install_install] Exécution de update_install.sh
[2025-07-14 17:07:14] [SUCCESS] [full_install_install] update_install.sh installé avec succès
[2025-07-14 17:07:24] [INFO] [full_install_install] Exécution de ap_install.sh
[2025-07-14 17:07:54] [SUCCESS] [full_install_install] ap_install.sh installé avec succès
[2025-07-14 17:08:04] [INFO] [full_install_install] Exécution de nginx_install.sh
[2025-07-14 17:08:25] [SUCCESS] [full_install_install] nginx_install.sh installé avec succès
[2025-07-14 17:08:35] [INFO] [full_install_install] Exécution de mqtt_install.sh
[2025-07-14 17:09:00] [SUCCESS] [full_install_install] mqtt_install.sh installé avec succès
[2025-07-14 17:09:10] [INFO] [full_install_install] Exécution de mqtt_wgs_install.sh
[2025-07-14 17:09:45] [SUCCESS] [full_install_install] mqtt_wgs_install.sh installé avec succès
[2025-07-14 17:09:56] [INFO] [full_install_install] Exécution de php_archives_install.sh
[2025-07-14 17:10:29] [ERROR] [full_install_install] php_archives_install.sh a échoué
[2025-07-14 17:10:39] [INFO] [full_install_install] Exécution de orchestrator_install.sh
[2025-07-14 17:10:50] [SUCCESS] [full_install_install] orchestrator_install.sh installé avec succès
[2025-07-14 17:10:50] [ERROR] [full_install_install] Installation terminée avec 1 erreurs
[2025-07-14 17:11:51] [INFO] [full_install_install] Redémarrage du système malgré les erreurs
[2025-07-14 17:11:51] [INFO] [full_install_install] Script full_install_install terminé avec le code 1
