
================================================================================
DÉMARRAGE: full_install_install
Description: Installation complète MaxLink
Date: Wed 22 Oct 15:11:05 CEST 2025
Utilisateur: root
Répertoire: /media/prod/USBTOOL
================================================================================

[2025-10-22 15:11:05] [INFO] [full_install_install] Script full_install_install initialisé
[2025-10-22 15:11:05] [INFO] [full_install_install] ========== DÉBUT DE L'INSTALLATION COMPLÈTE MAXLINK ==========
[2025-10-22 15:11:05] [INFO] [full_install_install] Exécution de update_install.sh
[2025-10-22 15:16:26] [SUCCESS] [full_install_install] update_install.sh installé avec succès
[2025-10-22 15:16:36] [INFO] [full_install_install] Exécution de ap_install.sh
[2025-10-22 15:17:09] [SUCCESS] [full_install_install] ap_install.sh installé avec succès
[2025-10-22 15:17:19] [INFO] [full_install_install] Exécution de nginx_install.sh
[2025-10-22 15:17:42] [SUCCESS] [full_install_install] nginx_install.sh installé avec succès
[2025-10-22 15:17:52] [ERROR] [full_install_install] Script non trouvé: /media/prod/USBTOOL/scripts/install/fake_ncsi_install.sh
[2025-10-22 15:17:52] [INFO] [full_install_install] Exécution de mqtt_install.sh
[2025-10-22 15:18:18] [SUCCESS] [full_install_install] mqtt_install.sh installé avec succès
[2025-10-22 15:18:29] [INFO] [full_install_install] Exécution de mqtt_wgs_install.sh
[2025-10-22 15:19:09] [SUCCESS] [full_install_install] mqtt_wgs_install.sh installé avec succès
[2025-10-22 15:19:20] [INFO] [full_install_install] Exécution de php_archives_install.sh
[2025-10-22 15:19:39] [SUCCESS] [full_install_install] php_archives_install.sh installé avec succès
[2025-10-22 15:19:49] [INFO] [full_install_install] Exécution de orchestrator_install.sh
[2025-10-22 15:19:58] [SUCCESS] [full_install_install] orchestrator_install.sh installé avec succès
[2025-10-22 15:19:58] [ERROR] [full_install_install] Installation terminée avec 1 erreurs
