
================================================================================
DÉMARRAGE: full_install_install
Description: Installation complète MaxLink
Date: Thu 19 Jun 10:16:43 CEST 2025
Utilisateur: root
Répertoire: /media/prod/USBTOOL
================================================================================

[2025-06-19 10:16:43] [INFO] [full_install_install] Script full_install_install initialisé
[2025-06-19 10:16:44] [INFO] [full_install_install] ========== DÉBUT DE L'INSTALLATION COMPLÈTE MAXLINK ==========
[2025-06-19 10:16:44] [INFO] [full_install_install] Exécution de update_install.sh
[2025-06-19 10:21:17] [SUCCESS] [full_install_install] update_install.sh installé avec succès
[2025-06-19 10:21:28] [INFO] [full_install_install] Exécution de ap_install.sh
[2025-06-19 10:21:57] [SUCCESS] [full_install_install] ap_install.sh installé avec succès
[2025-06-19 10:22:08] [INFO] [full_install_install] Exécution de nginx_install.sh
[2025-06-19 10:22:29] [SUCCESS] [full_install_install] nginx_install.sh installé avec succès
[2025-06-19 10:22:39] [INFO] [full_install_install] Exécution de mqtt_install.sh
[2025-06-19 10:23:04] [SUCCESS] [full_install_install] mqtt_install.sh installé avec succès
[2025-06-19 10:23:14] [INFO] [full_install_install] Exécution de mqtt_wgs_install.sh
[2025-06-19 10:23:43] [SUCCESS] [full_install_install] mqtt_wgs_install.sh installé avec succès
[2025-06-19 10:23:53] [INFO] [full_install_install] Exécution de orchestrator_install.sh
[2025-06-19 10:24:05] [SUCCESS] [full_install_install] orchestrator_install.sh installé avec succès
[2025-06-19 10:24:05] [SUCCESS] [full_install_install] Installation complète réussie - 0 erreur
[2025-06-19 10:24:35] [INFO] [full_install_install] Redémarrage du système pour finalisation
[2025-06-19 10:24:35] [INFO] [full_install_install] Script full_install_install terminé avec le code 0
