
================================================================================
DÉMARRAGE: full_install_install
Description: Installation complète MaxLink
Date: Tue 24 Jun 14:12:12 CEST 2025
Utilisateur: root
Répertoire: /media/prod/USBTOOL
================================================================================

[2025-06-24 14:12:12] [INFO] [full_install_install] Script full_install_install initialisé
[2025-06-24 14:12:12] [INFO] [full_install_install] ========== DÉBUT DE L'INSTALLATION COMPLÈTE MAXLINK ==========
[2025-06-24 14:12:13] [INFO] [full_install_install] Exécution de update_install.sh
[2025-06-24 14:17:23] [SUCCESS] [full_install_install] update_install.sh installé avec succès
[2025-06-24 14:17:33] [INFO] [full_install_install] Exécution de ap_install.sh
[2025-06-24 14:18:03] [SUCCESS] [full_install_install] ap_install.sh installé avec succès
[2025-06-24 14:18:13] [INFO] [full_install_install] Exécution de nginx_install.sh
[2025-06-24 14:18:34] [SUCCESS] [full_install_install] nginx_install.sh installé avec succès
[2025-06-24 14:18:44] [INFO] [full_install_install] Exécution de mqtt_install.sh
[2025-06-24 14:19:09] [SUCCESS] [full_install_install] mqtt_install.sh installé avec succès
[2025-06-24 14:19:19] [INFO] [full_install_install] Exécution de mqtt_wgs_install.sh
[2025-06-24 14:19:55] [SUCCESS] [full_install_install] mqtt_wgs_install.sh installé avec succès
[2025-06-24 14:20:05] [INFO] [full_install_install] Exécution de orchestrator_install.sh
[2025-06-24 14:20:15] [SUCCESS] [full_install_install] orchestrator_install.sh installé avec succès
[2025-06-24 14:20:15] [SUCCESS] [full_install_install] Installation complète réussie - 0 erreur
[2025-06-24 14:20:45] [INFO] [full_install_install] Redémarrage du système pour finalisation
[2025-06-24 14:20:45] [INFO] [full_install_install] Script full_install_install terminé avec le code 0
