
================================================================================
DÉMARRAGE: full_install_install
Description: Installation complète MaxLink
Date: Mon 14 Jul 17:36:25 CEST 2025
Utilisateur: root
Répertoire: /media/prod/USBTOOL
================================================================================

[2025-07-14 17:36:25] [INFO] [full_install_install] Script full_install_install initialisé
[2025-07-14 17:36:25] [INFO] [full_install_install] ========== DÉBUT DE L'INSTALLATION COMPLÈTE MAXLINK ==========
[2025-07-14 17:36:25] [INFO] [full_install_install] Exécution de update_install.sh
[2025-07-14 17:41:04] [SUCCESS] [full_install_install] update_install.sh installé avec succès
[2025-07-14 17:41:14] [INFO] [full_install_install] Exécution de ap_install.sh
[2025-07-14 17:41:44] [SUCCESS] [full_install_install] ap_install.sh installé avec succès
[2025-07-14 17:41:54] [INFO] [full_install_install] Exécution de nginx_install.sh
[2025-07-14 17:42:15] [SUCCESS] [full_install_install] nginx_install.sh installé avec succès
[2025-07-14 17:42:25] [INFO] [full_install_install] Exécution de mqtt_install.sh
[2025-07-14 17:42:50] [SUCCESS] [full_install_install] mqtt_install.sh installé avec succès
[2025-07-14 17:43:00] [INFO] [full_install_install] Exécution de mqtt_wgs_install.sh
[2025-07-14 17:43:37] [SUCCESS] [full_install_install] mqtt_wgs_install.sh installé avec succès
[2025-07-14 17:43:47] [INFO] [full_install_install] Exécution de php_archives_install.sh
[2025-07-14 17:44:03] [ERROR] [full_install_install] php_archives_install.sh a échoué
[2025-07-14 17:44:13] [INFO] [full_install_install] Exécution de orchestrator_install.sh
[2025-07-14 17:44:24] [SUCCESS] [full_install_install] orchestrator_install.sh installé avec succès
[2025-07-14 17:44:24] [ERROR] [full_install_install] Installation terminée avec 1 erreurs
[2025-07-14 17:45:24] [INFO] [full_install_install] Redémarrage du système malgré les erreurs
[2025-07-14 17:45:24] [INFO] [full_install_install] Script full_install_install terminé avec le code 1
