
================================================================================
DÉMARRAGE: full_install_install
Description: Installation complète MaxLink
Date: Mon 14 Jul 19:29:01 CEST 2025
Utilisateur: root
Répertoire: /media/prod/USBTOOL
================================================================================

[2025-07-14 19:29:01] [INFO] [full_install_install] Script full_install_install initialisé
[2025-07-14 19:29:01] [INFO] [full_install_install] ========== DÉBUT DE L'INSTALLATION COMPLÈTE MAXLINK ==========
[2025-07-14 19:29:01] [INFO] [full_install_install] Exécution de update_install.sh
[2025-07-14 19:34:45] [SUCCESS] [full_install_install] update_install.sh installé avec succès
[2025-07-14 19:34:55] [INFO] [full_install_install] Exécution de ap_install.sh
[2025-07-14 19:35:25] [SUCCESS] [full_install_install] ap_install.sh installé avec succès
[2025-07-14 19:35:35] [INFO] [full_install_install] Exécution de nginx_install.sh
[2025-07-14 19:35:56] [SUCCESS] [full_install_install] nginx_install.sh installé avec succès
[2025-07-14 19:36:06] [INFO] [full_install_install] Exécution de mqtt_install.sh
[2025-07-14 19:36:31] [SUCCESS] [full_install_install] mqtt_install.sh installé avec succès
[2025-07-14 19:36:41] [INFO] [full_install_install] Exécution de mqtt_wgs_install.sh
[2025-07-14 19:37:18] [SUCCESS] [full_install_install] mqtt_wgs_install.sh installé avec succès
[2025-07-14 19:37:28] [INFO] [full_install_install] Exécution de php_archives_install.sh
[2025-07-14 19:37:52] [SUCCESS] [full_install_install] php_archives_install.sh installé avec succès
[2025-07-14 19:38:02] [INFO] [full_install_install] Exécution de orchestrator_install.sh
[2025-07-14 19:38:12] [SUCCESS] [full_install_install] orchestrator_install.sh installé avec succès
[2025-07-14 19:38:12] [SUCCESS] [full_install_install] Installation complète réussie - 0 erreur
[2025-07-14 19:38:43] [INFO] [full_install_install] Redémarrage du système pour finalisation
[2025-07-14 19:38:43] [INFO] [full_install_install] Script full_install_install terminé avec le code 0
