
================================================================================
DÉMARRAGE: full_install_install
Description: Installation complète MaxLink
Date: Wed 18 Jun 14:27:36 CEST 2025
Utilisateur: root
Répertoire: /media/prod/USBTOOL
================================================================================

[2025-06-18 14:27:36] [INFO] [full_install_install] Script full_install_install initialisé
[2025-06-18 14:27:36] [INFO] [full_install_install] ========== DÉBUT DE L'INSTALLATION COMPLÈTE MAXLINK ==========
[2025-06-18 14:27:36] [INFO] [full_install_install] Exécution de update_install.sh
[2025-06-18 14:31:44] [SUCCESS] [full_install_install] update_install.sh installé avec succès
[2025-06-18 14:31:54] [INFO] [full_install_install] Exécution de ap_install.sh
[2025-06-18 14:32:24] [SUCCESS] [full_install_install] ap_install.sh installé avec succès
[2025-06-18 14:32:34] [INFO] [full_install_install] Exécution de nginx_install.sh
[2025-06-18 14:32:56] [SUCCESS] [full_install_install] nginx_install.sh installé avec succès
[2025-06-18 14:33:06] [INFO] [full_install_install] Exécution de mqtt_install.sh
[2025-06-18 14:33:31] [SUCCESS] [full_install_install] mqtt_install.sh installé avec succès
[2025-06-18 14:33:41] [INFO] [full_install_install] Exécution de mqtt_wgs_install.sh
[2025-06-18 14:34:08] [SUCCESS] [full_install_install] mqtt_wgs_install.sh installé avec succès
[2025-06-18 14:34:19] [INFO] [full_install_install] Exécution de orchestrator_install.sh
[2025-06-18 14:34:24] [SUCCESS] [full_install_install] orchestrator_install.sh installé avec succès
[2025-06-18 14:34:25] [SUCCESS] [full_install_install] Installation complète réussie - 0 erreur
[2025-06-18 14:34:55] [INFO] [full_install_install] Redémarrage du système pour finalisation
[2025-06-18 14:34:55] [INFO] [full_install_install] Script full_install_install terminé avec le code 0
