
================================================================================
DÉMARRAGE: full_install_install
Description: Installation complète MaxLink
Date: Wed 22 Oct 10:05:28 CEST 2025
Utilisateur: root
Répertoire: /media/prod/USBTOOL
================================================================================

[2025-10-22 10:05:28] [INFO] [full_install_install] Script full_install_install initialisé
[2025-10-22 10:05:28] [INFO] [full_install_install] ========== DÉBUT DE L'INSTALLATION COMPLÈTE MAXLINK ==========
[2025-10-22 10:05:28] [INFO] [full_install_install] Exécution de update_install.sh
[2025-10-22 10:09:54] [SUCCESS] [full_install_install] update_install.sh installé avec succès
[2025-10-22 10:10:04] [INFO] [full_install_install] Exécution de ap_install.sh
[2025-10-22 10:10:37] [SUCCESS] [full_install_install] ap_install.sh installé avec succès
[2025-10-22 10:10:47] [INFO] [full_install_install] Exécution de nginx_install.sh
[2025-10-22 10:11:10] [SUCCESS] [full_install_install] nginx_install.sh installé avec succès
[2025-10-22 10:11:20] [ERROR] [full_install_install] Script non trouvé: /media/prod/USBTOOL/scripts/install/fake_ncsi_install.sh
[2025-10-22 10:11:20] [INFO] [full_install_install] Exécution de mqtt_install.sh
[2025-10-22 10:11:47] [SUCCESS] [full_install_install] mqtt_install.sh installé avec succès
[2025-10-22 10:11:57] [INFO] [full_install_install] Exécution de mqtt_wgs_install.sh
[2025-10-22 10:12:38] [SUCCESS] [full_install_install] mqtt_wgs_install.sh installé avec succès
[2025-10-22 10:12:48] [INFO] [full_install_install] Exécution de php_archives_install.sh
[2025-10-22 10:13:04] [ERROR] [full_install_install] php_archives_install.sh a échoué
[2025-10-22 10:13:14] [INFO] [full_install_install] Exécution de orchestrator_install.sh
[2025-10-22 10:13:23] [SUCCESS] [full_install_install] orchestrator_install.sh installé avec succès
[2025-10-22 10:13:23] [ERROR] [full_install_install] Installation terminée avec 2 erreurs
