
================================================================================
DÉMARRAGE: full_install_install
Description: Installation complète MaxLink
Date: Mon 27 Oct 11:15:17 CET 2025
Utilisateur: root
Répertoire: /media/prod/USBTOOL
================================================================================

[2025-10-27 11:15:17] [INFO] [full_install_install] Script full_install_install initialisé
[2025-10-27 11:15:17] [INFO] [full_install_install] ========== DÉBUT DE L'INSTALLATION COMPLÈTE MAXLINK ==========
[2025-10-27 11:15:17] [INFO] [full_install_install] Exécution de update_install.sh
[2025-10-27 11:19:04] [SUCCESS] [full_install_install] update_install.sh installé avec succès
[2025-10-27 11:19:15] [INFO] [full_install_install] Exécution de ap_install.sh
[2025-10-27 11:19:48] [SUCCESS] [full_install_install] ap_install.sh installé avec succès
[2025-10-27 11:19:58] [INFO] [full_install_install] Exécution de nginx_install.sh
[2025-10-27 11:20:20] [SUCCESS] [full_install_install] nginx_install.sh installé avec succès
[2025-10-27 11:20:31] [ERROR] [full_install_install] Script non trouvé: /media/prod/USBTOOL/scripts/install/fake_ncsi_install.sh
[2025-10-27 11:20:31] [INFO] [full_install_install] Exécution de mqtt_install.sh
[2025-10-27 11:20:57] [SUCCESS] [full_install_install] mqtt_install.sh installé avec succès
[2025-10-27 11:21:07] [INFO] [full_install_install] Exécution de mqtt_wgs_install.sh
[2025-10-27 11:21:45] [SUCCESS] [full_install_install] mqtt_wgs_install.sh installé avec succès
[2025-10-27 11:21:56] [INFO] [full_install_install] Exécution de php_archives_install.sh
[2025-10-27 11:22:06] [ERROR] [full_install_install] php_archives_install.sh a échoué
[2025-10-27 11:22:17] [INFO] [full_install_install] Exécution de orchestrator_install.sh
[2025-10-27 11:22:26] [SUCCESS] [full_install_install] orchestrator_install.sh installé avec succès
[2025-10-27 11:22:26] [ERROR] [full_install_install] Installation terminée avec 2 erreurs
