
================================================================================
DÉMARRAGE: full_install_install
Description: Installation complète MaxLink
Date: Tue 15 Jul 10:15:52 CEST 2025
Utilisateur: root
Répertoire: /media/prod/USBTOOL
================================================================================

[2025-07-15 10:15:52] [INFO] [full_install_install] Script full_install_install initialisé
[2025-07-15 10:15:52] [INFO] [full_install_install] ========== DÉBUT DE L'INSTALLATION COMPLÈTE MAXLINK ==========
[2025-07-15 10:15:52] [INFO] [full_install_install] Exécution de update_install.sh
[2025-07-15 10:20:46] [SUCCESS] [full_install_install] update_install.sh installé avec succès
[2025-07-15 10:20:56] [INFO] [full_install_install] Exécution de ap_install.sh
[2025-07-15 10:21:26] [SUCCESS] [full_install_install] ap_install.sh installé avec succès
[2025-07-15 10:21:36] [INFO] [full_install_install] Exécution de nginx_install.sh
[2025-07-15 10:21:58] [SUCCESS] [full_install_install] nginx_install.sh installé avec succès
[2025-07-15 10:22:08] [INFO] [full_install_install] Exécution de mqtt_install.sh
[2025-07-15 10:22:32] [SUCCESS] [full_install_install] mqtt_install.sh installé avec succès
[2025-07-15 10:22:43] [INFO] [full_install_install] Exécution de mqtt_wgs_install.sh
[2025-07-15 10:23:19] [SUCCESS] [full_install_install] mqtt_wgs_install.sh installé avec succès
[2025-07-15 10:23:29] [INFO] [full_install_install] Exécution de php_archives_install.sh
[2025-07-15 10:24:03] [SUCCESS] [full_install_install] php_archives_install.sh installé avec succès
[2025-07-15 10:24:14] [INFO] [full_install_install] Exécution de orchestrator_install.sh
[2025-07-15 10:24:24] [SUCCESS] [full_install_install] orchestrator_install.sh installé avec succès
[2025-07-15 10:24:24] [SUCCESS] [full_install_install] Installation complète réussie - 0 erreur
[2025-07-15 10:24:54] [INFO] [full_install_install] Redémarrage du système pour finalisation
[2025-07-15 10:24:54] [INFO] [full_install_install] Script full_install_install terminé avec le code 0
