
================================================================================
DÉMARRAGE: full_install_install
Description: Installation complète MaxLink
Date: Wed 18 Jun 13:33:59 CEST 2025
Utilisateur: root
Répertoire: /media/prod/USBTOOL
================================================================================

[2025-06-18 13:33:59] [INFO] [full_install_install] Script full_install_install initialisé
[2025-06-18 13:33:59] [INFO] [full_install_install] ========== DÉBUT DE L'INSTALLATION COMPLÈTE MAXLINK ==========
[2025-06-18 13:33:59] [INFO] [full_install_install] Exécution de update_install.sh
[2025-06-18 13:38:10] [SUCCESS] [full_install_install] update_install.sh installé avec succès
[2025-06-18 13:38:21] [INFO] [full_install_install] Exécution de ap_install.sh
[2025-06-18 13:38:50] [SUCCESS] [full_install_install] ap_install.sh installé avec succès
[2025-06-18 13:39:01] [INFO] [full_install_install] Exécution de nginx_install.sh
[2025-06-18 13:39:22] [SUCCESS] [full_install_install] nginx_install.sh installé avec succès
[2025-06-18 13:39:32] [INFO] [full_install_install] Exécution de mqtt_install.sh
[2025-06-18 13:39:57] [SUCCESS] [full_install_install] mqtt_install.sh installé avec succès
[2025-06-18 13:40:07] [INFO] [full_install_install] Exécution de mqtt_wgs_install.sh
[2025-06-18 13:40:34] [SUCCESS] [full_install_install] mqtt_wgs_install.sh installé avec succès
[2025-06-18 13:40:45] [INFO] [full_install_install] Exécution de orchestrator_install.sh
[2025-06-18 13:40:50] [SUCCESS] [full_install_install] orchestrator_install.sh installé avec succès
[2025-06-18 13:40:51] [SUCCESS] [full_install_install] Installation complète réussie - 0 erreur
[2025-06-18 13:41:21] [INFO] [full_install_install] Redémarrage du système pour finalisation
[2025-06-18 13:41:21] [INFO] [full_install_install] Script full_install_install terminé avec le code 0
