
================================================================================
DÉMARRAGE: full_install_install
Description: Installation complète MaxLink
Date: Tue 17 Jun 10:57:42 CEST 2025
Utilisateur: root
Répertoire: /media/prod/USBTOOL
================================================================================

[2025-06-17 10:57:42] [INFO] [full_install_install] Script full_install_install initialisé
[2025-06-17 10:57:42] [INFO] [full_install_install] ========== DÉBUT DE L'INSTALLATION COMPLÈTE MAXLINK ==========
[2025-06-17 10:57:42] [INFO] [full_install_install] Exécution de update_install.sh
[2025-06-17 10:58:49] [SUCCESS] [full_install_install] update_install.sh installé avec succès
[2025-06-17 10:58:59] [INFO] [full_install_install] Exécution de ap_install.sh
[2025-06-17 10:59:29] [SUCCESS] [full_install_install] ap_install.sh installé avec succès
[2025-06-17 10:59:39] [INFO] [full_install_install] Exécution de nginx_install.sh
[2025-06-17 10:59:40] [ERROR] [full_install_install] nginx_install.sh a échoué
[2025-06-17 10:59:50] [INFO] [full_install_install] Exécution de mqtt_install.sh
[2025-06-17 11:00:39] [SUCCESS] [full_install_install] mqtt_install.sh installé avec succès
[2025-06-17 11:00:49] [INFO] [full_install_install] Exécution de mqtt_wgs_install.sh
[2025-06-17 11:01:19] [SUCCESS] [full_install_install] mqtt_wgs_install.sh installé avec succès
[2025-06-17 11:01:29] [INFO] [full_install_install] Exécution de orchestrator_install.sh
[2025-06-17 11:01:35] [SUCCESS] [full_install_install] orchestrator_install.sh installé avec succès
[2025-06-17 11:01:35] [ERROR] [full_install_install] Installation terminée avec 1 erreurs
[2025-06-17 11:02:05] [INFO] [full_install_install] Redémarrage du système malgré les erreurs
[2025-06-17 11:02:05] [INFO] [full_install_install] Script full_install_install terminé avec le code 1
