
================================================================================
DÉMARRAGE: full_install_install
Description: Installation complète MaxLink
Date: Tue 24 Jun 13:14:46 CEST 2025
Utilisateur: root
Répertoire: /media/prod/USBTOOL
================================================================================

[2025-06-24 13:14:46] [INFO] [full_install_install] Script full_install_install initialisé
[2025-06-24 13:14:47] [INFO] [full_install_install] ========== DÉBUT DE L'INSTALLATION COMPLÈTE MAXLINK ==========
[2025-06-24 13:14:47] [INFO] [full_install_install] Exécution de update_install.sh
[2025-06-24 13:19:34] [SUCCESS] [full_install_install] update_install.sh installé avec succès
[2025-06-24 13:19:44] [INFO] [full_install_install] Exécution de ap_install.sh
[2025-06-24 13:20:14] [SUCCESS] [full_install_install] ap_install.sh installé avec succès
[2025-06-24 13:20:24] [INFO] [full_install_install] Exécution de nginx_install.sh
[2025-06-24 13:20:45] [SUCCESS] [full_install_install] nginx_install.sh installé avec succès
[2025-06-24 13:20:55] [INFO] [full_install_install] Exécution de mqtt_install.sh
[2025-06-24 13:21:20] [SUCCESS] [full_install_install] mqtt_install.sh installé avec succès
[2025-06-24 13:21:30] [INFO] [full_install_install] Exécution de mqtt_wgs_install.sh
[2025-06-24 13:22:01] [SUCCESS] [full_install_install] mqtt_wgs_install.sh installé avec succès
[2025-06-24 13:22:12] [INFO] [full_install_install] Exécution de orchestrator_install.sh
[2025-06-24 13:22:22] [SUCCESS] [full_install_install] orchestrator_install.sh installé avec succès
[2025-06-24 13:22:22] [SUCCESS] [full_install_install] Installation complète réussie - 0 erreur
[2025-06-24 13:22:52] [INFO] [full_install_install] Redémarrage du système pour finalisation
[2025-06-24 13:22:53] [INFO] [full_install_install] Script full_install_install terminé avec le code 0
