
================================================================================
DÉMARRAGE: mqtt_wgs_install
Description: Installation de tous les widgets MQTT
Date: Tue 24 Jun 14:19:19 CEST 2025
Utilisateur: root
Répertoire: /media/prod/USBTOOL
================================================================================

[2025-06-24 14:19:19] [INFO] [mqtt_wgs_install] Script mqtt_wgs_install initialisé
[2025-06-24 14:19:19] [INFO] [mqtt_wgs_install] ========== DÉBUT DE L'INSTALLATION DES WIDGETS MQTT ==========
[2025-06-24 14:19:19] [INFO] [mqtt_wgs_install] Progression: 5% - Initialisation...
[2025-06-24 14:19:20] [INFO] [mqtt_wgs_install] Progression: 10% - Découverte des widgets...
[2025-06-24 14:19:20] [INFO] [mqtt_wgs_install] Découverte des widgets disponibles
[2025-06-24 14:19:20] [SUCCESS] [mqtt_wgs_install] Widget mqttstats validé
[2025-06-24 14:19:20] [INFO] [mqtt_wgs_install] Widget trouvé: mqttstats
[2025-06-24 14:19:20] [SUCCESS] [mqtt_wgs_install] Widget rebootbutton validé
[2025-06-24 14:19:20] [INFO] [mqtt_wgs_install] Widget trouvé: rebootbutton
[2025-06-24 14:19:20] [SUCCESS] [mqtt_wgs_install] Widget servermonitoring validé
[2025-06-24 14:19:21] [INFO] [mqtt_wgs_install] Widget trouvé: servermonitoring
[2025-06-24 14:19:21] [SUCCESS] [mqtt_wgs_install] Widget testpersist validé
[2025-06-24 14:19:21] [INFO] [mqtt_wgs_install] Widget trouvé: testpersist
[2025-06-24 14:19:21] [SUCCESS] [mqtt_wgs_install] Widget timesync validé
[2025-06-24 14:19:21] [INFO] [mqtt_wgs_install] Widget trouvé: timesync
[2025-06-24 14:19:21] [SUCCESS] [mqtt_wgs_install] Widget uptime validé
[2025-06-24 14:19:21] [INFO] [mqtt_wgs_install] Widget trouvé: uptime
[2025-06-24 14:19:22] [SUCCESS] [mqtt_wgs_install] Widget wifistats validé
[2025-06-24 14:19:22] [INFO] [mqtt_wgs_install] Widget trouvé: wifistats
[2025-06-24 14:19:22] [INFO] [mqtt_wgs_install] Progression: 20% - Installation des dépendances...
[2025-06-24 14:19:22] [INFO] [mqtt_wgs_install] Installation des dépendances Python
[2025-06-24 14:19:22] [INFO] [mqtt_wgs_install] Installation des paquets de la catégorie: python
[2025-06-24 14:19:22] [INFO] [mqtt_wgs_install] Installation du paquet depuis le cache: python3-psutil
[2025-06-24 14:19:23] [SUCCESS] [mqtt_wgs_install] Paquet installé depuis le cache: python3-psutil
[2025-06-24 14:19:23] [INFO] [mqtt_wgs_install] Installation du paquet depuis le cache: python3-paho-mqtt
[2025-06-24 14:19:23] [SUCCESS] [mqtt_wgs_install] Paquet installé depuis le cache: python3-paho-mqtt
[2025-06-24 14:19:24] [INFO] [mqtt_wgs_install] Installation du paquet depuis le cache: python3-pip
[2025-06-24 14:19:26] [SUCCESS] [mqtt_wgs_install] Paquet installé depuis le cache: python3-pip
[2025-06-24 14:19:26] [INFO] [mqtt_wgs_install] Installation du paquet depuis le cache: python3-setuptools
[2025-06-24 14:19:27] [SUCCESS] [mqtt_wgs_install] Paquet installé depuis le cache: python3-setuptools
[2025-06-24 14:19:27] [INFO] [mqtt_wgs_install] Progression: 30% - Installation des widgets...
[2025-06-24 14:19:27] [SUCCESS] [mqtt_wgs_install] Widget mqttstats validé
[2025-06-24 14:19:27] [INFO] [mqtt_wgs_install] Vérification des dépendances Python pour mqttstats
[2025-06-24 14:19:27] [INFO] [mqtt_wgs_install] Dépendances Python vérifiées (installées via le cache)
[2025-06-24 14:19:28] [INFO] [mqtt_wgs_install] Création du service maxlink-widget-mqttstats
[2025-06-24 14:19:28] [INFO] [mqtt_wgs_install] Copie des fichiers du widget vers /opt/maxlink
[2025-06-24 14:19:28] [INFO] [mqtt_wgs_install] Service créé : maxlink-widget-mqttstats.service
[2025-06-24 14:19:28] [SUCCESS] [mqtt_wgs_install] Service activé: maxlink-widget-mqttstats
[2025-06-24 14:19:28] [SUCCESS] [mqtt_wgs_install] Service démarré: maxlink-widget-mqttstats
[2025-06-24 14:19:29] [SUCCESS] [mqtt_wgs_install] Widget mqttstats enregistré
[2025-06-24 14:19:29] [INFO] [mqtt_wgs_install] Progression: 38% - Widget mqttstats traité
[2025-06-24 14:19:31] [SUCCESS] [mqtt_wgs_install] Widget rebootbutton validé
[2025-06-24 14:19:31] [INFO] [mqtt_wgs_install] Vérification des dépendances Python pour rebootbutton
[2025-06-24 14:19:31] [INFO] [mqtt_wgs_install] Dépendances Python vérifiées (installées via le cache)
[2025-06-24 14:19:31] [INFO] [mqtt_wgs_install] Création du service maxlink-widget-rebootbutton
[2025-06-24 14:19:31] [INFO] [mqtt_wgs_install] Copie des fichiers du widget vers /opt/maxlink
[2025-06-24 14:19:32] [INFO] [mqtt_wgs_install] Service créé : maxlink-widget-rebootbutton.service
[2025-06-24 14:19:32] [SUCCESS] [mqtt_wgs_install] Service activé: maxlink-widget-rebootbutton
[2025-06-24 14:19:32] [SUCCESS] [mqtt_wgs_install] Service démarré: maxlink-widget-rebootbutton
[2025-06-24 14:19:32] [SUCCESS] [mqtt_wgs_install] Widget rebootbutton enregistré
[2025-06-24 14:19:33] [INFO] [mqtt_wgs_install] Progression: 46% - Widget rebootbutton traité
[2025-06-24 14:19:35] [SUCCESS] [mqtt_wgs_install] Widget servermonitoring validé
[2025-06-24 14:19:35] [INFO] [mqtt_wgs_install] Vérification des dépendances Python pour servermonitoring
[2025-06-24 14:19:35] [INFO] [mqtt_wgs_install] Dépendances Python vérifiées (installées via le cache)
[2025-06-24 14:19:35] [INFO] [mqtt_wgs_install] Création du service maxlink-widget-servermonitoring
[2025-06-24 14:19:35] [INFO] [mqtt_wgs_install] Copie des fichiers du widget vers /opt/maxlink
[2025-06-24 14:19:35] [INFO] [mqtt_wgs_install] Service créé : maxlink-widget-servermonitoring.service
[2025-06-24 14:19:36] [SUCCESS] [mqtt_wgs_install] Service activé: maxlink-widget-servermonitoring
[2025-06-24 14:19:36] [SUCCESS] [mqtt_wgs_install] Service démarré: maxlink-widget-servermonitoring
[2025-06-24 14:19:36] [SUCCESS] [mqtt_wgs_install] Widget servermonitoring enregistré
[2025-06-24 14:19:36] [INFO] [mqtt_wgs_install] Progression: 54% - Widget servermonitoring traité
[2025-06-24 14:19:39] [SUCCESS] [mqtt_wgs_install] Widget testpersist validé
[2025-06-24 14:19:39] [INFO] [mqtt_wgs_install] Vérification des dépendances Python pour testpersist
[2025-06-24 14:19:39] [INFO] [mqtt_wgs_install] Dépendances Python vérifiées (installées via le cache)
[2025-06-24 14:19:39] [INFO] [mqtt_wgs_install] Création du service maxlink-widget-testpersist
[2025-06-24 14:19:39] [INFO] [mqtt_wgs_install] Copie des fichiers du widget vers /opt/maxlink
[2025-06-24 14:19:39] [INFO] [mqtt_wgs_install] Service créé : maxlink-widget-testpersist.service
[2025-06-24 14:19:40] [SUCCESS] [mqtt_wgs_install] Service activé: maxlink-widget-testpersist
[2025-06-24 14:19:40] [SUCCESS] [mqtt_wgs_install] Service démarré: maxlink-widget-testpersist
[2025-06-24 14:19:40] [SUCCESS] [mqtt_wgs_install] Widget testpersist enregistré
[2025-06-24 14:19:40] [INFO] [mqtt_wgs_install] Progression: 62% - Widget testpersist traité
[2025-06-24 14:19:42] [SUCCESS] [mqtt_wgs_install] Widget timesync validé
[2025-06-24 14:19:42] [INFO] [mqtt_wgs_install] Vérification des dépendances Python pour timesync
[2025-06-24 14:19:43] [INFO] [mqtt_wgs_install] Dépendances Python vérifiées (installées via le cache)
[2025-06-24 14:19:43] [INFO] [mqtt_wgs_install] Création du service maxlink-widget-timesync
[2025-06-24 14:19:43] [INFO] [mqtt_wgs_install] Copie des fichiers du widget vers /opt/maxlink
[2025-06-24 14:19:43] [INFO] [mqtt_wgs_install] Service créé : maxlink-widget-timesync.service
[2025-06-24 14:19:44] [SUCCESS] [mqtt_wgs_install] Service activé: maxlink-widget-timesync
[2025-06-24 14:19:44] [SUCCESS] [mqtt_wgs_install] Service démarré: maxlink-widget-timesync
[2025-06-24 14:19:44] [SUCCESS] [mqtt_wgs_install] Widget timesync enregistré
[2025-06-24 14:19:44] [INFO] [mqtt_wgs_install] Progression: 70% - Widget timesync traité
[2025-06-24 14:19:46] [SUCCESS] [mqtt_wgs_install] Widget uptime validé
[2025-06-24 14:19:46] [INFO] [mqtt_wgs_install] Vérification des dépendances Python pour uptime
[2025-06-24 14:19:46] [INFO] [mqtt_wgs_install] Aucune dépendance Python pour uptime
[2025-06-24 14:19:47] [SUCCESS] [mqtt_wgs_install] Widget uptime enregistré
[2025-06-24 14:19:47] [INFO] [mqtt_wgs_install] Progression: 78% - Widget uptime traité
[2025-06-24 14:19:49] [SUCCESS] [mqtt_wgs_install] Widget wifistats validé
[2025-06-24 14:19:49] [INFO] [mqtt_wgs_install] Vérification des dépendances Python pour wifistats
[2025-06-24 14:19:49] [INFO] [mqtt_wgs_install] Dépendances Python vérifiées (installées via le cache)
[2025-06-24 14:19:49] [INFO] [mqtt_wgs_install] Création du service maxlink-widget-wifistats
[2025-06-24 14:19:49] [INFO] [mqtt_wgs_install] Copie des fichiers du widget vers /opt/maxlink
[2025-06-24 14:19:50] [INFO] [mqtt_wgs_install] Service créé : maxlink-widget-wifistats.service
[2025-06-24 14:19:50] [SUCCESS] [mqtt_wgs_install] Service activé: maxlink-widget-wifistats
[2025-06-24 14:19:50] [SUCCESS] [mqtt_wgs_install] Service démarré: maxlink-widget-wifistats
[2025-06-24 14:19:50] [SUCCESS] [mqtt_wgs_install] Widget wifistats enregistré
[2025-06-24 14:19:51] [INFO] [mqtt_wgs_install] Progression: 86% - Widget wifistats traité
[2025-06-24 14:19:53] [INFO] [mqtt_wgs_install] Progression: 90% - Vérification finale...
[2025-06-24 14:19:54] [INFO] [mqtt_wgs_install] Statut du service mqtt_wgs mis à jour: active
[2025-06-24 14:19:54] [INFO] [mqtt_wgs_install] Progression: 100% - Installation terminée
[2025-06-24 14:19:54] [SUCCESS] [mqtt_wgs_install] Tous les widgets installés avec succès
[2025-06-24 14:19:54] [INFO] [mqtt_wgs_install] Installation terminée - Installés: 7/7
[2025-06-24 14:19:54] [INFO] [mqtt_wgs_install] Redémarrage différé - SKIP_REBOOT=true
[2025-06-24 14:19:54] [INFO] [mqtt_wgs_install] Script mqtt_wgs_install terminé avec le code 0

================================================================================
FIN: mqtt_wgs_install
Code de sortie: 0
Durée: 35 secondes
================================================================================

