
================================================================================
DÉMARRAGE: mqtt_wgs_install
Description: Installation de tous les widgets MQTT
Date: Sat 21 Jun 11:24:35 CEST 2025
Utilisateur: root
Répertoire: /media/prod/USBTOOL
================================================================================

[2025-06-21 11:24:35] [INFO] [mqtt_wgs_install] Script mqtt_wgs_install initialisé
[2025-06-21 11:24:35] [INFO] [mqtt_wgs_install] ========== DÉBUT DE L'INSTALLATION DES WIDGETS MQTT ==========
[2025-06-21 11:24:35] [INFO] [mqtt_wgs_install] Progression: 5% - Initialisation...
[2025-06-21 11:24:35] [INFO] [mqtt_wgs_install] Progression: 10% - Découverte des widgets...
[2025-06-21 11:24:35] [INFO] [mqtt_wgs_install] Découverte des widgets disponibles
[2025-06-21 11:24:35] [SUCCESS] [mqtt_wgs_install] Widget mqttstats validé
[2025-06-21 11:24:35] [INFO] [mqtt_wgs_install] Widget trouvé: mqttstats
[2025-06-21 11:24:36] [SUCCESS] [mqtt_wgs_install] Widget rebootbutton validé
[2025-06-21 11:24:36] [INFO] [mqtt_wgs_install] Widget trouvé: rebootbutton
[2025-06-21 11:24:36] [SUCCESS] [mqtt_wgs_install] Widget servermonitoring validé
[2025-06-21 11:24:36] [INFO] [mqtt_wgs_install] Widget trouvé: servermonitoring
[2025-06-21 11:24:36] [SUCCESS] [mqtt_wgs_install] Widget timesync validé
[2025-06-21 11:24:36] [INFO] [mqtt_wgs_install] Widget trouvé: timesync
[2025-06-21 11:24:37] [SUCCESS] [mqtt_wgs_install] Widget uptime validé
[2025-06-21 11:24:37] [INFO] [mqtt_wgs_install] Widget trouvé: uptime
[2025-06-21 11:24:37] [SUCCESS] [mqtt_wgs_install] Widget wifistats validé
[2025-06-21 11:24:37] [INFO] [mqtt_wgs_install] Widget trouvé: wifistats
[2025-06-21 11:24:37] [INFO] [mqtt_wgs_install] Progression: 20% - Installation des dépendances...
[2025-06-21 11:24:37] [INFO] [mqtt_wgs_install] Installation des dépendances Python
[2025-06-21 11:24:37] [INFO] [mqtt_wgs_install] Installation des paquets de la catégorie: python
[2025-06-21 11:24:37] [INFO] [mqtt_wgs_install] Installation du paquet depuis le cache: python3-psutil
[2025-06-21 11:24:38] [SUCCESS] [mqtt_wgs_install] Paquet installé depuis le cache: python3-psutil
[2025-06-21 11:24:38] [INFO] [mqtt_wgs_install] Installation du paquet depuis le cache: python3-paho-mqtt
[2025-06-21 11:24:39] [SUCCESS] [mqtt_wgs_install] Paquet installé depuis le cache: python3-paho-mqtt
[2025-06-21 11:24:39] [INFO] [mqtt_wgs_install] Installation du paquet depuis le cache: python3-pip
[2025-06-21 11:24:41] [SUCCESS] [mqtt_wgs_install] Paquet installé depuis le cache: python3-pip
[2025-06-21 11:24:42] [INFO] [mqtt_wgs_install] Installation du paquet depuis le cache: python3-setuptools
[2025-06-21 11:24:43] [SUCCESS] [mqtt_wgs_install] Paquet installé depuis le cache: python3-setuptools
[2025-06-21 11:24:43] [INFO] [mqtt_wgs_install] Progression: 30% - Installation des widgets...
[2025-06-21 11:24:43] [SUCCESS] [mqtt_wgs_install] Widget mqttstats validé
[2025-06-21 11:24:43] [INFO] [mqtt_wgs_install] Vérification des dépendances Python pour mqttstats
[2025-06-21 11:24:43] [INFO] [mqtt_wgs_install] Dépendances Python vérifiées (installées via le cache)
[2025-06-21 11:24:43] [INFO] [mqtt_wgs_install] Création du service maxlink-widget-mqttstats
[2025-06-21 11:24:43] [INFO] [mqtt_wgs_install] Copie des fichiers du widget vers /opt/maxlink
[2025-06-21 11:24:44] [INFO] [mqtt_wgs_install] Service créé : maxlink-widget-mqttstats.service
[2025-06-21 11:24:44] [SUCCESS] [mqtt_wgs_install] Service activé: maxlink-widget-mqttstats
[2025-06-21 11:24:44] [SUCCESS] [mqtt_wgs_install] Service démarré: maxlink-widget-mqttstats
[2025-06-21 11:24:44] [SUCCESS] [mqtt_wgs_install] Widget mqttstats enregistré
[2025-06-21 11:24:45] [INFO] [mqtt_wgs_install] Progression: 40% - Widget mqttstats traité
[2025-06-21 11:24:47] [SUCCESS] [mqtt_wgs_install] Widget rebootbutton validé
[2025-06-21 11:24:47] [INFO] [mqtt_wgs_install] Vérification des dépendances Python pour rebootbutton
[2025-06-21 11:24:47] [INFO] [mqtt_wgs_install] Dépendances Python vérifiées (installées via le cache)
[2025-06-21 11:24:47] [INFO] [mqtt_wgs_install] Création du service maxlink-widget-rebootbutton
[2025-06-21 11:24:47] [INFO] [mqtt_wgs_install] Copie des fichiers du widget vers /opt/maxlink
[2025-06-21 11:24:47] [INFO] [mqtt_wgs_install] Service créé : maxlink-widget-rebootbutton.service
[2025-06-21 11:24:48] [SUCCESS] [mqtt_wgs_install] Service activé: maxlink-widget-rebootbutton
[2025-06-21 11:24:48] [SUCCESS] [mqtt_wgs_install] Service démarré: maxlink-widget-rebootbutton
[2025-06-21 11:24:48] [SUCCESS] [mqtt_wgs_install] Widget rebootbutton enregistré
[2025-06-21 11:24:48] [INFO] [mqtt_wgs_install] Progression: 50% - Widget rebootbutton traité
[2025-06-21 11:24:51] [SUCCESS] [mqtt_wgs_install] Widget servermonitoring validé
[2025-06-21 11:24:51] [INFO] [mqtt_wgs_install] Vérification des dépendances Python pour servermonitoring
[2025-06-21 11:24:51] [INFO] [mqtt_wgs_install] Dépendances Python vérifiées (installées via le cache)
[2025-06-21 11:24:51] [INFO] [mqtt_wgs_install] Création du service maxlink-widget-servermonitoring
[2025-06-21 11:24:51] [INFO] [mqtt_wgs_install] Copie des fichiers du widget vers /opt/maxlink
[2025-06-21 11:24:51] [INFO] [mqtt_wgs_install] Service créé : maxlink-widget-servermonitoring.service
[2025-06-21 11:24:52] [SUCCESS] [mqtt_wgs_install] Service activé: maxlink-widget-servermonitoring
[2025-06-21 11:24:52] [SUCCESS] [mqtt_wgs_install] Service démarré: maxlink-widget-servermonitoring
[2025-06-21 11:24:52] [SUCCESS] [mqtt_wgs_install] Widget servermonitoring enregistré
[2025-06-21 11:24:52] [INFO] [mqtt_wgs_install] Progression: 60% - Widget servermonitoring traité
[2025-06-21 11:24:55] [SUCCESS] [mqtt_wgs_install] Widget timesync validé
[2025-06-21 11:24:55] [INFO] [mqtt_wgs_install] Vérification des dépendances Python pour timesync
[2025-06-21 11:24:55] [INFO] [mqtt_wgs_install] Dépendances Python vérifiées (installées via le cache)
[2025-06-21 11:24:55] [INFO] [mqtt_wgs_install] Création du service maxlink-widget-timesync
[2025-06-21 11:24:55] [INFO] [mqtt_wgs_install] Copie des fichiers du widget vers /opt/maxlink
[2025-06-21 11:24:55] [INFO] [mqtt_wgs_install] Service créé : maxlink-widget-timesync.service
[2025-06-21 11:24:56] [SUCCESS] [mqtt_wgs_install] Service activé: maxlink-widget-timesync
[2025-06-21 11:24:56] [SUCCESS] [mqtt_wgs_install] Service démarré: maxlink-widget-timesync
[2025-06-21 11:24:56] [SUCCESS] [mqtt_wgs_install] Widget timesync enregistré
[2025-06-21 11:24:56] [INFO] [mqtt_wgs_install] Progression: 70% - Widget timesync traité
[2025-06-21 11:24:58] [SUCCESS] [mqtt_wgs_install] Widget uptime validé
[2025-06-21 11:24:59] [INFO] [mqtt_wgs_install] Vérification des dépendances Python pour uptime
[2025-06-21 11:24:59] [INFO] [mqtt_wgs_install] Aucune dépendance Python pour uptime
[2025-06-21 11:24:59] [SUCCESS] [mqtt_wgs_install] Widget uptime enregistré
[2025-06-21 11:24:59] [INFO] [mqtt_wgs_install] Progression: 80% - Widget uptime traité
[2025-06-21 11:25:01] [SUCCESS] [mqtt_wgs_install] Widget wifistats validé
[2025-06-21 11:25:01] [INFO] [mqtt_wgs_install] Vérification des dépendances Python pour wifistats
[2025-06-21 11:25:02] [INFO] [mqtt_wgs_install] Dépendances Python vérifiées (installées via le cache)
[2025-06-21 11:25:02] [INFO] [mqtt_wgs_install] Création du service maxlink-widget-wifistats
[2025-06-21 11:25:02] [INFO] [mqtt_wgs_install] Copie des fichiers du widget vers /opt/maxlink
[2025-06-21 11:25:02] [INFO] [mqtt_wgs_install] Service créé : maxlink-widget-wifistats.service
[2025-06-21 11:25:03] [SUCCESS] [mqtt_wgs_install] Service activé: maxlink-widget-wifistats
[2025-06-21 11:25:03] [SUCCESS] [mqtt_wgs_install] Service démarré: maxlink-widget-wifistats
[2025-06-21 11:25:03] [SUCCESS] [mqtt_wgs_install] Widget wifistats enregistré
[2025-06-21 11:25:03] [INFO] [mqtt_wgs_install] Progression: 90% - Widget wifistats traité
[2025-06-21 11:25:05] [INFO] [mqtt_wgs_install] Progression: 90% - Vérification finale...
[2025-06-21 11:25:06] [INFO] [mqtt_wgs_install] Statut du service mqtt_wgs mis à jour: active
[2025-06-21 11:25:06] [INFO] [mqtt_wgs_install] Progression: 100% - Installation terminée
[2025-06-21 11:25:06] [SUCCESS] [mqtt_wgs_install] Tous les widgets installés avec succès
[2025-06-21 11:25:06] [INFO] [mqtt_wgs_install] Installation terminée - Installés: 6/6
[2025-06-21 11:25:06] [INFO] [mqtt_wgs_install] Redémarrage différé - SKIP_REBOOT=true
[2025-06-21 11:25:06] [INFO] [mqtt_wgs_install] Script mqtt_wgs_install terminé avec le code 0

================================================================================
FIN: mqtt_wgs_install
Code de sortie: 0
Durée: 31 secondes
================================================================================

