
================================================================================
DÉMARRAGE: mqtt_wgs_install
Description: Installation de tous les widgets MQTT
Date: Mon 14 Jul 16:47:25 CEST 2025
Utilisateur: root
Répertoire: 
================================================================================

[2025-07-14 16:47:25] [INFO] [mqtt_wgs_install] Script mqtt_wgs_install initialisé
[2025-07-14 16:47:25] [INFO] [mqtt_wgs_install] ========== DÉBUT DE L'INSTALLATION DES WIDGETS MQTT ==========
[2025-07-14 16:47:25] [INFO] [mqtt_wgs_install] Progression: 5% - Initialisation...
[2025-07-14 16:47:25] [INFO] [mqtt_wgs_install] Progression: 10% - Découverte des widgets...
[2025-07-14 16:47:25] [INFO] [mqtt_wgs_install] Découverte des widgets disponibles
[2025-07-14 16:47:26] [SUCCESS] [mqtt_wgs_install] Widget mqttstats validé
[2025-07-14 16:47:26] [INFO] [mqtt_wgs_install] Widget trouvé: mqttstats
[2025-07-14 16:47:26] [SUCCESS] [mqtt_wgs_install] Widget rebootbutton validé
[2025-07-14 16:47:26] [INFO] [mqtt_wgs_install] Widget trouvé: rebootbutton
[2025-07-14 16:47:26] [SUCCESS] [mqtt_wgs_install] Widget servermonitoring validé
[2025-07-14 16:47:26] [INFO] [mqtt_wgs_install] Widget trouvé: servermonitoring
[2025-07-14 16:47:26] [SUCCESS] [mqtt_wgs_install] Widget testpersist validé
[2025-07-14 16:47:27] [INFO] [mqtt_wgs_install] Widget trouvé: testpersist
[2025-07-14 16:47:27] [SUCCESS] [mqtt_wgs_install] Widget timesync validé
[2025-07-14 16:47:27] [INFO] [mqtt_wgs_install] Widget trouvé: timesync
[2025-07-14 16:47:27] [SUCCESS] [mqtt_wgs_install] Widget uptime validé
[2025-07-14 16:47:27] [INFO] [mqtt_wgs_install] Widget trouvé: uptime
[2025-07-14 16:47:27] [SUCCESS] [mqtt_wgs_install] Widget wifistats validé
[2025-07-14 16:47:27] [INFO] [mqtt_wgs_install] Widget trouvé: wifistats
[2025-07-14 16:47:27] [INFO] [mqtt_wgs_install] Progression: 20% - Installation des dépendances...
[2025-07-14 16:47:28] [INFO] [mqtt_wgs_install] Installation des dépendances Python
[2025-07-14 16:47:28] [INFO] [mqtt_wgs_install] Installation des paquets de la catégorie: python
[2025-07-14 16:47:28] [INFO] [mqtt_wgs_install] Installation du paquet depuis le cache: python3-psutil
[2025-07-14 16:47:28] [SUCCESS] [mqtt_wgs_install] Paquet installé depuis le cache: python3-psutil
[2025-07-14 16:47:29] [INFO] [mqtt_wgs_install] Installation du paquet depuis le cache: python3-paho-mqtt
[2025-07-14 16:47:29] [SUCCESS] [mqtt_wgs_install] Paquet installé depuis le cache: python3-paho-mqtt
[2025-07-14 16:47:29] [INFO] [mqtt_wgs_install] Installation du paquet depuis le cache: python3-pip
[2025-07-14 16:47:31] [SUCCESS] [mqtt_wgs_install] Paquet installé depuis le cache: python3-pip
[2025-07-14 16:47:32] [INFO] [mqtt_wgs_install] Installation du paquet depuis le cache: python3-setuptools
[2025-07-14 16:47:32] [SUCCESS] [mqtt_wgs_install] Paquet installé depuis le cache: python3-setuptools
[2025-07-14 16:47:33] [INFO] [mqtt_wgs_install] Progression: 30% - Installation des widgets...
[2025-07-14 16:47:33] [SUCCESS] [mqtt_wgs_install] Widget mqttstats validé
[2025-07-14 16:47:33] [INFO] [mqtt_wgs_install] Vérification des dépendances Python pour mqttstats
[2025-07-14 16:47:33] [INFO] [mqtt_wgs_install] Dépendances Python vérifiées (installées via le cache)
[2025-07-14 16:47:33] [INFO] [mqtt_wgs_install] Création du service maxlink-widget-mqttstats
[2025-07-14 16:47:33] [INFO] [mqtt_wgs_install] Copie des fichiers du widget vers /opt/maxlink
[2025-07-14 16:47:33] [INFO] [mqtt_wgs_install] Service créé : maxlink-widget-mqttstats.service
[2025-07-14 16:47:34] [SUCCESS] [mqtt_wgs_install] Service activé: maxlink-widget-mqttstats
[2025-07-14 16:47:34] [SUCCESS] [mqtt_wgs_install] Service démarré: maxlink-widget-mqttstats
[2025-07-14 16:47:34] [SUCCESS] [mqtt_wgs_install] Widget mqttstats enregistré
[2025-07-14 16:47:34] [INFO] [mqtt_wgs_install] Progression: 38% - Widget mqttstats traité
[2025-07-14 16:47:37] [SUCCESS] [mqtt_wgs_install] Widget rebootbutton validé
[2025-07-14 16:47:37] [INFO] [mqtt_wgs_install] Vérification des dépendances Python pour rebootbutton
[2025-07-14 16:47:37] [INFO] [mqtt_wgs_install] Dépendances Python vérifiées (installées via le cache)
[2025-07-14 16:47:37] [INFO] [mqtt_wgs_install] Création du service maxlink-widget-rebootbutton
[2025-07-14 16:47:37] [INFO] [mqtt_wgs_install] Copie des fichiers du widget vers /opt/maxlink
[2025-07-14 16:47:37] [INFO] [mqtt_wgs_install] Service créé : maxlink-widget-rebootbutton.service
[2025-07-14 16:47:38] [SUCCESS] [mqtt_wgs_install] Service activé: maxlink-widget-rebootbutton
[2025-07-14 16:47:38] [SUCCESS] [mqtt_wgs_install] Service démarré: maxlink-widget-rebootbutton
[2025-07-14 16:47:38] [SUCCESS] [mqtt_wgs_install] Widget rebootbutton enregistré
[2025-07-14 16:47:38] [INFO] [mqtt_wgs_install] Progression: 46% - Widget rebootbutton traité
[2025-07-14 16:47:40] [SUCCESS] [mqtt_wgs_install] Widget servermonitoring validé
[2025-07-14 16:47:40] [INFO] [mqtt_wgs_install] Vérification des dépendances Python pour servermonitoring
[2025-07-14 16:47:41] [INFO] [mqtt_wgs_install] Dépendances Python vérifiées (installées via le cache)
[2025-07-14 16:47:41] [INFO] [mqtt_wgs_install] Création du service maxlink-widget-servermonitoring
[2025-07-14 16:47:41] [INFO] [mqtt_wgs_install] Copie des fichiers du widget vers /opt/maxlink
[2025-07-14 16:47:41] [INFO] [mqtt_wgs_install] Service créé : maxlink-widget-servermonitoring.service
[2025-07-14 16:47:41] [SUCCESS] [mqtt_wgs_install] Service activé: maxlink-widget-servermonitoring
[2025-07-14 16:47:42] [SUCCESS] [mqtt_wgs_install] Service démarré: maxlink-widget-servermonitoring
[2025-07-14 16:47:42] [SUCCESS] [mqtt_wgs_install] Widget servermonitoring enregistré
[2025-07-14 16:47:42] [INFO] [mqtt_wgs_install] Progression: 54% - Widget servermonitoring traité
[2025-07-14 16:47:44] [SUCCESS] [mqtt_wgs_install] Widget testpersist validé
[2025-07-14 16:47:44] [INFO] [mqtt_wgs_install] Vérification des dépendances Python pour testpersist
[2025-07-14 16:47:44] [INFO] [mqtt_wgs_install] Dépendances Python vérifiées (installées via le cache)
[2025-07-14 16:47:45] [INFO] [mqtt_wgs_install] Création du service maxlink-widget-testpersist
[2025-07-14 16:47:45] [INFO] [mqtt_wgs_install] Copie des fichiers du widget vers /opt/maxlink
[2025-07-14 16:47:45] [INFO] [mqtt_wgs_install] Service créé : maxlink-widget-testpersist.service
[2025-07-14 16:47:45] [SUCCESS] [mqtt_wgs_install] Service activé: maxlink-widget-testpersist
[2025-07-14 16:47:45] [SUCCESS] [mqtt_wgs_install] Service démarré: maxlink-widget-testpersist
[2025-07-14 16:47:46] [SUCCESS] [mqtt_wgs_install] Widget testpersist enregistré
[2025-07-14 16:47:46] [INFO] [mqtt_wgs_install] Progression: 62% - Widget testpersist traité
[2025-07-14 16:47:48] [SUCCESS] [mqtt_wgs_install] Widget timesync validé
[2025-07-14 16:47:48] [INFO] [mqtt_wgs_install] Vérification des dépendances Python pour timesync
[2025-07-14 16:47:48] [INFO] [mqtt_wgs_install] Dépendances Python vérifiées (installées via le cache)
[2025-07-14 16:47:48] [INFO] [mqtt_wgs_install] Création du service maxlink-widget-timesync
[2025-07-14 16:47:48] [INFO] [mqtt_wgs_install] Copie des fichiers du widget vers /opt/maxlink
[2025-07-14 16:47:49] [INFO] [mqtt_wgs_install] Service créé : maxlink-widget-timesync.service
[2025-07-14 16:47:49] [SUCCESS] [mqtt_wgs_install] Service activé: maxlink-widget-timesync
[2025-07-14 16:47:49] [SUCCESS] [mqtt_wgs_install] Service démarré: maxlink-widget-timesync
[2025-07-14 16:47:49] [SUCCESS] [mqtt_wgs_install] Widget timesync enregistré
[2025-07-14 16:47:50] [INFO] [mqtt_wgs_install] Progression: 70% - Widget timesync traité
[2025-07-14 16:47:52] [SUCCESS] [mqtt_wgs_install] Widget uptime validé
[2025-07-14 16:47:52] [INFO] [mqtt_wgs_install] Vérification des dépendances Python pour uptime
[2025-07-14 16:47:52] [INFO] [mqtt_wgs_install] Aucune dépendance Python pour uptime
[2025-07-14 16:47:52] [SUCCESS] [mqtt_wgs_install] Widget uptime enregistré
[2025-07-14 16:47:52] [INFO] [mqtt_wgs_install] Progression: 78% - Widget uptime traité
[2025-07-14 16:47:54] [SUCCESS] [mqtt_wgs_install] Widget wifistats validé
[2025-07-14 16:47:55] [INFO] [mqtt_wgs_install] Vérification des dépendances Python pour wifistats
[2025-07-14 16:47:55] [INFO] [mqtt_wgs_install] Dépendances Python vérifiées (installées via le cache)
[2025-07-14 16:47:55] [INFO] [mqtt_wgs_install] Création du service maxlink-widget-wifistats
[2025-07-14 16:47:55] [INFO] [mqtt_wgs_install] Copie des fichiers du widget vers /opt/maxlink
[2025-07-14 16:47:55] [INFO] [mqtt_wgs_install] Service créé : maxlink-widget-wifistats.service
[2025-07-14 16:47:56] [SUCCESS] [mqtt_wgs_install] Service activé: maxlink-widget-wifistats
[2025-07-14 16:47:56] [SUCCESS] [mqtt_wgs_install] Service démarré: maxlink-widget-wifistats
[2025-07-14 16:47:56] [SUCCESS] [mqtt_wgs_install] Widget wifistats enregistré
[2025-07-14 16:47:56] [INFO] [mqtt_wgs_install] Progression: 86% - Widget wifistats traité
[2025-07-14 16:47:58] [INFO] [mqtt_wgs_install] Progression: 90% - Vérification finale...
[2025-07-14 16:47:59] [INFO] [mqtt_wgs_install] Statut du service mqtt_wgs mis à jour: active
[2025-07-14 16:47:59] [INFO] [mqtt_wgs_install] Progression: 100% - Installation terminée
[2025-07-14 16:48:00] [SUCCESS] [mqtt_wgs_install] Tous les widgets installés avec succès
[2025-07-14 16:48:00] [INFO] [mqtt_wgs_install] Installation terminée - Installés: 7/7
[2025-07-14 16:48:00] [INFO] [mqtt_wgs_install] Redémarrage différé - SKIP_REBOOT=true
[2025-07-14 16:48:00] [INFO] [mqtt_wgs_install] Script mqtt_wgs_install terminé avec le code 0

================================================================================
FIN: mqtt_wgs_install
Code de sortie: 0
Durée: 35 secondes
================================================================================

