
================================================================================
DÉMARRAGE: mqtt_install
Description: Installation MQTT Broker
Date: Mon 16 Jun 14:14:37 CEST 2025
Utilisateur: root
Répertoire: /media/prod/WERIT
Fichier de log: /media/prod/WERIT/logs/install/mqtt_install_20250616_141437.log
================================================================================
[2025-06-16 14:14:37] [INFO] [mqtt_install] Initialisation du logging pour mqtt_install
[2025-06-16 14:14:37] [INFO] [mqtt_install] Installation MQTT Broker
[2025-06-16 14:14:37] [INFO] [mqtt_install] ========== DÉBUT DE L'INSTALLATION MQTT BROKER ==========
[2025-06-16 14:14:37] [INFO] [mqtt_install] Progression: 5% - Initialisation...
[2025-06-16 14:14:37] [INFO] [mqtt_install] Privilèges root confirmés
[2025-06-16 14:14:37] [INFO] [mqtt_install] Progression: 10% - Préparation du système...
[2025-06-16 14:14:37] [INFO] [mqtt_install] Système de paquets nettoyé
[2025-06-16 14:14:37] [INFO] [mqtt_install] Progression: 20% - Système préparé
[2025-06-16 14:14:39] [INFO] [mqtt_install] Progression: 30% - Installation de Mosquitto...
[2025-06-16 14:14:39] [INFO] [mqtt_install] Installation hybride de Mosquitto et dépendances
[2025-06-16 14:14:39] [INFO] [mqtt_install] Tentative d'installation depuis le cache
[2025-06-16 14:14:43] [SUCCESS] [mqtt_install] Mosquitto et dépendances installé depuis le cache
[2025-06-16 14:14:43] [SUCCESS] [mqtt_install] Tous les paquets installés avec succès
[2025-06-16 14:14:43] [INFO] [mqtt_install] Mosquitto installé avec succès
[2025-06-16 14:14:43] [INFO] [mqtt_install] Progression: 50% - Paquets installés
[2025-06-16 14:14:45] [INFO] [mqtt_install] Progression: 60% - Configuration du système...
[2025-06-16 14:14:45] [INFO] [mqtt_install] Répertoires Mosquitto créés
[2025-06-16 14:14:45] [INFO] [mqtt_install] ldconfig exécuté
[2025-06-16 14:14:45] [INFO] [mqtt_install] Progression: 70% - Système configuré
[2025-06-16 14:14:47] [INFO] [mqtt_install] Progression: 75% - Configuration de Mosquitto...
[2025-06-16 14:14:47] [INFO] [mqtt_install] Création utilisateur MQTT
[2025-06-16 14:14:47] [CMD] [mqtt_install] Exécution: /usr/bin/mosquitto_passwd -b -c '/etc/mosquitto/passwords' 'mosquitto' 'mqtt'
[2025-06-16 14:14:47] [SUCCESS] [mqtt_install] Commande réussie (code: 0)
[2025-06-16 14:14:47] [INFO] [mqtt_install] Utilisateur MQTT créé: mosquitto
[2025-06-16 14:14:47] [INFO] [mqtt_install] Ancienne configuration sauvegardée
[2025-06-16 14:14:47] [SUCCESS] [mqtt_install] Configuration Mosquitto créée avec topics système
[2025-06-16 14:14:47] [INFO] [mqtt_install] Fichier ACL créé
[2025-06-16 14:14:47] [INFO] [mqtt_install] Progression: 85% - Configuration terminée
[2025-06-16 14:14:49] [INFO] [mqtt_install] Progression: 90% - Démarrage du service...
[2025-06-16 14:14:49] [INFO] [mqtt_install] Activation au démarrage
[2025-06-16 14:14:49] [CMD] [mqtt_install] Exécution: systemctl enable mosquitto >/dev/null 2>&1
[2025-06-16 14:14:50] [SUCCESS] [mqtt_install] Commande réussie (code: 0)
[2025-06-16 14:14:50] [INFO] [mqtt_install] Démarrage Mosquitto
[2025-06-16 14:14:50] [CMD] [mqtt_install] Exécution: systemctl start mosquitto
[2025-06-16 14:14:50] [SUCCESS] [mqtt_install] Commande réussie (code: 0)
[2025-06-16 14:14:50] [SUCCESS] [mqtt_install] Mosquitto démarré avec succès
[2025-06-16 14:14:53] [INFO] [mqtt_install] Service Mosquitto actif
[2025-06-16 14:14:53] [INFO] [mqtt_install] Progression: 95% - Service démarré
[2025-06-16 14:14:55] [INFO] [mqtt_install] Progression: 98% - Tests de connexion...
[2025-06-16 14:14:55] [SUCCESS] [mqtt_install] Test de connexion MQTT réussi
[2025-06-16 14:14:55] [WARN] [mqtt_install] Port WebSocket non accessible immédiatement
[2025-06-16 14:14:55] [SUCCESS] [mqtt_install] Topics système  accessibles
[2025-06-16 14:14:55] [INFO] [mqtt_install] Statut du service mqtt mis à jour: active
[2025-06-16 14:14:55] [INFO] [mqtt_install] Progression: 100% - Installation terminée
[2025-06-16 14:14:57] [SUCCESS] [mqtt_install] Installation MQTT Broker terminée
[2025-06-16 14:14:57] [INFO] [mqtt_install] Configuration: mosquitto/mqtt sur ports 1883 et 9001
[2025-06-16 14:14:57] [INFO] [mqtt_install] Redémarrage différé - SKIP_REBOOT=true
