
================================================================================
DÉMARRAGE: mqtt_wgs_install
Description: Installation de tous les widgets MQTT
Date: Tue 24 Jun 13:21:30 CEST 2025
Utilisateur: root
Répertoire: /media/prod/USBTOOL
================================================================================

[2025-06-24 13:21:30] [INFO] [mqtt_wgs_install] Script mqtt_wgs_install initialisé
[2025-06-24 13:21:30] [INFO] [mqtt_wgs_install] ========== DÉBUT DE L'INSTALLATION DES WIDGETS MQTT ==========
[2025-06-24 13:21:30] [INFO] [mqtt_wgs_install] Progression: 5% - Initialisation...
[2025-06-24 13:21:30] [INFO] [mqtt_wgs_install] Progression: 10% - Découverte des widgets...
[2025-06-24 13:21:31] [INFO] [mqtt_wgs_install] Découverte des widgets disponibles
[2025-06-24 13:21:31] [SUCCESS] [mqtt_wgs_install] Widget mqttstats validé
[2025-06-24 13:21:31] [INFO] [mqtt_wgs_install] Widget trouvé: mqttstats
[2025-06-24 13:21:31] [SUCCESS] [mqtt_wgs_install] Widget rebootbutton validé
[2025-06-24 13:21:31] [INFO] [mqtt_wgs_install] Widget trouvé: rebootbutton
[2025-06-24 13:21:31] [SUCCESS] [mqtt_wgs_install] Widget servermonitoring validé
[2025-06-24 13:21:31] [INFO] [mqtt_wgs_install] Widget trouvé: servermonitoring
[2025-06-24 13:21:32] [ERROR] [mqtt_wgs_install] Configuration manquante: /media/prod/USBTOOL/scripts/widgets/testpersit/testpersit_widget.json
[2025-06-24 13:21:32] [WARN] [mqtt_wgs_install] Widget invalide ignoré: testpersit
[2025-06-24 13:21:32] [SUCCESS] [mqtt_wgs_install] Widget timesync validé
[2025-06-24 13:21:32] [INFO] [mqtt_wgs_install] Widget trouvé: timesync
[2025-06-24 13:21:32] [SUCCESS] [mqtt_wgs_install] Widget uptime validé
[2025-06-24 13:21:32] [INFO] [mqtt_wgs_install] Widget trouvé: uptime
[2025-06-24 13:21:32] [SUCCESS] [mqtt_wgs_install] Widget wifistats validé
[2025-06-24 13:21:33] [INFO] [mqtt_wgs_install] Widget trouvé: wifistats
[2025-06-24 13:21:33] [INFO] [mqtt_wgs_install] Progression: 20% - Installation des dépendances...
[2025-06-24 13:21:33] [INFO] [mqtt_wgs_install] Installation des dépendances Python
[2025-06-24 13:21:33] [INFO] [mqtt_wgs_install] Installation des paquets de la catégorie: python
[2025-06-24 13:21:33] [INFO] [mqtt_wgs_install] Installation du paquet depuis le cache: python3-psutil
[2025-06-24 13:21:34] [SUCCESS] [mqtt_wgs_install] Paquet installé depuis le cache: python3-psutil
[2025-06-24 13:21:34] [INFO] [mqtt_wgs_install] Installation du paquet depuis le cache: python3-paho-mqtt
[2025-06-24 13:21:34] [SUCCESS] [mqtt_wgs_install] Paquet installé depuis le cache: python3-paho-mqtt
[2025-06-24 13:21:34] [INFO] [mqtt_wgs_install] Installation du paquet depuis le cache: python3-pip
[2025-06-24 13:21:37] [SUCCESS] [mqtt_wgs_install] Paquet installé depuis le cache: python3-pip
[2025-06-24 13:21:37] [INFO] [mqtt_wgs_install] Installation du paquet depuis le cache: python3-setuptools
[2025-06-24 13:21:38] [SUCCESS] [mqtt_wgs_install] Paquet installé depuis le cache: python3-setuptools
[2025-06-24 13:21:38] [INFO] [mqtt_wgs_install] Progression: 30% - Installation des widgets...
[2025-06-24 13:21:38] [SUCCESS] [mqtt_wgs_install] Widget mqttstats validé
[2025-06-24 13:21:38] [INFO] [mqtt_wgs_install] Vérification des dépendances Python pour mqttstats
[2025-06-24 13:21:38] [INFO] [mqtt_wgs_install] Dépendances Python vérifiées (installées via le cache)
[2025-06-24 13:21:38] [INFO] [mqtt_wgs_install] Création du service maxlink-widget-mqttstats
[2025-06-24 13:21:38] [INFO] [mqtt_wgs_install] Copie des fichiers du widget vers /opt/maxlink
[2025-06-24 13:21:39] [INFO] [mqtt_wgs_install] Service créé : maxlink-widget-mqttstats.service
[2025-06-24 13:21:39] [SUCCESS] [mqtt_wgs_install] Service activé: maxlink-widget-mqttstats
[2025-06-24 13:21:39] [SUCCESS] [mqtt_wgs_install] Service démarré: maxlink-widget-mqttstats
[2025-06-24 13:21:39] [SUCCESS] [mqtt_wgs_install] Widget mqttstats enregistré
[2025-06-24 13:21:40] [INFO] [mqtt_wgs_install] Progression: 40% - Widget mqttstats traité
[2025-06-24 13:21:42] [SUCCESS] [mqtt_wgs_install] Widget rebootbutton validé
[2025-06-24 13:21:42] [INFO] [mqtt_wgs_install] Vérification des dépendances Python pour rebootbutton
[2025-06-24 13:21:42] [INFO] [mqtt_wgs_install] Dépendances Python vérifiées (installées via le cache)
[2025-06-24 13:21:42] [INFO] [mqtt_wgs_install] Création du service maxlink-widget-rebootbutton
[2025-06-24 13:21:42] [INFO] [mqtt_wgs_install] Copie des fichiers du widget vers /opt/maxlink
[2025-06-24 13:21:42] [INFO] [mqtt_wgs_install] Service créé : maxlink-widget-rebootbutton.service
[2025-06-24 13:21:43] [SUCCESS] [mqtt_wgs_install] Service activé: maxlink-widget-rebootbutton
[2025-06-24 13:21:43] [SUCCESS] [mqtt_wgs_install] Service démarré: maxlink-widget-rebootbutton
[2025-06-24 13:21:43] [SUCCESS] [mqtt_wgs_install] Widget rebootbutton enregistré
[2025-06-24 13:21:43] [INFO] [mqtt_wgs_install] Progression: 50% - Widget rebootbutton traité
[2025-06-24 13:21:46] [SUCCESS] [mqtt_wgs_install] Widget servermonitoring validé
[2025-06-24 13:21:46] [INFO] [mqtt_wgs_install] Vérification des dépendances Python pour servermonitoring
[2025-06-24 13:21:46] [INFO] [mqtt_wgs_install] Dépendances Python vérifiées (installées via le cache)
[2025-06-24 13:21:46] [INFO] [mqtt_wgs_install] Création du service maxlink-widget-servermonitoring
[2025-06-24 13:21:46] [INFO] [mqtt_wgs_install] Copie des fichiers du widget vers /opt/maxlink
[2025-06-24 13:21:46] [INFO] [mqtt_wgs_install] Service créé : maxlink-widget-servermonitoring.service
[2025-06-24 13:21:47] [SUCCESS] [mqtt_wgs_install] Service activé: maxlink-widget-servermonitoring
[2025-06-24 13:21:47] [SUCCESS] [mqtt_wgs_install] Service démarré: maxlink-widget-servermonitoring
[2025-06-24 13:21:47] [SUCCESS] [mqtt_wgs_install] Widget servermonitoring enregistré
[2025-06-24 13:21:47] [INFO] [mqtt_wgs_install] Progression: 60% - Widget servermonitoring traité
[2025-06-24 13:21:49] [SUCCESS] [mqtt_wgs_install] Widget timesync validé
[2025-06-24 13:21:50] [INFO] [mqtt_wgs_install] Vérification des dépendances Python pour timesync
[2025-06-24 13:21:50] [INFO] [mqtt_wgs_install] Dépendances Python vérifiées (installées via le cache)
[2025-06-24 13:21:50] [INFO] [mqtt_wgs_install] Création du service maxlink-widget-timesync
[2025-06-24 13:21:50] [INFO] [mqtt_wgs_install] Copie des fichiers du widget vers /opt/maxlink
[2025-06-24 13:21:50] [INFO] [mqtt_wgs_install] Service créé : maxlink-widget-timesync.service
[2025-06-24 13:21:51] [SUCCESS] [mqtt_wgs_install] Service activé: maxlink-widget-timesync
[2025-06-24 13:21:51] [SUCCESS] [mqtt_wgs_install] Service démarré: maxlink-widget-timesync
[2025-06-24 13:21:51] [SUCCESS] [mqtt_wgs_install] Widget timesync enregistré
[2025-06-24 13:21:51] [INFO] [mqtt_wgs_install] Progression: 70% - Widget timesync traité
[2025-06-24 13:21:53] [SUCCESS] [mqtt_wgs_install] Widget uptime validé
[2025-06-24 13:21:53] [INFO] [mqtt_wgs_install] Vérification des dépendances Python pour uptime
[2025-06-24 13:21:54] [INFO] [mqtt_wgs_install] Aucune dépendance Python pour uptime
[2025-06-24 13:21:54] [SUCCESS] [mqtt_wgs_install] Widget uptime enregistré
[2025-06-24 13:21:54] [INFO] [mqtt_wgs_install] Progression: 80% - Widget uptime traité
[2025-06-24 13:21:56] [SUCCESS] [mqtt_wgs_install] Widget wifistats validé
[2025-06-24 13:21:56] [INFO] [mqtt_wgs_install] Vérification des dépendances Python pour wifistats
[2025-06-24 13:21:56] [INFO] [mqtt_wgs_install] Dépendances Python vérifiées (installées via le cache)
[2025-06-24 13:21:57] [INFO] [mqtt_wgs_install] Création du service maxlink-widget-wifistats
[2025-06-24 13:21:57] [INFO] [mqtt_wgs_install] Copie des fichiers du widget vers /opt/maxlink
[2025-06-24 13:21:57] [INFO] [mqtt_wgs_install] Service créé : maxlink-widget-wifistats.service
[2025-06-24 13:21:57] [SUCCESS] [mqtt_wgs_install] Service activé: maxlink-widget-wifistats
[2025-06-24 13:21:57] [SUCCESS] [mqtt_wgs_install] Service démarré: maxlink-widget-wifistats
[2025-06-24 13:21:58] [SUCCESS] [mqtt_wgs_install] Widget wifistats enregistré
[2025-06-24 13:21:58] [INFO] [mqtt_wgs_install] Progression: 90% - Widget wifistats traité
[2025-06-24 13:22:00] [INFO] [mqtt_wgs_install] Progression: 90% - Vérification finale...
[2025-06-24 13:22:01] [INFO] [mqtt_wgs_install] Statut du service mqtt_wgs mis à jour: active
[2025-06-24 13:22:01] [INFO] [mqtt_wgs_install] Progression: 100% - Installation terminée
[2025-06-24 13:22:01] [SUCCESS] [mqtt_wgs_install] Tous les widgets installés avec succès
[2025-06-24 13:22:01] [INFO] [mqtt_wgs_install] Installation terminée - Installés: 6/6
[2025-06-24 13:22:01] [INFO] [mqtt_wgs_install] Redémarrage différé - SKIP_REBOOT=true
[2025-06-24 13:22:01] [INFO] [mqtt_wgs_install] Script mqtt_wgs_install terminé avec le code 0

================================================================================
FIN: mqtt_wgs_install
Code de sortie: 0
Durée: 31 secondes
================================================================================

