
================================================================================
DÉMARRAGE: mqtt_wgs_install
Description: Installation de tous les widgets MQTT
Date: Tue 15 Jul 10:22:43 CEST 2025
Utilisateur: root
Répertoire: /media/prod/USBTOOL
================================================================================

[2025-07-15 10:22:43] [INFO] [mqtt_wgs_install] Script mqtt_wgs_install initialisé
[2025-07-15 10:22:43] [INFO] [mqtt_wgs_install] ========== DÉBUT DE L'INSTALLATION DES WIDGETS MQTT ==========
[2025-07-15 10:22:43] [INFO] [mqtt_wgs_install] Progression: 5% - Initialisation...
[2025-07-15 10:22:43] [INFO] [mqtt_wgs_install] Progression: 10% - Découverte des widgets...
[2025-07-15 10:22:43] [INFO] [mqtt_wgs_install] Découverte des widgets disponibles
[2025-07-15 10:22:43] [SUCCESS] [mqtt_wgs_install] Widget mqttstats validé
[2025-07-15 10:22:44] [INFO] [mqtt_wgs_install] Widget trouvé: mqttstats
[2025-07-15 10:22:44] [SUCCESS] [mqtt_wgs_install] Widget rebootbutton validé
[2025-07-15 10:22:44] [INFO] [mqtt_wgs_install] Widget trouvé: rebootbutton
[2025-07-15 10:22:44] [SUCCESS] [mqtt_wgs_install] Widget servermonitoring validé
[2025-07-15 10:22:44] [INFO] [mqtt_wgs_install] Widget trouvé: servermonitoring
[2025-07-15 10:22:44] [SUCCESS] [mqtt_wgs_install] Widget testpersist validé
[2025-07-15 10:22:44] [INFO] [mqtt_wgs_install] Widget trouvé: testpersist
[2025-07-15 10:22:45] [SUCCESS] [mqtt_wgs_install] Widget timesync validé
[2025-07-15 10:22:45] [INFO] [mqtt_wgs_install] Widget trouvé: timesync
[2025-07-15 10:22:45] [SUCCESS] [mqtt_wgs_install] Widget uptime validé
[2025-07-15 10:22:45] [INFO] [mqtt_wgs_install] Widget trouvé: uptime
[2025-07-15 10:22:45] [SUCCESS] [mqtt_wgs_install] Widget wifistats validé
[2025-07-15 10:22:45] [INFO] [mqtt_wgs_install] Widget trouvé: wifistats
[2025-07-15 10:22:45] [INFO] [mqtt_wgs_install] Progression: 20% - Installation des dépendances...
[2025-07-15 10:22:45] [INFO] [mqtt_wgs_install] Installation des dépendances Python
[2025-07-15 10:22:46] [INFO] [mqtt_wgs_install] Installation des paquets de la catégorie: python
[2025-07-15 10:22:46] [INFO] [mqtt_wgs_install] Installation du paquet depuis le cache: python3-psutil
[2025-07-15 10:22:46] [INFO] [mqtt_wgs_install] Fichiers .deb trouvés pour python3-psutil: 1 fichier(s)
[2025-07-15 10:22:46] [INFO] [mqtt_wgs_install] Fichiers: /var/cache/maxlink/packages/python3-psutil_5.9.4-1+b1_arm64.deb
[2025-07-15 10:22:47] [SUCCESS] [mqtt_wgs_install] Paquet installé depuis le cache: python3-psutil
[2025-07-15 10:22:47] [INFO] [mqtt_wgs_install] Installation du paquet depuis le cache: python3-paho-mqtt
[2025-07-15 10:22:47] [INFO] [mqtt_wgs_install] Fichiers .deb trouvés pour python3-paho-mqtt: 1 fichier(s)
[2025-07-15 10:22:47] [INFO] [mqtt_wgs_install] Fichiers: /var/cache/maxlink/packages/python3-paho-mqtt_1.6.1-1_all.deb
[2025-07-15 10:22:47] [SUCCESS] [mqtt_wgs_install] Paquet installé depuis le cache: python3-paho-mqtt
[2025-07-15 10:22:47] [INFO] [mqtt_wgs_install] Installation du paquet depuis le cache: python3-pip
[2025-07-15 10:22:48] [INFO] [mqtt_wgs_install] Fichiers .deb trouvés pour python3-pip: 1 fichier(s)
[2025-07-15 10:22:48] [INFO] [mqtt_wgs_install] Fichiers: /var/cache/maxlink/packages/python3-pip_23.0.1+dfsg-1+rpt1_all.deb
[2025-07-15 10:22:50] [SUCCESS] [mqtt_wgs_install] Paquet installé depuis le cache: python3-pip
[2025-07-15 10:22:50] [INFO] [mqtt_wgs_install] Installation du paquet depuis le cache: python3-setuptools
[2025-07-15 10:22:50] [INFO] [mqtt_wgs_install] Fichiers .deb trouvés pour python3-setuptools: 1 fichier(s)
[2025-07-15 10:22:50] [INFO] [mqtt_wgs_install] Fichiers: /var/cache/maxlink/packages/python3-setuptools_66.1.1-1+deb12u1_all.deb
[2025-07-15 10:22:51] [SUCCESS] [mqtt_wgs_install] Paquet installé depuis le cache: python3-setuptools
[2025-07-15 10:22:51] [INFO] [mqtt_wgs_install] Progression: 30% - Installation des widgets...
[2025-07-15 10:22:51] [SUCCESS] [mqtt_wgs_install] Widget mqttstats validé
[2025-07-15 10:22:52] [INFO] [mqtt_wgs_install] Vérification des dépendances Python pour mqttstats
[2025-07-15 10:22:52] [INFO] [mqtt_wgs_install] Dépendances Python vérifiées (installées via le cache)
[2025-07-15 10:22:52] [INFO] [mqtt_wgs_install] Création du service maxlink-widget-mqttstats
[2025-07-15 10:22:52] [INFO] [mqtt_wgs_install] Copie des fichiers du widget vers /opt/maxlink
[2025-07-15 10:22:52] [INFO] [mqtt_wgs_install] Service créé : maxlink-widget-mqttstats.service
[2025-07-15 10:22:53] [SUCCESS] [mqtt_wgs_install] Service activé: maxlink-widget-mqttstats
[2025-07-15 10:22:53] [SUCCESS] [mqtt_wgs_install] Service démarré: maxlink-widget-mqttstats
[2025-07-15 10:22:53] [SUCCESS] [mqtt_wgs_install] Widget mqttstats enregistré
[2025-07-15 10:22:53] [INFO] [mqtt_wgs_install] Progression: 38% - Widget mqttstats traité
[2025-07-15 10:22:55] [SUCCESS] [mqtt_wgs_install] Widget rebootbutton validé
[2025-07-15 10:22:55] [INFO] [mqtt_wgs_install] Vérification des dépendances Python pour rebootbutton
[2025-07-15 10:22:55] [INFO] [mqtt_wgs_install] Dépendances Python vérifiées (installées via le cache)
[2025-07-15 10:22:56] [INFO] [mqtt_wgs_install] Création du service maxlink-widget-rebootbutton
[2025-07-15 10:22:56] [INFO] [mqtt_wgs_install] Copie des fichiers du widget vers /opt/maxlink
[2025-07-15 10:22:56] [INFO] [mqtt_wgs_install] Service créé : maxlink-widget-rebootbutton.service
[2025-07-15 10:22:56] [SUCCESS] [mqtt_wgs_install] Service activé: maxlink-widget-rebootbutton
[2025-07-15 10:22:57] [SUCCESS] [mqtt_wgs_install] Service démarré: maxlink-widget-rebootbutton
[2025-07-15 10:22:57] [SUCCESS] [mqtt_wgs_install] Widget rebootbutton enregistré
[2025-07-15 10:22:57] [INFO] [mqtt_wgs_install] Progression: 46% - Widget rebootbutton traité
[2025-07-15 10:22:59] [SUCCESS] [mqtt_wgs_install] Widget servermonitoring validé
[2025-07-15 10:22:59] [INFO] [mqtt_wgs_install] Vérification des dépendances Python pour servermonitoring
[2025-07-15 10:22:59] [INFO] [mqtt_wgs_install] Dépendances Python vérifiées (installées via le cache)
[2025-07-15 10:22:59] [INFO] [mqtt_wgs_install] Création du service maxlink-widget-servermonitoring
[2025-07-15 10:23:00] [INFO] [mqtt_wgs_install] Copie des fichiers du widget vers /opt/maxlink
[2025-07-15 10:23:00] [INFO] [mqtt_wgs_install] Service créé : maxlink-widget-servermonitoring.service
[2025-07-15 10:23:00] [SUCCESS] [mqtt_wgs_install] Service activé: maxlink-widget-servermonitoring
[2025-07-15 10:23:00] [SUCCESS] [mqtt_wgs_install] Service démarré: maxlink-widget-servermonitoring
[2025-07-15 10:23:01] [SUCCESS] [mqtt_wgs_install] Widget servermonitoring enregistré
[2025-07-15 10:23:01] [INFO] [mqtt_wgs_install] Progression: 54% - Widget servermonitoring traité
[2025-07-15 10:23:03] [SUCCESS] [mqtt_wgs_install] Widget testpersist validé
[2025-07-15 10:23:03] [INFO] [mqtt_wgs_install] Vérification des dépendances Python pour testpersist
[2025-07-15 10:23:03] [INFO] [mqtt_wgs_install] Dépendances Python vérifiées (installées via le cache)
[2025-07-15 10:23:03] [INFO] [mqtt_wgs_install] Création du service maxlink-widget-testpersist
[2025-07-15 10:23:03] [INFO] [mqtt_wgs_install] Copie des fichiers du widget vers /opt/maxlink
[2025-07-15 10:23:03] [INFO] [mqtt_wgs_install] Service créé : maxlink-widget-testpersist.service
[2025-07-15 10:23:04] [SUCCESS] [mqtt_wgs_install] Service activé: maxlink-widget-testpersist
[2025-07-15 10:23:04] [SUCCESS] [mqtt_wgs_install] Service démarré: maxlink-widget-testpersist
[2025-07-15 10:23:04] [SUCCESS] [mqtt_wgs_install] Widget testpersist enregistré
[2025-07-15 10:23:04] [INFO] [mqtt_wgs_install] Progression: 62% - Widget testpersist traité
[2025-07-15 10:23:07] [SUCCESS] [mqtt_wgs_install] Widget timesync validé
[2025-07-15 10:23:07] [INFO] [mqtt_wgs_install] Vérification des dépendances Python pour timesync
[2025-07-15 10:23:07] [INFO] [mqtt_wgs_install] Dépendances Python vérifiées (installées via le cache)
[2025-07-15 10:23:07] [INFO] [mqtt_wgs_install] Création du service maxlink-widget-timesync
[2025-07-15 10:23:07] [INFO] [mqtt_wgs_install] Copie des fichiers du widget vers /opt/maxlink
[2025-07-15 10:23:07] [INFO] [mqtt_wgs_install] Service créé : maxlink-widget-timesync.service
[2025-07-15 10:23:08] [SUCCESS] [mqtt_wgs_install] Service activé: maxlink-widget-timesync
[2025-07-15 10:23:08] [SUCCESS] [mqtt_wgs_install] Service démarré: maxlink-widget-timesync
[2025-07-15 10:23:08] [SUCCESS] [mqtt_wgs_install] Widget timesync enregistré
[2025-07-15 10:23:08] [INFO] [mqtt_wgs_install] Progression: 70% - Widget timesync traité
[2025-07-15 10:23:10] [SUCCESS] [mqtt_wgs_install] Widget uptime validé
[2025-07-15 10:23:11] [INFO] [mqtt_wgs_install] Vérification des dépendances Python pour uptime
[2025-07-15 10:23:11] [INFO] [mqtt_wgs_install] Aucune dépendance Python pour uptime
[2025-07-15 10:23:11] [SUCCESS] [mqtt_wgs_install] Widget uptime enregistré
[2025-07-15 10:23:11] [INFO] [mqtt_wgs_install] Progression: 78% - Widget uptime traité
[2025-07-15 10:23:13] [SUCCESS] [mqtt_wgs_install] Widget wifistats validé
[2025-07-15 10:23:13] [INFO] [mqtt_wgs_install] Vérification des dépendances Python pour wifistats
[2025-07-15 10:23:13] [INFO] [mqtt_wgs_install] Dépendances Python vérifiées (installées via le cache)
[2025-07-15 10:23:14] [INFO] [mqtt_wgs_install] Création du service maxlink-widget-wifistats
[2025-07-15 10:23:14] [INFO] [mqtt_wgs_install] Copie des fichiers du widget vers /opt/maxlink
[2025-07-15 10:23:14] [INFO] [mqtt_wgs_install] Service créé : maxlink-widget-wifistats.service
[2025-07-15 10:23:14] [SUCCESS] [mqtt_wgs_install] Service activé: maxlink-widget-wifistats
[2025-07-15 10:23:15] [SUCCESS] [mqtt_wgs_install] Service démarré: maxlink-widget-wifistats
[2025-07-15 10:23:15] [SUCCESS] [mqtt_wgs_install] Widget wifistats enregistré
[2025-07-15 10:23:15] [INFO] [mqtt_wgs_install] Progression: 86% - Widget wifistats traité
[2025-07-15 10:23:17] [INFO] [mqtt_wgs_install] Progression: 90% - Vérification finale...
[2025-07-15 10:23:18] [INFO] [mqtt_wgs_install] Statut du service mqtt_wgs mis à jour: active
[2025-07-15 10:23:18] [INFO] [mqtt_wgs_install] Progression: 100% - Installation terminée
[2025-07-15 10:23:18] [SUCCESS] [mqtt_wgs_install] Tous les widgets installés avec succès
[2025-07-15 10:23:18] [INFO] [mqtt_wgs_install] Installation terminée - Installés: 7/7
[2025-07-15 10:23:18] [INFO] [mqtt_wgs_install] Redémarrage différé - SKIP_REBOOT=true
[2025-07-15 10:23:19] [INFO] [mqtt_wgs_install] Script mqtt_wgs_install terminé avec le code 0

================================================================================
FIN: mqtt_wgs_install
Code de sortie: 0
Durée: 36 secondes
================================================================================

