
================================================================================
DÉMARRAGE: mqtt_wgs_install
Description: Installation de tous les widgets MQTT
Date: Wed 22 Oct 10:11:57 CEST 2025
Utilisateur: root
Répertoire: /media/prod/USBTOOL
================================================================================

[2025-10-22 10:11:57] [INFO] [mqtt_wgs_install] Script mqtt_wgs_install initialisé
[2025-10-22 10:11:57] [INFO] [mqtt_wgs_install] ========== DÉBUT DE L'INSTALLATION DES WIDGETS MQTT ==========
[2025-10-22 10:11:57] [INFO] [mqtt_wgs_install] Progression: 5% - Initialisation...
[2025-10-22 10:11:57] [INFO] [mqtt_wgs_install] Progression: 10% - Découverte des widgets...
[2025-10-22 10:11:58] [INFO] [mqtt_wgs_install] Découverte des widgets disponibles
[2025-10-22 10:11:58] [SUCCESS] [mqtt_wgs_install] Widget mqttstats validé
[2025-10-22 10:11:58] [INFO] [mqtt_wgs_install] Widget trouvé: mqttstats
[2025-10-22 10:11:58] [SUCCESS] [mqtt_wgs_install] Widget rebootbutton validé
[2025-10-22 10:11:58] [INFO] [mqtt_wgs_install] Widget trouvé: rebootbutton
[2025-10-22 10:11:58] [SUCCESS] [mqtt_wgs_install] Widget servermonitoring validé
[2025-10-22 10:11:58] [INFO] [mqtt_wgs_install] Widget trouvé: servermonitoring
[2025-10-22 10:11:59] [SUCCESS] [mqtt_wgs_install] Widget testpersist validé
[2025-10-22 10:11:59] [INFO] [mqtt_wgs_install] Widget trouvé: testpersist
[2025-10-22 10:11:59] [SUCCESS] [mqtt_wgs_install] Widget timesync validé
[2025-10-22 10:11:59] [INFO] [mqtt_wgs_install] Widget trouvé: timesync
[2025-10-22 10:11:59] [SUCCESS] [mqtt_wgs_install] Widget uptime validé
[2025-10-22 10:11:59] [INFO] [mqtt_wgs_install] Widget trouvé: uptime
[2025-10-22 10:12:00] [SUCCESS] [mqtt_wgs_install] Widget wifistats validé
[2025-10-22 10:12:00] [INFO] [mqtt_wgs_install] Widget trouvé: wifistats
[2025-10-22 10:12:00] [INFO] [mqtt_wgs_install] Progression: 20% - Installation des dépendances...
[2025-10-22 10:12:00] [INFO] [mqtt_wgs_install] Installation des dépendances Python
[2025-10-22 10:12:00] [INFO] [mqtt_wgs_install] Installation des paquets de la catégorie: python
[2025-10-22 10:12:00] [INFO] [mqtt_wgs_install] Installation du paquet depuis le cache: python3-psutil
[2025-10-22 10:12:00] [INFO] [mqtt_wgs_install] Fichiers .deb trouvés pour python3-psutil: 1 fichier(s)
[2025-10-22 10:12:00] [INFO] [mqtt_wgs_install] Fichiers: /var/cache/maxlink/packages/python3-psutil_7.0.0-2_arm64.deb
[2025-10-22 10:12:01] [SUCCESS] [mqtt_wgs_install] Paquet installé depuis le cache: python3-psutil
[2025-10-22 10:12:01] [INFO] [mqtt_wgs_install] Installation du paquet depuis le cache: python3-paho-mqtt
[2025-10-22 10:12:01] [INFO] [mqtt_wgs_install] Fichiers .deb trouvés pour python3-paho-mqtt: 1 fichier(s)
[2025-10-22 10:12:02] [INFO] [mqtt_wgs_install] Fichiers: /var/cache/maxlink/packages/python3-paho-mqtt_2.1.0-1_all.deb
[2025-10-22 10:12:02] [SUCCESS] [mqtt_wgs_install] Paquet installé depuis le cache: python3-paho-mqtt
[2025-10-22 10:12:02] [INFO] [mqtt_wgs_install] Installation du paquet depuis le cache: python3-pip
[2025-10-22 10:12:02] [INFO] [mqtt_wgs_install] Fichiers .deb trouvés pour python3-pip: 1 fichier(s)
[2025-10-22 10:12:02] [INFO] [mqtt_wgs_install] Fichiers: /var/cache/maxlink/packages/python3-pip_25.1.1+dfsg-1_all.deb
[2025-10-22 10:12:06] [SUCCESS] [mqtt_wgs_install] Paquet installé depuis le cache: python3-pip
[2025-10-22 10:12:06] [INFO] [mqtt_wgs_install] Installation du paquet depuis le cache: python3-setuptools
[2025-10-22 10:12:06] [INFO] [mqtt_wgs_install] Fichiers .deb trouvés pour python3-setuptools: 1 fichier(s)
[2025-10-22 10:12:06] [INFO] [mqtt_wgs_install] Fichiers: /var/cache/maxlink/packages/python3-setuptools_78.1.1-0.1_all.deb
[2025-10-22 10:12:08] [SUCCESS] [mqtt_wgs_install] Paquet installé depuis le cache: python3-setuptools
[2025-10-22 10:12:08] [INFO] [mqtt_wgs_install] Progression: 30% - Installation des widgets...
[2025-10-22 10:12:08] [SUCCESS] [mqtt_wgs_install] Widget mqttstats validé
[2025-10-22 10:12:08] [INFO] [mqtt_wgs_install] Vérification des dépendances Python pour mqttstats
[2025-10-22 10:12:09] [INFO] [mqtt_wgs_install] Dépendances Python vérifiées (installées via le cache)
[2025-10-22 10:12:09] [INFO] [mqtt_wgs_install] Création du service maxlink-widget-mqttstats
[2025-10-22 10:12:09] [INFO] [mqtt_wgs_install] Copie des fichiers du widget vers /opt/maxlink
[2025-10-22 10:12:09] [INFO] [mqtt_wgs_install] Service créé : maxlink-widget-mqttstats.service
[2025-10-22 10:12:10] [SUCCESS] [mqtt_wgs_install] Service activé: maxlink-widget-mqttstats
[2025-10-22 10:12:10] [SUCCESS] [mqtt_wgs_install] Service démarré: maxlink-widget-mqttstats
[2025-10-22 10:12:10] [SUCCESS] [mqtt_wgs_install] Widget mqttstats enregistré
[2025-10-22 10:12:10] [INFO] [mqtt_wgs_install] Progression: 38% - Widget mqttstats traité
[2025-10-22 10:12:12] [SUCCESS] [mqtt_wgs_install] Widget rebootbutton validé
[2025-10-22 10:12:13] [INFO] [mqtt_wgs_install] Vérification des dépendances Python pour rebootbutton
[2025-10-22 10:12:13] [INFO] [mqtt_wgs_install] Dépendances Python vérifiées (installées via le cache)
[2025-10-22 10:12:13] [INFO] [mqtt_wgs_install] Création du service maxlink-widget-rebootbutton
[2025-10-22 10:12:13] [INFO] [mqtt_wgs_install] Copie des fichiers du widget vers /opt/maxlink
[2025-10-22 10:12:13] [INFO] [mqtt_wgs_install] Service créé : maxlink-widget-rebootbutton.service
[2025-10-22 10:12:14] [SUCCESS] [mqtt_wgs_install] Service activé: maxlink-widget-rebootbutton
[2025-10-22 10:12:14] [SUCCESS] [mqtt_wgs_install] Service démarré: maxlink-widget-rebootbutton
[2025-10-22 10:12:14] [SUCCESS] [mqtt_wgs_install] Widget rebootbutton enregistré
[2025-10-22 10:12:14] [INFO] [mqtt_wgs_install] Progression: 46% - Widget rebootbutton traité
[2025-10-22 10:12:17] [SUCCESS] [mqtt_wgs_install] Widget servermonitoring validé
[2025-10-22 10:12:17] [INFO] [mqtt_wgs_install] Vérification des dépendances Python pour servermonitoring
[2025-10-22 10:12:17] [INFO] [mqtt_wgs_install] Dépendances Python vérifiées (installées via le cache)
[2025-10-22 10:12:17] [INFO] [mqtt_wgs_install] Création du service maxlink-widget-servermonitoring
[2025-10-22 10:12:17] [INFO] [mqtt_wgs_install] Copie des fichiers du widget vers /opt/maxlink
[2025-10-22 10:12:17] [INFO] [mqtt_wgs_install] Service créé : maxlink-widget-servermonitoring.service
[2025-10-22 10:12:18] [SUCCESS] [mqtt_wgs_install] Service activé: maxlink-widget-servermonitoring
[2025-10-22 10:12:18] [SUCCESS] [mqtt_wgs_install] Service démarré: maxlink-widget-servermonitoring
[2025-10-22 10:12:18] [SUCCESS] [mqtt_wgs_install] Widget servermonitoring enregistré
[2025-10-22 10:12:18] [INFO] [mqtt_wgs_install] Progression: 54% - Widget servermonitoring traité
[2025-10-22 10:12:21] [SUCCESS] [mqtt_wgs_install] Widget testpersist validé
[2025-10-22 10:12:21] [INFO] [mqtt_wgs_install] Vérification des dépendances Python pour testpersist
[2025-10-22 10:12:21] [INFO] [mqtt_wgs_install] Dépendances Python vérifiées (installées via le cache)
[2025-10-22 10:12:21] [INFO] [mqtt_wgs_install] Création du service maxlink-widget-testpersist
[2025-10-22 10:12:21] [INFO] [mqtt_wgs_install] Copie des fichiers du widget vers /opt/maxlink
[2025-10-22 10:12:21] [INFO] [mqtt_wgs_install] Service créé : maxlink-widget-testpersist.service
[2025-10-22 10:12:22] [SUCCESS] [mqtt_wgs_install] Service activé: maxlink-widget-testpersist
[2025-10-22 10:12:22] [SUCCESS] [mqtt_wgs_install] Service démarré: maxlink-widget-testpersist
[2025-10-22 10:12:22] [SUCCESS] [mqtt_wgs_install] Widget testpersist enregistré
[2025-10-22 10:12:23] [INFO] [mqtt_wgs_install] Progression: 62% - Widget testpersist traité
[2025-10-22 10:12:25] [SUCCESS] [mqtt_wgs_install] Widget timesync validé
[2025-10-22 10:12:25] [INFO] [mqtt_wgs_install] Vérification des dépendances Python pour timesync
[2025-10-22 10:12:25] [INFO] [mqtt_wgs_install] Dépendances Python vérifiées (installées via le cache)
[2025-10-22 10:12:25] [INFO] [mqtt_wgs_install] Création du service maxlink-widget-timesync
[2025-10-22 10:12:25] [INFO] [mqtt_wgs_install] Copie des fichiers du widget vers /opt/maxlink
[2025-10-22 10:12:25] [INFO] [mqtt_wgs_install] Service créé : maxlink-widget-timesync.service
[2025-10-22 10:12:26] [SUCCESS] [mqtt_wgs_install] Service activé: maxlink-widget-timesync
[2025-10-22 10:12:26] [SUCCESS] [mqtt_wgs_install] Service démarré: maxlink-widget-timesync
[2025-10-22 10:12:27] [SUCCESS] [mqtt_wgs_install] Widget timesync enregistré
[2025-10-22 10:12:27] [INFO] [mqtt_wgs_install] Progression: 70% - Widget timesync traité
[2025-10-22 10:12:29] [SUCCESS] [mqtt_wgs_install] Widget uptime validé
[2025-10-22 10:12:29] [INFO] [mqtt_wgs_install] Vérification des dépendances Python pour uptime
[2025-10-22 10:12:29] [INFO] [mqtt_wgs_install] Aucune dépendance Python pour uptime
[2025-10-22 10:12:29] [SUCCESS] [mqtt_wgs_install] Widget uptime enregistré
[2025-10-22 10:12:29] [INFO] [mqtt_wgs_install] Progression: 78% - Widget uptime traité
[2025-10-22 10:12:32] [SUCCESS] [mqtt_wgs_install] Widget wifistats validé
[2025-10-22 10:12:32] [INFO] [mqtt_wgs_install] Vérification des dépendances Python pour wifistats
[2025-10-22 10:12:32] [INFO] [mqtt_wgs_install] Dépendances Python vérifiées (installées via le cache)
[2025-10-22 10:12:32] [INFO] [mqtt_wgs_install] Création du service maxlink-widget-wifistats
[2025-10-22 10:12:32] [INFO] [mqtt_wgs_install] Copie des fichiers du widget vers /opt/maxlink
[2025-10-22 10:12:32] [INFO] [mqtt_wgs_install] Service créé : maxlink-widget-wifistats.service
[2025-10-22 10:12:33] [SUCCESS] [mqtt_wgs_install] Service activé: maxlink-widget-wifistats
[2025-10-22 10:12:33] [SUCCESS] [mqtt_wgs_install] Service démarré: maxlink-widget-wifistats
[2025-10-22 10:12:33] [SUCCESS] [mqtt_wgs_install] Widget wifistats enregistré
[2025-10-22 10:12:33] [INFO] [mqtt_wgs_install] Progression: 86% - Widget wifistats traité
[2025-10-22 10:12:36] [INFO] [mqtt_wgs_install] Progression: 90% - Vérification finale...
[2025-10-22 10:12:37] [INFO] [mqtt_wgs_install] Statut du service mqtt_wgs mis à jour: active
[2025-10-22 10:12:37] [INFO] [mqtt_wgs_install] Progression: 100% - Installation terminée
[2025-10-22 10:12:37] [SUCCESS] [mqtt_wgs_install] Tous les widgets installés avec succès
[2025-10-22 10:12:37] [INFO] [mqtt_wgs_install] Installation terminée - Installés: 7/7
[2025-10-22 10:12:37] [INFO] [mqtt_wgs_install] Redémarrage différé - SKIP_REBOOT=true
[2025-10-22 10:12:37] [INFO] [mqtt_wgs_install] Script mqtt_wgs_install terminé avec le code 0

================================================================================
FIN: mqtt_wgs_install
Code de sortie: 0
Durée: 40 secondes
================================================================================

