
================================================================================
DÉMARRAGE: mqtt_wgs_install
Description: Installation de tous les widgets MQTT
Date: Wed 18 Jun 13:40:07 CEST 2025
Utilisateur: root
Répertoire: /media/prod/USBTOOL
================================================================================

[2025-06-18 13:40:07] [INFO] [mqtt_wgs_install] Script mqtt_wgs_install initialisé
[2025-06-18 13:40:07] [INFO] [mqtt_wgs_install] ========== DÉBUT DE L'INSTALLATION DES WIDGETS MQTT ==========
[2025-06-18 13:40:07] [INFO] [mqtt_wgs_install] Progression: 5% - Initialisation...
[2025-06-18 13:40:07] [INFO] [mqtt_wgs_install] Progression: 10% - Découverte des widgets...
[2025-06-18 13:40:08] [INFO] [mqtt_wgs_install] Découverte des widgets disponibles
[2025-06-18 13:40:08] [SUCCESS] [mqtt_wgs_install] Widget mqttstats validé
[2025-06-18 13:40:08] [INFO] [mqtt_wgs_install] Widget trouvé: mqttstats
[2025-06-18 13:40:08] [SUCCESS] [mqtt_wgs_install] Widget servermonitoring validé
[2025-06-18 13:40:08] [INFO] [mqtt_wgs_install] Widget trouvé: servermonitoring
[2025-06-18 13:40:08] [SUCCESS] [mqtt_wgs_install] Widget timesync validé
[2025-06-18 13:40:08] [INFO] [mqtt_wgs_install] Widget trouvé: timesync
[2025-06-18 13:40:09] [SUCCESS] [mqtt_wgs_install] Widget uptime validé
[2025-06-18 13:40:09] [INFO] [mqtt_wgs_install] Widget trouvé: uptime
[2025-06-18 13:40:09] [SUCCESS] [mqtt_wgs_install] Widget wifistats validé
[2025-06-18 13:40:09] [INFO] [mqtt_wgs_install] Widget trouvé: wifistats
[2025-06-18 13:40:09] [INFO] [mqtt_wgs_install] Progression: 20% - Installation des dépendances...
[2025-06-18 13:40:09] [INFO] [mqtt_wgs_install] Installation des dépendances Python
[2025-06-18 13:40:09] [INFO] [mqtt_wgs_install] Installation des paquets de la catégorie: python
[2025-06-18 13:40:09] [INFO] [mqtt_wgs_install] Installation du paquet depuis le cache: python3-psutil
[2025-06-18 13:40:10] [SUCCESS] [mqtt_wgs_install] Paquet installé depuis le cache: python3-psutil
[2025-06-18 13:40:10] [INFO] [mqtt_wgs_install] Installation du paquet depuis le cache: python3-paho-mqtt
[2025-06-18 13:40:11] [SUCCESS] [mqtt_wgs_install] Paquet installé depuis le cache: python3-paho-mqtt
[2025-06-18 13:40:11] [INFO] [mqtt_wgs_install] Installation du paquet depuis le cache: python3-pip
[2025-06-18 13:40:13] [SUCCESS] [mqtt_wgs_install] Paquet installé depuis le cache: python3-pip
[2025-06-18 13:40:13] [INFO] [mqtt_wgs_install] Installation du paquet depuis le cache: python3-setuptools
[2025-06-18 13:40:14] [SUCCESS] [mqtt_wgs_install] Paquet installé depuis le cache: python3-setuptools
[2025-06-18 13:40:15] [INFO] [mqtt_wgs_install] Progression: 30% - Installation des widgets...
[2025-06-18 13:40:15] [SUCCESS] [mqtt_wgs_install] Widget mqttstats validé
[2025-06-18 13:40:15] [INFO] [mqtt_wgs_install] Vérification des dépendances Python pour mqttstats
[2025-06-18 13:40:15] [INFO] [mqtt_wgs_install] Dépendances Python vérifiées (installées via le cache)
[2025-06-18 13:40:15] [INFO] [mqtt_wgs_install] Création du service maxlink-widget-mqttstats
[2025-06-18 13:40:15] [INFO] [mqtt_wgs_install] Copie des fichiers du widget vers /opt/maxlink
[2025-06-18 13:40:15] [INFO] [mqtt_wgs_install] Service créé : maxlink-widget-mqttstats.service
[2025-06-18 13:40:16] [SUCCESS] [mqtt_wgs_install] Service activé: maxlink-widget-mqttstats
[2025-06-18 13:40:16] [SUCCESS] [mqtt_wgs_install] Service démarré: maxlink-widget-mqttstats
[2025-06-18 13:40:16] [SUCCESS] [mqtt_wgs_install] Widget mqttstats enregistré
[2025-06-18 13:40:16] [INFO] [mqtt_wgs_install] Progression: 42% - Widget mqttstats traité
[2025-06-18 13:40:19] [SUCCESS] [mqtt_wgs_install] Widget servermonitoring validé
[2025-06-18 13:40:19] [INFO] [mqtt_wgs_install] Vérification des dépendances Python pour servermonitoring
[2025-06-18 13:40:19] [INFO] [mqtt_wgs_install] Dépendances Python vérifiées (installées via le cache)
[2025-06-18 13:40:19] [INFO] [mqtt_wgs_install] Création du service maxlink-widget-servermonitoring
[2025-06-18 13:40:19] [INFO] [mqtt_wgs_install] Copie des fichiers du widget vers /opt/maxlink
[2025-06-18 13:40:19] [INFO] [mqtt_wgs_install] Service créé : maxlink-widget-servermonitoring.service
[2025-06-18 13:40:20] [SUCCESS] [mqtt_wgs_install] Service activé: maxlink-widget-servermonitoring
[2025-06-18 13:40:20] [SUCCESS] [mqtt_wgs_install] Service démarré: maxlink-widget-servermonitoring
[2025-06-18 13:40:20] [SUCCESS] [mqtt_wgs_install] Widget servermonitoring enregistré
[2025-06-18 13:40:20] [INFO] [mqtt_wgs_install] Progression: 54% - Widget servermonitoring traité
[2025-06-18 13:40:22] [SUCCESS] [mqtt_wgs_install] Widget timesync validé
[2025-06-18 13:40:22] [INFO] [mqtt_wgs_install] Vérification des dépendances Python pour timesync
[2025-06-18 13:40:23] [INFO] [mqtt_wgs_install] Dépendances Python vérifiées (installées via le cache)
[2025-06-18 13:40:23] [INFO] [mqtt_wgs_install] Création du service maxlink-widget-timesync
[2025-06-18 13:40:23] [INFO] [mqtt_wgs_install] Copie des fichiers du widget vers /opt/maxlink
[2025-06-18 13:40:23] [INFO] [mqtt_wgs_install] Service créé : maxlink-widget-timesync.service
[2025-06-18 13:40:24] [SUCCESS] [mqtt_wgs_install] Service activé: maxlink-widget-timesync
[2025-06-18 13:40:24] [SUCCESS] [mqtt_wgs_install] Service démarré: maxlink-widget-timesync
[2025-06-18 13:40:24] [SUCCESS] [mqtt_wgs_install] Widget timesync enregistré
[2025-06-18 13:40:24] [INFO] [mqtt_wgs_install] Progression: 66% - Widget timesync traité
[2025-06-18 13:40:26] [SUCCESS] [mqtt_wgs_install] Widget uptime validé
[2025-06-18 13:40:26] [INFO] [mqtt_wgs_install] Vérification des dépendances Python pour uptime
[2025-06-18 13:40:26] [INFO] [mqtt_wgs_install] Aucune dépendance Python pour uptime
[2025-06-18 13:40:27] [SUCCESS] [mqtt_wgs_install] Widget uptime enregistré
[2025-06-18 13:40:27] [INFO] [mqtt_wgs_install] Progression: 78% - Widget uptime traité
[2025-06-18 13:40:29] [SUCCESS] [mqtt_wgs_install] Widget wifistats validé
[2025-06-18 13:40:29] [INFO] [mqtt_wgs_install] Vérification des dépendances Python pour wifistats
[2025-06-18 13:40:29] [INFO] [mqtt_wgs_install] Dépendances Python vérifiées (installées via le cache)
[2025-06-18 13:40:29] [INFO] [mqtt_wgs_install] Création du service maxlink-widget-wifistats
[2025-06-18 13:40:30] [INFO] [mqtt_wgs_install] Copie des fichiers du widget vers /opt/maxlink
[2025-06-18 13:40:30] [INFO] [mqtt_wgs_install] Service créé : maxlink-widget-wifistats.service
[2025-06-18 13:40:30] [SUCCESS] [mqtt_wgs_install] Service activé: maxlink-widget-wifistats
[2025-06-18 13:40:30] [SUCCESS] [mqtt_wgs_install] Service démarré: maxlink-widget-wifistats
[2025-06-18 13:40:31] [SUCCESS] [mqtt_wgs_install] Widget wifistats enregistré
[2025-06-18 13:40:31] [INFO] [mqtt_wgs_install] Progression: 90% - Widget wifistats traité
[2025-06-18 13:40:33] [INFO] [mqtt_wgs_install] Progression: 90% - Vérification finale...
[2025-06-18 13:40:34] [INFO] [mqtt_wgs_install] Statut du service mqtt_wgs mis à jour: active
[2025-06-18 13:40:34] [INFO] [mqtt_wgs_install] Progression: 100% - Installation terminée
[2025-06-18 13:40:34] [SUCCESS] [mqtt_wgs_install] Tous les widgets installés avec succès
[2025-06-18 13:40:34] [INFO] [mqtt_wgs_install] Installation terminée - Installés: 5/5
[2025-06-18 13:40:34] [INFO] [mqtt_wgs_install] Redémarrage différé - SKIP_REBOOT=true
[2025-06-18 13:40:34] [INFO] [mqtt_wgs_install] Script mqtt_wgs_install terminé avec le code 0

================================================================================
FIN: mqtt_wgs_install
Code de sortie: 0
Durée: 27 secondes
================================================================================

