
================================================================================
DÉMARRAGE: mqtt_wgs_install
Description: Installation de tous les widgets MQTT
Date: Mon 27 Oct 11:21:07 CET 2025
Utilisateur: root
Répertoire: /media/prod/USBTOOL
================================================================================

[2025-10-27 11:21:07] [INFO] [mqtt_wgs_install] Script mqtt_wgs_install initialisé
[2025-10-27 11:21:07] [INFO] [mqtt_wgs_install] ========== DÉBUT DE L'INSTALLATION DES WIDGETS MQTT ==========
[2025-10-27 11:21:07] [INFO] [mqtt_wgs_install] Progression: 5% - Initialisation...
[2025-10-27 11:21:07] [INFO] [mqtt_wgs_install] Progression: 10% - Découverte des widgets...
[2025-10-27 11:21:08] [INFO] [mqtt_wgs_install] Découverte des widgets disponibles
[2025-10-27 11:21:08] [SUCCESS] [mqtt_wgs_install] Widget mqttstats validé
[2025-10-27 11:21:08] [INFO] [mqtt_wgs_install] Widget trouvé: mqttstats
[2025-10-27 11:21:08] [SUCCESS] [mqtt_wgs_install] Widget rebootbutton validé
[2025-10-27 11:21:08] [INFO] [mqtt_wgs_install] Widget trouvé: rebootbutton
[2025-10-27 11:21:08] [SUCCESS] [mqtt_wgs_install] Widget servermonitoring validé
[2025-10-27 11:21:08] [INFO] [mqtt_wgs_install] Widget trouvé: servermonitoring
[2025-10-27 11:21:09] [SUCCESS] [mqtt_wgs_install] Widget testpersist validé
[2025-10-27 11:21:09] [INFO] [mqtt_wgs_install] Widget trouvé: testpersist
[2025-10-27 11:21:09] [SUCCESS] [mqtt_wgs_install] Widget timesync validé
[2025-10-27 11:21:09] [INFO] [mqtt_wgs_install] Widget trouvé: timesync
[2025-10-27 11:21:09] [SUCCESS] [mqtt_wgs_install] Widget uptime validé
[2025-10-27 11:21:09] [INFO] [mqtt_wgs_install] Widget trouvé: uptime
[2025-10-27 11:21:09] [SUCCESS] [mqtt_wgs_install] Widget wifistats validé
[2025-10-27 11:21:10] [INFO] [mqtt_wgs_install] Widget trouvé: wifistats
[2025-10-27 11:21:10] [INFO] [mqtt_wgs_install] Progression: 20% - Installation des dépendances...
[2025-10-27 11:21:10] [INFO] [mqtt_wgs_install] Installation des dépendances Python
[2025-10-27 11:21:10] [INFO] [mqtt_wgs_install] Installation des paquets de la catégorie: python
[2025-10-27 11:21:10] [INFO] [mqtt_wgs_install] Installation du paquet depuis le cache: python3-psutil
[2025-10-27 11:21:10] [INFO] [mqtt_wgs_install] Fichiers .deb trouvés pour python3-psutil: 1 fichier(s)
[2025-10-27 11:21:10] [INFO] [mqtt_wgs_install] Fichiers: /var/cache/maxlink/packages/python3-psutil_7.0.0-2_arm64.deb
[2025-10-27 11:21:11] [SUCCESS] [mqtt_wgs_install] Paquet installé depuis le cache: python3-psutil
[2025-10-27 11:21:11] [INFO] [mqtt_wgs_install] Installation du paquet depuis le cache: python3-paho-mqtt
[2025-10-27 11:21:11] [INFO] [mqtt_wgs_install] Fichiers .deb trouvés pour python3-paho-mqtt: 1 fichier(s)
[2025-10-27 11:21:11] [INFO] [mqtt_wgs_install] Fichiers: /var/cache/maxlink/packages/python3-paho-mqtt_2.1.0-1_all.deb
[2025-10-27 11:21:12] [SUCCESS] [mqtt_wgs_install] Paquet installé depuis le cache: python3-paho-mqtt
[2025-10-27 11:21:12] [INFO] [mqtt_wgs_install] Installation du paquet depuis le cache: python3-pip
[2025-10-27 11:21:12] [INFO] [mqtt_wgs_install] Fichiers .deb trouvés pour python3-pip: 1 fichier(s)
[2025-10-27 11:21:12] [INFO] [mqtt_wgs_install] Fichiers: /var/cache/maxlink/packages/python3-pip_25.1.1+dfsg-1_all.deb
[2025-10-27 11:21:14] [SUCCESS] [mqtt_wgs_install] Paquet installé depuis le cache: python3-pip
[2025-10-27 11:21:14] [INFO] [mqtt_wgs_install] Installation du paquet depuis le cache: python3-setuptools
[2025-10-27 11:21:14] [INFO] [mqtt_wgs_install] Fichiers .deb trouvés pour python3-setuptools: 1 fichier(s)
[2025-10-27 11:21:15] [INFO] [mqtt_wgs_install] Fichiers: /var/cache/maxlink/packages/python3-setuptools_78.1.1-0.1_all.deb
[2025-10-27 11:21:16] [SUCCESS] [mqtt_wgs_install] Paquet installé depuis le cache: python3-setuptools
[2025-10-27 11:21:16] [INFO] [mqtt_wgs_install] Progression: 30% - Installation des widgets...
[2025-10-27 11:21:16] [SUCCESS] [mqtt_wgs_install] Widget mqttstats validé
[2025-10-27 11:21:16] [INFO] [mqtt_wgs_install] Vérification des dépendances Python pour mqttstats
[2025-10-27 11:21:16] [INFO] [mqtt_wgs_install] Dépendances Python vérifiées (installées via le cache)
[2025-10-27 11:21:17] [INFO] [mqtt_wgs_install] Création du service maxlink-widget-mqttstats
[2025-10-27 11:21:17] [INFO] [mqtt_wgs_install] Copie des fichiers du widget vers /opt/maxlink
[2025-10-27 11:21:17] [INFO] [mqtt_wgs_install] Service créé : maxlink-widget-mqttstats.service
[2025-10-27 11:21:18] [SUCCESS] [mqtt_wgs_install] Service activé: maxlink-widget-mqttstats
[2025-10-27 11:21:18] [SUCCESS] [mqtt_wgs_install] Service démarré: maxlink-widget-mqttstats
[2025-10-27 11:21:18] [SUCCESS] [mqtt_wgs_install] Widget mqttstats enregistré
[2025-10-27 11:21:18] [INFO] [mqtt_wgs_install] Progression: 38% - Widget mqttstats traité
[2025-10-27 11:21:20] [SUCCESS] [mqtt_wgs_install] Widget rebootbutton validé
[2025-10-27 11:21:20] [INFO] [mqtt_wgs_install] Vérification des dépendances Python pour rebootbutton
[2025-10-27 11:21:20] [INFO] [mqtt_wgs_install] Dépendances Python vérifiées (installées via le cache)
[2025-10-27 11:21:21] [INFO] [mqtt_wgs_install] Création du service maxlink-widget-rebootbutton
[2025-10-27 11:21:21] [INFO] [mqtt_wgs_install] Copie des fichiers du widget vers /opt/maxlink
[2025-10-27 11:21:21] [INFO] [mqtt_wgs_install] Service créé : maxlink-widget-rebootbutton.service
[2025-10-27 11:21:22] [SUCCESS] [mqtt_wgs_install] Service activé: maxlink-widget-rebootbutton
[2025-10-27 11:21:22] [SUCCESS] [mqtt_wgs_install] Service démarré: maxlink-widget-rebootbutton
[2025-10-27 11:21:22] [SUCCESS] [mqtt_wgs_install] Widget rebootbutton enregistré
[2025-10-27 11:21:22] [INFO] [mqtt_wgs_install] Progression: 46% - Widget rebootbutton traité
[2025-10-27 11:21:24] [SUCCESS] [mqtt_wgs_install] Widget servermonitoring validé
[2025-10-27 11:21:24] [INFO] [mqtt_wgs_install] Vérification des dépendances Python pour servermonitoring
[2025-10-27 11:21:25] [INFO] [mqtt_wgs_install] Dépendances Python vérifiées (installées via le cache)
[2025-10-27 11:21:25] [INFO] [mqtt_wgs_install] Création du service maxlink-widget-servermonitoring
[2025-10-27 11:21:25] [INFO] [mqtt_wgs_install] Copie des fichiers du widget vers /opt/maxlink
[2025-10-27 11:21:25] [INFO] [mqtt_wgs_install] Service créé : maxlink-widget-servermonitoring.service
[2025-10-27 11:21:26] [SUCCESS] [mqtt_wgs_install] Service activé: maxlink-widget-servermonitoring
[2025-10-27 11:21:26] [SUCCESS] [mqtt_wgs_install] Service démarré: maxlink-widget-servermonitoring
[2025-10-27 11:21:26] [SUCCESS] [mqtt_wgs_install] Widget servermonitoring enregistré
[2025-10-27 11:21:26] [INFO] [mqtt_wgs_install] Progression: 54% - Widget servermonitoring traité
[2025-10-27 11:21:28] [SUCCESS] [mqtt_wgs_install] Widget testpersist validé
[2025-10-27 11:21:29] [INFO] [mqtt_wgs_install] Vérification des dépendances Python pour testpersist
[2025-10-27 11:21:29] [INFO] [mqtt_wgs_install] Dépendances Python vérifiées (installées via le cache)
[2025-10-27 11:21:29] [INFO] [mqtt_wgs_install] Création du service maxlink-widget-testpersist
[2025-10-27 11:21:29] [INFO] [mqtt_wgs_install] Copie des fichiers du widget vers /opt/maxlink
[2025-10-27 11:21:29] [INFO] [mqtt_wgs_install] Service créé : maxlink-widget-testpersist.service
[2025-10-27 11:21:30] [SUCCESS] [mqtt_wgs_install] Service activé: maxlink-widget-testpersist
[2025-10-27 11:21:30] [SUCCESS] [mqtt_wgs_install] Service démarré: maxlink-widget-testpersist
[2025-10-27 11:21:30] [SUCCESS] [mqtt_wgs_install] Widget testpersist enregistré
[2025-10-27 11:21:30] [INFO] [mqtt_wgs_install] Progression: 62% - Widget testpersist traité
[2025-10-27 11:21:33] [SUCCESS] [mqtt_wgs_install] Widget timesync validé
[2025-10-27 11:21:33] [INFO] [mqtt_wgs_install] Vérification des dépendances Python pour timesync
[2025-10-27 11:21:33] [INFO] [mqtt_wgs_install] Dépendances Python vérifiées (installées via le cache)
[2025-10-27 11:21:33] [INFO] [mqtt_wgs_install] Création du service maxlink-widget-timesync
[2025-10-27 11:21:33] [INFO] [mqtt_wgs_install] Copie des fichiers du widget vers /opt/maxlink
[2025-10-27 11:21:33] [INFO] [mqtt_wgs_install] Service créé : maxlink-widget-timesync.service
[2025-10-27 11:21:34] [SUCCESS] [mqtt_wgs_install] Service activé: maxlink-widget-timesync
[2025-10-27 11:21:34] [SUCCESS] [mqtt_wgs_install] Service démarré: maxlink-widget-timesync
[2025-10-27 11:21:35] [SUCCESS] [mqtt_wgs_install] Widget timesync enregistré
[2025-10-27 11:21:35] [INFO] [mqtt_wgs_install] Progression: 70% - Widget timesync traité
[2025-10-27 11:21:37] [SUCCESS] [mqtt_wgs_install] Widget uptime validé
[2025-10-27 11:21:37] [INFO] [mqtt_wgs_install] Vérification des dépendances Python pour uptime
[2025-10-27 11:21:37] [INFO] [mqtt_wgs_install] Aucune dépendance Python pour uptime
[2025-10-27 11:21:37] [SUCCESS] [mqtt_wgs_install] Widget uptime enregistré
[2025-10-27 11:21:37] [INFO] [mqtt_wgs_install] Progression: 78% - Widget uptime traité
[2025-10-27 11:21:40] [SUCCESS] [mqtt_wgs_install] Widget wifistats validé
[2025-10-27 11:21:40] [INFO] [mqtt_wgs_install] Vérification des dépendances Python pour wifistats
[2025-10-27 11:21:40] [INFO] [mqtt_wgs_install] Dépendances Python vérifiées (installées via le cache)
[2025-10-27 11:21:40] [INFO] [mqtt_wgs_install] Création du service maxlink-widget-wifistats
[2025-10-27 11:21:40] [INFO] [mqtt_wgs_install] Copie des fichiers du widget vers /opt/maxlink
[2025-10-27 11:21:40] [INFO] [mqtt_wgs_install] Service créé : maxlink-widget-wifistats.service
[2025-10-27 11:21:41] [SUCCESS] [mqtt_wgs_install] Service activé: maxlink-widget-wifistats
[2025-10-27 11:21:41] [SUCCESS] [mqtt_wgs_install] Service démarré: maxlink-widget-wifistats
[2025-10-27 11:21:42] [SUCCESS] [mqtt_wgs_install] Widget wifistats enregistré
[2025-10-27 11:21:42] [INFO] [mqtt_wgs_install] Progression: 86% - Widget wifistats traité
[2025-10-27 11:21:44] [INFO] [mqtt_wgs_install] Progression: 90% - Vérification finale...
[2025-10-27 11:21:45] [INFO] [mqtt_wgs_install] Statut du service mqtt_wgs mis à jour: active
[2025-10-27 11:21:45] [INFO] [mqtt_wgs_install] Progression: 100% - Installation terminée
[2025-10-27 11:21:45] [SUCCESS] [mqtt_wgs_install] Tous les widgets installés avec succès
[2025-10-27 11:21:45] [INFO] [mqtt_wgs_install] Installation terminée - Installés: 7/7
[2025-10-27 11:21:45] [INFO] [mqtt_wgs_install] Redémarrage différé - SKIP_REBOOT=true
[2025-10-27 11:21:45] [INFO] [mqtt_wgs_install] Script mqtt_wgs_install terminé avec le code 0

================================================================================
FIN: mqtt_wgs_install
Code de sortie: 0
Durée: 38 secondes
================================================================================

