
================================================================================
DÉMARRAGE: mqtt_wgs_install
Description: Installation de tous les widgets MQTT
Date: Fri  6 Jun 22:35:07 CEST 2025
Utilisateur: root
Répertoire: /media/prod/USBTOOL
================================================================================

[2025-06-06 22:35:07] [INFO] [mqtt_wgs_install] Script mqtt_wgs_install initialisé
[2025-06-06 22:35:07] [INFO] [mqtt_wgs_install] ========== DÉBUT DE L'INSTALLATION DES WIDGETS MQTT ==========
[2025-06-06 22:35:07] [INFO] [mqtt_wgs_install] Progression: 5% - Initialisation...
[2025-06-06 22:35:07] [INFO] [mqtt_wgs_install] Progression: 10% - Découverte des widgets...
[2025-06-06 22:35:07] [INFO] [mqtt_wgs_install] Découverte des widgets disponibles
[2025-06-06 22:35:07] [SUCCESS] [mqtt_wgs_install] Widget mqttstats validé
[2025-06-06 22:35:08] [INFO] [mqtt_wgs_install] Widget trouvé: mqttstats
[2025-06-06 22:35:08] [SUCCESS] [mqtt_wgs_install] Widget servermonitoring validé
[2025-06-06 22:35:08] [INFO] [mqtt_wgs_install] Widget trouvé: servermonitoring
[2025-06-06 22:35:08] [SUCCESS] [mqtt_wgs_install] Widget uptime validé
[2025-06-06 22:35:08] [INFO] [mqtt_wgs_install] Widget trouvé: uptime
[2025-06-06 22:35:08] [SUCCESS] [mqtt_wgs_install] Widget wifistats validé
[2025-06-06 22:35:08] [INFO] [mqtt_wgs_install] Widget trouvé: wifistats
[2025-06-06 22:35:09] [INFO] [mqtt_wgs_install] Progression: 20% - Installation des dépendances...
[2025-06-06 22:35:09] [INFO] [mqtt_wgs_install] Installation des dépendances Python
[2025-06-06 22:35:09] [INFO] [mqtt_wgs_install] Installation des paquets de la catégorie: python
[2025-06-06 22:35:09] [INFO] [mqtt_wgs_install] Installation du paquet depuis le cache: python3-psutil
[2025-06-06 22:35:10] [SUCCESS] [mqtt_wgs_install] Paquet installé depuis le cache: python3-psutil
[2025-06-06 22:35:10] [INFO] [mqtt_wgs_install] Installation du paquet depuis le cache: python3-paho-mqtt
[2025-06-06 22:35:10] [SUCCESS] [mqtt_wgs_install] Paquet installé depuis le cache: python3-paho-mqtt
[2025-06-06 22:35:10] [INFO] [mqtt_wgs_install] Installation du paquet depuis le cache: python3-pip
[2025-06-06 22:35:14] [SUCCESS] [mqtt_wgs_install] Paquet installé depuis le cache: python3-pip
[2025-06-06 22:35:14] [INFO] [mqtt_wgs_install] Installation du paquet depuis le cache: python3-setuptools
[2025-06-06 22:35:16] [SUCCESS] [mqtt_wgs_install] Paquet installé depuis le cache: python3-setuptools
[2025-06-06 22:35:16] [INFO] [mqtt_wgs_install] Progression: 30% - Installation des widgets...
[2025-06-06 22:35:16] [SUCCESS] [mqtt_wgs_install] Widget mqttstats validé
[2025-06-06 22:35:16] [INFO] [mqtt_wgs_install] Vérification des dépendances Python pour mqttstats
[2025-06-06 22:35:16] [INFO] [mqtt_wgs_install] Dépendances Python vérifiées (installées via le cache)
[2025-06-06 22:35:16] [INFO] [mqtt_wgs_install] Création du service maxlink-widget-mqttstats
[2025-06-06 22:35:17] [INFO] [mqtt_wgs_install] Copie des fichiers du widget vers /opt/maxlink
[2025-06-06 22:35:17] [INFO] [mqtt_wgs_install] Service créé : maxlink-widget-mqttstats.service
[2025-06-06 22:35:17] [SUCCESS] [mqtt_wgs_install] Service activé: maxlink-widget-mqttstats
[2025-06-06 22:35:17] [SUCCESS] [mqtt_wgs_install] Service démarré: maxlink-widget-mqttstats
[2025-06-06 22:35:17] [SUCCESS] [mqtt_wgs_install] Widget mqttstats enregistré
[2025-06-06 22:35:18] [INFO] [mqtt_wgs_install] Progression: 45% - Widget mqttstats traité
[2025-06-06 22:35:20] [SUCCESS] [mqtt_wgs_install] Widget servermonitoring validé
[2025-06-06 22:35:20] [INFO] [mqtt_wgs_install] Vérification des dépendances Python pour servermonitoring
[2025-06-06 22:35:20] [INFO] [mqtt_wgs_install] Dépendances Python vérifiées (installées via le cache)
[2025-06-06 22:35:20] [INFO] [mqtt_wgs_install] Création du service maxlink-widget-servermonitoring
[2025-06-06 22:35:20] [INFO] [mqtt_wgs_install] Copie des fichiers du widget vers /opt/maxlink
[2025-06-06 22:35:20] [INFO] [mqtt_wgs_install] Service créé : maxlink-widget-servermonitoring.service
[2025-06-06 22:35:21] [SUCCESS] [mqtt_wgs_install] Service activé: maxlink-widget-servermonitoring
[2025-06-06 22:35:21] [SUCCESS] [mqtt_wgs_install] Service démarré: maxlink-widget-servermonitoring
[2025-06-06 22:35:21] [SUCCESS] [mqtt_wgs_install] Widget servermonitoring enregistré
[2025-06-06 22:35:21] [INFO] [mqtt_wgs_install] Progression: 60% - Widget servermonitoring traité
[2025-06-06 22:35:24] [SUCCESS] [mqtt_wgs_install] Widget uptime validé
[2025-06-06 22:35:24] [INFO] [mqtt_wgs_install] Vérification des dépendances Python pour uptime
[2025-06-06 22:35:24] [INFO] [mqtt_wgs_install] Aucune dépendance Python pour uptime
[2025-06-06 22:35:24] [SUCCESS] [mqtt_wgs_install] Widget uptime enregistré
[2025-06-06 22:35:24] [INFO] [mqtt_wgs_install] Progression: 75% - Widget uptime traité
[2025-06-06 22:35:26] [SUCCESS] [mqtt_wgs_install] Widget wifistats validé
[2025-06-06 22:35:26] [INFO] [mqtt_wgs_install] Vérification des dépendances Python pour wifistats
[2025-06-06 22:35:27] [INFO] [mqtt_wgs_install] Dépendances Python vérifiées (installées via le cache)
[2025-06-06 22:35:27] [INFO] [mqtt_wgs_install] Création du service maxlink-widget-wifistats
[2025-06-06 22:35:27] [INFO] [mqtt_wgs_install] Copie des fichiers du widget vers /opt/maxlink
[2025-06-06 22:35:27] [INFO] [mqtt_wgs_install] Service créé : maxlink-widget-wifistats.service
[2025-06-06 22:35:27] [SUCCESS] [mqtt_wgs_install] Service activé: maxlink-widget-wifistats
[2025-06-06 22:35:28] [SUCCESS] [mqtt_wgs_install] Service démarré: maxlink-widget-wifistats
[2025-06-06 22:35:28] [SUCCESS] [mqtt_wgs_install] Widget wifistats enregistré
[2025-06-06 22:35:28] [INFO] [mqtt_wgs_install] Progression: 90% - Widget wifistats traité
[2025-06-06 22:35:30] [INFO] [mqtt_wgs_install] Progression: 90% - Vérification finale...
[2025-06-06 22:35:31] [INFO] [mqtt_wgs_install] Statut du service mqtt_wgs_install mis à jour: active
[2025-06-06 22:35:31] [INFO] [mqtt_wgs_install] Progression: 100% - Installation terminée
[2025-06-06 22:35:31] [SUCCESS] [mqtt_wgs_install] Tous les widgets installés avec succès
[2025-06-06 22:35:31] [INFO] [mqtt_wgs_install] Installation terminée - Installés: 4/4
[2025-06-06 22:35:31] [INFO] [mqtt_wgs_install] Redémarrage différé - SKIP_REBOOT=true
[2025-06-06 22:35:31] [INFO] [mqtt_wgs_install] Script mqtt_wgs_install terminé avec le code 0

================================================================================
FIN: mqtt_wgs_install
Code de sortie: 0
Durée: 24 secondes
================================================================================

