
================================================================================
DÉMARRAGE: mqtt_wgs_install
Description: Installation de tous les widgets MQTT
Date: Fri  6 Jun 20:15:46 CEST 2025
Utilisateur: root
Répertoire: /media/prod/USBTOOL
================================================================================

[2025-06-06 20:15:46] [INFO] [mqtt_wgs_install] Script mqtt_wgs_install initialisé
[2025-06-06 20:15:46] [INFO] [mqtt_wgs_install] ========== DÉBUT DE L'INSTALLATION DES WIDGETS MQTT ==========
[2025-06-06 20:15:46] [INFO] [mqtt_wgs_install] Progression: 5% - Initialisation...
[2025-06-06 20:15:46] [INFO] [mqtt_wgs_install] Progression: 10% - Découverte des widgets...
[2025-06-06 20:15:46] [INFO] [mqtt_wgs_install] Découverte des widgets disponibles
[2025-06-06 20:15:46] [SUCCESS] [mqtt_wgs_install] Widget mqttstats validé
[2025-06-06 20:15:46] [INFO] [mqtt_wgs_install] Widget trouvé: mqttstats
[2025-06-06 20:15:47] [SUCCESS] [mqtt_wgs_install] Widget servermonitoring validé
[2025-06-06 20:15:47] [INFO] [mqtt_wgs_install] Widget trouvé: servermonitoring
[2025-06-06 20:15:47] [SUCCESS] [mqtt_wgs_install] Widget uptime validé
[2025-06-06 20:15:47] [INFO] [mqtt_wgs_install] Widget trouvé: uptime
[2025-06-06 20:15:47] [SUCCESS] [mqtt_wgs_install] Widget wifistats validé
[2025-06-06 20:15:47] [INFO] [mqtt_wgs_install] Widget trouvé: wifistats
[2025-06-06 20:15:47] [INFO] [mqtt_wgs_install] Progression: 20% - Installation des dépendances...
[2025-06-06 20:15:47] [INFO] [mqtt_wgs_install] Installation des dépendances Python
[2025-06-06 20:15:48] [INFO] [mqtt_wgs_install] Installation des paquets de la catégorie: python
[2025-06-06 20:15:48] [INFO] [mqtt_wgs_install] Installation du paquet depuis le cache: python3-psutil
[2025-06-06 20:15:49] [SUCCESS] [mqtt_wgs_install] Paquet installé depuis le cache: python3-psutil
[2025-06-06 20:15:49] [INFO] [mqtt_wgs_install] Installation du paquet depuis le cache: python3-paho-mqtt
[2025-06-06 20:15:49] [SUCCESS] [mqtt_wgs_install] Paquet installé depuis le cache: python3-paho-mqtt
[2025-06-06 20:15:49] [INFO] [mqtt_wgs_install] Installation du paquet depuis le cache: python3-pip
[2025-06-06 20:15:53] [SUCCESS] [mqtt_wgs_install] Paquet installé depuis le cache: python3-pip
[2025-06-06 20:15:53] [INFO] [mqtt_wgs_install] Installation du paquet depuis le cache: python3-setuptools
[2025-06-06 20:15:54] [SUCCESS] [mqtt_wgs_install] Paquet installé depuis le cache: python3-setuptools
[2025-06-06 20:15:54] [INFO] [mqtt_wgs_install] Progression: 30% - Installation des widgets...
[2025-06-06 20:15:55] [SUCCESS] [mqtt_wgs_install] Widget mqttstats validé
[2025-06-06 20:15:55] [INFO] [mqtt_wgs_install] Vérification des dépendances Python pour mqttstats
[2025-06-06 20:15:55] [INFO] [mqtt_wgs_install] Dépendances Python vérifiées (installées via le cache)
[2025-06-06 20:15:55] [INFO] [mqtt_wgs_install] Création du service maxlink-widget-mqttstats
[2025-06-06 20:15:55] [INFO] [mqtt_wgs_install] Copie des fichiers du widget vers /opt/maxlink
[2025-06-06 20:15:55] [INFO] [mqtt_wgs_install] Service créé : maxlink-widget-mqttstats.service
[2025-06-06 20:15:56] [SUCCESS] [mqtt_wgs_install] Service activé: maxlink-widget-mqttstats
[2025-06-06 20:15:56] [SUCCESS] [mqtt_wgs_install] Service démarré: maxlink-widget-mqttstats
[2025-06-06 20:15:56] [SUCCESS] [mqtt_wgs_install] Widget mqttstats enregistré
[2025-06-06 20:15:56] [INFO] [mqtt_wgs_install] Progression: 45% - Widget mqttstats traité
[2025-06-06 20:15:58] [SUCCESS] [mqtt_wgs_install] Widget servermonitoring validé
[2025-06-06 20:15:59] [INFO] [mqtt_wgs_install] Vérification des dépendances Python pour servermonitoring
[2025-06-06 20:15:59] [INFO] [mqtt_wgs_install] Dépendances Python vérifiées (installées via le cache)
[2025-06-06 20:15:59] [INFO] [mqtt_wgs_install] Création du service maxlink-widget-servermonitoring
[2025-06-06 20:15:59] [INFO] [mqtt_wgs_install] Copie des fichiers du widget vers /opt/maxlink
[2025-06-06 20:15:59] [INFO] [mqtt_wgs_install] Service créé : maxlink-widget-servermonitoring.service
[2025-06-06 20:16:00] [SUCCESS] [mqtt_wgs_install] Service activé: maxlink-widget-servermonitoring
[2025-06-06 20:16:00] [SUCCESS] [mqtt_wgs_install] Service démarré: maxlink-widget-servermonitoring
[2025-06-06 20:16:00] [SUCCESS] [mqtt_wgs_install] Widget servermonitoring enregistré
[2025-06-06 20:16:00] [INFO] [mqtt_wgs_install] Progression: 60% - Widget servermonitoring traité
[2025-06-06 20:16:02] [SUCCESS] [mqtt_wgs_install] Widget uptime validé
[2025-06-06 20:16:02] [INFO] [mqtt_wgs_install] Vérification des dépendances Python pour uptime
[2025-06-06 20:16:02] [INFO] [mqtt_wgs_install] Aucune dépendance Python pour uptime
[2025-06-06 20:16:03] [SUCCESS] [mqtt_wgs_install] Widget uptime enregistré
[2025-06-06 20:16:03] [INFO] [mqtt_wgs_install] Progression: 75% - Widget uptime traité
[2025-06-06 20:16:05] [SUCCESS] [mqtt_wgs_install] Widget wifistats validé
[2025-06-06 20:16:05] [INFO] [mqtt_wgs_install] Vérification des dépendances Python pour wifistats
[2025-06-06 20:16:05] [INFO] [mqtt_wgs_install] Dépendances Python vérifiées (installées via le cache)
[2025-06-06 20:16:05] [INFO] [mqtt_wgs_install] Création du service maxlink-widget-wifistats
[2025-06-06 20:16:06] [INFO] [mqtt_wgs_install] Copie des fichiers du widget vers /opt/maxlink
[2025-06-06 20:16:06] [INFO] [mqtt_wgs_install] Service créé : maxlink-widget-wifistats.service
[2025-06-06 20:16:06] [SUCCESS] [mqtt_wgs_install] Service activé: maxlink-widget-wifistats
[2025-06-06 20:16:06] [SUCCESS] [mqtt_wgs_install] Service démarré: maxlink-widget-wifistats
[2025-06-06 20:16:06] [SUCCESS] [mqtt_wgs_install] Widget wifistats enregistré
[2025-06-06 20:16:07] [INFO] [mqtt_wgs_install] Progression: 90% - Widget wifistats traité
[2025-06-06 20:16:09] [INFO] [mqtt_wgs_install] Progression: 90% - Vérification finale...
[2025-06-06 20:16:09] [INFO] [mqtt_wgs_install] Progression: 100% - Installation terminée
[2025-06-06 20:16:09] [SUCCESS] [mqtt_wgs_install] Tous les widgets installés avec succès
[2025-06-06 20:16:10] [INFO] [mqtt_wgs_install] Installation terminée - Installés: 4/4
[2025-06-06 20:16:10] [INFO] [mqtt_wgs_install] Redémarrage du système prévu dans 15 secondes
[2025-06-06 20:16:25] [INFO] [mqtt_wgs_install] Redémarrage du système
[2025-06-06 20:16:25] [INFO] [mqtt_wgs_install] Script mqtt_wgs_install terminé avec le code 0
