
================================================================================
DÉMARRAGE: mqtt_install
Description: Installation MQTT Broker
Date: Tue 21 Oct 11:09:40 CEST 2025
Utilisateur: root
Répertoire: /media/prod/USBTOOL
================================================================================

[2025-10-21 11:09:40] [INFO] [mqtt_install] Script mqtt_install initialisé
[2025-10-21 11:09:40] [INFO] [mqtt_install] ========== DÉBUT DE L'INSTALLATION MQTT BROKER ==========
[2025-10-21 11:09:40] [INFO] [mqtt_install] Progression: 5% - Initialisation...
[2025-10-21 11:09:40] [INFO] [mqtt_install] Privilèges root confirmés
[2025-10-21 11:09:40] [INFO] [mqtt_install] Progression: 10% - Préparation du système...
[2025-10-21 11:09:40] [INFO] [mqtt_install] Système de paquets nettoyé
[2025-10-21 11:09:41] [INFO] [mqtt_install] Progression: 20% - Système préparé
[2025-10-21 11:09:43] [INFO] [mqtt_install] Progression: 30% - Installation de Mosquitto...
[2025-10-21 11:09:43] [INFO] [mqtt_install] Installation hybride de Mosquitto et dépendances
[2025-10-21 11:09:43] [INFO] [mqtt_install] Tentative d'installation depuis le cache
[2025-10-21 11:09:46] [SUCCESS] [mqtt_install] Mosquitto et dépendances installé depuis le cache
[2025-10-21 11:09:46] [SUCCESS] [mqtt_install] Tous les paquets installés avec succès
[2025-10-21 11:09:46] [INFO] [mqtt_install] Mosquitto installé avec succès
[2025-10-21 11:09:46] [INFO] [mqtt_install] Progression: 50% - Paquets installés
[2025-10-21 11:09:48] [INFO] [mqtt_install] Progression: 60% - Configuration du système...
[2025-10-21 11:09:48] [INFO] [mqtt_install] Utilisateur système mosquitto créé
[2025-10-21 11:09:48] [INFO] [mqtt_install] Répertoires Mosquitto créés
[2025-10-21 11:09:49] [INFO] [mqtt_install] ldconfig exécuté
[2025-10-21 11:09:49] [INFO] [mqtt_install] Progression: 70% - Système configuré
[2025-10-21 11:09:51] [INFO] [mqtt_install] Progression: 75% - Configuration de Mosquitto...
[2025-10-21 11:09:51] [CMD] [mqtt_install] Exécution: Création utilisateur MQTT
[2025-10-21 11:09:51] [CMD] [mqtt_install] Commande: /usr/bin/mosquitto_passwd -b -c '/etc/mosquitto/passwords' 'mosquitto' 'mqtt'
[2025-10-21 11:09:51] [CMD] [mqtt_install] Code de sortie: 0
[2025-10-21 11:09:51] [INFO] [mqtt_install] Utilisateur MQTT créé: mosquitto
[2025-10-21 11:09:51] [SUCCESS] [mqtt_install] Configuration Mosquitto créée avec topics système
[2025-10-21 11:09:51] [INFO] [mqtt_install] Fichier ACL créé
[2025-10-21 11:09:52] [INFO] [mqtt_install] Progression: 85% - Configuration terminée
[2025-10-21 11:09:54] [INFO] [mqtt_install] Progression: 90% - Démarrage du service...
[2025-10-21 11:09:54] [CMD] [mqtt_install] Exécution: Activation au démarrage
[2025-10-21 11:09:54] [CMD] [mqtt_install] Commande: systemctl enable mosquitto >/dev/null 2>&1
[2025-10-21 11:09:55] [CMD] [mqtt_install] Code de sortie: 0
[2025-10-21 11:09:55] [CMD] [mqtt_install] Exécution: Démarrage Mosquitto
[2025-10-21 11:09:55] [CMD] [mqtt_install] Commande: systemctl start mosquitto
[2025-10-21 11:09:55] [OUT] [mqtt_install] Job for mosquitto.service failed because the control process exited with error code.
[2025-10-21 11:09:55] [OUT] [mqtt_install] See "systemctl status mosquitto.service" and "journalctl -xeu mosquitto.service" for details.
[2025-10-21 11:09:55] [CMD] [mqtt_install] Code de sortie: 1
[2025-10-21 11:09:55] [ERROR] [mqtt_install] Mosquitto n'a pas pu démarrer
[2025-10-21 11:09:55] [INFO] [mqtt_install] Script mqtt_install terminé avec le code 1

================================================================================
FIN: mqtt_install
Code de sortie: 1
Durée: 16 secondes
================================================================================

