
================================================================================
DÉMARRAGE: mqtt_wgs_install
Description: Installation de tous les widgets MQTT
Date: Sat  7 Jun 08:26:35 CEST 2025
Utilisateur: root
Répertoire: /media/prod/USBTOOL
================================================================================

[2025-06-07 08:26:35] [INFO] [mqtt_wgs_install] Script mqtt_wgs_install initialisé
[2025-06-07 08:26:35] [INFO] [mqtt_wgs_install] ========== DÉBUT DE L'INSTALLATION DES WIDGETS MQTT ==========
[2025-06-07 08:26:35] [INFO] [mqtt_wgs_install] Progression: 5% - Initialisation...
[2025-06-07 08:26:35] [INFO] [mqtt_wgs_install] Progression: 10% - Découverte des widgets...
[2025-06-07 08:26:35] [INFO] [mqtt_wgs_install] Découverte des widgets disponibles
[2025-06-07 08:26:36] [SUCCESS] [mqtt_wgs_install] Widget mqttstats validé
[2025-06-07 08:26:36] [INFO] [mqtt_wgs_install] Widget trouvé: mqttstats
[2025-06-07 08:26:36] [SUCCESS] [mqtt_wgs_install] Widget servermonitoring validé
[2025-06-07 08:26:36] [INFO] [mqtt_wgs_install] Widget trouvé: servermonitoring
[2025-06-07 08:26:36] [SUCCESS] [mqtt_wgs_install] Widget uptime validé
[2025-06-07 08:26:36] [INFO] [mqtt_wgs_install] Widget trouvé: uptime
[2025-06-07 08:26:37] [SUCCESS] [mqtt_wgs_install] Widget wifistats validé
[2025-06-07 08:26:37] [INFO] [mqtt_wgs_install] Widget trouvé: wifistats
[2025-06-07 08:26:37] [INFO] [mqtt_wgs_install] Progression: 20% - Installation des dépendances...
[2025-06-07 08:26:37] [INFO] [mqtt_wgs_install] Installation des dépendances Python
[2025-06-07 08:26:37] [INFO] [mqtt_wgs_install] Installation des paquets de la catégorie: python
[2025-06-07 08:26:37] [INFO] [mqtt_wgs_install] Installation du paquet depuis le cache: python3-psutil
[2025-06-07 08:26:38] [SUCCESS] [mqtt_wgs_install] Paquet installé depuis le cache: python3-psutil
[2025-06-07 08:26:38] [INFO] [mqtt_wgs_install] Installation du paquet depuis le cache: python3-paho-mqtt
[2025-06-07 08:26:38] [SUCCESS] [mqtt_wgs_install] Paquet installé depuis le cache: python3-paho-mqtt
[2025-06-07 08:26:39] [INFO] [mqtt_wgs_install] Installation du paquet depuis le cache: python3-pip
[2025-06-07 08:26:42] [SUCCESS] [mqtt_wgs_install] Paquet installé depuis le cache: python3-pip
[2025-06-07 08:26:42] [INFO] [mqtt_wgs_install] Installation du paquet depuis le cache: python3-setuptools
[2025-06-07 08:26:43] [SUCCESS] [mqtt_wgs_install] Paquet installé depuis le cache: python3-setuptools
[2025-06-07 08:26:43] [INFO] [mqtt_wgs_install] Progression: 30% - Installation des widgets...
[2025-06-07 08:26:44] [SUCCESS] [mqtt_wgs_install] Widget mqttstats validé
[2025-06-07 08:26:44] [INFO] [mqtt_wgs_install] Vérification des dépendances Python pour mqttstats
[2025-06-07 08:26:44] [INFO] [mqtt_wgs_install] Dépendances Python vérifiées (installées via le cache)
[2025-06-07 08:26:44] [INFO] [mqtt_wgs_install] Création du service maxlink-widget-mqttstats
[2025-06-07 08:26:44] [INFO] [mqtt_wgs_install] Copie des fichiers du widget vers /opt/maxlink
[2025-06-07 08:26:44] [INFO] [mqtt_wgs_install] Service créé : maxlink-widget-mqttstats.service
[2025-06-07 08:26:45] [SUCCESS] [mqtt_wgs_install] Service activé: maxlink-widget-mqttstats
[2025-06-07 08:26:45] [SUCCESS] [mqtt_wgs_install] Service démarré: maxlink-widget-mqttstats
[2025-06-07 08:26:45] [SUCCESS] [mqtt_wgs_install] Widget mqttstats enregistré
[2025-06-07 08:26:45] [INFO] [mqtt_wgs_install] Progression: 45% - Widget mqttstats traité
[2025-06-07 08:26:47] [SUCCESS] [mqtt_wgs_install] Widget servermonitoring validé
[2025-06-07 08:26:48] [INFO] [mqtt_wgs_install] Vérification des dépendances Python pour servermonitoring
[2025-06-07 08:26:48] [INFO] [mqtt_wgs_install] Dépendances Python vérifiées (installées via le cache)
[2025-06-07 08:26:48] [INFO] [mqtt_wgs_install] Création du service maxlink-widget-servermonitoring
[2025-06-07 08:26:48] [INFO] [mqtt_wgs_install] Copie des fichiers du widget vers /opt/maxlink
[2025-06-07 08:26:48] [INFO] [mqtt_wgs_install] Service créé : maxlink-widget-servermonitoring.service
[2025-06-07 08:26:49] [SUCCESS] [mqtt_wgs_install] Service activé: maxlink-widget-servermonitoring
[2025-06-07 08:26:49] [SUCCESS] [mqtt_wgs_install] Service démarré: maxlink-widget-servermonitoring
[2025-06-07 08:26:49] [SUCCESS] [mqtt_wgs_install] Widget servermonitoring enregistré
[2025-06-07 08:26:49] [INFO] [mqtt_wgs_install] Progression: 60% - Widget servermonitoring traité
[2025-06-07 08:26:51] [SUCCESS] [mqtt_wgs_install] Widget uptime validé
[2025-06-07 08:26:51] [INFO] [mqtt_wgs_install] Vérification des dépendances Python pour uptime
[2025-06-07 08:26:51] [INFO] [mqtt_wgs_install] Aucune dépendance Python pour uptime
[2025-06-07 08:26:52] [SUCCESS] [mqtt_wgs_install] Widget uptime enregistré
[2025-06-07 08:26:52] [INFO] [mqtt_wgs_install] Progression: 75% - Widget uptime traité
[2025-06-07 08:26:54] [SUCCESS] [mqtt_wgs_install] Widget wifistats validé
[2025-06-07 08:26:54] [INFO] [mqtt_wgs_install] Vérification des dépendances Python pour wifistats
[2025-06-07 08:26:54] [INFO] [mqtt_wgs_install] Dépendances Python vérifiées (installées via le cache)
[2025-06-07 08:26:54] [INFO] [mqtt_wgs_install] Création du service maxlink-widget-wifistats
[2025-06-07 08:26:54] [INFO] [mqtt_wgs_install] Copie des fichiers du widget vers /opt/maxlink
[2025-06-07 08:26:55] [INFO] [mqtt_wgs_install] Service créé : maxlink-widget-wifistats.service
[2025-06-07 08:26:55] [SUCCESS] [mqtt_wgs_install] Service activé: maxlink-widget-wifistats
[2025-06-07 08:26:55] [SUCCESS] [mqtt_wgs_install] Service démarré: maxlink-widget-wifistats
[2025-06-07 08:26:55] [SUCCESS] [mqtt_wgs_install] Widget wifistats enregistré
[2025-06-07 08:26:56] [INFO] [mqtt_wgs_install] Progression: 90% - Widget wifistats traité
[2025-06-07 08:26:58] [INFO] [mqtt_wgs_install] Progression: 90% - Vérification finale...
[2025-06-07 08:26:58] [INFO] [mqtt_wgs_install] Statut du service mqtt_wgs_install mis à jour: active
[2025-06-07 08:26:58] [INFO] [mqtt_wgs_install] Progression: 100% - Installation terminée
[2025-06-07 08:26:59] [SUCCESS] [mqtt_wgs_install] Tous les widgets installés avec succès
[2025-06-07 08:26:59] [INFO] [mqtt_wgs_install] Installation terminée - Installés: 4/4
[2025-06-07 08:26:59] [INFO] [mqtt_wgs_install] Redémarrage différé - SKIP_REBOOT=true
[2025-06-07 08:26:59] [INFO] [mqtt_wgs_install] Script mqtt_wgs_install terminé avec le code 0

================================================================================
FIN: mqtt_wgs_install
Code de sortie: 0
Durée: 24 secondes
================================================================================

