
================================================================================
DÉMARRAGE: orchestrator_install
Description: Installation de l'orchestrateur MaxLink
Date: Mon 16 Jun 14:15:37 CEST 2025
Utilisateur: root
Répertoire: /media/prod/WERIT
Fichier de log: /media/prod/WERIT/logs/install/orchestrator_install_20250616_141537.log
================================================================================
[2025-06-16 14:15:37] [INFO] [orchestrator_install] Initialisation du logging pour orchestrator_install
[2025-06-16 14:15:37] [INFO] [orchestrator_install] Installation de l'orchestrateur MaxLink
[2025-06-16 14:15:37] [INFO] [orchestrator_install] ========== DÉBUT DE L'INSTALLATION ORCHESTRATEUR ==========
[2025-06-16 14:15:37] [INFO] [orchestrator_install] Privilèges root confirmés
[2025-06-16 14:15:37] [INFO] [orchestrator_install] Première installation détectée
[2025-06-16 14:15:37] [INFO] [orchestrator_install] Progression: 20% - Copie des widgets...
[2025-06-16 14:15:37] [WARN] [orchestrator_install] Répertoire widgets non trouvé, installation sans widgets
[2025-06-16 14:15:37] [INFO] [orchestrator_install] Progression: 40% - Installation des dépendances widgets...
[2025-06-16 14:15:38] [INFO] [orchestrator_install] Progression: 60% - Configuration des widgets...
[2025-06-16 14:15:38] [INFO] [orchestrator_install] Progression: 80% - Installation des scripts système...
[2025-06-16 14:15:38] [INFO] [orchestrator_install] Progression: 90% - Configuration des services systemd...
[2025-06-16 14:15:38] [INFO] [orchestrator_install] Progression: 100% - Installation terminée
[2025-06-16 14:15:38] [SUCCESS] [orchestrator_install] Installation orchestrateur terminée
