
================================================================================
DÉMARRAGE: orchestrator_install
Description: Installation de l'orchestrateur MaxLink
Date: Tue 17 Jun 11:01:29 CEST 2025
Utilisateur: root
Répertoire: /media/prod/USBTOOL
================================================================================

[2025-06-17 11:01:29] [INFO] [orchestrator_install] Script orchestrator_install initialisé
[2025-06-17 11:01:29] [INFO] [orchestrator_install] Progression: 5% - Initialisation...
[2025-06-17 11:01:29] [INFO] [orchestrator_install] Première installation de l'orchestrateur
[2025-06-17 11:01:30] [INFO] [orchestrator_install] Progression: 10% - Copie des widgets...
[2025-06-17 11:01:30] [INFO] [orchestrator_install] Copie des widgets depuis /media/prod/USBTOOL/scripts/widgets vers /opt/maxlink
[2025-06-17 11:01:30] [INFO] [orchestrator_install] 5 widgets à copier
[2025-06-17 11:01:30] [SUCCESS] [orchestrator_install] Widgets copiés vers /opt/maxlink
[2025-06-17 11:01:30] [INFO] [orchestrator_install] Progression: 20% - Widgets copiés
[2025-06-17 11:01:30] [INFO] [orchestrator_install] Progression: 25% - Configuration des permissions SSH...
[2025-06-17 11:01:30] [INFO] [orchestrator_install] Utilisateur prod trouvé
[2025-06-17 11:01:30] [INFO] [orchestrator_install] ACL disponible sur le système
[2025-06-17 11:01:30] [INFO] [orchestrator_install] Répertoire /var/www créé
[2025-06-17 11:01:31] [SUCCESS] [orchestrator_install] ACL appliquées sur les fichiers existants
[2025-06-17 11:01:31] [SUCCESS] [orchestrator_install] ACL par défaut configurées
[2025-06-17 11:01:31] [SUCCESS] [orchestrator_install] L'utilisateur prod peut écrire dans /var/www/
[2025-06-17 11:01:31] [INFO] [orchestrator_install] Configuration des permissions SSH pour prod terminée
[2025-06-17 11:01:31] [INFO] [orchestrator_install] Progression: 35% - Permissions SSH configurées
[2025-06-17 11:01:31] [INFO] [orchestrator_install] Progression: 40% - Installation de l'orchestrateur...
[2025-06-17 11:01:31] [SUCCESS] [orchestrator_install] Scripts de healthcheck créés
[2025-06-17 11:01:31] [SUCCESS] [orchestrator_install] Services systemd créés
[2025-06-17 11:01:31] [SUCCESS] [orchestrator_install] Targets systemd créés
[2025-06-17 11:01:32] [SUCCESS] [orchestrator_install] Overrides systemd configurés
[2025-06-17 11:01:32] [SUCCESS] [orchestrator_install] Script de gestion créé
[2025-06-17 11:01:32] [INFO] [orchestrator_install] Progression: 60% - Orchestrateur installé
[2025-06-17 11:01:32] [INFO] [orchestrator_install] Progression: 70% - Configuration systemd...
[2025-06-17 11:01:32] [SUCCESS] [orchestrator_install] Systemd daemon-reload effectué
[2025-06-17 11:01:32] [INFO] [orchestrator_install] Progression: 80% - Systemd configuré
[2025-06-17 11:01:32] [INFO] [orchestrator_install] Progression: 85% - Activation des services...
[2025-06-17 11:01:34] [SUCCESS] [orchestrator_install] Services de l'orchestrateur activés
[2025-06-17 11:01:34] [INFO] [orchestrator_install] Progression: 95% - Services activés
[2025-06-17 11:01:34] [INFO] [orchestrator_install] Progression: 100% - Installation terminée
[2025-06-17 11:01:35] [SUCCESS] [orchestrator_install] Installation de l'orchestrateur terminée
[2025-06-17 11:01:35] [INFO] [orchestrator_install] Script orchestrator_install terminé avec le code 0

================================================================================
FIN: orchestrator_install
Code de sortie: 0
Durée: 6 secondes
================================================================================

