
================================================================================
DÉMARRAGE: orchestrator_install
Description: Installation/Mise à jour de l'orchestrateur MaxLink
Date: Thu  5 Jun 11:24:50 CEST 2025
Utilisateur: root
Répertoire: /media/prod/USBTOOL
================================================================================

[2025-06-05 11:24:50] [INFO] [orchestrator_install] Script orchestrator_install initialisé
[2025-06-05 11:24:50] [INFO] [orchestrator_install] Progression: 5% - Initialisation...
[2025-06-05 11:24:50] [INFO] [orchestrator_install] Première installation de l'orchestrateur
[2025-06-05 11:24:50] [INFO] [orchestrator_install] Progression: 10% - Synchronisation des widgets...
[2025-06-05 11:24:50] [INFO] [orchestrator_install] Synchronisation des widgets depuis /media/prod/USBTOOL/scripts/widgets
[2025-06-05 11:24:51] [INFO] [orchestrator_install] Widget mqttstats synchronisé
[2025-06-05 11:24:51] [INFO] [orchestrator_install] Widget servermonitoring synchronisé
[2025-06-05 11:24:51] [INFO] [orchestrator_install] Widget uptime synchronisé
[2025-06-05 11:24:51] [INFO] [orchestrator_install] Widget wifistats synchronisé
[2025-06-05 11:24:51] [SUCCESS] [orchestrator_install] Synchronisation terminée - 4 modifications
[2025-06-05 11:24:51] [INFO] [orchestrator_install] Progression: 30% - Widgets synchronisés
[2025-06-05 11:24:53] [INFO] [orchestrator_install] Progression: 40% - Mise à jour des services...
[2025-06-05 11:24:54] [INFO] [orchestrator_install] Mise à jour des services pour les widgets modifiés
[2025-06-05 11:24:54] [INFO] [orchestrator_install] Service maxlink-widget-mqttstats configuré pour utiliser les chemins locaux
[2025-06-05 11:24:54] [INFO] [orchestrator_install] Service maxlink-widget-servermonitoring configuré pour utiliser les chemins locaux
[2025-06-05 11:24:54] [INFO] [orchestrator_install] Service maxlink-widget-wifistats configuré pour utiliser les chemins locaux
[2025-06-05 11:24:54] [INFO] [orchestrator_install] Progression: 50% - Services mis à jour
[2025-06-05 11:24:56] [INFO] [orchestrator_install] Progression: 60% - Configuration de l'orchestration...
[2025-06-05 11:24:56] [SUCCESS] [orchestrator_install] Scripts de healthcheck créés
[2025-06-05 11:24:56] [SUCCESS] [orchestrator_install] Services de healthcheck créés
[2025-06-05 11:24:56] [SUCCESS] [orchestrator_install] Targets systemd créés
[2025-06-05 11:24:57] [SUCCESS] [orchestrator_install] Script de gestion créé
[2025-06-05 11:24:57] [INFO] [orchestrator_install] Progression: 80% - Infrastructure configurée
[2025-06-05 11:24:59] [INFO] [orchestrator_install] Progression: 85% - Activation des services...
[2025-06-05 11:25:00] [INFO] [orchestrator_install] Progression: 95% - Services activés
[2025-06-05 11:25:03] [INFO] [orchestrator_install] Progression: 100% - Installation terminée
[2025-06-05 11:25:06] [SUCCESS] [orchestrator_install] Script terminé avec succès
[2025-06-05 11:25:06] [INFO] [orchestrator_install] Redémarrage du système prévu dans 15 secondes
[2025-06-05 11:25:21] [INFO] [orchestrator_install] Redémarrage du système
[2025-06-05 11:25:21] [INFO] [orchestrator_install] Script orchestrator_install terminé avec le code 0
