
================================================================================
DÉMARRAGE: php_archives_install
Description: Installation Système PHP Archives
Date: Mon 14 Jul 17:09:56 CEST 2025
Utilisateur: root
Répertoire: /media/prod/USBTOOL
================================================================================

[2025-07-14 17:09:56] [INFO] [php_archives_install] Script php_archives_install initialisé
[2025-07-14 17:09:56] [INFO] [php_archives_install] ========== DÉBUT DE L'INSTALLATION PHP Archives System ==========
[2025-07-14 17:09:56] [INFO] [php_archives_install] Progression: 5% - Initialisation...
[2025-07-14 17:09:56] [SUCCESS] [php_archives_install] Privilèges root confirmés
[2025-07-14 17:09:56] [INFO] [php_archives_install] Progression: 10% - Vérification des prérequis...
[2025-07-14 17:09:56] [INFO] [php_archives_install] Vérification des prérequis pour PHP Archives System
[2025-07-14 17:09:57] [SUCCESS] [php_archives_install] Prérequis validés
[2025-07-14 17:09:57] [INFO] [php_archives_install] Progression: 25% - Prérequis validés
[2025-07-14 17:09:59] [INFO] [php_archives_install] Progression: 40% - Installation de PHP...
[2025-07-14 17:09:59] [INFO] [php_archives_install] Installation de PHP depuis le cache local
[2025-07-14 17:09:59] [INFO] [php_archives_install] Installation des paquets de la catégorie: php
[2025-07-14 17:09:59] [INFO] [php_archives_install] Installation du paquet depuis le cache: php
[2025-07-14 17:10:10] [WARN] [php_archives_install] Tentative de correction des dépendances pour php
[2025-07-14 17:10:18] [ERROR] [php_archives_install] Échec d'installation: php
[2025-07-14 17:10:18] [INFO] [php_archives_install] Installation du paquet depuis le cache: php-cli
[2025-07-14 17:10:19] [SUCCESS] [php_archives_install] Paquet installé depuis le cache: php-cli
[2025-07-14 17:10:19] [INFO] [php_archives_install] Installation du paquet depuis le cache: php-zip
[2025-07-14 17:10:19] [WARN] [php_archives_install] Tentative de correction des dépendances pour php-zip
[2025-07-14 17:10:28] [ERROR] [php_archives_install] Échec d'installation: php-zip
[2025-07-14 17:10:28] [INFO] [php_archives_install] Installation du paquet depuis le cache: php-fpm
[2025-07-14 17:10:28] [SUCCESS] [php_archives_install] Paquet installé depuis le cache: php-fpm
[2025-07-14 17:10:28] [ERROR] [php_archives_install] Échec de l'installation de PHP depuis le cache
[2025-07-14 17:10:28] [ERROR] [php_archives_install] Échec de l'installation PHP
[2025-07-14 17:10:29] [INFO] [php_archives_install] Script php_archives_install terminé avec le code 1

================================================================================
FIN: php_archives_install
Code de sortie: 1
Durée: 33 secondes
================================================================================

