
================================================================================
DÉMARRAGE: php_archives_install
Description: Installation Système PHP Archives
Date: Wed 22 Oct 15:19:20 CEST 2025
Utilisateur: root
Répertoire: /media/prod/USBTOOL
================================================================================

[2025-10-22 15:19:20] [INFO] [php_archives_install] Script php_archives_install initialisé
[2025-10-22 15:19:20] [INFO] [php_archives_install] ========== DÉBUT DE L'INSTALLATION PHP Archives System ==========
[2025-10-22 15:19:20] [INFO] [php_archives_install] Progression: 5% - Initialisation...
[2025-10-22 15:19:20] [INFO] [php_archives_install] Progression: 8% - Installation dépendances...
[2025-10-22 15:19:20] [INFO] [php_archives_install] Installation des dépendances PHP depuis le cache
[2025-10-22 15:19:20] [INFO] [php_archives_install] Vérification complète du cache pour la catégorie: php-deps
[2025-10-22 15:19:20] [SUCCESS] [php_archives_install] Paquet trouvé dans cache: libargon2-1
[2025-10-22 15:19:21] [SUCCESS] [php_archives_install] Paquet trouvé dans cache: libsodium23
[2025-10-22 15:19:21] [SUCCESS] [php_archives_install] Cache complet pour php-deps
[2025-10-22 15:19:21] [INFO] [php_archives_install] Installation simultanée des paquets de la catégorie: php-deps
[2025-10-22 15:19:21] [INFO] [php_archives_install] Fichiers .deb collectés pour installation:  /var/cache/maxlink/packages/libargon2-1_0~20190702+dfsg-4+b2_arm64.deb /var/cache/maxlink/packages/libsodium23_1.0.18-1+b2_arm64.deb
[2025-10-22 15:19:21] [INFO] [php_archives_install] Lancement installation dpkg simultanée
[2025-10-22 15:19:21] [SUCCESS] [php_archives_install] Installation simultanée réussie pour php-deps
[2025-10-22 15:19:22] [SUCCESS] [php_archives_install] Dépendances PHP installées depuis le cache
[2025-10-22 15:19:22] [INFO] [php_archives_install] Progression: 10% - Dépendances prêtes
[2025-10-22 15:19:22] [INFO] [php_archives_install] Progression: 15% - Vérification des prérequis...
[2025-10-22 15:19:22] [INFO] [php_archives_install] Vérification des prérequis pour PHP Archives System
[2025-10-22 15:19:22] [SUCCESS] [php_archives_install] Prérequis validés
[2025-10-22 15:19:22] [INFO] [php_archives_install] Progression: 25% - Prérequis validés
[2025-10-22 15:19:22] [INFO] [php_archives_install] Progression: 35% - Installation de PHP...
[2025-10-22 15:19:22] [INFO] [php_archives_install] Installation de PHP depuis le cache local
[2025-10-22 15:19:22] [INFO] [php_archives_install] Vérification complète du cache pour la catégorie: php
[2025-10-22 15:19:23] [SUCCESS] [php_archives_install] Paquet trouvé dans cache: php
[2025-10-22 15:19:23] [SUCCESS] [php_archives_install] Paquet trouvé dans cache: php-cli
[2025-10-22 15:19:23] [SUCCESS] [php_archives_install] Paquet trouvé dans cache: php-fpm
[2025-10-22 15:19:23] [SUCCESS] [php_archives_install] Cache complet pour php
[2025-10-22 15:19:23] [INFO] [php_archives_install] Installation simultanée des paquets de la catégorie: php
[2025-10-22 15:19:23] [INFO] [php_archives_install] Fichiers .deb collectés pour installation:  /var/cache/maxlink/packages/php-common_2%3a96_all.deb
/var/cache/maxlink/packages/php-fpm_2%3a8.4+96_all.deb
/var/cache/maxlink/packages/php8.4-cli_8.4.11-1_arm64.deb
/var/cache/maxlink/packages/php-cli_2%3a8.4+96_all.deb
/var/cache/maxlink/packages/php8.4_8.4.11-1_all.deb
/var/cache/maxlink/packages/php_2%3a8.4+96_all.deb
/var/cache/maxlink/packages/php8.4-opcache_8.4.11-1_arm64.deb
/var/cache/maxlink/packages/php8.4-cgi_8.4.11-1_arm64.deb
/var/cache/maxlink/packages/php8.4-readline_8.4.11-1_arm64.deb
/var/cache/maxlink/packages/php8.4-common_8.4.11-1_arm64.deb
/var/cache/maxlink/packages/php8.4-fpm_8.4.11-1_arm64.deb /var/cache/maxlink/packages/php-cli_2%3a8.4+96_all.deb /var/cache/maxlink/packages/php-fpm_2%3a8.4+96_all.deb
[2025-10-22 15:19:23] [INFO] [php_archives_install] Lancement installation dpkg simultanée
[2025-10-22 15:19:35] [SUCCESS] [php_archives_install] Installation simultanée réussie pour php
[2025-10-22 15:19:35] [SUCCESS] [php_archives_install] PHP installé avec succès
[2025-10-22 15:19:35] [INFO] [php_archives_install] Progression: 50% - PHP installé
[2025-10-22 15:19:35] [INFO] [php_archives_install] Progression: 55% - Activation PHP-FPM...
[2025-10-22 15:19:35] [INFO] [php_archives_install] Activation du service php8.4-fpm (PHP 8.4)
[2025-10-22 15:19:35] [INFO] [php_archives_install] php8.4-fpm déjà actif
[2025-10-22 15:19:35] [INFO] [php_archives_install] Progression: 60% - PHP-FPM activé
[2025-10-22 15:19:36] [INFO] [php_archives_install] Progression: 65% - Installation fichiers...
[2025-10-22 15:19:36] [INFO] [php_archives_install] Installation des fichiers PHP et JavaScript
[2025-10-22 15:19:36] [SUCCESS] [php_archives_install] Fichiers PHP et JS installés
[2025-10-22 15:19:36] [INFO] [php_archives_install] Progression: 70% - Fichiers installés
[2025-10-22 15:19:36] [INFO] [php_archives_install] Progression: 75% - Configuration nginx...
[2025-10-22 15:19:36] [INFO] [php_archives_install] Configuration nginx pour PHP 8.4 avec socket /run/php/php8.4-fpm.sock
[2025-10-22 15:19:36] [INFO] [php_archives_install] Backup nginx créé: /etc/nginx/sites-available/maxlink-dashboard.backup.php.20251022_151936
[2025-10-22 15:19:36] [INFO] [php_archives_install] Configuration PHP ajoutée à nginx
[2025-10-22 15:19:37] [SUCCESS] [php_archives_install] Nginx configuré et redémarré
[2025-10-22 15:19:37] [INFO] [php_archives_install] Progression: 80% - Nginx configuré
[2025-10-22 15:19:37] [INFO] [php_archives_install] Progression: 82% - Permissions strictes...
[2025-10-22 15:19:37] [INFO] [php_archives_install] Configuration des permissions strictes
[2025-10-22 15:19:37] [SUCCESS] [php_archives_install] Permissions configurées
[2025-10-22 15:19:37] [INFO] [php_archives_install] Progression: 85% - Permissions configurées
[2025-10-22 15:19:37] [INFO] [php_archives_install] Progression: 87% - Optimisation sécurité...
[2025-10-22 15:19:37] [INFO] [php_archives_install] Optimisation de la sécurité PHP
[2025-10-22 15:19:38] [SUCCESS] [php_archives_install] Sécurité PHP optimisée et service redémarré
[2025-10-22 15:19:38] [INFO] [php_archives_install] Progression: 90% - Sécurité optimisée
[2025-10-22 15:19:38] [INFO] [php_archives_install] Progression: 92% - Création archives test...
[2025-10-22 15:19:38] [INFO] [php_archives_install] Création archives de test
[2025-10-22 15:19:38] [SUCCESS] [php_archives_install] Archives de test créées
[2025-10-22 15:19:38] [INFO] [php_archives_install] Progression: 95% - Validation...
[2025-10-22 15:19:38] [INFO] [php_archives_install] Test service PHP 8.4
[2025-10-22 15:19:38] [SUCCESS] [php_archives_install] Tests PHP réussis
[2025-10-22 15:19:38] [INFO] [php_archives_install] Progression: 100% - Installation terminée
[2025-10-22 15:19:39] [SUCCESS] [php_archives_install] Installation PHP Archives System terminée avec succès
[2025-10-22 15:19:39] [INFO] [php_archives_install] Script php_archives_install terminé avec le code 0

================================================================================
FIN: php_archives_install
Code de sortie: 0
Durée: 19 secondes
================================================================================

