
================================================================================
DÉMARRAGE: update_install
Description: Mise à jour système et préparation cache V11
Date: Tue 17 Jun 10:57:42 CEST 2025
Utilisateur: root
Répertoire: /media/prod/USBTOOL
================================================================================

[2025-06-17 10:57:42] [INFO] [update_install] Script update_install initialisé
[2025-06-17 10:57:43] [INFO] [update_install] ========== DÉBUT DE LA MISE À JOUR SYSTÈME V11 ==========
[2025-06-17 10:57:43] [INFO] [update_install] Progression: 5% - Préparation du système...
[2025-06-17 10:57:43] [INFO] [update_install] Stabilisation du système - attente 10s pour OS frais
[2025-06-17 10:57:53] [INFO] [update_install] Désactivation des mises à jour automatiques
[2025-06-17 10:57:53] [INFO] [update_install] Sauvegarde de l'état réseau actuel
[2025-06-17 10:57:53] [INFO] [update_install] Interface WiFi wlan0 détectée
[2025-06-17 10:57:53] [CMD] [update_install] Exécution: Activation WiFi
[2025-06-17 10:57:53] [CMD] [update_install] Commande: nmcli radio wifi on >/dev/null 2>&1
[2025-06-17 10:57:53] [CMD] [update_install] Code de sortie: 0
[2025-06-17 10:57:57] [INFO] [update_install] Progression: 10% - WiFi préparé
[2025-06-17 10:57:59] [INFO] [update_install] Progression: 15% - Connexion au réseau...
[2025-06-17 10:57:59] [INFO] [update_install] Établissement de la connexion réseau
[2025-06-17 10:58:05] [INFO] [update_install] Scan des réseaux WiFi
[2025-06-17 10:58:08] [INFO] [update_install] Réseau Max trouvé
[2025-06-17 10:58:08] [INFO] [update_install] Tentative de connexion à Max
[2025-06-17 10:58:15] [SUCCESS] [update_install] Connexion établie avec succès
[2025-06-17 10:58:15] [INFO] [update_install] Progression: 25% - Connecté au réseau
[2025-06-17 10:58:17] [INFO] [update_install] Progression: 30% - Mise à jour du système...
[2025-06-17 10:58:17] [INFO] [update_install] Mise à jour des listes de paquets
[2025-06-17 10:58:17] [INFO] [update_install] Nettoyage sécurisé d'APT
[2025-06-17 10:58:29] [SUCCESS] [update_install] APT update réussi
[2025-06-17 10:58:29] [INFO] [update_install] Installation des paquets système de base
[2025-06-17 10:58:30] [WARN] [update_install] Installation Pillow échouée
[2025-06-17 10:58:30] [INFO] [update_install] Progression: 50% - Paquets installés
[2025-06-17 10:58:32] [INFO] [update_install] Progression: 55% - Création du cache...
[2025-06-17 10:58:33] [INFO] [update_install] Structure de cache créée
[2025-06-17 10:58:33] [INFO] [update_install] Téléchargement des paquets dans le cache
[2025-06-17 10:58:33] [INFO] [update_install] Téléchargement de tous les paquets requis
[2025-06-17 10:58:33] [INFO] [update_install] Mise à jour des listes de paquets APT
[2025-06-17 10:58:35] [ERROR] [update_install] Impossible d'accéder au répertoire de cache: /var/cache/maxlink/packages
[2025-06-17 10:58:35] [WARN] [update_install] Cache de paquets partiellement créé
[2025-06-17 10:58:35] [INFO] [update_install] Index Packages.gz créé
[2025-06-17 10:58:35] [INFO] [update_install] Métadonnées du cache créées
[2025-06-17 10:58:35] [INFO] [update_install] Progression: 65% - Cache créé
[2025-06-17 10:58:35] [INFO] [update_install] Progression: 70% - Téléchargement du dashboard...
[2025-06-17 10:58:35] [INFO] [update_install] Téléchargement dashboard depuis GitHub - branche: V3
[2025-06-17 10:58:36] [SUCCESS] [update_install] Dashboard téléchargé avec curl
[2025-06-17 10:58:36] [ERROR] [update_install] Archive dashboard corrompue
[2025-06-17 10:58:36] [CMD] [update_install] Exécution: APT autoremove
[2025-06-17 10:58:36] [CMD] [update_install] Commande: apt-get autoremove -y >/dev/null 2>&1
[2025-06-17 10:58:37] [CMD] [update_install] Code de sortie: 0
[2025-06-17 10:58:37] [CMD] [update_install] Exécution: APT autoclean
[2025-06-17 10:58:38] [CMD] [update_install] Commande: apt-get autoclean >/dev/null 2>&1
[2025-06-17 10:58:38] [CMD] [update_install] Code de sortie: 0
[2025-06-17 10:58:38] [INFO] [update_install] Progression: 75% - Cache créé
[2025-06-17 10:58:40] [INFO] [update_install] Progression: 80% - Configuration du système...
[2025-06-17 10:58:40] [INFO] [update_install] Configuration du ventilateur
[2025-06-17 10:58:41] [SUCCESS] [update_install] Configuration ventilateur ajoutée
[2025-06-17 10:58:41] [INFO] [update_install] Désactivation du splash screen
[2025-06-17 10:58:41] [SUCCESS] [update_install] cmdline.txt modifié
[2025-06-17 10:58:41] [SUCCESS] [update_install] Rainbow splash désactivé dans config.txt
[2025-06-17 10:58:42] [SUCCESS] [update_install] Services Plymouth masqués
[2025-06-17 10:58:42] [INFO] [update_install] Configuration splash screen terminée
[2025-06-17 10:58:43] [INFO] [update_install] Désactivation du Bluetooth
[2025-06-17 10:58:43] [SUCCESS] [update_install] Bluetooth désactivé avec rfkill
[2025-06-17 10:58:44] [SUCCESS] [update_install] Service Bluetooth désactivé
[2025-06-17 10:58:45] [SUCCESS] [update_install] Service hciuart désactivé
[2025-06-17 10:58:45] [INFO] [update_install] Bluetooth désactivé de manière réversible
[2025-06-17 10:58:45] [INFO] [update_install] Installation du fond d'écran personnalisé
[2025-06-17 10:58:45] [WARN] [update_install] Fond d'écran source non trouvé: /media/prod/USBTOOL/assets/images/wallpaper.jpg
[2025-06-17 10:58:45] [SUCCESS] [update_install] Configuration bureau LXDE appliquée
[2025-06-17 10:58:45] [INFO] [update_install] Progression: 90% - Configuration terminée
[2025-06-17 10:58:47] [INFO] [update_install] Progression: 95% - Finalisation...
[2025-06-17 10:58:47] [INFO] [update_install] Services de mise à jour réactivés
[2025-06-17 10:58:48] [INFO] [update_install] Restauration de l'état réseau précédent
[2025-06-17 10:58:48] [INFO] [update_install] Déconnexion de la connexion MaxLink temporaire
[2025-06-17 10:58:48] [INFO] [update_install] Tentative de réactivation de: lo
[2025-06-17 10:58:48] [INFO] [update_install] Statut du service update_install mis à jour: active
[2025-06-17 10:58:48] [INFO] [update_install] Progression: 100% - Mise à jour terminée !
[2025-06-17 10:58:48] [SUCCESS] [update_install] Mise à jour système terminée - Version: v3
[2025-06-17 10:58:49] [INFO] [update_install] Redémarrage différé - SKIP_REBOOT=true
[2025-06-17 10:58:49] [INFO] [update_install] Script update_install terminé avec le code 0

================================================================================
FIN: update_install
Code de sortie: 0
Durée: 67 secondes
================================================================================

