
================================================================================
DÉMARRAGE: update_install
Description: Mise à jour système MaxLink
Date: Mon 27 Oct 11:15:18 CET 2025
Utilisateur: root
Répertoire: /media/prod/USBTOOL
================================================================================

[2025-10-27 11:15:18] [INFO] [update_install] Script update_install initialisé
[2025-10-27 11:15:18] [INFO] [update_install] ========== DÉBUT DE LA MISE À JOUR SYSTÈME V11 ==========
[2025-10-27 11:15:18] [INFO] [update_install] Progression: 5% - Préparation du système...
[2025-10-27 11:15:18] [INFO] [update_install] Stabilisation du système - attente 10s pour OS frais
[2025-10-27 11:15:28] [INFO] [update_install] Désactivation des mises à jour automatiques
[2025-10-27 11:15:28] [INFO] [update_install] Sauvegarde de l'état réseau actuel
[2025-10-27 11:15:28] [INFO] [update_install] Mode AP non actif
[2025-10-27 11:15:28] [INFO] [update_install] Déjà connecté au WiFi Max
[2025-10-27 11:15:29] [INFO] [update_install] Interface WiFi wlan0 détectée
[2025-10-27 11:15:29] [CMD] [update_install] Exécution: Activation WiFi
[2025-10-27 11:15:29] [CMD] [update_install] Commande: nmcli radio wifi on >/dev/null 2>&1
[2025-10-27 11:15:29] [CMD] [update_install] Code de sortie: 0
[2025-10-27 11:15:32] [INFO] [update_install] Progression: 10% - WiFi préparé
[2025-10-27 11:15:34] [INFO] [update_install] Progression: 15% - Connexion au réseau...
[2025-10-27 11:15:34] [INFO] [update_install] Vérification et établissement de la connexion internet
[2025-10-27 11:15:34] [INFO] [update_install] Sauvegarde de l'état réseau actuel
[2025-10-27 11:15:34] [INFO] [update_install] Mode AP non actif
[2025-10-27 11:15:35] [INFO] [update_install] Déjà connecté au WiFi Max
[2025-10-27 11:15:35] [DEBUG] [update_install] Vérification de la connectivité internet
[2025-10-27 11:15:35] [DEBUG] [update_install] Connectivité internet OK
[2025-10-27 11:15:35] [SUCCESS] [update_install] Connexion internet déjà disponible
[2025-10-27 11:15:35] [INFO] [update_install] Stabilisation de la connexion - attente 5s
[2025-10-27 11:15:40] [INFO] [update_install] Progression: 30% - Connexion établie
[2025-10-27 11:15:42] [INFO] [update_install] Progression: 35% - Synchronisation de l'horloge...
[2025-10-27 11:15:42] [INFO] [update_install] Synchronisation NTP
[2025-10-27 11:15:43] [CMD] [update_install] Exécution: Activation NTP
[2025-10-27 11:15:43] [CMD] [update_install] Commande: timedatectl set-ntp true
[2025-10-27 11:15:43] [CMD] [update_install] Code de sortie: 0
[2025-10-27 11:15:43] [INFO] [update_install] Attente synchronisation NTP - 15s
[2025-10-27 11:15:58] [INFO] [update_install] Heure synchronisée: Mon 27 Oct 11:15:58 CET 2025
[2025-10-27 11:15:58] [INFO] [update_install] Progression: 40% - Horloge synchronisée
[2025-10-27 11:16:00] [INFO] [update_install] Progression: 45% - Préparation des mises à jour...
[2025-10-27 11:16:00] [INFO] [update_install] Début du nettoyage APT sécurisé
[2025-10-27 11:16:00] [INFO] [update_install] Vérification de l'état d'APT
[2025-10-27 11:16:01] [INFO] [update_install] APT libre immédiatement
[2025-10-27 11:16:01] [INFO] [update_install] Nettoyage des processus zombies
[2025-10-27 11:16:03] [INFO] [update_install] Vérification des verrous orphelins
[2025-10-27 11:16:03] [INFO] [update_install] Suppression verrou orphelin: /var/lib/dpkg/lock
[2025-10-27 11:16:03] [INFO] [update_install] Suppression verrou orphelin: /var/lib/dpkg/lock-frontend
[2025-10-27 11:16:03] [INFO] [update_install] Suppression verrou orphelin: /var/lib/apt/lists/lock
[2025-10-27 11:16:03] [INFO] [update_install] Suppression verrou orphelin: /var/cache/apt/archives/lock
[2025-10-27 11:16:04] [CMD] [update_install] Exécution: Configuration dpkg
[2025-10-27 11:16:04] [CMD] [update_install] Commande: dpkg --configure -a
[2025-10-27 11:16:04] [CMD] [update_install] Code de sortie: 0
[2025-10-27 11:16:04] [SUCCESS] [update_install] Nettoyage APT terminé
[2025-10-27 11:16:06] [INFO] [update_install] Stabilisation après nettoyage - attente 3s
[2025-10-27 11:16:09] [INFO] [update_install] Début de la mise à jour APT
[2025-10-27 11:16:09] [INFO] [update_install] Tentative APT update 1/3
[2025-10-27 11:16:12] [SUCCESS] [update_install] APT update réussi
[2025-10-27 11:16:12] [INFO] [update_install] Progression: 55% - Installation des mises à jour critiques...
[2025-10-27 11:16:12] [INFO] [update_install] Installation des paquets critiques uniquement
[2025-10-27 11:16:12] [CMD] [update_install] Exécution: Mise à jour sécurité
[2025-10-27 11:16:12] [CMD] [update_install] Commande: DEBIAN_FRONTEND=noninteractive apt-get install -y --only-upgrade --allow-unauthenticated openssl libssl* sudo systemd apt dpkg libc6 libpam* ca-certificates tzdata
[2025-10-27 11:16:14] [OUT] [update_install] Reading package lists...
[2025-10-27 11:16:14] [OUT] [update_install] Building dependency tree...
[2025-10-27 11:16:14] [OUT] [update_install] Reading state information...
[2025-10-27 11:16:14] [OUT] [update_install] openssl is already the newest version (3.5.1-1+deb13u1+rpt1).
[2025-10-27 11:16:14] [OUT] [update_install] libssl3t64 is already the newest version (3.5.1-1+deb13u1+rpt1).
[2025-10-27 11:16:14] [OUT] [update_install] Skipping libssl-dev, it is not installed and only upgrades are requested.
[2025-10-27 11:16:15] [OUT] [update_install] Skipping libssl-ocaml-dev, it is not installed and only upgrades are requested.
[2025-10-27 11:16:15] [OUT] [update_install] Skipping libssl-ocaml, it is not installed and only upgrades are requested.
[2025-10-27 11:16:15] [OUT] [update_install] Skipping libssl-doc, it is not installed and only upgrades are requested.
[2025-10-27 11:16:15] [OUT] [update_install] Skipping libssl-utils-clojure, it is not installed and only upgrades are requested.
[2025-10-27 11:16:15] [OUT] [update_install] Skipping libssl-ocaml-dev:armhf, it is not installed and only upgrades are requested.
[2025-10-27 11:16:15] [OUT] [update_install] Skipping libssl-ocaml:armhf, it is not installed and only upgrades are requested.
[2025-10-27 11:16:15] [OUT] [update_install] Skipping libssl3t64-dbgsym, it is not installed and only upgrades are requested.
[2025-10-27 11:16:15] [OUT] [update_install] sudo is already the newest version (1.9.16p2-3).
[2025-10-27 11:16:15] [OUT] [update_install] systemd is already the newest version (257.8-1~deb13u2).
[2025-10-27 11:16:15] [OUT] [update_install] apt is already the newest version (3.0.3).
[2025-10-27 11:16:16] [OUT] [update_install] dpkg is already the newest version (1.22.21).
[2025-10-27 11:16:16] [OUT] [update_install] libc6 is already the newest version (2.41-12+rpt1).
[2025-10-27 11:16:16] [OUT] [update_install] libpam0g is already the newest version (1.7.0-5).
[2025-10-27 11:16:16] [OUT] [update_install] Skipping libpam-apparmor, it is not installed and only upgrades are requested.
[2025-10-27 11:16:16] [OUT] [update_install] libpam-systemd is already the newest version (257.8-1~deb13u2).
[2025-10-27 11:16:16] [OUT] [update_install] libpam-runtime is already the newest version (1.7.0-5).
[2025-10-27 11:16:16] [OUT] [update_install] libpam-modules is already the newest version (1.7.0-5).
[2025-10-27 11:16:16] [OUT] [update_install] Skipping libpam-barada, it is not installed and only upgrades are requested.
[2025-10-27 11:16:16] [OUT] [update_install] Skipping libpam-gnome-keyring, it is not installed and only upgrades are requested.
[2025-10-27 11:16:16] [OUT] [update_install] Skipping libpam-ck-connector, it is not installed and only upgrades are requested.
[2025-10-27 11:16:17] [OUT] [update_install] Skipping libpam-tmpdir, it is not installed and only upgrades are requested.
[2025-10-27 11:16:17] [OUT] [update_install] Skipping libpam-krb5, it is not installed and only upgrades are requested.
[2025-10-27 11:16:17] [OUT] [update_install] Skipping libpam-ccreds, it is not installed and only upgrades are requested.
[2025-10-27 11:16:17] [OUT] [update_install] Skipping libpam-mount, it is not installed and only upgrades are requested.
[2025-10-27 11:16:17] [OUT] [update_install] Skipping libpam-sss, it is not installed and only upgrades are requested.
[2025-10-27 11:16:17] [OUT] [update_install] Skipping libpam-mklocaluser, it is not installed and only upgrades are requested.
[2025-10-27 11:16:17] [OUT] [update_install] Skipping libpam-python, it is not installed and only upgrades are requested.
[2025-10-27 11:16:17] [OUT] [update_install] Skipping libpam-duo, it is not installed and only upgrades are requested.
[2025-10-27 11:16:17] [OUT] [update_install] Skipping libpam-fprintd, it is not installed and only upgrades are requested.
[2025-10-27 11:16:18] [OUT] [update_install] Skipping libpam0g-dev, it is not installed and only upgrades are requested.
[2025-10-27 11:16:18] [OUT] [update_install] Skipping libpam-elogind, it is not installed and only upgrades are requested.
[2025-10-27 11:16:18] [OUT] [update_install] Skipping libpam-ldapd, it is not installed and only upgrades are requested.
[2025-10-27 11:16:18] [OUT] [update_install] Skipping libpam-abl, it is not installed and only upgrades are requested.
[2025-10-27 11:16:18] [OUT] [update_install] Skipping libpam-fscrypt, it is not installed and only upgrades are requested.
[2025-10-27 11:16:18] [OUT] [update_install] Skipping libpam-pkcs11, it is not installed and only upgrades are requested.
[2025-10-27 11:16:18] [OUT] [update_install] Skipping libpam-glome, it is not installed and only upgrades are requested.
[2025-10-27 11:16:18] [OUT] [update_install] Skipping libpam-google-authenticator, it is not installed and only upgrades are requested.
[2025-10-27 11:16:18] [OUT] [update_install] Skipping libpam-kwallet5, it is not installed and only upgrades are requested.
[2025-10-27 11:16:18] [OUT] [update_install] Skipping libpam-kwallet-common, it is not installed and only upgrades are requested.
[2025-10-27 11:16:19] [OUT] [update_install] Skipping libpam-mount-bin, it is not installed and only upgrades are requested.
[2025-10-27 11:16:19] [OUT] [update_install] Skipping libpam-cap, it is not installed and only upgrades are requested.
[2025-10-27 11:16:19] [OUT] [update_install] Skipping libpam-cgroup, it is not installed and only upgrades are requested.
[2025-10-27 11:16:19] [OUT] [update_install] Skipping libpam-mysql, it is not installed and only upgrades are requested.
[2025-10-27 11:16:19] [OUT] [update_install] Skipping libpam-afs-session, it is not installed and only upgrades are requested.
[2025-10-27 11:16:19] [OUT] [update_install] Skipping libpam-heimdal, it is not installed and only upgrades are requested.
[2025-10-27 11:16:19] [OUT] [update_install] Skipping libpam-chroot, it is not installed and only upgrades are requested.
[2025-10-27 11:16:19] [OUT] [update_install] Skipping libpam-encfs, it is not installed and only upgrades are requested.
[2025-10-27 11:16:19] [OUT] [update_install] Skipping libpam-net, it is not installed and only upgrades are requested.
[2025-10-27 11:16:20] [OUT] [update_install] Skipping libpam-pwdfile, it is not installed and only upgrades are requested.
[2025-10-27 11:16:20] [OUT] [update_install] Skipping libpam-radius-auth, it is not installed and only upgrades are requested.
[2025-10-27 11:16:20] [OUT] [update_install] Skipping libpam-script, it is not installed and only upgrades are requested.
[2025-10-27 11:16:20] [OUT] [update_install] Skipping libpam-ssh, it is not installed and only upgrades are requested.
[2025-10-27 11:16:20] [OUT] [update_install] Skipping libpam-ufpidentity, it is not installed and only upgrades are requested.
[2025-10-27 11:16:20] [OUT] [update_install] Skipping libpam-x2go, it is not installed and only upgrades are requested.
[2025-10-27 11:16:20] [OUT] [update_install] Skipping libpam-x2go-dev, it is not installed and only upgrades are requested.
[2025-10-27 11:16:20] [OUT] [update_install] Skipping libpam-pwquality, it is not installed and only upgrades are requested.
[2025-10-27 11:16:20] [OUT] [update_install] Skipping libpam-cgfs, it is not installed and only upgrades are requested.
[2025-10-27 11:16:20] [OUT] [update_install] Skipping libpam-malcontent, it is not installed and only upgrades are requested.
[2025-10-27 11:16:21] [OUT] [update_install] Skipping libpam-oath, it is not installed and only upgrades are requested.
[2025-10-27 11:16:21] [OUT] [update_install] Skipping libpam-ocaml, it is not installed and only upgrades are requested.
[2025-10-27 11:16:21] [OUT] [update_install] Skipping libpam-ocaml-dev, it is not installed and only upgrades are requested.
[2025-10-27 11:16:21] [OUT] [update_install] Skipping libpam-otpw, it is not installed and only upgrades are requested.
[2025-10-27 11:16:21] [OUT] [update_install] Skipping libpam-doc, it is not installed and only upgrades are requested.
[2025-10-27 11:16:21] [OUT] [update_install] libpam-modules-bin is already the newest version (1.7.0-5).
[2025-10-27 11:16:21] [OUT] [update_install] Skipping libpam-geoip, it is not installed and only upgrades are requested.
[2025-10-27 11:16:21] [OUT] [update_install] Skipping libpam-p11, it is not installed and only upgrades are requested.
[2025-10-27 11:16:21] [OUT] [update_install] Skipping libpam-python-doc, it is not installed and only upgrades are requested.
[2025-10-27 11:16:21] [OUT] [update_install] Skipping libpam-ssh-agent-auth, it is not installed and only upgrades are requested.
[2025-10-27 11:16:22] [OUT] [update_install] Skipping libpam-u2f, it is not installed and only upgrades are requested.
[2025-10-27 11:16:22] [OUT] [update_install] Skipping libpam-wrapper, it is not installed and only upgrades are requested.
[2025-10-27 11:16:22] [OUT] [update_install] Skipping libpamtest0, it is not installed and only upgrades are requested.
[2025-10-27 11:16:22] [OUT] [update_install] Skipping libpamtest0-dev, it is not installed and only upgrades are requested.
[2025-10-27 11:16:22] [OUT] [update_install] Skipping libpam-passwdqc, it is not installed and only upgrades are requested.
[2025-10-27 11:16:22] [OUT] [update_install] Skipping libpam-poldi, it is not installed and only upgrades are requested.
[2025-10-27 11:16:22] [OUT] [update_install] Skipping libpam-winbind, it is not installed and only upgrades are requested.
[2025-10-27 11:16:22] [OUT] [update_install] Skipping libpam-shishi, it is not installed and only upgrades are requested.
[2025-10-27 11:16:22] [OUT] [update_install] Skipping libpam-slurm, it is not installed and only upgrades are requested.
[2025-10-27 11:16:23] [OUT] [update_install] Skipping libpam-slurm-adopt, it is not installed and only upgrades are requested.
[2025-10-27 11:16:23] [OUT] [update_install] Skipping libpam-snapper, it is not installed and only upgrades are requested.
[2025-10-27 11:16:23] [OUT] [update_install] Skipping libpam-biometric, it is not installed and only upgrades are requested.
[2025-10-27 11:16:23] [OUT] [update_install] Skipping libpam-lastlog2, it is not installed and only upgrades are requested.
[2025-10-27 11:16:23] [OUT] [update_install] Skipping libpam-wtmpdb, it is not installed and only upgrades are requested.
[2025-10-27 11:16:23] [OUT] [update_install] Skipping libpam-yubico, it is not installed and only upgrades are requested.
[2025-10-27 11:16:23] [OUT] [update_install] Skipping libpam-ocaml:armhf, it is not installed and only upgrades are requested.
[2025-10-27 11:16:23] [OUT] [update_install] Skipping libpam-ocaml-dev:armhf, it is not installed and only upgrades are requested.
[2025-10-27 11:16:23] [OUT] [update_install] Skipping libpam-zfs, it is not installed and only upgrades are requested.
[2025-10-27 11:16:23] [OUT] [update_install] libpam-chksshpwd is already the newest version (2.0).
[2025-10-27 11:16:24] [OUT] [update_install] Skipping libpam-chksshpwd-dbgsym, it is not installed and only upgrades are requested.
[2025-10-27 11:16:24] [OUT] [update_install] ca-certificates is already the newest version (20250419).
[2025-10-27 11:16:24] [OUT] [update_install] tzdata is already the newest version (2025b-4+deb13u1).
[2025-10-27 11:16:24] [OUT] [update_install] 0 upgraded, 0 newly installed, 0 to remove and 1 not upgraded.
[2025-10-27 11:16:24] [CMD] [update_install] Code de sortie: 0
[2025-10-27 11:16:24] [SUCCESS] [update_install] Mises à jour de sécurité installées
[2025-10-27 11:16:24] [INFO] [update_install] Stabilisation après mises à jour - attente 5s
[2025-10-27 11:16:29] [INFO] [update_install] Progression: 65% - Création du cache de paquets...
[2025-10-27 11:16:29] [INFO] [update_install] Initialisation du cache de paquets
[2025-10-27 11:16:30] [INFO] [update_install] Initialisation du cache des paquets
[2025-10-27 11:16:30] [SUCCESS] [update_install] Cache initialisé: /var/cache/maxlink/packages
[2025-10-27 11:16:30] [SUCCESS] [update_install] Cache initialisé avec succès
[2025-10-27 11:16:30] [INFO] [update_install] Préparation du téléchargement - attente 3s
[2025-10-27 11:16:33] [INFO] [update_install] Téléchargement de tous les paquets requis
[2025-10-27 11:16:33] [INFO] [update_install] Mise à jour des listes de paquets APT
[2025-10-27 11:16:35] [INFO] [update_install] Téléchargement du paquet: git (catégorie: base)
[2025-10-27 11:16:49] [SUCCESS] [update_install] Paquet téléchargé: git
[2025-10-27 11:16:49] [INFO] [update_install] Téléchargement du paquet: curl (catégorie: base)
[2025-10-27 11:16:51] [SUCCESS] [update_install] Paquet téléchargé: curl
[2025-10-27 11:16:51] [INFO] [update_install] Téléchargement du paquet: wget (catégorie: base)
[2025-10-27 11:16:53] [SUCCESS] [update_install] Paquet téléchargé: wget
[2025-10-27 11:16:53] [INFO] [update_install] Téléchargement du paquet: ca-certificates (catégorie: base)
[2025-10-27 11:16:56] [SUCCESS] [update_install] Paquet téléchargé: ca-certificates
[2025-10-27 11:16:56] [INFO] [update_install] Téléchargement du paquet: apt-transport-https (catégorie: base)
[2025-10-27 11:17:02] [SUCCESS] [update_install] Paquet téléchargé: apt-transport-https
[2025-10-27 11:17:02] [INFO] [update_install] Téléchargement du paquet: gnupg (catégorie: base)
[2025-10-27 11:18:05] [SUCCESS] [update_install] Paquet téléchargé: gnupg
[2025-10-27 11:18:05] [INFO] [update_install] Téléchargement du paquet: lsb-release (catégorie: base)
[2025-10-27 11:18:06] [SUCCESS] [update_install] Paquet téléchargé: lsb-release
[2025-10-27 11:18:07] [INFO] [update_install] Téléchargement du paquet: nginx (catégorie: nginx)
[2025-10-27 11:18:09] [SUCCESS] [update_install] Paquet téléchargé: nginx
[2025-10-27 11:18:09] [INFO] [update_install] Téléchargement du paquet: nginx-common (catégorie: nginx)
[2025-10-27 11:18:11] [SUCCESS] [update_install] Paquet téléchargé: nginx-common
[2025-10-27 11:18:11] [INFO] [update_install] Téléchargement du paquet: mosquitto (catégorie: mqtt)
[2025-10-27 11:18:12] [SUCCESS] [update_install] Paquet téléchargé: mosquitto
[2025-10-27 11:18:12] [INFO] [update_install] Téléchargement du paquet: mosquitto-clients (catégorie: mqtt)
[2025-10-27 11:18:14] [SUCCESS] [update_install] Paquet téléchargé: mosquitto-clients
[2025-10-27 11:18:14] [INFO] [update_install] Téléchargement du paquet: libmosquitto1 (catégorie: mqtt)
[2025-10-27 11:18:15] [SUCCESS] [update_install] Paquet téléchargé: libmosquitto1
[2025-10-27 11:18:15] [INFO] [update_install] Téléchargement du paquet: libdlt2 (catégorie: mqtt)
[2025-10-27 11:18:16] [SUCCESS] [update_install] Paquet téléchargé: libdlt2
[2025-10-27 11:18:16] [INFO] [update_install] Téléchargement du paquet: dnsmasq (catégorie: ap)
[2025-10-27 11:18:19] [SUCCESS] [update_install] Paquet téléchargé: dnsmasq
[2025-10-27 11:18:19] [INFO] [update_install] Téléchargement du paquet: iptables (catégorie: ap)
[2025-10-27 11:18:21] [SUCCESS] [update_install] Paquet téléchargé: iptables
[2025-10-27 11:18:21] [INFO] [update_install] Téléchargement du paquet: python3-psutil (catégorie: python)
[2025-10-27 11:18:26] [SUCCESS] [update_install] Paquet téléchargé: python3-psutil
[2025-10-27 11:18:26] [INFO] [update_install] Téléchargement du paquet: python3-paho-mqtt (catégorie: python)
[2025-10-27 11:18:27] [SUCCESS] [update_install] Paquet téléchargé: python3-paho-mqtt
[2025-10-27 11:18:28] [INFO] [update_install] Téléchargement du paquet: python3-pip (catégorie: python)
[2025-10-27 11:18:30] [SUCCESS] [update_install] Paquet téléchargé: python3-pip
[2025-10-27 11:18:30] [INFO] [update_install] Téléchargement du paquet: python3-setuptools (catégorie: python)
[2025-10-27 11:18:32] [SUCCESS] [update_install] Paquet téléchargé: python3-setuptools
[2025-10-27 11:18:32] [INFO] [update_install] Téléchargement du paquet: i2c-tools (catégorie: system)
[2025-10-27 11:18:34] [SUCCESS] [update_install] Paquet téléchargé: i2c-tools
[2025-10-27 11:18:35] [INFO] [update_install] Téléchargement du paquet: libargon2-1 (catégorie: php-deps)
[2025-10-27 11:18:36] [SUCCESS] [update_install] Paquet téléchargé: libargon2-1
[2025-10-27 11:18:36] [INFO] [update_install] Téléchargement du paquet: libsodium23 (catégorie: php-deps)
[2025-10-27 11:18:37] [SUCCESS] [update_install] Paquet téléchargé: libsodium23
[2025-10-27 11:18:37] [INFO] [update_install] Téléchargement du paquet: php (catégorie: php)
[2025-10-27 11:18:42] [SUCCESS] [update_install] Paquet téléchargé: php
[2025-10-27 11:18:42] [INFO] [update_install] Téléchargement du paquet: php-cli (catégorie: php)
[2025-10-27 11:18:43] [SUCCESS] [update_install] Paquet téléchargé: php-cli
[2025-10-27 11:18:43] [INFO] [update_install] Téléchargement du paquet: php-fpm (catégorie: php)
[2025-10-27 11:18:45] [SUCCESS] [update_install] Paquet téléchargé: php-fpm
[2025-10-27 11:18:45] [INFO] [update_install] Téléchargement du paquet: htop (catégorie: tools)
[2025-10-27 11:18:46] [SUCCESS] [update_install] Paquet téléchargé: htop
[2025-10-27 11:18:46] [INFO] [update_install] Téléchargement du paquet: iotop (catégorie: tools)
[2025-10-27 11:18:48] [SUCCESS] [update_install] Paquet téléchargé: iotop
[2025-10-27 11:18:48] [INFO] [update_install] Téléchargement du paquet: net-tools (catégorie: tools)
[2025-10-27 11:18:49] [SUCCESS] [update_install] Paquet téléchargé: net-tools
[2025-10-27 11:18:49] [INFO] [update_install] Téléchargement du paquet: dnsutils (catégorie: tools)
[2025-10-27 11:18:50] [ERROR] [update_install] Échec du téléchargement: dnsutils
[2025-10-27 11:18:51] [INFO] [update_install] Téléchargement du paquet: python3-pil (catégorie: tools)
[2025-10-27 11:18:54] [SUCCESS] [update_install] Paquet téléchargé: python3-pil
[2025-10-27 11:18:54] [INFO] [update_install] Total paquets téléchargés: 730
[2025-10-27 11:18:54] [SUCCESS] [update_install] Tous les paquets ont été téléchargés
[2025-10-27 11:18:54] [INFO] [update_install] Début du téléchargement du dashboard V3
[2025-10-27 11:18:54] [INFO] [update_install] Tentative téléchargement dashboard 1/3
[2025-10-27 11:18:55] [INFO] [update_install] Téléchargement curl terminé
[2025-10-27 11:18:56] [SUCCESS] [update_install] Archive dashboard valide
[2025-10-27 11:18:56] [SUCCESS] [update_install] Dashboard téléchargé après 1 tentative(s)
[2025-10-27 11:18:56] [CMD] [update_install] Exécution: APT autoremove
[2025-10-27 11:18:56] [CMD] [update_install] Commande: apt-get autoremove -y >/dev/null 2>&1
[2025-10-27 11:18:57] [CMD] [update_install] Code de sortie: 0
[2025-10-27 11:18:57] [CMD] [update_install] Exécution: APT autoclean
[2025-10-27 11:18:58] [CMD] [update_install] Commande: apt-get autoclean >/dev/null 2>&1
[2025-10-27 11:18:58] [CMD] [update_install] Code de sortie: 0
[2025-10-27 11:18:58] [INFO] [update_install] Progression: 75% - Cache créé
[2025-10-27 11:19:00] [INFO] [update_install] Progression: 80% - Configuration du système...
[2025-10-27 11:19:00] [INFO] [update_install] Configuration du ventilateur
[2025-10-27 11:19:01] [SUCCESS] [update_install] Configuration ventilateur ajoutée
[2025-10-27 11:19:01] [INFO] [update_install] Installation du fond d'écran personnalisé
[2025-10-27 11:19:01] [INFO] [update_install] Ajout de la version MaxLink v3 sur l'image de fond
[2025-10-27 11:19:01] [SUCCESS] [update_install] Version ajoutée sur l'image
[2025-10-27 11:19:01] [SUCCESS] [update_install] Configuration bureau LXDE appliquée
[2025-10-27 11:19:01] [INFO] [update_install] Progression: 90% - Configuration terminée
[2025-10-27 11:19:03] [INFO] [update_install] Progression: 95% - Finalisation...
[2025-10-27 11:19:03] [INFO] [update_install] Services de mise à jour réactivés
[2025-10-27 11:19:04] [INFO] [update_install] Restauration de l'état réseau
[2025-10-27 11:19:04] [INFO] [update_install] Statut du service update mis à jour: active
[2025-10-27 11:19:04] [INFO] [update_install] Progression: 100% - Mise à jour terminée !
[2025-10-27 11:19:04] [SUCCESS] [update_install] Mise à jour système terminée - Version: v3
[2025-10-27 11:19:04] [INFO] [update_install] Redémarrage différé - SKIP_REBOOT=true
[2025-10-27 11:19:04] [INFO] [update_install] Script update_install terminé avec le code 0

================================================================================
FIN: update_install
Code de sortie: 0
Durée: 226 secondes
================================================================================

