2025-06-17 10:57:27,366 - MaxLinkApp - INFO - ======================================================================
2025-06-17 10:57:27,366 - MaxLinkApp - INFO - Démarrage de MaxLink Admin Panel (version simplifiée)
2025-06-17 10:57:27,366 - MaxLinkApp - INFO - ======================================================================
2025-06-17 10:57:27,369 - MaxLinkApp - INFO - Variables chargées: 1 variables
2025-06-17 10:57:27,449 - MaxLinkApp - INFO - Initialisation de l'application MaxLink (version simplifiée)
2025-06-17 10:57:27,474 - MaxLinkApp - INFO - Mode root: True
2025-06-17 10:57:27,475 - MaxLinkApp - INFO - Services chargés: 6
2025-06-17 10:57:27,516 - MaxLinkApp - DEBUG - Indicateur mis à jour pour update: rouge
2025-06-17 10:57:27,516 - MaxLinkApp - DEBUG - Indicateur mis à jour pour ap: rouge
2025-06-17 10:57:27,516 - MaxLinkApp - DEBUG - Indicateur mis à jour pour nginx: rouge
2025-06-17 10:57:27,516 - MaxLinkApp - DEBUG - Indicateur mis à jour pour mqtt: rouge
2025-06-17 10:57:27,516 - MaxLinkApp - DEBUG - Indicateur mis à jour pour mqtt_wgs: rouge
2025-06-17 10:57:27,516 - MaxLinkApp - DEBUG - Indicateur mis à jour pour orchestrator: rouge
2025-06-17 10:57:27,516 - MaxLinkApp - DEBUG - Indicateur mis à jour pour update: rouge
2025-06-17 10:57:27,516 - MaxLinkApp - DEBUG - Indicateur mis à jour pour ap: rouge
2025-06-17 10:57:27,516 - MaxLinkApp - DEBUG - Indicateur mis à jour pour nginx: rouge
2025-06-17 10:57:27,517 - MaxLinkApp - DEBUG - Indicateur mis à jour pour mqtt: rouge
2025-06-17 10:57:27,517 - MaxLinkApp - DEBUG - Indicateur mis à jour pour mqtt_wgs: rouge
2025-06-17 10:57:27,517 - MaxLinkApp - DEBUG - Indicateur mis à jour pour orchestrator: rouge
2025-06-17 10:57:27,517 - MaxLinkApp - DEBUG - Rafraîchissement des indicateurs effectué
2025-06-17 10:57:27,517 - MaxLinkApp - INFO - Interface prête
2025-06-17 10:57:29,517 - MaxLinkApp - DEBUG - Indicateur mis à jour pour update: rouge
2025-06-17 10:57:29,517 - MaxLinkApp - DEBUG - Indicateur mis à jour pour ap: rouge
2025-06-17 10:57:29,517 - MaxLinkApp - DEBUG - Indicateur mis à jour pour nginx: rouge
2025-06-17 10:57:29,517 - MaxLinkApp - DEBUG - Indicateur mis à jour pour mqtt: rouge
2025-06-17 10:57:29,517 - MaxLinkApp - DEBUG - Indicateur mis à jour pour mqtt_wgs: rouge
2025-06-17 10:57:29,517 - MaxLinkApp - DEBUG - Indicateur mis à jour pour orchestrator: rouge
2025-06-17 10:57:29,517 - MaxLinkApp - DEBUG - Rafraîchissement des indicateurs effectué
2025-06-17 10:57:31,518 - MaxLinkApp - DEBUG - Indicateur mis à jour pour update: rouge
2025-06-17 10:57:31,518 - MaxLinkApp - DEBUG - Indicateur mis à jour pour ap: rouge
2025-06-17 10:57:31,518 - MaxLinkApp - DEBUG - Indicateur mis à jour pour nginx: rouge
2025-06-17 10:57:31,518 - MaxLinkApp - DEBUG - Indicateur mis à jour pour mqtt: rouge
2025-06-17 10:57:31,518 - MaxLinkApp - DEBUG - Indicateur mis à jour pour mqtt_wgs: rouge
2025-06-17 10:57:31,518 - MaxLinkApp - DEBUG - Indicateur mis à jour pour orchestrator: rouge
2025-06-17 10:57:31,518 - MaxLinkApp - DEBUG - Rafraîchissement des indicateurs effectué
2025-06-17 10:57:33,519 - MaxLinkApp - DEBUG - Indicateur mis à jour pour update: rouge
2025-06-17 10:57:33,519 - MaxLinkApp - DEBUG - Indicateur mis à jour pour ap: rouge
2025-06-17 10:57:33,519 - MaxLinkApp - DEBUG - Indicateur mis à jour pour nginx: rouge
2025-06-17 10:57:33,519 - MaxLinkApp - DEBUG - Indicateur mis à jour pour mqtt: rouge
2025-06-17 10:57:33,519 - MaxLinkApp - DEBUG - Indicateur mis à jour pour mqtt_wgs: rouge
2025-06-17 10:57:33,519 - MaxLinkApp - DEBUG - Indicateur mis à jour pour orchestrator: rouge
2025-06-17 10:57:33,519 - MaxLinkApp - DEBUG - Rafraîchissement des indicateurs effectué
2025-06-17 10:57:35,519 - MaxLinkApp - DEBUG - Indicateur mis à jour pour update: rouge
2025-06-17 10:57:35,520 - MaxLinkApp - DEBUG - Indicateur mis à jour pour ap: rouge
2025-06-17 10:57:35,520 - MaxLinkApp - DEBUG - Indicateur mis à jour pour nginx: rouge
2025-06-17 10:57:35,520 - MaxLinkApp - DEBUG - Indicateur mis à jour pour mqtt: rouge
2025-06-17 10:57:35,520 - MaxLinkApp - DEBUG - Indicateur mis à jour pour mqtt_wgs: rouge
2025-06-17 10:57:35,520 - MaxLinkApp - DEBUG - Indicateur mis à jour pour orchestrator: rouge
2025-06-17 10:57:35,520 - MaxLinkApp - DEBUG - Rafraîchissement des indicateurs effectué
2025-06-17 10:57:37,521 - MaxLinkApp - DEBUG - Indicateur mis à jour pour update: rouge
2025-06-17 10:57:37,521 - MaxLinkApp - DEBUG - Indicateur mis à jour pour ap: rouge
2025-06-17 10:57:37,521 - MaxLinkApp - DEBUG - Indicateur mis à jour pour nginx: rouge
2025-06-17 10:57:37,521 - MaxLinkApp - DEBUG - Indicateur mis à jour pour mqtt: rouge
2025-06-17 10:57:37,521 - MaxLinkApp - DEBUG - Indicateur mis à jour pour mqtt_wgs: rouge
2025-06-17 10:57:37,521 - MaxLinkApp - DEBUG - Indicateur mis à jour pour orchestrator: rouge
2025-06-17 10:57:37,521 - MaxLinkApp - DEBUG - Rafraîchissement des indicateurs effectué
2025-06-17 10:57:39,522 - MaxLinkApp - DEBUG - Indicateur mis à jour pour update: rouge
2025-06-17 10:57:39,522 - MaxLinkApp - DEBUG - Indicateur mis à jour pour ap: rouge
2025-06-17 10:57:39,522 - MaxLinkApp - DEBUG - Indicateur mis à jour pour nginx: rouge
2025-06-17 10:57:39,522 - MaxLinkApp - DEBUG - Indicateur mis à jour pour mqtt: rouge
2025-06-17 10:57:39,522 - MaxLinkApp - DEBUG - Indicateur mis à jour pour mqtt_wgs: rouge
2025-06-17 10:57:39,522 - MaxLinkApp - DEBUG - Indicateur mis à jour pour orchestrator: rouge
2025-06-17 10:57:39,522 - MaxLinkApp - DEBUG - Rafraîchissement des indicateurs effectué
2025-06-17 10:57:40,213 - MaxLinkApp - INFO - Lancement de l'installation complète
2025-06-17 10:57:41,523 - MaxLinkApp - DEBUG - Indicateur mis à jour pour update: rouge
2025-06-17 10:57:41,523 - MaxLinkApp - DEBUG - Indicateur mis à jour pour ap: rouge
2025-06-17 10:57:41,523 - MaxLinkApp - DEBUG - Indicateur mis à jour pour nginx: rouge
2025-06-17 10:57:41,523 - MaxLinkApp - DEBUG - Indicateur mis à jour pour mqtt: rouge
2025-06-17 10:57:41,523 - MaxLinkApp - DEBUG - Indicateur mis à jour pour mqtt_wgs: rouge
2025-06-17 10:57:41,523 - MaxLinkApp - DEBUG - Indicateur mis à jour pour orchestrator: rouge
2025-06-17 10:57:41,523 - MaxLinkApp - DEBUG - Rafraîchissement des indicateurs effectué
2025-06-17 10:57:42,296 - MaxLinkApp - INFO - Exécution du script: /media/prod/USBTOOL/scripts/install/full_install_install.sh
2025-06-17 10:58:49,425 - MaxLinkApp - DEBUG - Indicateur mis à jour pour update: vert
2025-06-17 10:58:49,426 - MaxLinkApp - DEBUG - Indicateur mis à jour pour ap: rouge
2025-06-17 10:58:49,426 - MaxLinkApp - DEBUG - Indicateur mis à jour pour nginx: rouge
2025-06-17 10:58:49,426 - MaxLinkApp - DEBUG - Indicateur mis à jour pour mqtt: rouge
2025-06-17 10:58:49,426 - MaxLinkApp - DEBUG - Indicateur mis à jour pour mqtt_wgs: rouge
2025-06-17 10:58:49,426 - MaxLinkApp - DEBUG - Indicateur mis à jour pour orchestrator: rouge
2025-06-17 10:59:29,358 - MaxLinkApp - DEBUG - Indicateur mis à jour pour update: vert
2025-06-17 10:59:29,358 - MaxLinkApp - DEBUG - Indicateur mis à jour pour ap: vert
2025-06-17 10:59:29,358 - MaxLinkApp - DEBUG - Indicateur mis à jour pour nginx: rouge
2025-06-17 10:59:29,358 - MaxLinkApp - DEBUG - Indicateur mis à jour pour mqtt: rouge
2025-06-17 10:59:29,358 - MaxLinkApp - DEBUG - Indicateur mis à jour pour mqtt_wgs: rouge
2025-06-17 10:59:29,358 - MaxLinkApp - DEBUG - Indicateur mis à jour pour orchestrator: rouge
2025-06-17 11:00:39,302 - MaxLinkApp - DEBUG - Indicateur mis à jour pour update: vert
2025-06-17 11:00:39,302 - MaxLinkApp - DEBUG - Indicateur mis à jour pour ap: vert
2025-06-17 11:00:39,302 - MaxLinkApp - DEBUG - Indicateur mis à jour pour nginx: rouge
2025-06-17 11:00:39,302 - MaxLinkApp - DEBUG - Indicateur mis à jour pour mqtt: vert
2025-06-17 11:00:39,302 - MaxLinkApp - DEBUG - Indicateur mis à jour pour mqtt_wgs: rouge
2025-06-17 11:00:39,302 - MaxLinkApp - DEBUG - Indicateur mis à jour pour orchestrator: rouge
2025-06-17 11:01:19,457 - MaxLinkApp - DEBUG - Indicateur mis à jour pour update: vert
2025-06-17 11:01:19,457 - MaxLinkApp - DEBUG - Indicateur mis à jour pour ap: vert
2025-06-17 11:01:19,457 - MaxLinkApp - DEBUG - Indicateur mis à jour pour nginx: rouge
2025-06-17 11:01:19,458 - MaxLinkApp - DEBUG - Indicateur mis à jour pour mqtt: vert
2025-06-17 11:01:19,458 - MaxLinkApp - DEBUG - Indicateur mis à jour pour mqtt_wgs: vert
2025-06-17 11:01:19,458 - MaxLinkApp - DEBUG - Indicateur mis à jour pour orchestrator: rouge
2025-06-17 11:01:35,441 - MaxLinkApp - DEBUG - Indicateur mis à jour pour update: vert
2025-06-17 11:01:35,441 - MaxLinkApp - DEBUG - Indicateur mis à jour pour ap: vert
2025-06-17 11:01:35,442 - MaxLinkApp - DEBUG - Indicateur mis à jour pour nginx: rouge
2025-06-17 11:01:35,442 - MaxLinkApp - DEBUG - Indicateur mis à jour pour mqtt: vert
2025-06-17 11:01:35,442 - MaxLinkApp - DEBUG - Indicateur mis à jour pour mqtt_wgs: vert
2025-06-17 11:01:35,442 - MaxLinkApp - DEBUG - Indicateur mis à jour pour orchestrator: vert
