2025-06-21 14:17:39,852 - MaxLinkApp - INFO - ======================================================================
2025-06-21 14:17:39,852 - MaxLinkApp - INFO - Démarrage de MaxLink Admin Panel (version simplifiée)
2025-06-21 14:17:39,852 - MaxLinkApp - INFO - ======================================================================
2025-06-21 14:17:39,855 - MaxLinkApp - INFO - Variables chargées: 1 variables
2025-06-21 14:17:39,918 - MaxLinkApp - INFO - Initialisation de l'application MaxLink (version simplifiée)
2025-06-21 14:17:39,941 - MaxLinkApp - INFO - Mode root: True
2025-06-21 14:17:39,942 - MaxLinkApp - INFO - Services chargés: 6
2025-06-21 14:17:39,984 - MaxLinkApp - DEBUG - Indicateur mis à jour pour update: rouge
2025-06-21 14:17:39,984 - MaxLinkApp - DEBUG - Indicateur mis à jour pour ap: rouge
2025-06-21 14:17:39,984 - MaxLinkApp - DEBUG - Indicateur mis à jour pour nginx: rouge
2025-06-21 14:17:39,984 - MaxLinkApp - DEBUG - Indicateur mis à jour pour mqtt: rouge
2025-06-21 14:17:39,984 - MaxLinkApp - DEBUG - Indicateur mis à jour pour mqtt_wgs: rouge
2025-06-21 14:17:39,984 - MaxLinkApp - DEBUG - Indicateur mis à jour pour orchestrator: rouge
2025-06-21 14:17:39,984 - MaxLinkApp - DEBUG - Indicateur mis à jour pour update: rouge
2025-06-21 14:17:39,984 - MaxLinkApp - DEBUG - Indicateur mis à jour pour ap: rouge
2025-06-21 14:17:39,985 - MaxLinkApp - DEBUG - Indicateur mis à jour pour nginx: rouge
2025-06-21 14:17:39,985 - MaxLinkApp - DEBUG - Indicateur mis à jour pour mqtt: rouge
2025-06-21 14:17:39,985 - MaxLinkApp - DEBUG - Indicateur mis à jour pour mqtt_wgs: rouge
2025-06-21 14:17:39,985 - MaxLinkApp - DEBUG - Indicateur mis à jour pour orchestrator: rouge
2025-06-21 14:17:39,985 - MaxLinkApp - DEBUG - Rafraîchissement des indicateurs effectué
2025-06-21 14:17:39,985 - MaxLinkApp - INFO - Interface prête
2025-06-21 14:17:41,985 - MaxLinkApp - DEBUG - Indicateur mis à jour pour update: rouge
2025-06-21 14:17:41,986 - MaxLinkApp - DEBUG - Indicateur mis à jour pour ap: rouge
2025-06-21 14:17:41,986 - MaxLinkApp - DEBUG - Indicateur mis à jour pour nginx: rouge
2025-06-21 14:17:41,986 - MaxLinkApp - DEBUG - Indicateur mis à jour pour mqtt: rouge
2025-06-21 14:17:41,986 - MaxLinkApp - DEBUG - Indicateur mis à jour pour mqtt_wgs: rouge
2025-06-21 14:17:41,986 - MaxLinkApp - DEBUG - Indicateur mis à jour pour orchestrator: rouge
2025-06-21 14:17:41,986 - MaxLinkApp - DEBUG - Rafraîchissement des indicateurs effectué
2025-06-21 14:17:43,986 - MaxLinkApp - DEBUG - Indicateur mis à jour pour update: rouge
2025-06-21 14:17:43,986 - MaxLinkApp - DEBUG - Indicateur mis à jour pour ap: rouge
2025-06-21 14:17:43,986 - MaxLinkApp - DEBUG - Indicateur mis à jour pour nginx: rouge
2025-06-21 14:17:43,986 - MaxLinkApp - DEBUG - Indicateur mis à jour pour mqtt: rouge
2025-06-21 14:17:43,986 - MaxLinkApp - DEBUG - Indicateur mis à jour pour mqtt_wgs: rouge
2025-06-21 14:17:43,987 - MaxLinkApp - DEBUG - Indicateur mis à jour pour orchestrator: rouge
2025-06-21 14:17:43,987 - MaxLinkApp - DEBUG - Rafraîchissement des indicateurs effectué
2025-06-21 14:17:45,004 - MaxLinkApp - INFO - Lancement de l'installation complète
2025-06-21 14:17:45,987 - MaxLinkApp - DEBUG - Indicateur mis à jour pour update: rouge
2025-06-21 14:17:45,987 - MaxLinkApp - DEBUG - Indicateur mis à jour pour ap: rouge
2025-06-21 14:17:45,987 - MaxLinkApp - DEBUG - Indicateur mis à jour pour nginx: rouge
2025-06-21 14:17:45,987 - MaxLinkApp - DEBUG - Indicateur mis à jour pour mqtt: rouge
2025-06-21 14:17:45,987 - MaxLinkApp - DEBUG - Indicateur mis à jour pour mqtt_wgs: rouge
2025-06-21 14:17:45,988 - MaxLinkApp - DEBUG - Indicateur mis à jour pour orchestrator: rouge
2025-06-21 14:17:45,988 - MaxLinkApp - DEBUG - Rafraîchissement des indicateurs effectué
2025-06-21 14:17:46,974 - MaxLinkApp - INFO - Exécution du script: /media/prod/USBTOOL/scripts/install/full_install_install.sh
2025-06-21 11:22:38,218 - MaxLinkApp - DEBUG - Indicateur mis à jour pour update: vert
2025-06-21 11:22:38,218 - MaxLinkApp - DEBUG - Indicateur mis à jour pour ap: rouge
2025-06-21 11:22:38,218 - MaxLinkApp - DEBUG - Indicateur mis à jour pour nginx: rouge
2025-06-21 11:22:38,218 - MaxLinkApp - DEBUG - Indicateur mis à jour pour mqtt: rouge
2025-06-21 11:22:38,218 - MaxLinkApp - DEBUG - Indicateur mis à jour pour mqtt_wgs: rouge
2025-06-21 11:22:38,218 - MaxLinkApp - DEBUG - Indicateur mis à jour pour orchestrator: rouge
2025-06-21 11:23:18,190 - MaxLinkApp - DEBUG - Indicateur mis à jour pour update: vert
2025-06-21 11:23:18,191 - MaxLinkApp - DEBUG - Indicateur mis à jour pour ap: vert
2025-06-21 11:23:18,191 - MaxLinkApp - DEBUG - Indicateur mis à jour pour nginx: rouge
2025-06-21 11:23:18,191 - MaxLinkApp - DEBUG - Indicateur mis à jour pour mqtt: rouge
2025-06-21 11:23:18,191 - MaxLinkApp - DEBUG - Indicateur mis à jour pour mqtt_wgs: rouge
2025-06-21 11:23:18,191 - MaxLinkApp - DEBUG - Indicateur mis à jour pour orchestrator: rouge
2025-06-21 11:23:49,578 - MaxLinkApp - DEBUG - Indicateur mis à jour pour update: vert
2025-06-21 11:23:49,579 - MaxLinkApp - DEBUG - Indicateur mis à jour pour ap: vert
2025-06-21 11:23:49,579 - MaxLinkApp - DEBUG - Indicateur mis à jour pour nginx: vert
2025-06-21 11:23:49,579 - MaxLinkApp - DEBUG - Indicateur mis à jour pour mqtt: rouge
2025-06-21 11:23:49,579 - MaxLinkApp - DEBUG - Indicateur mis à jour pour mqtt_wgs: rouge
2025-06-21 11:23:49,579 - MaxLinkApp - DEBUG - Indicateur mis à jour pour orchestrator: rouge
2025-06-21 11:24:24,846 - MaxLinkApp - DEBUG - Indicateur mis à jour pour update: vert
2025-06-21 11:24:24,846 - MaxLinkApp - DEBUG - Indicateur mis à jour pour ap: vert
2025-06-21 11:24:24,846 - MaxLinkApp - DEBUG - Indicateur mis à jour pour nginx: vert
2025-06-21 11:24:24,846 - MaxLinkApp - DEBUG - Indicateur mis à jour pour mqtt: vert
2025-06-21 11:24:24,846 - MaxLinkApp - DEBUG - Indicateur mis à jour pour mqtt_wgs: rouge
2025-06-21 11:24:24,846 - MaxLinkApp - DEBUG - Indicateur mis à jour pour orchestrator: rouge
2025-06-21 11:25:07,083 - MaxLinkApp - DEBUG - Indicateur mis à jour pour update: vert
2025-06-21 11:25:07,083 - MaxLinkApp - DEBUG - Indicateur mis à jour pour ap: vert
2025-06-21 11:25:07,083 - MaxLinkApp - DEBUG - Indicateur mis à jour pour nginx: vert
2025-06-21 11:25:07,083 - MaxLinkApp - DEBUG - Indicateur mis à jour pour mqtt: vert
2025-06-21 11:25:07,083 - MaxLinkApp - DEBUG - Indicateur mis à jour pour mqtt_wgs: vert
2025-06-21 11:25:07,084 - MaxLinkApp - DEBUG - Indicateur mis à jour pour orchestrator: rouge
2025-06-21 11:25:27,754 - MaxLinkApp - DEBUG - Indicateur mis à jour pour update: vert
2025-06-21 11:25:27,755 - MaxLinkApp - DEBUG - Indicateur mis à jour pour ap: vert
2025-06-21 11:25:27,755 - MaxLinkApp - DEBUG - Indicateur mis à jour pour nginx: vert
2025-06-21 11:25:27,755 - MaxLinkApp - DEBUG - Indicateur mis à jour pour mqtt: vert
2025-06-21 11:25:27,755 - MaxLinkApp - DEBUG - Indicateur mis à jour pour mqtt_wgs: vert
2025-06-21 11:25:27,755 - MaxLinkApp - DEBUG - Indicateur mis à jour pour orchestrator: vert
