2025-06-18 14:27:28,318 - MaxLinkApp - INFO - ======================================================================
2025-06-18 14:27:28,318 - MaxLinkApp - INFO - Démarrage de MaxLink Admin Panel (version simplifiée)
2025-06-18 14:27:28,318 - MaxLinkApp - INFO - ======================================================================
2025-06-18 14:27:28,321 - MaxLinkApp - INFO - Variables chargées: 1 variables
2025-06-18 14:27:28,382 - MaxLinkApp - INFO - Initialisation de l'application MaxLink (version simplifiée)
2025-06-18 14:27:28,404 - MaxLinkApp - INFO - Mode root: True
2025-06-18 14:27:28,405 - MaxLinkApp - INFO - Services chargés: 6
2025-06-18 14:27:28,447 - MaxLinkApp - DEBUG - Indicateur mis à jour pour update: rouge
2025-06-18 14:27:28,448 - MaxLinkApp - DEBUG - Indicateur mis à jour pour ap: rouge
2025-06-18 14:27:28,448 - MaxLinkApp - DEBUG - Indicateur mis à jour pour nginx: rouge
2025-06-18 14:27:28,448 - MaxLinkApp - DEBUG - Indicateur mis à jour pour mqtt: rouge
2025-06-18 14:27:28,448 - MaxLinkApp - DEBUG - Indicateur mis à jour pour mqtt_wgs: rouge
2025-06-18 14:27:28,448 - MaxLinkApp - DEBUG - Indicateur mis à jour pour orchestrator: rouge
2025-06-18 14:27:28,448 - MaxLinkApp - DEBUG - Indicateur mis à jour pour update: rouge
2025-06-18 14:27:28,448 - MaxLinkApp - DEBUG - Indicateur mis à jour pour ap: rouge
2025-06-18 14:27:28,448 - MaxLinkApp - DEBUG - Indicateur mis à jour pour nginx: rouge
2025-06-18 14:27:28,449 - MaxLinkApp - DEBUG - Indicateur mis à jour pour mqtt: rouge
2025-06-18 14:27:28,449 - MaxLinkApp - DEBUG - Indicateur mis à jour pour mqtt_wgs: rouge
2025-06-18 14:27:28,449 - MaxLinkApp - DEBUG - Indicateur mis à jour pour orchestrator: rouge
2025-06-18 14:27:28,449 - MaxLinkApp - DEBUG - Rafraîchissement des indicateurs effectué
2025-06-18 14:27:28,449 - MaxLinkApp - INFO - Interface prête
2025-06-18 14:27:30,449 - MaxLinkApp - DEBUG - Indicateur mis à jour pour update: rouge
2025-06-18 14:27:30,449 - MaxLinkApp - DEBUG - Indicateur mis à jour pour ap: rouge
2025-06-18 14:27:30,449 - MaxLinkApp - DEBUG - Indicateur mis à jour pour nginx: rouge
2025-06-18 14:27:30,449 - MaxLinkApp - DEBUG - Indicateur mis à jour pour mqtt: rouge
2025-06-18 14:27:30,450 - MaxLinkApp - DEBUG - Indicateur mis à jour pour mqtt_wgs: rouge
2025-06-18 14:27:30,450 - MaxLinkApp - DEBUG - Indicateur mis à jour pour orchestrator: rouge
2025-06-18 14:27:30,450 - MaxLinkApp - DEBUG - Rafraîchissement des indicateurs effectué
2025-06-18 14:27:32,450 - MaxLinkApp - DEBUG - Indicateur mis à jour pour update: rouge
2025-06-18 14:27:32,450 - MaxLinkApp - DEBUG - Indicateur mis à jour pour ap: rouge
2025-06-18 14:27:32,450 - MaxLinkApp - DEBUG - Indicateur mis à jour pour nginx: rouge
2025-06-18 14:27:32,450 - MaxLinkApp - DEBUG - Indicateur mis à jour pour mqtt: rouge
2025-06-18 14:27:32,450 - MaxLinkApp - DEBUG - Indicateur mis à jour pour mqtt_wgs: rouge
2025-06-18 14:27:32,450 - MaxLinkApp - DEBUG - Indicateur mis à jour pour orchestrator: rouge
2025-06-18 14:27:32,450 - MaxLinkApp - DEBUG - Rafraîchissement des indicateurs effectué
2025-06-18 14:27:34,451 - MaxLinkApp - DEBUG - Indicateur mis à jour pour update: rouge
2025-06-18 14:27:34,451 - MaxLinkApp - DEBUG - Indicateur mis à jour pour ap: rouge
2025-06-18 14:27:34,451 - MaxLinkApp - DEBUG - Indicateur mis à jour pour nginx: rouge
2025-06-18 14:27:34,451 - MaxLinkApp - DEBUG - Indicateur mis à jour pour mqtt: rouge
2025-06-18 14:27:34,451 - MaxLinkApp - DEBUG - Indicateur mis à jour pour mqtt_wgs: rouge
2025-06-18 14:27:34,452 - MaxLinkApp - DEBUG - Indicateur mis à jour pour orchestrator: rouge
2025-06-18 14:27:34,452 - MaxLinkApp - DEBUG - Rafraîchissement des indicateurs effectué
2025-06-18 14:27:34,515 - MaxLinkApp - INFO - Lancement de l'installation complète
2025-06-18 14:27:36,091 - MaxLinkApp - INFO - Exécution du script: /media/prod/USBTOOL/scripts/install/full_install_install.sh
2025-06-18 14:31:44,860 - MaxLinkApp - DEBUG - Indicateur mis à jour pour update: vert
2025-06-18 14:31:44,860 - MaxLinkApp - DEBUG - Indicateur mis à jour pour ap: rouge
2025-06-18 14:31:44,860 - MaxLinkApp - DEBUG - Indicateur mis à jour pour nginx: rouge
2025-06-18 14:31:44,860 - MaxLinkApp - DEBUG - Indicateur mis à jour pour mqtt: rouge
2025-06-18 14:31:44,860 - MaxLinkApp - DEBUG - Indicateur mis à jour pour mqtt_wgs: rouge
2025-06-18 14:31:44,860 - MaxLinkApp - DEBUG - Indicateur mis à jour pour orchestrator: rouge
2025-06-18 14:32:24,812 - MaxLinkApp - DEBUG - Indicateur mis à jour pour update: vert
2025-06-18 14:32:24,812 - MaxLinkApp - DEBUG - Indicateur mis à jour pour ap: vert
2025-06-18 14:32:24,812 - MaxLinkApp - DEBUG - Indicateur mis à jour pour nginx: rouge
2025-06-18 14:32:24,812 - MaxLinkApp - DEBUG - Indicateur mis à jour pour mqtt: rouge
2025-06-18 14:32:24,812 - MaxLinkApp - DEBUG - Indicateur mis à jour pour mqtt_wgs: rouge
2025-06-18 14:32:24,812 - MaxLinkApp - DEBUG - Indicateur mis à jour pour orchestrator: rouge
2025-06-18 14:32:56,120 - MaxLinkApp - DEBUG - Indicateur mis à jour pour update: vert
2025-06-18 14:32:56,120 - MaxLinkApp - DEBUG - Indicateur mis à jour pour ap: vert
2025-06-18 14:32:56,120 - MaxLinkApp - DEBUG - Indicateur mis à jour pour nginx: vert
2025-06-18 14:32:56,121 - MaxLinkApp - DEBUG - Indicateur mis à jour pour mqtt: rouge
2025-06-18 14:32:56,121 - MaxLinkApp - DEBUG - Indicateur mis à jour pour mqtt_wgs: rouge
2025-06-18 14:32:56,121 - MaxLinkApp - DEBUG - Indicateur mis à jour pour orchestrator: rouge
2025-06-18 14:33:31,358 - MaxLinkApp - DEBUG - Indicateur mis à jour pour update: vert
2025-06-18 14:33:31,358 - MaxLinkApp - DEBUG - Indicateur mis à jour pour ap: vert
2025-06-18 14:33:31,358 - MaxLinkApp - DEBUG - Indicateur mis à jour pour nginx: vert
2025-06-18 14:33:31,358 - MaxLinkApp - DEBUG - Indicateur mis à jour pour mqtt: vert
2025-06-18 14:33:31,358 - MaxLinkApp - DEBUG - Indicateur mis à jour pour mqtt_wgs: rouge
2025-06-18 14:33:31,358 - MaxLinkApp - DEBUG - Indicateur mis à jour pour orchestrator: rouge
2025-06-18 14:34:09,012 - MaxLinkApp - DEBUG - Indicateur mis à jour pour update: vert
2025-06-18 14:34:09,012 - MaxLinkApp - DEBUG - Indicateur mis à jour pour ap: vert
2025-06-18 14:34:09,012 - MaxLinkApp - DEBUG - Indicateur mis à jour pour nginx: vert
2025-06-18 14:34:09,012 - MaxLinkApp - DEBUG - Indicateur mis à jour pour mqtt: vert
2025-06-18 14:34:09,013 - MaxLinkApp - DEBUG - Indicateur mis à jour pour mqtt_wgs: vert
2025-06-18 14:34:09,013 - MaxLinkApp - DEBUG - Indicateur mis à jour pour orchestrator: rouge
2025-06-18 14:34:25,008 - MaxLinkApp - DEBUG - Indicateur mis à jour pour update: vert
2025-06-18 14:34:25,008 - MaxLinkApp - DEBUG - Indicateur mis à jour pour ap: vert
2025-06-18 14:34:25,008 - MaxLinkApp - DEBUG - Indicateur mis à jour pour nginx: vert
2025-06-18 14:34:25,009 - MaxLinkApp - DEBUG - Indicateur mis à jour pour mqtt: vert
2025-06-18 14:34:25,009 - MaxLinkApp - DEBUG - Indicateur mis à jour pour mqtt_wgs: vert
2025-06-18 14:34:25,009 - MaxLinkApp - DEBUG - Indicateur mis à jour pour orchestrator: vert
