2025-06-24 14:12:03,515 - MaxLinkApp - INFO - ======================================================================
2025-06-24 14:12:03,515 - MaxLinkApp - INFO - Démarrage de MaxLink Admin Panel (version simplifiée)
2025-06-24 14:12:03,515 - MaxLinkApp - INFO - ======================================================================
2025-06-24 14:12:03,518 - MaxLinkApp - INFO - Variables chargées: 1 variables
2025-06-24 14:12:03,581 - MaxLinkApp - INFO - Initialisation de l'application MaxLink (version simplifiée)
2025-06-24 14:12:03,604 - MaxLinkApp - INFO - Mode root: True
2025-06-24 14:12:03,605 - MaxLinkApp - INFO - Services chargés: 6
2025-06-24 14:12:03,643 - MaxLinkApp - DEBUG - Indicateur mis à jour pour update: rouge
2025-06-24 14:12:03,643 - MaxLinkApp - DEBUG - Indicateur mis à jour pour ap: rouge
2025-06-24 14:12:03,643 - MaxLinkApp - DEBUG - Indicateur mis à jour pour nginx: rouge
2025-06-24 14:12:03,643 - MaxLinkApp - DEBUG - Indicateur mis à jour pour mqtt: rouge
2025-06-24 14:12:03,643 - MaxLinkApp - DEBUG - Indicateur mis à jour pour mqtt_wgs: rouge
2025-06-24 14:12:03,643 - MaxLinkApp - DEBUG - Indicateur mis à jour pour orchestrator: rouge
2025-06-24 14:12:03,643 - MaxLinkApp - DEBUG - Indicateur mis à jour pour update: rouge
2025-06-24 14:12:03,643 - MaxLinkApp - DEBUG - Indicateur mis à jour pour ap: rouge
2025-06-24 14:12:03,644 - MaxLinkApp - DEBUG - Indicateur mis à jour pour nginx: rouge
2025-06-24 14:12:03,644 - MaxLinkApp - DEBUG - Indicateur mis à jour pour mqtt: rouge
2025-06-24 14:12:03,644 - MaxLinkApp - DEBUG - Indicateur mis à jour pour mqtt_wgs: rouge
2025-06-24 14:12:03,644 - MaxLinkApp - DEBUG - Indicateur mis à jour pour orchestrator: rouge
2025-06-24 14:12:03,644 - MaxLinkApp - DEBUG - Rafraîchissement des indicateurs effectué
2025-06-24 14:12:03,644 - MaxLinkApp - INFO - Interface prête
2025-06-24 14:12:05,644 - MaxLinkApp - DEBUG - Indicateur mis à jour pour update: rouge
2025-06-24 14:12:05,644 - MaxLinkApp - DEBUG - Indicateur mis à jour pour ap: rouge
2025-06-24 14:12:05,644 - MaxLinkApp - DEBUG - Indicateur mis à jour pour nginx: rouge
2025-06-24 14:12:05,644 - MaxLinkApp - DEBUG - Indicateur mis à jour pour mqtt: rouge
2025-06-24 14:12:05,644 - MaxLinkApp - DEBUG - Indicateur mis à jour pour mqtt_wgs: rouge
2025-06-24 14:12:05,644 - MaxLinkApp - DEBUG - Indicateur mis à jour pour orchestrator: rouge
2025-06-24 14:12:05,645 - MaxLinkApp - DEBUG - Rafraîchissement des indicateurs effectué
2025-06-24 14:12:07,645 - MaxLinkApp - DEBUG - Indicateur mis à jour pour update: rouge
2025-06-24 14:12:07,645 - MaxLinkApp - DEBUG - Indicateur mis à jour pour ap: rouge
2025-06-24 14:12:07,645 - MaxLinkApp - DEBUG - Indicateur mis à jour pour nginx: rouge
2025-06-24 14:12:07,645 - MaxLinkApp - DEBUG - Indicateur mis à jour pour mqtt: rouge
2025-06-24 14:12:07,645 - MaxLinkApp - DEBUG - Indicateur mis à jour pour mqtt_wgs: rouge
2025-06-24 14:12:07,645 - MaxLinkApp - DEBUG - Indicateur mis à jour pour orchestrator: rouge
2025-06-24 14:12:07,645 - MaxLinkApp - DEBUG - Rafraîchissement des indicateurs effectué
2025-06-24 14:12:09,646 - MaxLinkApp - DEBUG - Indicateur mis à jour pour update: rouge
2025-06-24 14:12:09,646 - MaxLinkApp - DEBUG - Indicateur mis à jour pour ap: rouge
2025-06-24 14:12:09,646 - MaxLinkApp - DEBUG - Indicateur mis à jour pour nginx: rouge
2025-06-24 14:12:09,646 - MaxLinkApp - DEBUG - Indicateur mis à jour pour mqtt: rouge
2025-06-24 14:12:09,646 - MaxLinkApp - DEBUG - Indicateur mis à jour pour mqtt_wgs: rouge
2025-06-24 14:12:09,646 - MaxLinkApp - DEBUG - Indicateur mis à jour pour orchestrator: rouge
2025-06-24 14:12:09,646 - MaxLinkApp - DEBUG - Rafraîchissement des indicateurs effectué
2025-06-24 14:12:11,416 - MaxLinkApp - INFO - Lancement de l'installation complète
2025-06-24 14:12:11,646 - MaxLinkApp - DEBUG - Indicateur mis à jour pour update: rouge
2025-06-24 14:12:11,647 - MaxLinkApp - DEBUG - Indicateur mis à jour pour ap: rouge
2025-06-24 14:12:11,647 - MaxLinkApp - DEBUG - Indicateur mis à jour pour nginx: rouge
2025-06-24 14:12:11,647 - MaxLinkApp - DEBUG - Indicateur mis à jour pour mqtt: rouge
2025-06-24 14:12:11,647 - MaxLinkApp - DEBUG - Indicateur mis à jour pour mqtt_wgs: rouge
2025-06-24 14:12:11,647 - MaxLinkApp - DEBUG - Indicateur mis à jour pour orchestrator: rouge
2025-06-24 14:12:11,647 - MaxLinkApp - DEBUG - Rafraîchissement des indicateurs effectué
2025-06-24 14:12:12,622 - MaxLinkApp - INFO - Exécution du script: /media/prod/USBTOOL/scripts/install/full_install_install.sh
2025-06-24 14:17:23,629 - MaxLinkApp - DEBUG - Indicateur mis à jour pour update: vert
2025-06-24 14:17:23,629 - MaxLinkApp - DEBUG - Indicateur mis à jour pour ap: rouge
2025-06-24 14:17:23,629 - MaxLinkApp - DEBUG - Indicateur mis à jour pour nginx: rouge
2025-06-24 14:17:23,629 - MaxLinkApp - DEBUG - Indicateur mis à jour pour mqtt: rouge
2025-06-24 14:17:23,629 - MaxLinkApp - DEBUG - Indicateur mis à jour pour mqtt_wgs: rouge
2025-06-24 14:17:23,629 - MaxLinkApp - DEBUG - Indicateur mis à jour pour orchestrator: rouge
2025-06-24 14:18:03,558 - MaxLinkApp - DEBUG - Indicateur mis à jour pour update: vert
2025-06-24 14:18:03,558 - MaxLinkApp - DEBUG - Indicateur mis à jour pour ap: vert
2025-06-24 14:18:03,558 - MaxLinkApp - DEBUG - Indicateur mis à jour pour nginx: rouge
2025-06-24 14:18:03,558 - MaxLinkApp - DEBUG - Indicateur mis à jour pour mqtt: rouge
2025-06-24 14:18:03,558 - MaxLinkApp - DEBUG - Indicateur mis à jour pour mqtt_wgs: rouge
2025-06-24 14:18:03,558 - MaxLinkApp - DEBUG - Indicateur mis à jour pour orchestrator: rouge
2025-06-24 14:18:34,558 - MaxLinkApp - DEBUG - Indicateur mis à jour pour update: vert
2025-06-24 14:18:34,558 - MaxLinkApp - DEBUG - Indicateur mis à jour pour ap: vert
2025-06-24 14:18:34,558 - MaxLinkApp - DEBUG - Indicateur mis à jour pour nginx: vert
2025-06-24 14:18:34,558 - MaxLinkApp - DEBUG - Indicateur mis à jour pour mqtt: rouge
2025-06-24 14:18:34,558 - MaxLinkApp - DEBUG - Indicateur mis à jour pour mqtt_wgs: rouge
2025-06-24 14:18:34,558 - MaxLinkApp - DEBUG - Indicateur mis à jour pour orchestrator: rouge
2025-06-24 14:19:09,394 - MaxLinkApp - DEBUG - Indicateur mis à jour pour update: vert
2025-06-24 14:19:09,394 - MaxLinkApp - DEBUG - Indicateur mis à jour pour ap: vert
2025-06-24 14:19:09,394 - MaxLinkApp - DEBUG - Indicateur mis à jour pour nginx: vert
2025-06-24 14:19:09,394 - MaxLinkApp - DEBUG - Indicateur mis à jour pour mqtt: vert
2025-06-24 14:19:09,394 - MaxLinkApp - DEBUG - Indicateur mis à jour pour mqtt_wgs: rouge
2025-06-24 14:19:09,394 - MaxLinkApp - DEBUG - Indicateur mis à jour pour orchestrator: rouge
2025-06-24 14:19:55,082 - MaxLinkApp - DEBUG - Indicateur mis à jour pour update: vert
2025-06-24 14:19:55,082 - MaxLinkApp - DEBUG - Indicateur mis à jour pour ap: vert
2025-06-24 14:19:55,082 - MaxLinkApp - DEBUG - Indicateur mis à jour pour nginx: vert
2025-06-24 14:19:55,082 - MaxLinkApp - DEBUG - Indicateur mis à jour pour mqtt: vert
2025-06-24 14:19:55,082 - MaxLinkApp - DEBUG - Indicateur mis à jour pour mqtt_wgs: vert
2025-06-24 14:19:55,082 - MaxLinkApp - DEBUG - Indicateur mis à jour pour orchestrator: rouge
2025-06-24 14:20:15,618 - MaxLinkApp - DEBUG - Indicateur mis à jour pour update: vert
2025-06-24 14:20:15,618 - MaxLinkApp - DEBUG - Indicateur mis à jour pour ap: vert
2025-06-24 14:20:15,619 - MaxLinkApp - DEBUG - Indicateur mis à jour pour nginx: vert
2025-06-24 14:20:15,619 - MaxLinkApp - DEBUG - Indicateur mis à jour pour mqtt: vert
2025-06-24 14:20:15,619 - MaxLinkApp - DEBUG - Indicateur mis à jour pour mqtt_wgs: vert
2025-06-24 14:20:15,619 - MaxLinkApp - DEBUG - Indicateur mis à jour pour orchestrator: vert
