2025-07-14 15:48:13,774 - MaxLinkApp - INFO - ======================================================================
2025-07-14 15:48:13,774 - MaxLinkApp - INFO - Démarrage de MaxLink Admin Panel (version simplifiée)
2025-07-14 15:48:13,774 - MaxLinkApp - INFO - ======================================================================
2025-07-14 15:48:13,777 - MaxLinkApp - INFO - Variables chargées: 1 variables
2025-07-14 15:48:13,839 - MaxLinkApp - INFO - Initialisation de l'application MaxLink (version simplifiée)
2025-07-14 15:48:13,862 - MaxLinkApp - INFO - Mode root: True
2025-07-14 15:48:13,863 - MaxLinkApp - INFO - Services chargés: 6
2025-07-14 15:48:13,903 - MaxLinkApp - DEBUG - Indicateur mis à jour pour update: rouge
2025-07-14 15:48:13,903 - MaxLinkApp - DEBUG - Indicateur mis à jour pour ap: rouge
2025-07-14 15:48:13,903 - MaxLinkApp - DEBUG - Indicateur mis à jour pour nginx: rouge
2025-07-14 15:48:13,903 - MaxLinkApp - DEBUG - Indicateur mis à jour pour mqtt: rouge
2025-07-14 15:48:13,903 - MaxLinkApp - DEBUG - Indicateur mis à jour pour mqtt_wgs: rouge
2025-07-14 15:48:13,903 - MaxLinkApp - DEBUG - Indicateur mis à jour pour orchestrator: rouge
2025-07-14 15:48:13,903 - MaxLinkApp - DEBUG - Indicateur mis à jour pour update: rouge
2025-07-14 15:48:13,903 - MaxLinkApp - DEBUG - Indicateur mis à jour pour ap: rouge
2025-07-14 15:48:13,903 - MaxLinkApp - DEBUG - Indicateur mis à jour pour nginx: rouge
2025-07-14 15:48:13,903 - MaxLinkApp - DEBUG - Indicateur mis à jour pour mqtt: rouge
2025-07-14 15:48:13,903 - MaxLinkApp - DEBUG - Indicateur mis à jour pour mqtt_wgs: rouge
2025-07-14 15:48:13,904 - MaxLinkApp - DEBUG - Indicateur mis à jour pour orchestrator: rouge
2025-07-14 15:48:13,904 - MaxLinkApp - DEBUG - Rafraîchissement des indicateurs effectué
2025-07-14 15:48:13,904 - MaxLinkApp - INFO - Interface prête
2025-07-14 15:48:15,904 - MaxLinkApp - DEBUG - Indicateur mis à jour pour update: rouge
2025-07-14 15:48:15,904 - MaxLinkApp - DEBUG - Indicateur mis à jour pour ap: rouge
2025-07-14 15:48:15,904 - MaxLinkApp - DEBUG - Indicateur mis à jour pour nginx: rouge
2025-07-14 15:48:15,904 - MaxLinkApp - DEBUG - Indicateur mis à jour pour mqtt: rouge
2025-07-14 15:48:15,904 - MaxLinkApp - DEBUG - Indicateur mis à jour pour mqtt_wgs: rouge
2025-07-14 15:48:15,904 - MaxLinkApp - DEBUG - Indicateur mis à jour pour orchestrator: rouge
2025-07-14 15:48:15,904 - MaxLinkApp - DEBUG - Rafraîchissement des indicateurs effectué
2025-07-14 15:48:17,023 - MaxLinkApp - INFO - Lancement de l'installation complète
2025-07-14 15:48:17,905 - MaxLinkApp - DEBUG - Indicateur mis à jour pour update: rouge
2025-07-14 15:48:17,905 - MaxLinkApp - DEBUG - Indicateur mis à jour pour ap: rouge
2025-07-14 15:48:17,905 - MaxLinkApp - DEBUG - Indicateur mis à jour pour nginx: rouge
2025-07-14 15:48:17,905 - MaxLinkApp - DEBUG - Indicateur mis à jour pour mqtt: rouge
2025-07-14 15:48:17,905 - MaxLinkApp - DEBUG - Indicateur mis à jour pour mqtt_wgs: rouge
2025-07-14 15:48:17,905 - MaxLinkApp - DEBUG - Indicateur mis à jour pour orchestrator: rouge
2025-07-14 15:48:17,905 - MaxLinkApp - DEBUG - Rafraîchissement des indicateurs effectué
2025-07-14 15:48:18,833 - MaxLinkApp - INFO - Exécution du script: /media/prod/USBTOOL/scripts/install/full_install_install.sh
2025-07-14 15:52:47,486 - MaxLinkApp - DEBUG - Indicateur mis à jour pour update: vert
2025-07-14 15:52:47,486 - MaxLinkApp - DEBUG - Indicateur mis à jour pour ap: rouge
2025-07-14 15:52:47,486 - MaxLinkApp - DEBUG - Indicateur mis à jour pour nginx: rouge
2025-07-14 15:52:47,486 - MaxLinkApp - DEBUG - Indicateur mis à jour pour mqtt: rouge
2025-07-14 15:52:47,486 - MaxLinkApp - DEBUG - Indicateur mis à jour pour mqtt_wgs: rouge
2025-07-14 15:52:47,486 - MaxLinkApp - DEBUG - Indicateur mis à jour pour orchestrator: rouge
2025-07-14 15:53:27,514 - MaxLinkApp - DEBUG - Indicateur mis à jour pour update: vert
2025-07-14 15:53:27,514 - MaxLinkApp - DEBUG - Indicateur mis à jour pour ap: vert
2025-07-14 15:53:27,514 - MaxLinkApp - DEBUG - Indicateur mis à jour pour nginx: rouge
2025-07-14 15:53:27,514 - MaxLinkApp - DEBUG - Indicateur mis à jour pour mqtt: rouge
2025-07-14 15:53:27,514 - MaxLinkApp - DEBUG - Indicateur mis à jour pour mqtt_wgs: rouge
2025-07-14 15:53:27,514 - MaxLinkApp - DEBUG - Indicateur mis à jour pour orchestrator: rouge
2025-07-14 15:53:58,569 - MaxLinkApp - DEBUG - Indicateur mis à jour pour update: vert
2025-07-14 15:53:58,569 - MaxLinkApp - DEBUG - Indicateur mis à jour pour ap: vert
2025-07-14 15:53:58,569 - MaxLinkApp - DEBUG - Indicateur mis à jour pour nginx: vert
2025-07-14 15:53:58,569 - MaxLinkApp - DEBUG - Indicateur mis à jour pour mqtt: rouge
2025-07-14 15:53:58,569 - MaxLinkApp - DEBUG - Indicateur mis à jour pour mqtt_wgs: rouge
2025-07-14 15:53:58,569 - MaxLinkApp - DEBUG - Indicateur mis à jour pour orchestrator: rouge
2025-07-14 15:54:33,454 - MaxLinkApp - DEBUG - Indicateur mis à jour pour update: vert
2025-07-14 15:54:33,454 - MaxLinkApp - DEBUG - Indicateur mis à jour pour ap: vert
2025-07-14 15:54:33,454 - MaxLinkApp - DEBUG - Indicateur mis à jour pour nginx: vert
2025-07-14 15:54:33,454 - MaxLinkApp - DEBUG - Indicateur mis à jour pour mqtt: vert
2025-07-14 15:54:33,454 - MaxLinkApp - DEBUG - Indicateur mis à jour pour mqtt_wgs: rouge
2025-07-14 15:54:33,454 - MaxLinkApp - DEBUG - Indicateur mis à jour pour orchestrator: rouge
2025-07-14 15:55:19,089 - MaxLinkApp - DEBUG - Indicateur mis à jour pour update: vert
2025-07-14 15:55:19,089 - MaxLinkApp - DEBUG - Indicateur mis à jour pour ap: vert
2025-07-14 15:55:19,089 - MaxLinkApp - DEBUG - Indicateur mis à jour pour nginx: vert
2025-07-14 15:55:19,090 - MaxLinkApp - DEBUG - Indicateur mis à jour pour mqtt: vert
2025-07-14 15:55:19,090 - MaxLinkApp - DEBUG - Indicateur mis à jour pour mqtt_wgs: vert
2025-07-14 15:55:19,090 - MaxLinkApp - DEBUG - Indicateur mis à jour pour orchestrator: rouge
2025-07-14 15:55:39,734 - MaxLinkApp - DEBUG - Indicateur mis à jour pour update: vert
2025-07-14 15:55:39,734 - MaxLinkApp - DEBUG - Indicateur mis à jour pour ap: vert
2025-07-14 15:55:39,734 - MaxLinkApp - DEBUG - Indicateur mis à jour pour nginx: vert
2025-07-14 15:55:39,734 - MaxLinkApp - DEBUG - Indicateur mis à jour pour mqtt: vert
2025-07-14 15:55:39,734 - MaxLinkApp - DEBUG - Indicateur mis à jour pour mqtt_wgs: vert
2025-07-14 15:55:39,734 - MaxLinkApp - DEBUG - Indicateur mis à jour pour orchestrator: vert
