2025-07-15 10:15:35,456 - MaxLinkApp - INFO - ======================================================================
2025-07-15 10:15:35,456 - MaxLinkApp - INFO - Démarrage de MaxLink Admin Panel (version simplifiée)
2025-07-15 10:15:35,456 - MaxLinkApp - INFO - ======================================================================
2025-07-15 10:15:35,459 - MaxLinkApp - INFO - Variables chargées: 1 variables
2025-07-15 10:15:35,531 - MaxLinkApp - INFO - Initialisation de l'application MaxLink (version simplifiée)
2025-07-15 10:15:35,555 - MaxLinkApp - INFO - Mode root: True
2025-07-15 10:15:35,556 - MaxLinkApp - INFO - Services chargés: 7
2025-07-15 10:15:35,597 - MaxLinkApp - DEBUG - Indicateur mis à jour pour update: rouge
2025-07-15 10:15:35,597 - MaxLinkApp - DEBUG - Indicateur mis à jour pour ap: rouge
2025-07-15 10:15:35,598 - MaxLinkApp - DEBUG - Indicateur mis à jour pour nginx: rouge
2025-07-15 10:15:35,598 - MaxLinkApp - DEBUG - Indicateur mis à jour pour mqtt: rouge
2025-07-15 10:15:35,598 - MaxLinkApp - DEBUG - Indicateur mis à jour pour mqtt_wgs: rouge
2025-07-15 10:15:35,598 - MaxLinkApp - DEBUG - Indicateur mis à jour pour php_archives: rouge
2025-07-15 10:15:35,598 - MaxLinkApp - DEBUG - Indicateur mis à jour pour orchestrator: rouge
2025-07-15 10:15:35,598 - MaxLinkApp - DEBUG - Indicateur mis à jour pour update: rouge
2025-07-15 10:15:35,598 - MaxLinkApp - DEBUG - Indicateur mis à jour pour ap: rouge
2025-07-15 10:15:35,598 - MaxLinkApp - DEBUG - Indicateur mis à jour pour nginx: rouge
2025-07-15 10:15:35,598 - MaxLinkApp - DEBUG - Indicateur mis à jour pour mqtt: rouge
2025-07-15 10:15:35,598 - MaxLinkApp - DEBUG - Indicateur mis à jour pour mqtt_wgs: rouge
2025-07-15 10:15:35,598 - MaxLinkApp - DEBUG - Indicateur mis à jour pour php_archives: rouge
2025-07-15 10:15:35,598 - MaxLinkApp - DEBUG - Indicateur mis à jour pour orchestrator: rouge
2025-07-15 10:15:35,598 - MaxLinkApp - DEBUG - Rafraîchissement des indicateurs effectué
2025-07-15 10:15:35,598 - MaxLinkApp - INFO - Interface prête
2025-07-15 10:15:37,599 - MaxLinkApp - DEBUG - Indicateur mis à jour pour update: rouge
2025-07-15 10:15:37,599 - MaxLinkApp - DEBUG - Indicateur mis à jour pour ap: rouge
2025-07-15 10:15:37,599 - MaxLinkApp - DEBUG - Indicateur mis à jour pour nginx: rouge
2025-07-15 10:15:37,599 - MaxLinkApp - DEBUG - Indicateur mis à jour pour mqtt: rouge
2025-07-15 10:15:37,599 - MaxLinkApp - DEBUG - Indicateur mis à jour pour mqtt_wgs: rouge
2025-07-15 10:15:37,599 - MaxLinkApp - DEBUG - Indicateur mis à jour pour php_archives: rouge
2025-07-15 10:15:37,599 - MaxLinkApp - DEBUG - Indicateur mis à jour pour orchestrator: rouge
2025-07-15 10:15:37,599 - MaxLinkApp - DEBUG - Rafraîchissement des indicateurs effectué
2025-07-15 10:15:39,599 - MaxLinkApp - DEBUG - Indicateur mis à jour pour update: rouge
2025-07-15 10:15:39,600 - MaxLinkApp - DEBUG - Indicateur mis à jour pour ap: rouge
2025-07-15 10:15:39,600 - MaxLinkApp - DEBUG - Indicateur mis à jour pour nginx: rouge
2025-07-15 10:15:39,600 - MaxLinkApp - DEBUG - Indicateur mis à jour pour mqtt: rouge
2025-07-15 10:15:39,600 - MaxLinkApp - DEBUG - Indicateur mis à jour pour mqtt_wgs: rouge
2025-07-15 10:15:39,600 - MaxLinkApp - DEBUG - Indicateur mis à jour pour php_archives: rouge
2025-07-15 10:15:39,600 - MaxLinkApp - DEBUG - Indicateur mis à jour pour orchestrator: rouge
2025-07-15 10:15:39,600 - MaxLinkApp - DEBUG - Rafraîchissement des indicateurs effectué
2025-07-15 10:15:41,600 - MaxLinkApp - DEBUG - Indicateur mis à jour pour update: rouge
2025-07-15 10:15:41,601 - MaxLinkApp - DEBUG - Indicateur mis à jour pour ap: rouge
2025-07-15 10:15:41,601 - MaxLinkApp - DEBUG - Indicateur mis à jour pour nginx: rouge
2025-07-15 10:15:41,601 - MaxLinkApp - DEBUG - Indicateur mis à jour pour mqtt: rouge
2025-07-15 10:15:41,601 - MaxLinkApp - DEBUG - Indicateur mis à jour pour mqtt_wgs: rouge
2025-07-15 10:15:41,601 - MaxLinkApp - DEBUG - Indicateur mis à jour pour php_archives: rouge
2025-07-15 10:15:41,601 - MaxLinkApp - DEBUG - Indicateur mis à jour pour orchestrator: rouge
2025-07-15 10:15:41,601 - MaxLinkApp - DEBUG - Rafraîchissement des indicateurs effectué
2025-07-15 10:15:43,601 - MaxLinkApp - DEBUG - Indicateur mis à jour pour update: rouge
2025-07-15 10:15:43,602 - MaxLinkApp - DEBUG - Indicateur mis à jour pour ap: rouge
2025-07-15 10:15:43,602 - MaxLinkApp - DEBUG - Indicateur mis à jour pour nginx: rouge
2025-07-15 10:15:43,602 - MaxLinkApp - DEBUG - Indicateur mis à jour pour mqtt: rouge
2025-07-15 10:15:43,602 - MaxLinkApp - DEBUG - Indicateur mis à jour pour mqtt_wgs: rouge
2025-07-15 10:15:43,602 - MaxLinkApp - DEBUG - Indicateur mis à jour pour php_archives: rouge
2025-07-15 10:15:43,602 - MaxLinkApp - DEBUG - Indicateur mis à jour pour orchestrator: rouge
2025-07-15 10:15:43,602 - MaxLinkApp - DEBUG - Rafraîchissement des indicateurs effectué
2025-07-15 10:15:45,602 - MaxLinkApp - DEBUG - Indicateur mis à jour pour update: rouge
2025-07-15 10:15:45,603 - MaxLinkApp - DEBUG - Indicateur mis à jour pour ap: rouge
2025-07-15 10:15:45,603 - MaxLinkApp - DEBUG - Indicateur mis à jour pour nginx: rouge
2025-07-15 10:15:45,603 - MaxLinkApp - DEBUG - Indicateur mis à jour pour mqtt: rouge
2025-07-15 10:15:45,603 - MaxLinkApp - DEBUG - Indicateur mis à jour pour mqtt_wgs: rouge
2025-07-15 10:15:45,603 - MaxLinkApp - DEBUG - Indicateur mis à jour pour php_archives: rouge
2025-07-15 10:15:45,603 - MaxLinkApp - DEBUG - Indicateur mis à jour pour orchestrator: rouge
2025-07-15 10:15:45,603 - MaxLinkApp - DEBUG - Rafraîchissement des indicateurs effectué
2025-07-15 10:15:47,604 - MaxLinkApp - DEBUG - Indicateur mis à jour pour update: rouge
2025-07-15 10:15:47,604 - MaxLinkApp - DEBUG - Indicateur mis à jour pour ap: rouge
2025-07-15 10:15:47,604 - MaxLinkApp - DEBUG - Indicateur mis à jour pour nginx: rouge
2025-07-15 10:15:47,604 - MaxLinkApp - DEBUG - Indicateur mis à jour pour mqtt: rouge
2025-07-15 10:15:47,604 - MaxLinkApp - DEBUG - Indicateur mis à jour pour mqtt_wgs: rouge
2025-07-15 10:15:47,604 - MaxLinkApp - DEBUG - Indicateur mis à jour pour php_archives: rouge
2025-07-15 10:15:47,604 - MaxLinkApp - DEBUG - Indicateur mis à jour pour orchestrator: rouge
2025-07-15 10:15:47,604 - MaxLinkApp - DEBUG - Rafraîchissement des indicateurs effectué
2025-07-15 10:15:49,605 - MaxLinkApp - DEBUG - Indicateur mis à jour pour update: rouge
2025-07-15 10:15:49,605 - MaxLinkApp - DEBUG - Indicateur mis à jour pour ap: rouge
2025-07-15 10:15:49,605 - MaxLinkApp - DEBUG - Indicateur mis à jour pour nginx: rouge
2025-07-15 10:15:49,605 - MaxLinkApp - DEBUG - Indicateur mis à jour pour mqtt: rouge
2025-07-15 10:15:49,605 - MaxLinkApp - DEBUG - Indicateur mis à jour pour mqtt_wgs: rouge
2025-07-15 10:15:49,605 - MaxLinkApp - DEBUG - Indicateur mis à jour pour php_archives: rouge
2025-07-15 10:15:49,605 - MaxLinkApp - DEBUG - Indicateur mis à jour pour orchestrator: rouge
2025-07-15 10:15:49,605 - MaxLinkApp - DEBUG - Rafraîchissement des indicateurs effectué
2025-07-15 10:15:51,343 - MaxLinkApp - INFO - Lancement de l'installation complète
2025-07-15 10:15:51,606 - MaxLinkApp - DEBUG - Indicateur mis à jour pour update: rouge
2025-07-15 10:15:51,606 - MaxLinkApp - DEBUG - Indicateur mis à jour pour ap: rouge
2025-07-15 10:15:51,606 - MaxLinkApp - DEBUG - Indicateur mis à jour pour nginx: rouge
2025-07-15 10:15:51,606 - MaxLinkApp - DEBUG - Indicateur mis à jour pour mqtt: rouge
2025-07-15 10:15:51,606 - MaxLinkApp - DEBUG - Indicateur mis à jour pour mqtt_wgs: rouge
2025-07-15 10:15:51,606 - MaxLinkApp - DEBUG - Indicateur mis à jour pour php_archives: rouge
2025-07-15 10:15:51,606 - MaxLinkApp - DEBUG - Indicateur mis à jour pour orchestrator: rouge
2025-07-15 10:15:51,606 - MaxLinkApp - DEBUG - Rafraîchissement des indicateurs effectué
2025-07-15 10:15:52,561 - MaxLinkApp - INFO - Exécution du script: /media/prod/USBTOOL/scripts/install/full_install_install.sh
2025-07-15 10:20:46,649 - MaxLinkApp - DEBUG - Indicateur mis à jour pour update: vert
2025-07-15 10:20:46,650 - MaxLinkApp - DEBUG - Indicateur mis à jour pour ap: rouge
2025-07-15 10:20:46,650 - MaxLinkApp - DEBUG - Indicateur mis à jour pour nginx: rouge
2025-07-15 10:20:46,650 - MaxLinkApp - DEBUG - Indicateur mis à jour pour mqtt: rouge
2025-07-15 10:20:46,650 - MaxLinkApp - DEBUG - Indicateur mis à jour pour mqtt_wgs: rouge
2025-07-15 10:20:46,650 - MaxLinkApp - DEBUG - Indicateur mis à jour pour php_archives: rouge
2025-07-15 10:20:46,650 - MaxLinkApp - DEBUG - Indicateur mis à jour pour orchestrator: rouge
2025-07-15 10:21:26,671 - MaxLinkApp - DEBUG - Indicateur mis à jour pour update: vert
2025-07-15 10:21:26,671 - MaxLinkApp - DEBUG - Indicateur mis à jour pour ap: vert
2025-07-15 10:21:26,671 - MaxLinkApp - DEBUG - Indicateur mis à jour pour nginx: rouge
2025-07-15 10:21:26,671 - MaxLinkApp - DEBUG - Indicateur mis à jour pour mqtt: rouge
2025-07-15 10:21:26,671 - MaxLinkApp - DEBUG - Indicateur mis à jour pour mqtt_wgs: rouge
2025-07-15 10:21:26,672 - MaxLinkApp - DEBUG - Indicateur mis à jour pour php_archives: rouge
2025-07-15 10:21:26,672 - MaxLinkApp - DEBUG - Indicateur mis à jour pour orchestrator: rouge
2025-07-15 10:21:58,101 - MaxLinkApp - DEBUG - Indicateur mis à jour pour update: vert
2025-07-15 10:21:58,101 - MaxLinkApp - DEBUG - Indicateur mis à jour pour ap: vert
2025-07-15 10:21:58,101 - MaxLinkApp - DEBUG - Indicateur mis à jour pour nginx: vert
2025-07-15 10:21:58,101 - MaxLinkApp - DEBUG - Indicateur mis à jour pour mqtt: rouge
2025-07-15 10:21:58,101 - MaxLinkApp - DEBUG - Indicateur mis à jour pour mqtt_wgs: rouge
2025-07-15 10:21:58,101 - MaxLinkApp - DEBUG - Indicateur mis à jour pour php_archives: rouge
2025-07-15 10:21:58,101 - MaxLinkApp - DEBUG - Indicateur mis à jour pour orchestrator: rouge
2025-07-15 10:22:33,022 - MaxLinkApp - DEBUG - Indicateur mis à jour pour update: vert
2025-07-15 10:22:33,022 - MaxLinkApp - DEBUG - Indicateur mis à jour pour ap: vert
2025-07-15 10:22:33,022 - MaxLinkApp - DEBUG - Indicateur mis à jour pour nginx: vert
2025-07-15 10:22:33,022 - MaxLinkApp - DEBUG - Indicateur mis à jour pour mqtt: vert
2025-07-15 10:22:33,022 - MaxLinkApp - DEBUG - Indicateur mis à jour pour mqtt_wgs: rouge
2025-07-15 10:22:33,022 - MaxLinkApp - DEBUG - Indicateur mis à jour pour php_archives: rouge
2025-07-15 10:22:33,022 - MaxLinkApp - DEBUG - Indicateur mis à jour pour orchestrator: rouge
2025-07-15 10:23:19,360 - MaxLinkApp - DEBUG - Indicateur mis à jour pour update: vert
2025-07-15 10:23:19,361 - MaxLinkApp - DEBUG - Indicateur mis à jour pour ap: vert
2025-07-15 10:23:19,361 - MaxLinkApp - DEBUG - Indicateur mis à jour pour nginx: vert
2025-07-15 10:23:19,361 - MaxLinkApp - DEBUG - Indicateur mis à jour pour mqtt: vert
2025-07-15 10:23:19,361 - MaxLinkApp - DEBUG - Indicateur mis à jour pour mqtt_wgs: vert
2025-07-15 10:23:19,361 - MaxLinkApp - DEBUG - Indicateur mis à jour pour php_archives: rouge
2025-07-15 10:23:19,361 - MaxLinkApp - DEBUG - Indicateur mis à jour pour orchestrator: rouge
2025-07-15 10:24:03,977 - MaxLinkApp - DEBUG - Indicateur mis à jour pour update: vert
2025-07-15 10:24:03,977 - MaxLinkApp - DEBUG - Indicateur mis à jour pour ap: vert
2025-07-15 10:24:03,977 - MaxLinkApp - DEBUG - Indicateur mis à jour pour nginx: vert
2025-07-15 10:24:03,977 - MaxLinkApp - DEBUG - Indicateur mis à jour pour mqtt: vert
2025-07-15 10:24:03,977 - MaxLinkApp - DEBUG - Indicateur mis à jour pour mqtt_wgs: vert
2025-07-15 10:24:03,977 - MaxLinkApp - DEBUG - Indicateur mis à jour pour php_archives: vert
2025-07-15 10:24:03,978 - MaxLinkApp - DEBUG - Indicateur mis à jour pour orchestrator: rouge
2025-07-15 10:24:24,529 - MaxLinkApp - DEBUG - Indicateur mis à jour pour update: vert
2025-07-15 10:24:24,529 - MaxLinkApp - DEBUG - Indicateur mis à jour pour ap: vert
2025-07-15 10:24:24,529 - MaxLinkApp - DEBUG - Indicateur mis à jour pour nginx: vert
2025-07-15 10:24:24,529 - MaxLinkApp - DEBUG - Indicateur mis à jour pour mqtt: vert
2025-07-15 10:24:24,529 - MaxLinkApp - DEBUG - Indicateur mis à jour pour mqtt_wgs: vert
2025-07-15 10:24:24,529 - MaxLinkApp - DEBUG - Indicateur mis à jour pour php_archives: vert
2025-07-15 10:24:24,530 - MaxLinkApp - DEBUG - Indicateur mis à jour pour orchestrator: vert
