2025-06-24 13:12:34,285 - MaxLinkApp - INFO - ======================================================================
2025-06-24 13:12:34,285 - MaxLinkApp - INFO - Démarrage de MaxLink Admin Panel (version simplifiée)
2025-06-24 13:12:34,286 - MaxLinkApp - INFO - ======================================================================
2025-06-24 13:12:34,288 - MaxLinkApp - INFO - Variables chargées: 1 variables
2025-06-24 13:12:34,349 - MaxLinkApp - INFO - Initialisation de l'application MaxLink (version simplifiée)
2025-06-24 13:12:34,371 - MaxLinkApp - INFO - Mode root: True
2025-06-24 13:12:34,372 - MaxLinkApp - INFO - Services chargés: 6
2025-06-24 13:12:34,414 - MaxLinkApp - DEBUG - Indicateur mis à jour pour update: rouge
2025-06-24 13:12:34,415 - MaxLinkApp - DEBUG - Indicateur mis à jour pour ap: rouge
2025-06-24 13:12:34,415 - MaxLinkApp - DEBUG - Indicateur mis à jour pour nginx: rouge
2025-06-24 13:12:34,415 - MaxLinkApp - DEBUG - Indicateur mis à jour pour mqtt: rouge
2025-06-24 13:12:34,415 - MaxLinkApp - DEBUG - Indicateur mis à jour pour mqtt_wgs: rouge
2025-06-24 13:12:34,415 - MaxLinkApp - DEBUG - Indicateur mis à jour pour orchestrator: rouge
2025-06-24 13:12:34,415 - MaxLinkApp - DEBUG - Indicateur mis à jour pour update: rouge
2025-06-24 13:12:34,415 - MaxLinkApp - DEBUG - Indicateur mis à jour pour ap: rouge
2025-06-24 13:12:34,415 - MaxLinkApp - DEBUG - Indicateur mis à jour pour nginx: rouge
2025-06-24 13:12:34,415 - MaxLinkApp - DEBUG - Indicateur mis à jour pour mqtt: rouge
2025-06-24 13:12:34,415 - MaxLinkApp - DEBUG - Indicateur mis à jour pour mqtt_wgs: rouge
2025-06-24 13:12:34,415 - MaxLinkApp - DEBUG - Indicateur mis à jour pour orchestrator: rouge
2025-06-24 13:12:34,415 - MaxLinkApp - DEBUG - Rafraîchissement des indicateurs effectué
2025-06-24 13:12:34,415 - MaxLinkApp - INFO - Interface prête
2025-06-24 13:12:36,416 - MaxLinkApp - DEBUG - Indicateur mis à jour pour update: rouge
2025-06-24 13:12:36,416 - MaxLinkApp - DEBUG - Indicateur mis à jour pour ap: rouge
2025-06-24 13:12:36,416 - MaxLinkApp - DEBUG - Indicateur mis à jour pour nginx: rouge
2025-06-24 13:12:36,416 - MaxLinkApp - DEBUG - Indicateur mis à jour pour mqtt: rouge
2025-06-24 13:12:36,416 - MaxLinkApp - DEBUG - Indicateur mis à jour pour mqtt_wgs: rouge
2025-06-24 13:12:36,416 - MaxLinkApp - DEBUG - Indicateur mis à jour pour orchestrator: rouge
2025-06-24 13:12:36,416 - MaxLinkApp - DEBUG - Rafraîchissement des indicateurs effectué
2025-06-24 13:12:38,417 - MaxLinkApp - DEBUG - Indicateur mis à jour pour update: rouge
2025-06-24 13:12:38,417 - MaxLinkApp - DEBUG - Indicateur mis à jour pour ap: rouge
2025-06-24 13:12:38,417 - MaxLinkApp - DEBUG - Indicateur mis à jour pour nginx: rouge
2025-06-24 13:12:38,417 - MaxLinkApp - DEBUG - Indicateur mis à jour pour mqtt: rouge
2025-06-24 13:12:38,417 - MaxLinkApp - DEBUG - Indicateur mis à jour pour mqtt_wgs: rouge
2025-06-24 13:12:38,417 - MaxLinkApp - DEBUG - Indicateur mis à jour pour orchestrator: rouge
2025-06-24 13:12:38,417 - MaxLinkApp - DEBUG - Rafraîchissement des indicateurs effectué
2025-06-24 13:12:40,417 - MaxLinkApp - DEBUG - Indicateur mis à jour pour update: rouge
2025-06-24 13:12:40,417 - MaxLinkApp - DEBUG - Indicateur mis à jour pour ap: rouge
2025-06-24 13:12:40,418 - MaxLinkApp - DEBUG - Indicateur mis à jour pour nginx: rouge
2025-06-24 13:12:40,418 - MaxLinkApp - DEBUG - Indicateur mis à jour pour mqtt: rouge
2025-06-24 13:12:40,418 - MaxLinkApp - DEBUG - Indicateur mis à jour pour mqtt_wgs: rouge
2025-06-24 13:12:40,418 - MaxLinkApp - DEBUG - Indicateur mis à jour pour orchestrator: rouge
2025-06-24 13:12:40,418 - MaxLinkApp - DEBUG - Rafraîchissement des indicateurs effectué
2025-06-24 13:12:42,418 - MaxLinkApp - DEBUG - Indicateur mis à jour pour update: rouge
2025-06-24 13:12:42,418 - MaxLinkApp - DEBUG - Indicateur mis à jour pour ap: rouge
2025-06-24 13:12:42,418 - MaxLinkApp - DEBUG - Indicateur mis à jour pour nginx: rouge
2025-06-24 13:12:42,418 - MaxLinkApp - DEBUG - Indicateur mis à jour pour mqtt: rouge
2025-06-24 13:12:42,418 - MaxLinkApp - DEBUG - Indicateur mis à jour pour mqtt_wgs: rouge
2025-06-24 13:12:42,418 - MaxLinkApp - DEBUG - Indicateur mis à jour pour orchestrator: rouge
2025-06-24 13:12:42,418 - MaxLinkApp - DEBUG - Rafraîchissement des indicateurs effectué
2025-06-24 13:12:44,419 - MaxLinkApp - DEBUG - Indicateur mis à jour pour update: rouge
2025-06-24 13:12:44,419 - MaxLinkApp - DEBUG - Indicateur mis à jour pour ap: rouge
2025-06-24 13:12:44,419 - MaxLinkApp - DEBUG - Indicateur mis à jour pour nginx: rouge
2025-06-24 13:12:44,419 - MaxLinkApp - DEBUG - Indicateur mis à jour pour mqtt: rouge
2025-06-24 13:12:44,419 - MaxLinkApp - DEBUG - Indicateur mis à jour pour mqtt_wgs: rouge
2025-06-24 13:12:44,419 - MaxLinkApp - DEBUG - Indicateur mis à jour pour orchestrator: rouge
2025-06-24 13:12:44,419 - MaxLinkApp - DEBUG - Rafraîchissement des indicateurs effectué
2025-06-24 13:12:46,419 - MaxLinkApp - DEBUG - Indicateur mis à jour pour update: rouge
2025-06-24 13:12:46,420 - MaxLinkApp - DEBUG - Indicateur mis à jour pour ap: rouge
2025-06-24 13:12:46,420 - MaxLinkApp - DEBUG - Indicateur mis à jour pour nginx: rouge
2025-06-24 13:12:46,420 - MaxLinkApp - DEBUG - Indicateur mis à jour pour mqtt: rouge
2025-06-24 13:12:46,420 - MaxLinkApp - DEBUG - Indicateur mis à jour pour mqtt_wgs: rouge
2025-06-24 13:12:46,420 - MaxLinkApp - DEBUG - Indicateur mis à jour pour orchestrator: rouge
2025-06-24 13:12:46,420 - MaxLinkApp - DEBUG - Rafraîchissement des indicateurs effectué
2025-06-24 13:12:48,420 - MaxLinkApp - DEBUG - Indicateur mis à jour pour update: rouge
2025-06-24 13:12:48,420 - MaxLinkApp - DEBUG - Indicateur mis à jour pour ap: rouge
2025-06-24 13:12:48,420 - MaxLinkApp - DEBUG - Indicateur mis à jour pour nginx: rouge
2025-06-24 13:12:48,420 - MaxLinkApp - DEBUG - Indicateur mis à jour pour mqtt: rouge
2025-06-24 13:12:48,421 - MaxLinkApp - DEBUG - Indicateur mis à jour pour mqtt_wgs: rouge
2025-06-24 13:12:48,421 - MaxLinkApp - DEBUG - Indicateur mis à jour pour orchestrator: rouge
2025-06-24 13:12:48,421 - MaxLinkApp - DEBUG - Rafraîchissement des indicateurs effectué
2025-06-24 13:12:50,421 - MaxLinkApp - DEBUG - Indicateur mis à jour pour update: rouge
2025-06-24 13:12:50,421 - MaxLinkApp - DEBUG - Indicateur mis à jour pour ap: rouge
2025-06-24 13:12:50,421 - MaxLinkApp - DEBUG - Indicateur mis à jour pour nginx: rouge
2025-06-24 13:12:50,421 - MaxLinkApp - DEBUG - Indicateur mis à jour pour mqtt: rouge
2025-06-24 13:12:50,421 - MaxLinkApp - DEBUG - Indicateur mis à jour pour mqtt_wgs: rouge
2025-06-24 13:12:50,421 - MaxLinkApp - DEBUG - Indicateur mis à jour pour orchestrator: rouge
2025-06-24 13:12:50,421 - MaxLinkApp - DEBUG - Rafraîchissement des indicateurs effectué
2025-06-24 13:12:52,422 - MaxLinkApp - DEBUG - Indicateur mis à jour pour update: rouge
2025-06-24 13:12:52,422 - MaxLinkApp - DEBUG - Indicateur mis à jour pour ap: rouge
2025-06-24 13:12:52,422 - MaxLinkApp - DEBUG - Indicateur mis à jour pour nginx: rouge
2025-06-24 13:12:52,422 - MaxLinkApp - DEBUG - Indicateur mis à jour pour mqtt: rouge
2025-06-24 13:12:52,422 - MaxLinkApp - DEBUG - Indicateur mis à jour pour mqtt_wgs: rouge
2025-06-24 13:12:52,422 - MaxLinkApp - DEBUG - Indicateur mis à jour pour orchestrator: rouge
2025-06-24 13:12:52,422 - MaxLinkApp - DEBUG - Rafraîchissement des indicateurs effectué
2025-06-24 13:12:54,422 - MaxLinkApp - DEBUG - Indicateur mis à jour pour update: rouge
2025-06-24 13:12:54,423 - MaxLinkApp - DEBUG - Indicateur mis à jour pour ap: rouge
2025-06-24 13:12:54,423 - MaxLinkApp - DEBUG - Indicateur mis à jour pour nginx: rouge
2025-06-24 13:12:54,423 - MaxLinkApp - DEBUG - Indicateur mis à jour pour mqtt: rouge
2025-06-24 13:12:54,423 - MaxLinkApp - DEBUG - Indicateur mis à jour pour mqtt_wgs: rouge
2025-06-24 13:12:54,423 - MaxLinkApp - DEBUG - Indicateur mis à jour pour orchestrator: rouge
2025-06-24 13:12:54,423 - MaxLinkApp - DEBUG - Rafraîchissement des indicateurs effectué
2025-06-24 13:12:56,423 - MaxLinkApp - DEBUG - Indicateur mis à jour pour update: rouge
2025-06-24 13:12:56,423 - MaxLinkApp - DEBUG - Indicateur mis à jour pour ap: rouge
2025-06-24 13:12:56,423 - MaxLinkApp - DEBUG - Indicateur mis à jour pour nginx: rouge
2025-06-24 13:12:56,423 - MaxLinkApp - DEBUG - Indicateur mis à jour pour mqtt: rouge
2025-06-24 13:12:56,423 - MaxLinkApp - DEBUG - Indicateur mis à jour pour mqtt_wgs: rouge
2025-06-24 13:12:56,424 - MaxLinkApp - DEBUG - Indicateur mis à jour pour orchestrator: rouge
2025-06-24 13:12:56,424 - MaxLinkApp - DEBUG - Rafraîchissement des indicateurs effectué
2025-06-24 13:12:58,424 - MaxLinkApp - DEBUG - Indicateur mis à jour pour update: rouge
2025-06-24 13:12:58,424 - MaxLinkApp - DEBUG - Indicateur mis à jour pour ap: rouge
2025-06-24 13:12:58,424 - MaxLinkApp - DEBUG - Indicateur mis à jour pour nginx: rouge
2025-06-24 13:12:58,424 - MaxLinkApp - DEBUG - Indicateur mis à jour pour mqtt: rouge
2025-06-24 13:12:58,424 - MaxLinkApp - DEBUG - Indicateur mis à jour pour mqtt_wgs: rouge
2025-06-24 13:12:58,424 - MaxLinkApp - DEBUG - Indicateur mis à jour pour orchestrator: rouge
2025-06-24 13:12:58,424 - MaxLinkApp - DEBUG - Rafraîchissement des indicateurs effectué
2025-06-24 13:13:00,425 - MaxLinkApp - DEBUG - Indicateur mis à jour pour update: rouge
2025-06-24 13:13:00,425 - MaxLinkApp - DEBUG - Indicateur mis à jour pour ap: rouge
2025-06-24 13:13:00,425 - MaxLinkApp - DEBUG - Indicateur mis à jour pour nginx: rouge
2025-06-24 13:13:00,425 - MaxLinkApp - DEBUG - Indicateur mis à jour pour mqtt: rouge
2025-06-24 13:13:00,425 - MaxLinkApp - DEBUG - Indicateur mis à jour pour mqtt_wgs: rouge
2025-06-24 13:13:00,425 - MaxLinkApp - DEBUG - Indicateur mis à jour pour orchestrator: rouge
2025-06-24 13:13:00,425 - MaxLinkApp - DEBUG - Rafraîchissement des indicateurs effectué
2025-06-24 13:13:02,425 - MaxLinkApp - DEBUG - Indicateur mis à jour pour update: rouge
2025-06-24 13:13:02,426 - MaxLinkApp - DEBUG - Indicateur mis à jour pour ap: rouge
2025-06-24 13:13:02,426 - MaxLinkApp - DEBUG - Indicateur mis à jour pour nginx: rouge
2025-06-24 13:13:02,426 - MaxLinkApp - DEBUG - Indicateur mis à jour pour mqtt: rouge
2025-06-24 13:13:02,426 - MaxLinkApp - DEBUG - Indicateur mis à jour pour mqtt_wgs: rouge
2025-06-24 13:13:02,426 - MaxLinkApp - DEBUG - Indicateur mis à jour pour orchestrator: rouge
2025-06-24 13:13:02,426 - MaxLinkApp - DEBUG - Rafraîchissement des indicateurs effectué
2025-06-24 13:13:04,427 - MaxLinkApp - DEBUG - Indicateur mis à jour pour update: rouge
2025-06-24 13:13:04,427 - MaxLinkApp - DEBUG - Indicateur mis à jour pour ap: rouge
2025-06-24 13:13:04,427 - MaxLinkApp - DEBUG - Indicateur mis à jour pour nginx: rouge
2025-06-24 13:13:04,427 - MaxLinkApp - DEBUG - Indicateur mis à jour pour mqtt: rouge
2025-06-24 13:13:04,427 - MaxLinkApp - DEBUG - Indicateur mis à jour pour mqtt_wgs: rouge
2025-06-24 13:13:04,427 - MaxLinkApp - DEBUG - Indicateur mis à jour pour orchestrator: rouge
2025-06-24 13:13:04,427 - MaxLinkApp - DEBUG - Rafraîchissement des indicateurs effectué
2025-06-24 13:13:06,427 - MaxLinkApp - DEBUG - Indicateur mis à jour pour update: rouge
2025-06-24 13:13:06,428 - MaxLinkApp - DEBUG - Indicateur mis à jour pour ap: rouge
2025-06-24 13:13:06,428 - MaxLinkApp - DEBUG - Indicateur mis à jour pour nginx: rouge
2025-06-24 13:13:06,428 - MaxLinkApp - DEBUG - Indicateur mis à jour pour mqtt: rouge
2025-06-24 13:13:06,428 - MaxLinkApp - DEBUG - Indicateur mis à jour pour mqtt_wgs: rouge
2025-06-24 13:13:06,428 - MaxLinkApp - DEBUG - Indicateur mis à jour pour orchestrator: rouge
2025-06-24 13:13:06,428 - MaxLinkApp - DEBUG - Rafraîchissement des indicateurs effectué
2025-06-24 13:13:08,429 - MaxLinkApp - DEBUG - Indicateur mis à jour pour update: rouge
2025-06-24 13:13:08,429 - MaxLinkApp - DEBUG - Indicateur mis à jour pour ap: rouge
2025-06-24 13:13:08,429 - MaxLinkApp - DEBUG - Indicateur mis à jour pour nginx: rouge
2025-06-24 13:13:08,429 - MaxLinkApp - DEBUG - Indicateur mis à jour pour mqtt: rouge
2025-06-24 13:13:08,429 - MaxLinkApp - DEBUG - Indicateur mis à jour pour mqtt_wgs: rouge
2025-06-24 13:13:08,429 - MaxLinkApp - DEBUG - Indicateur mis à jour pour orchestrator: rouge
2025-06-24 13:13:08,429 - MaxLinkApp - DEBUG - Rafraîchissement des indicateurs effectué
2025-06-24 13:13:10,430 - MaxLinkApp - DEBUG - Indicateur mis à jour pour update: rouge
2025-06-24 13:13:10,430 - MaxLinkApp - DEBUG - Indicateur mis à jour pour ap: rouge
2025-06-24 13:13:10,430 - MaxLinkApp - DEBUG - Indicateur mis à jour pour nginx: rouge
2025-06-24 13:13:10,430 - MaxLinkApp - DEBUG - Indicateur mis à jour pour mqtt: rouge
2025-06-24 13:13:10,430 - MaxLinkApp - DEBUG - Indicateur mis à jour pour mqtt_wgs: rouge
2025-06-24 13:13:10,430 - MaxLinkApp - DEBUG - Indicateur mis à jour pour orchestrator: rouge
2025-06-24 13:13:10,430 - MaxLinkApp - DEBUG - Rafraîchissement des indicateurs effectué
2025-06-24 13:13:12,431 - MaxLinkApp - DEBUG - Indicateur mis à jour pour update: rouge
2025-06-24 13:13:12,431 - MaxLinkApp - DEBUG - Indicateur mis à jour pour ap: rouge
2025-06-24 13:13:12,431 - MaxLinkApp - DEBUG - Indicateur mis à jour pour nginx: rouge
2025-06-24 13:13:12,431 - MaxLinkApp - DEBUG - Indicateur mis à jour pour mqtt: rouge
2025-06-24 13:13:12,431 - MaxLinkApp - DEBUG - Indicateur mis à jour pour mqtt_wgs: rouge
2025-06-24 13:13:12,431 - MaxLinkApp - DEBUG - Indicateur mis à jour pour orchestrator: rouge
2025-06-24 13:13:12,431 - MaxLinkApp - DEBUG - Rafraîchissement des indicateurs effectué
2025-06-24 13:13:14,432 - MaxLinkApp - DEBUG - Indicateur mis à jour pour update: rouge
2025-06-24 13:13:14,432 - MaxLinkApp - DEBUG - Indicateur mis à jour pour ap: rouge
2025-06-24 13:13:14,432 - MaxLinkApp - DEBUG - Indicateur mis à jour pour nginx: rouge
2025-06-24 13:13:14,432 - MaxLinkApp - DEBUG - Indicateur mis à jour pour mqtt: rouge
2025-06-24 13:13:14,432 - MaxLinkApp - DEBUG - Indicateur mis à jour pour mqtt_wgs: rouge
2025-06-24 13:13:14,432 - MaxLinkApp - DEBUG - Indicateur mis à jour pour orchestrator: rouge
2025-06-24 13:13:14,432 - MaxLinkApp - DEBUG - Rafraîchissement des indicateurs effectué
2025-06-24 13:13:16,433 - MaxLinkApp - DEBUG - Indicateur mis à jour pour update: rouge
2025-06-24 13:13:16,433 - MaxLinkApp - DEBUG - Indicateur mis à jour pour ap: rouge
2025-06-24 13:13:16,433 - MaxLinkApp - DEBUG - Indicateur mis à jour pour nginx: rouge
2025-06-24 13:13:16,433 - MaxLinkApp - DEBUG - Indicateur mis à jour pour mqtt: rouge
2025-06-24 13:13:16,433 - MaxLinkApp - DEBUG - Indicateur mis à jour pour mqtt_wgs: rouge
2025-06-24 13:13:16,433 - MaxLinkApp - DEBUG - Indicateur mis à jour pour orchestrator: rouge
2025-06-24 13:13:16,433 - MaxLinkApp - DEBUG - Rafraîchissement des indicateurs effectué
2025-06-24 13:13:18,434 - MaxLinkApp - DEBUG - Indicateur mis à jour pour update: rouge
2025-06-24 13:13:18,434 - MaxLinkApp - DEBUG - Indicateur mis à jour pour ap: rouge
2025-06-24 13:13:18,434 - MaxLinkApp - DEBUG - Indicateur mis à jour pour nginx: rouge
2025-06-24 13:13:18,434 - MaxLinkApp - DEBUG - Indicateur mis à jour pour mqtt: rouge
2025-06-24 13:13:18,434 - MaxLinkApp - DEBUG - Indicateur mis à jour pour mqtt_wgs: rouge
2025-06-24 13:13:18,434 - MaxLinkApp - DEBUG - Indicateur mis à jour pour orchestrator: rouge
2025-06-24 13:13:18,434 - MaxLinkApp - DEBUG - Rafraîchissement des indicateurs effectué
2025-06-24 13:13:20,435 - MaxLinkApp - DEBUG - Indicateur mis à jour pour update: rouge
2025-06-24 13:13:20,435 - MaxLinkApp - DEBUG - Indicateur mis à jour pour ap: rouge
2025-06-24 13:13:20,435 - MaxLinkApp - DEBUG - Indicateur mis à jour pour nginx: rouge
2025-06-24 13:13:20,435 - MaxLinkApp - DEBUG - Indicateur mis à jour pour mqtt: rouge
2025-06-24 13:13:20,435 - MaxLinkApp - DEBUG - Indicateur mis à jour pour mqtt_wgs: rouge
2025-06-24 13:13:20,435 - MaxLinkApp - DEBUG - Indicateur mis à jour pour orchestrator: rouge
2025-06-24 13:13:20,435 - MaxLinkApp - DEBUG - Rafraîchissement des indicateurs effectué
2025-06-24 13:13:22,436 - MaxLinkApp - DEBUG - Indicateur mis à jour pour update: rouge
2025-06-24 13:13:22,436 - MaxLinkApp - DEBUG - Indicateur mis à jour pour ap: rouge
2025-06-24 13:13:22,436 - MaxLinkApp - DEBUG - Indicateur mis à jour pour nginx: rouge
2025-06-24 13:13:22,436 - MaxLinkApp - DEBUG - Indicateur mis à jour pour mqtt: rouge
2025-06-24 13:13:22,436 - MaxLinkApp - DEBUG - Indicateur mis à jour pour mqtt_wgs: rouge
2025-06-24 13:13:22,436 - MaxLinkApp - DEBUG - Indicateur mis à jour pour orchestrator: rouge
2025-06-24 13:13:22,436 - MaxLinkApp - DEBUG - Rafraîchissement des indicateurs effectué
2025-06-24 13:13:24,437 - MaxLinkApp - DEBUG - Indicateur mis à jour pour update: rouge
2025-06-24 13:13:24,437 - MaxLinkApp - DEBUG - Indicateur mis à jour pour ap: rouge
2025-06-24 13:13:24,437 - MaxLinkApp - DEBUG - Indicateur mis à jour pour nginx: rouge
2025-06-24 13:13:24,437 - MaxLinkApp - DEBUG - Indicateur mis à jour pour mqtt: rouge
2025-06-24 13:13:24,437 - MaxLinkApp - DEBUG - Indicateur mis à jour pour mqtt_wgs: rouge
2025-06-24 13:13:24,437 - MaxLinkApp - DEBUG - Indicateur mis à jour pour orchestrator: rouge
2025-06-24 13:13:24,438 - MaxLinkApp - DEBUG - Rafraîchissement des indicateurs effectué
2025-06-24 13:13:26,438 - MaxLinkApp - DEBUG - Indicateur mis à jour pour update: rouge
2025-06-24 13:13:26,438 - MaxLinkApp - DEBUG - Indicateur mis à jour pour ap: rouge
2025-06-24 13:13:26,438 - MaxLinkApp - DEBUG - Indicateur mis à jour pour nginx: rouge
2025-06-24 13:13:26,438 - MaxLinkApp - DEBUG - Indicateur mis à jour pour mqtt: rouge
2025-06-24 13:13:26,438 - MaxLinkApp - DEBUG - Indicateur mis à jour pour mqtt_wgs: rouge
2025-06-24 13:13:26,439 - MaxLinkApp - DEBUG - Indicateur mis à jour pour orchestrator: rouge
2025-06-24 13:13:26,439 - MaxLinkApp - DEBUG - Rafraîchissement des indicateurs effectué
2025-06-24 13:13:28,439 - MaxLinkApp - DEBUG - Indicateur mis à jour pour update: rouge
2025-06-24 13:13:28,439 - MaxLinkApp - DEBUG - Indicateur mis à jour pour ap: rouge
2025-06-24 13:13:28,439 - MaxLinkApp - DEBUG - Indicateur mis à jour pour nginx: rouge
2025-06-24 13:13:28,439 - MaxLinkApp - DEBUG - Indicateur mis à jour pour mqtt: rouge
2025-06-24 13:13:28,440 - MaxLinkApp - DEBUG - Indicateur mis à jour pour mqtt_wgs: rouge
2025-06-24 13:13:28,440 - MaxLinkApp - DEBUG - Indicateur mis à jour pour orchestrator: rouge
2025-06-24 13:13:28,440 - MaxLinkApp - DEBUG - Rafraîchissement des indicateurs effectué
2025-06-24 13:13:30,440 - MaxLinkApp - DEBUG - Indicateur mis à jour pour update: rouge
2025-06-24 13:13:30,440 - MaxLinkApp - DEBUG - Indicateur mis à jour pour ap: rouge
2025-06-24 13:13:30,440 - MaxLinkApp - DEBUG - Indicateur mis à jour pour nginx: rouge
2025-06-24 13:13:30,440 - MaxLinkApp - DEBUG - Indicateur mis à jour pour mqtt: rouge
2025-06-24 13:13:30,441 - MaxLinkApp - DEBUG - Indicateur mis à jour pour mqtt_wgs: rouge
2025-06-24 13:13:30,441 - MaxLinkApp - DEBUG - Indicateur mis à jour pour orchestrator: rouge
2025-06-24 13:13:30,441 - MaxLinkApp - DEBUG - Rafraîchissement des indicateurs effectué
2025-06-24 13:13:32,441 - MaxLinkApp - DEBUG - Indicateur mis à jour pour update: rouge
2025-06-24 13:13:32,441 - MaxLinkApp - DEBUG - Indicateur mis à jour pour ap: rouge
2025-06-24 13:13:32,441 - MaxLinkApp - DEBUG - Indicateur mis à jour pour nginx: rouge
2025-06-24 13:13:32,442 - MaxLinkApp - DEBUG - Indicateur mis à jour pour mqtt: rouge
2025-06-24 13:13:32,442 - MaxLinkApp - DEBUG - Indicateur mis à jour pour mqtt_wgs: rouge
2025-06-24 13:13:32,442 - MaxLinkApp - DEBUG - Indicateur mis à jour pour orchestrator: rouge
2025-06-24 13:13:32,442 - MaxLinkApp - DEBUG - Rafraîchissement des indicateurs effectué
2025-06-24 13:13:34,442 - MaxLinkApp - DEBUG - Indicateur mis à jour pour update: rouge
2025-06-24 13:13:34,442 - MaxLinkApp - DEBUG - Indicateur mis à jour pour ap: rouge
2025-06-24 13:13:34,442 - MaxLinkApp - DEBUG - Indicateur mis à jour pour nginx: rouge
2025-06-24 13:13:34,443 - MaxLinkApp - DEBUG - Indicateur mis à jour pour mqtt: rouge
2025-06-24 13:13:34,443 - MaxLinkApp - DEBUG - Indicateur mis à jour pour mqtt_wgs: rouge
2025-06-24 13:13:34,443 - MaxLinkApp - DEBUG - Indicateur mis à jour pour orchestrator: rouge
2025-06-24 13:13:34,443 - MaxLinkApp - DEBUG - Rafraîchissement des indicateurs effectué
2025-06-24 13:13:36,443 - MaxLinkApp - DEBUG - Indicateur mis à jour pour update: rouge
2025-06-24 13:13:36,443 - MaxLinkApp - DEBUG - Indicateur mis à jour pour ap: rouge
2025-06-24 13:13:36,443 - MaxLinkApp - DEBUG - Indicateur mis à jour pour nginx: rouge
2025-06-24 13:13:36,444 - MaxLinkApp - DEBUG - Indicateur mis à jour pour mqtt: rouge
2025-06-24 13:13:36,444 - MaxLinkApp - DEBUG - Indicateur mis à jour pour mqtt_wgs: rouge
2025-06-24 13:13:36,444 - MaxLinkApp - DEBUG - Indicateur mis à jour pour orchestrator: rouge
2025-06-24 13:13:36,444 - MaxLinkApp - DEBUG - Rafraîchissement des indicateurs effectué
2025-06-24 13:13:38,444 - MaxLinkApp - DEBUG - Indicateur mis à jour pour update: rouge
2025-06-24 13:13:38,444 - MaxLinkApp - DEBUG - Indicateur mis à jour pour ap: rouge
2025-06-24 13:13:38,444 - MaxLinkApp - DEBUG - Indicateur mis à jour pour nginx: rouge
2025-06-24 13:13:38,445 - MaxLinkApp - DEBUG - Indicateur mis à jour pour mqtt: rouge
2025-06-24 13:13:38,445 - MaxLinkApp - DEBUG - Indicateur mis à jour pour mqtt_wgs: rouge
2025-06-24 13:13:38,445 - MaxLinkApp - DEBUG - Indicateur mis à jour pour orchestrator: rouge
2025-06-24 13:13:38,445 - MaxLinkApp - DEBUG - Rafraîchissement des indicateurs effectué
2025-06-24 13:13:40,445 - MaxLinkApp - DEBUG - Indicateur mis à jour pour update: rouge
2025-06-24 13:13:40,445 - MaxLinkApp - DEBUG - Indicateur mis à jour pour ap: rouge
2025-06-24 13:13:40,445 - MaxLinkApp - DEBUG - Indicateur mis à jour pour nginx: rouge
2025-06-24 13:13:40,446 - MaxLinkApp - DEBUG - Indicateur mis à jour pour mqtt: rouge
2025-06-24 13:13:40,446 - MaxLinkApp - DEBUG - Indicateur mis à jour pour mqtt_wgs: rouge
2025-06-24 13:13:40,446 - MaxLinkApp - DEBUG - Indicateur mis à jour pour orchestrator: rouge
2025-06-24 13:13:40,446 - MaxLinkApp - DEBUG - Rafraîchissement des indicateurs effectué
2025-06-24 13:13:42,446 - MaxLinkApp - DEBUG - Indicateur mis à jour pour update: rouge
2025-06-24 13:13:42,446 - MaxLinkApp - DEBUG - Indicateur mis à jour pour ap: rouge
2025-06-24 13:13:42,446 - MaxLinkApp - DEBUG - Indicateur mis à jour pour nginx: rouge
2025-06-24 13:13:42,447 - MaxLinkApp - DEBUG - Indicateur mis à jour pour mqtt: rouge
2025-06-24 13:13:42,447 - MaxLinkApp - DEBUG - Indicateur mis à jour pour mqtt_wgs: rouge
2025-06-24 13:13:42,447 - MaxLinkApp - DEBUG - Indicateur mis à jour pour orchestrator: rouge
2025-06-24 13:13:42,447 - MaxLinkApp - DEBUG - Rafraîchissement des indicateurs effectué
2025-06-24 13:13:44,447 - MaxLinkApp - DEBUG - Indicateur mis à jour pour update: rouge
2025-06-24 13:13:44,447 - MaxLinkApp - DEBUG - Indicateur mis à jour pour ap: rouge
2025-06-24 13:13:44,447 - MaxLinkApp - DEBUG - Indicateur mis à jour pour nginx: rouge
2025-06-24 13:13:44,448 - MaxLinkApp - DEBUG - Indicateur mis à jour pour mqtt: rouge
2025-06-24 13:13:44,448 - MaxLinkApp - DEBUG - Indicateur mis à jour pour mqtt_wgs: rouge
2025-06-24 13:13:44,448 - MaxLinkApp - DEBUG - Indicateur mis à jour pour orchestrator: rouge
2025-06-24 13:13:44,448 - MaxLinkApp - DEBUG - Rafraîchissement des indicateurs effectué
2025-06-24 13:13:46,448 - MaxLinkApp - DEBUG - Indicateur mis à jour pour update: rouge
2025-06-24 13:13:46,448 - MaxLinkApp - DEBUG - Indicateur mis à jour pour ap: rouge
2025-06-24 13:13:46,448 - MaxLinkApp - DEBUG - Indicateur mis à jour pour nginx: rouge
2025-06-24 13:13:46,449 - MaxLinkApp - DEBUG - Indicateur mis à jour pour mqtt: rouge
2025-06-24 13:13:46,449 - MaxLinkApp - DEBUG - Indicateur mis à jour pour mqtt_wgs: rouge
2025-06-24 13:13:46,449 - MaxLinkApp - DEBUG - Indicateur mis à jour pour orchestrator: rouge
2025-06-24 13:13:46,449 - MaxLinkApp - DEBUG - Rafraîchissement des indicateurs effectué
2025-06-24 13:13:48,449 - MaxLinkApp - DEBUG - Indicateur mis à jour pour update: rouge
2025-06-24 13:13:48,449 - MaxLinkApp - DEBUG - Indicateur mis à jour pour ap: rouge
2025-06-24 13:13:48,449 - MaxLinkApp - DEBUG - Indicateur mis à jour pour nginx: rouge
2025-06-24 13:13:48,449 - MaxLinkApp - DEBUG - Indicateur mis à jour pour mqtt: rouge
2025-06-24 13:13:48,450 - MaxLinkApp - DEBUG - Indicateur mis à jour pour mqtt_wgs: rouge
2025-06-24 13:13:48,450 - MaxLinkApp - DEBUG - Indicateur mis à jour pour orchestrator: rouge
2025-06-24 13:13:48,450 - MaxLinkApp - DEBUG - Rafraîchissement des indicateurs effectué
2025-06-24 13:13:50,450 - MaxLinkApp - DEBUG - Indicateur mis à jour pour update: rouge
2025-06-24 13:13:50,450 - MaxLinkApp - DEBUG - Indicateur mis à jour pour ap: rouge
2025-06-24 13:13:50,450 - MaxLinkApp - DEBUG - Indicateur mis à jour pour nginx: rouge
2025-06-24 13:13:50,450 - MaxLinkApp - DEBUG - Indicateur mis à jour pour mqtt: rouge
2025-06-24 13:13:50,451 - MaxLinkApp - DEBUG - Indicateur mis à jour pour mqtt_wgs: rouge
2025-06-24 13:13:50,451 - MaxLinkApp - DEBUG - Indicateur mis à jour pour orchestrator: rouge
2025-06-24 13:13:50,451 - MaxLinkApp - DEBUG - Rafraîchissement des indicateurs effectué
2025-06-24 13:13:52,451 - MaxLinkApp - DEBUG - Indicateur mis à jour pour update: rouge
2025-06-24 13:13:52,451 - MaxLinkApp - DEBUG - Indicateur mis à jour pour ap: rouge
2025-06-24 13:13:52,451 - MaxLinkApp - DEBUG - Indicateur mis à jour pour nginx: rouge
2025-06-24 13:13:52,451 - MaxLinkApp - DEBUG - Indicateur mis à jour pour mqtt: rouge
2025-06-24 13:13:52,451 - MaxLinkApp - DEBUG - Indicateur mis à jour pour mqtt_wgs: rouge
2025-06-24 13:13:52,452 - MaxLinkApp - DEBUG - Indicateur mis à jour pour orchestrator: rouge
2025-06-24 13:13:52,452 - MaxLinkApp - DEBUG - Rafraîchissement des indicateurs effectué
2025-06-24 13:13:54,452 - MaxLinkApp - DEBUG - Indicateur mis à jour pour update: rouge
2025-06-24 13:13:54,452 - MaxLinkApp - DEBUG - Indicateur mis à jour pour ap: rouge
2025-06-24 13:13:54,452 - MaxLinkApp - DEBUG - Indicateur mis à jour pour nginx: rouge
2025-06-24 13:13:54,452 - MaxLinkApp - DEBUG - Indicateur mis à jour pour mqtt: rouge
2025-06-24 13:13:54,452 - MaxLinkApp - DEBUG - Indicateur mis à jour pour mqtt_wgs: rouge
2025-06-24 13:13:54,452 - MaxLinkApp - DEBUG - Indicateur mis à jour pour orchestrator: rouge
2025-06-24 13:13:54,452 - MaxLinkApp - DEBUG - Rafraîchissement des indicateurs effectué
2025-06-24 13:13:56,453 - MaxLinkApp - DEBUG - Indicateur mis à jour pour update: rouge
2025-06-24 13:13:56,453 - MaxLinkApp - DEBUG - Indicateur mis à jour pour ap: rouge
2025-06-24 13:13:56,453 - MaxLinkApp - DEBUG - Indicateur mis à jour pour nginx: rouge
2025-06-24 13:13:56,453 - MaxLinkApp - DEBUG - Indicateur mis à jour pour mqtt: rouge
2025-06-24 13:13:56,453 - MaxLinkApp - DEBUG - Indicateur mis à jour pour mqtt_wgs: rouge
2025-06-24 13:13:56,453 - MaxLinkApp - DEBUG - Indicateur mis à jour pour orchestrator: rouge
2025-06-24 13:13:56,453 - MaxLinkApp - DEBUG - Rafraîchissement des indicateurs effectué
2025-06-24 13:13:58,454 - MaxLinkApp - DEBUG - Indicateur mis à jour pour update: rouge
2025-06-24 13:13:58,454 - MaxLinkApp - DEBUG - Indicateur mis à jour pour ap: rouge
2025-06-24 13:13:58,454 - MaxLinkApp - DEBUG - Indicateur mis à jour pour nginx: rouge
2025-06-24 13:13:58,454 - MaxLinkApp - DEBUG - Indicateur mis à jour pour mqtt: rouge
2025-06-24 13:13:58,455 - MaxLinkApp - DEBUG - Indicateur mis à jour pour mqtt_wgs: rouge
2025-06-24 13:13:58,455 - MaxLinkApp - DEBUG - Indicateur mis à jour pour orchestrator: rouge
2025-06-24 13:13:58,455 - MaxLinkApp - DEBUG - Rafraîchissement des indicateurs effectué
2025-06-24 13:14:00,455 - MaxLinkApp - DEBUG - Indicateur mis à jour pour update: rouge
2025-06-24 13:14:00,455 - MaxLinkApp - DEBUG - Indicateur mis à jour pour ap: rouge
2025-06-24 13:14:00,455 - MaxLinkApp - DEBUG - Indicateur mis à jour pour nginx: rouge
2025-06-24 13:14:00,455 - MaxLinkApp - DEBUG - Indicateur mis à jour pour mqtt: rouge
2025-06-24 13:14:00,455 - MaxLinkApp - DEBUG - Indicateur mis à jour pour mqtt_wgs: rouge
2025-06-24 13:14:00,456 - MaxLinkApp - DEBUG - Indicateur mis à jour pour orchestrator: rouge
2025-06-24 13:14:00,456 - MaxLinkApp - DEBUG - Rafraîchissement des indicateurs effectué
2025-06-24 13:14:02,456 - MaxLinkApp - DEBUG - Indicateur mis à jour pour update: rouge
2025-06-24 13:14:02,456 - MaxLinkApp - DEBUG - Indicateur mis à jour pour ap: rouge
2025-06-24 13:14:02,456 - MaxLinkApp - DEBUG - Indicateur mis à jour pour nginx: rouge
2025-06-24 13:14:02,456 - MaxLinkApp - DEBUG - Indicateur mis à jour pour mqtt: rouge
2025-06-24 13:14:02,456 - MaxLinkApp - DEBUG - Indicateur mis à jour pour mqtt_wgs: rouge
2025-06-24 13:14:02,457 - MaxLinkApp - DEBUG - Indicateur mis à jour pour orchestrator: rouge
2025-06-24 13:14:02,457 - MaxLinkApp - DEBUG - Rafraîchissement des indicateurs effectué
2025-06-24 13:14:04,457 - MaxLinkApp - DEBUG - Indicateur mis à jour pour update: rouge
2025-06-24 13:14:04,457 - MaxLinkApp - DEBUG - Indicateur mis à jour pour ap: rouge
2025-06-24 13:14:04,457 - MaxLinkApp - DEBUG - Indicateur mis à jour pour nginx: rouge
2025-06-24 13:14:04,457 - MaxLinkApp - DEBUG - Indicateur mis à jour pour mqtt: rouge
2025-06-24 13:14:04,457 - MaxLinkApp - DEBUG - Indicateur mis à jour pour mqtt_wgs: rouge
2025-06-24 13:14:04,457 - MaxLinkApp - DEBUG - Indicateur mis à jour pour orchestrator: rouge
2025-06-24 13:14:04,458 - MaxLinkApp - DEBUG - Rafraîchissement des indicateurs effectué
2025-06-24 13:14:06,458 - MaxLinkApp - DEBUG - Indicateur mis à jour pour update: rouge
2025-06-24 13:14:06,458 - MaxLinkApp - DEBUG - Indicateur mis à jour pour ap: rouge
2025-06-24 13:14:06,458 - MaxLinkApp - DEBUG - Indicateur mis à jour pour nginx: rouge
2025-06-24 13:14:06,458 - MaxLinkApp - DEBUG - Indicateur mis à jour pour mqtt: rouge
2025-06-24 13:14:06,458 - MaxLinkApp - DEBUG - Indicateur mis à jour pour mqtt_wgs: rouge
2025-06-24 13:14:06,458 - MaxLinkApp - DEBUG - Indicateur mis à jour pour orchestrator: rouge
2025-06-24 13:14:06,458 - MaxLinkApp - DEBUG - Rafraîchissement des indicateurs effectué
2025-06-24 13:14:08,459 - MaxLinkApp - DEBUG - Indicateur mis à jour pour update: rouge
2025-06-24 13:14:08,459 - MaxLinkApp - DEBUG - Indicateur mis à jour pour ap: rouge
2025-06-24 13:14:08,459 - MaxLinkApp - DEBUG - Indicateur mis à jour pour nginx: rouge
2025-06-24 13:14:08,459 - MaxLinkApp - DEBUG - Indicateur mis à jour pour mqtt: rouge
2025-06-24 13:14:08,460 - MaxLinkApp - DEBUG - Indicateur mis à jour pour mqtt_wgs: rouge
2025-06-24 13:14:08,460 - MaxLinkApp - DEBUG - Indicateur mis à jour pour orchestrator: rouge
2025-06-24 13:14:08,460 - MaxLinkApp - DEBUG - Rafraîchissement des indicateurs effectué
2025-06-24 13:14:10,460 - MaxLinkApp - DEBUG - Indicateur mis à jour pour update: rouge
2025-06-24 13:14:10,461 - MaxLinkApp - DEBUG - Indicateur mis à jour pour ap: rouge
2025-06-24 13:14:10,461 - MaxLinkApp - DEBUG - Indicateur mis à jour pour nginx: rouge
2025-06-24 13:14:10,461 - MaxLinkApp - DEBUG - Indicateur mis à jour pour mqtt: rouge
2025-06-24 13:14:10,461 - MaxLinkApp - DEBUG - Indicateur mis à jour pour mqtt_wgs: rouge
2025-06-24 13:14:10,461 - MaxLinkApp - DEBUG - Indicateur mis à jour pour orchestrator: rouge
2025-06-24 13:14:10,461 - MaxLinkApp - DEBUG - Rafraîchissement des indicateurs effectué
2025-06-24 13:14:12,462 - MaxLinkApp - DEBUG - Indicateur mis à jour pour update: rouge
2025-06-24 13:14:12,462 - MaxLinkApp - DEBUG - Indicateur mis à jour pour ap: rouge
2025-06-24 13:14:12,462 - MaxLinkApp - DEBUG - Indicateur mis à jour pour nginx: rouge
2025-06-24 13:14:12,463 - MaxLinkApp - DEBUG - Indicateur mis à jour pour mqtt: rouge
2025-06-24 13:14:12,463 - MaxLinkApp - DEBUG - Indicateur mis à jour pour mqtt_wgs: rouge
2025-06-24 13:14:12,463 - MaxLinkApp - DEBUG - Indicateur mis à jour pour orchestrator: rouge
2025-06-24 13:14:12,463 - MaxLinkApp - DEBUG - Rafraîchissement des indicateurs effectué
2025-06-24 13:14:14,464 - MaxLinkApp - DEBUG - Indicateur mis à jour pour update: rouge
2025-06-24 13:14:14,464 - MaxLinkApp - DEBUG - Indicateur mis à jour pour ap: rouge
2025-06-24 13:14:14,464 - MaxLinkApp - DEBUG - Indicateur mis à jour pour nginx: rouge
2025-06-24 13:14:14,464 - MaxLinkApp - DEBUG - Indicateur mis à jour pour mqtt: rouge
2025-06-24 13:14:14,464 - MaxLinkApp - DEBUG - Indicateur mis à jour pour mqtt_wgs: rouge
2025-06-24 13:14:14,465 - MaxLinkApp - DEBUG - Indicateur mis à jour pour orchestrator: rouge
2025-06-24 13:14:14,465 - MaxLinkApp - DEBUG - Rafraîchissement des indicateurs effectué
2025-06-24 13:14:16,465 - MaxLinkApp - DEBUG - Indicateur mis à jour pour update: rouge
2025-06-24 13:14:16,465 - MaxLinkApp - DEBUG - Indicateur mis à jour pour ap: rouge
2025-06-24 13:14:16,465 - MaxLinkApp - DEBUG - Indicateur mis à jour pour nginx: rouge
2025-06-24 13:14:16,466 - MaxLinkApp - DEBUG - Indicateur mis à jour pour mqtt: rouge
2025-06-24 13:14:16,466 - MaxLinkApp - DEBUG - Indicateur mis à jour pour mqtt_wgs: rouge
2025-06-24 13:14:16,466 - MaxLinkApp - DEBUG - Indicateur mis à jour pour orchestrator: rouge
2025-06-24 13:14:16,466 - MaxLinkApp - DEBUG - Rafraîchissement des indicateurs effectué
2025-06-24 13:14:18,466 - MaxLinkApp - DEBUG - Indicateur mis à jour pour update: rouge
2025-06-24 13:14:18,466 - MaxLinkApp - DEBUG - Indicateur mis à jour pour ap: rouge
2025-06-24 13:14:18,466 - MaxLinkApp - DEBUG - Indicateur mis à jour pour nginx: rouge
2025-06-24 13:14:18,467 - MaxLinkApp - DEBUG - Indicateur mis à jour pour mqtt: rouge
2025-06-24 13:14:18,467 - MaxLinkApp - DEBUG - Indicateur mis à jour pour mqtt_wgs: rouge
2025-06-24 13:14:18,467 - MaxLinkApp - DEBUG - Indicateur mis à jour pour orchestrator: rouge
2025-06-24 13:14:18,467 - MaxLinkApp - DEBUG - Rafraîchissement des indicateurs effectué
2025-06-24 13:14:20,467 - MaxLinkApp - DEBUG - Indicateur mis à jour pour update: rouge
2025-06-24 13:14:20,467 - MaxLinkApp - DEBUG - Indicateur mis à jour pour ap: rouge
2025-06-24 13:14:20,468 - MaxLinkApp - DEBUG - Indicateur mis à jour pour nginx: rouge
2025-06-24 13:14:20,468 - MaxLinkApp - DEBUG - Indicateur mis à jour pour mqtt: rouge
2025-06-24 13:14:20,468 - MaxLinkApp - DEBUG - Indicateur mis à jour pour mqtt_wgs: rouge
2025-06-24 13:14:20,468 - MaxLinkApp - DEBUG - Indicateur mis à jour pour orchestrator: rouge
2025-06-24 13:14:20,468 - MaxLinkApp - DEBUG - Rafraîchissement des indicateurs effectué
2025-06-24 13:14:22,469 - MaxLinkApp - DEBUG - Indicateur mis à jour pour update: rouge
2025-06-24 13:14:22,469 - MaxLinkApp - DEBUG - Indicateur mis à jour pour ap: rouge
2025-06-24 13:14:22,469 - MaxLinkApp - DEBUG - Indicateur mis à jour pour nginx: rouge
2025-06-24 13:14:22,469 - MaxLinkApp - DEBUG - Indicateur mis à jour pour mqtt: rouge
2025-06-24 13:14:22,470 - MaxLinkApp - DEBUG - Indicateur mis à jour pour mqtt_wgs: rouge
2025-06-24 13:14:22,470 - MaxLinkApp - DEBUG - Indicateur mis à jour pour orchestrator: rouge
2025-06-24 13:14:22,470 - MaxLinkApp - DEBUG - Rafraîchissement des indicateurs effectué
2025-06-24 13:14:24,470 - MaxLinkApp - DEBUG - Indicateur mis à jour pour update: rouge
2025-06-24 13:14:24,470 - MaxLinkApp - DEBUG - Indicateur mis à jour pour ap: rouge
2025-06-24 13:14:24,471 - MaxLinkApp - DEBUG - Indicateur mis à jour pour nginx: rouge
2025-06-24 13:14:24,471 - MaxLinkApp - DEBUG - Indicateur mis à jour pour mqtt: rouge
2025-06-24 13:14:24,471 - MaxLinkApp - DEBUG - Indicateur mis à jour pour mqtt_wgs: rouge
2025-06-24 13:14:24,471 - MaxLinkApp - DEBUG - Indicateur mis à jour pour orchestrator: rouge
2025-06-24 13:14:24,471 - MaxLinkApp - DEBUG - Rafraîchissement des indicateurs effectué
2025-06-24 13:14:26,471 - MaxLinkApp - DEBUG - Indicateur mis à jour pour update: rouge
2025-06-24 13:14:26,472 - MaxLinkApp - DEBUG - Indicateur mis à jour pour ap: rouge
2025-06-24 13:14:26,472 - MaxLinkApp - DEBUG - Indicateur mis à jour pour nginx: rouge
2025-06-24 13:14:26,472 - MaxLinkApp - DEBUG - Indicateur mis à jour pour mqtt: rouge
2025-06-24 13:14:26,472 - MaxLinkApp - DEBUG - Indicateur mis à jour pour mqtt_wgs: rouge
2025-06-24 13:14:26,472 - MaxLinkApp - DEBUG - Indicateur mis à jour pour orchestrator: rouge
2025-06-24 13:14:26,472 - MaxLinkApp - DEBUG - Rafraîchissement des indicateurs effectué
2025-06-24 13:14:28,473 - MaxLinkApp - DEBUG - Indicateur mis à jour pour update: rouge
2025-06-24 13:14:28,473 - MaxLinkApp - DEBUG - Indicateur mis à jour pour ap: rouge
2025-06-24 13:14:28,473 - MaxLinkApp - DEBUG - Indicateur mis à jour pour nginx: rouge
2025-06-24 13:14:28,474 - MaxLinkApp - DEBUG - Indicateur mis à jour pour mqtt: rouge
2025-06-24 13:14:28,474 - MaxLinkApp - DEBUG - Indicateur mis à jour pour mqtt_wgs: rouge
2025-06-24 13:14:28,474 - MaxLinkApp - DEBUG - Indicateur mis à jour pour orchestrator: rouge
2025-06-24 13:14:28,474 - MaxLinkApp - DEBUG - Rafraîchissement des indicateurs effectué
2025-06-24 13:14:30,474 - MaxLinkApp - DEBUG - Indicateur mis à jour pour update: rouge
2025-06-24 13:14:30,475 - MaxLinkApp - DEBUG - Indicateur mis à jour pour ap: rouge
2025-06-24 13:14:30,475 - MaxLinkApp - DEBUG - Indicateur mis à jour pour nginx: rouge
2025-06-24 13:14:30,475 - MaxLinkApp - DEBUG - Indicateur mis à jour pour mqtt: rouge
2025-06-24 13:14:30,475 - MaxLinkApp - DEBUG - Indicateur mis à jour pour mqtt_wgs: rouge
2025-06-24 13:14:30,475 - MaxLinkApp - DEBUG - Indicateur mis à jour pour orchestrator: rouge
2025-06-24 13:14:30,476 - MaxLinkApp - DEBUG - Rafraîchissement des indicateurs effectué
2025-06-24 13:14:32,476 - MaxLinkApp - DEBUG - Indicateur mis à jour pour update: rouge
2025-06-24 13:14:32,476 - MaxLinkApp - DEBUG - Indicateur mis à jour pour ap: rouge
2025-06-24 13:14:32,476 - MaxLinkApp - DEBUG - Indicateur mis à jour pour nginx: rouge
2025-06-24 13:14:32,477 - MaxLinkApp - DEBUG - Indicateur mis à jour pour mqtt: rouge
2025-06-24 13:14:32,477 - MaxLinkApp - DEBUG - Indicateur mis à jour pour mqtt_wgs: rouge
2025-06-24 13:14:32,477 - MaxLinkApp - DEBUG - Indicateur mis à jour pour orchestrator: rouge
2025-06-24 13:14:32,477 - MaxLinkApp - DEBUG - Rafraîchissement des indicateurs effectué
2025-06-24 13:14:34,478 - MaxLinkApp - DEBUG - Indicateur mis à jour pour update: rouge
2025-06-24 13:14:34,478 - MaxLinkApp - DEBUG - Indicateur mis à jour pour ap: rouge
2025-06-24 13:14:34,478 - MaxLinkApp - DEBUG - Indicateur mis à jour pour nginx: rouge
2025-06-24 13:14:34,478 - MaxLinkApp - DEBUG - Indicateur mis à jour pour mqtt: rouge
2025-06-24 13:14:34,478 - MaxLinkApp - DEBUG - Indicateur mis à jour pour mqtt_wgs: rouge
2025-06-24 13:14:34,479 - MaxLinkApp - DEBUG - Indicateur mis à jour pour orchestrator: rouge
2025-06-24 13:14:34,479 - MaxLinkApp - DEBUG - Rafraîchissement des indicateurs effectué
2025-06-24 13:14:36,479 - MaxLinkApp - DEBUG - Indicateur mis à jour pour update: rouge
2025-06-24 13:14:36,480 - MaxLinkApp - DEBUG - Indicateur mis à jour pour ap: rouge
2025-06-24 13:14:36,480 - MaxLinkApp - DEBUG - Indicateur mis à jour pour nginx: rouge
2025-06-24 13:14:36,480 - MaxLinkApp - DEBUG - Indicateur mis à jour pour mqtt: rouge
2025-06-24 13:14:36,480 - MaxLinkApp - DEBUG - Indicateur mis à jour pour mqtt_wgs: rouge
2025-06-24 13:14:36,480 - MaxLinkApp - DEBUG - Indicateur mis à jour pour orchestrator: rouge
2025-06-24 13:14:36,480 - MaxLinkApp - DEBUG - Rafraîchissement des indicateurs effectué
2025-06-24 13:14:38,481 - MaxLinkApp - DEBUG - Indicateur mis à jour pour update: rouge
2025-06-24 13:14:38,481 - MaxLinkApp - DEBUG - Indicateur mis à jour pour ap: rouge
2025-06-24 13:14:38,481 - MaxLinkApp - DEBUG - Indicateur mis à jour pour nginx: rouge
2025-06-24 13:14:38,481 - MaxLinkApp - DEBUG - Indicateur mis à jour pour mqtt: rouge
2025-06-24 13:14:38,482 - MaxLinkApp - DEBUG - Indicateur mis à jour pour mqtt_wgs: rouge
2025-06-24 13:14:38,482 - MaxLinkApp - DEBUG - Indicateur mis à jour pour orchestrator: rouge
2025-06-24 13:14:38,482 - MaxLinkApp - DEBUG - Rafraîchissement des indicateurs effectué
2025-06-24 13:14:40,482 - MaxLinkApp - DEBUG - Indicateur mis à jour pour update: rouge
2025-06-24 13:14:40,483 - MaxLinkApp - DEBUG - Indicateur mis à jour pour ap: rouge
2025-06-24 13:14:40,483 - MaxLinkApp - DEBUG - Indicateur mis à jour pour nginx: rouge
2025-06-24 13:14:40,483 - MaxLinkApp - DEBUG - Indicateur mis à jour pour mqtt: rouge
2025-06-24 13:14:40,483 - MaxLinkApp - DEBUG - Indicateur mis à jour pour mqtt_wgs: rouge
2025-06-24 13:14:40,483 - MaxLinkApp - DEBUG - Indicateur mis à jour pour orchestrator: rouge
2025-06-24 13:14:40,484 - MaxLinkApp - DEBUG - Rafraîchissement des indicateurs effectué
2025-06-24 13:14:42,484 - MaxLinkApp - DEBUG - Indicateur mis à jour pour update: rouge
2025-06-24 13:14:42,484 - MaxLinkApp - DEBUG - Indicateur mis à jour pour ap: rouge
2025-06-24 13:14:42,484 - MaxLinkApp - DEBUG - Indicateur mis à jour pour nginx: rouge
2025-06-24 13:14:42,485 - MaxLinkApp - DEBUG - Indicateur mis à jour pour mqtt: rouge
2025-06-24 13:14:42,485 - MaxLinkApp - DEBUG - Indicateur mis à jour pour mqtt_wgs: rouge
2025-06-24 13:14:42,485 - MaxLinkApp - DEBUG - Indicateur mis à jour pour orchestrator: rouge
2025-06-24 13:14:42,485 - MaxLinkApp - DEBUG - Rafraîchissement des indicateurs effectué
2025-06-24 13:14:44,486 - MaxLinkApp - DEBUG - Indicateur mis à jour pour update: rouge
2025-06-24 13:14:44,486 - MaxLinkApp - DEBUG - Indicateur mis à jour pour ap: rouge
2025-06-24 13:14:44,486 - MaxLinkApp - DEBUG - Indicateur mis à jour pour nginx: rouge
2025-06-24 13:14:44,486 - MaxLinkApp - DEBUG - Indicateur mis à jour pour mqtt: rouge
2025-06-24 13:14:44,486 - MaxLinkApp - DEBUG - Indicateur mis à jour pour mqtt_wgs: rouge
2025-06-24 13:14:44,486 - MaxLinkApp - DEBUG - Indicateur mis à jour pour orchestrator: rouge
2025-06-24 13:14:44,486 - MaxLinkApp - DEBUG - Rafraîchissement des indicateurs effectué
2025-06-24 13:14:44,659 - MaxLinkApp - INFO - Lancement de l'installation complète
2025-06-24 13:14:46,486 - MaxLinkApp - DEBUG - Indicateur mis à jour pour update: rouge
2025-06-24 13:14:46,487 - MaxLinkApp - DEBUG - Indicateur mis à jour pour ap: rouge
2025-06-24 13:14:46,487 - MaxLinkApp - DEBUG - Indicateur mis à jour pour nginx: rouge
2025-06-24 13:14:46,487 - MaxLinkApp - DEBUG - Indicateur mis à jour pour mqtt: rouge
2025-06-24 13:14:46,487 - MaxLinkApp - DEBUG - Indicateur mis à jour pour mqtt_wgs: rouge
2025-06-24 13:14:46,487 - MaxLinkApp - DEBUG - Indicateur mis à jour pour orchestrator: rouge
2025-06-24 13:14:46,487 - MaxLinkApp - DEBUG - Rafraîchissement des indicateurs effectué
2025-06-24 13:14:46,762 - MaxLinkApp - INFO - Exécution du script: /media/prod/USBTOOL/scripts/install/full_install_install.sh
2025-06-24 13:19:34,428 - MaxLinkApp - DEBUG - Indicateur mis à jour pour update: vert
2025-06-24 13:19:34,429 - MaxLinkApp - DEBUG - Indicateur mis à jour pour ap: rouge
2025-06-24 13:19:34,429 - MaxLinkApp - DEBUG - Indicateur mis à jour pour nginx: rouge
2025-06-24 13:19:34,429 - MaxLinkApp - DEBUG - Indicateur mis à jour pour mqtt: rouge
2025-06-24 13:19:34,429 - MaxLinkApp - DEBUG - Indicateur mis à jour pour mqtt_wgs: rouge
2025-06-24 13:19:34,429 - MaxLinkApp - DEBUG - Indicateur mis à jour pour orchestrator: rouge
2025-06-24 13:20:14,508 - MaxLinkApp - DEBUG - Indicateur mis à jour pour update: vert
2025-06-24 13:20:14,508 - MaxLinkApp - DEBUG - Indicateur mis à jour pour ap: vert
2025-06-24 13:20:14,508 - MaxLinkApp - DEBUG - Indicateur mis à jour pour nginx: rouge
2025-06-24 13:20:14,508 - MaxLinkApp - DEBUG - Indicateur mis à jour pour mqtt: rouge
2025-06-24 13:20:14,508 - MaxLinkApp - DEBUG - Indicateur mis à jour pour mqtt_wgs: rouge
2025-06-24 13:20:14,508 - MaxLinkApp - DEBUG - Indicateur mis à jour pour orchestrator: rouge
2025-06-24 13:20:45,436 - MaxLinkApp - DEBUG - Indicateur mis à jour pour update: vert
2025-06-24 13:20:45,436 - MaxLinkApp - DEBUG - Indicateur mis à jour pour ap: vert
2025-06-24 13:20:45,436 - MaxLinkApp - DEBUG - Indicateur mis à jour pour nginx: vert
2025-06-24 13:20:45,436 - MaxLinkApp - DEBUG - Indicateur mis à jour pour mqtt: rouge
2025-06-24 13:20:45,436 - MaxLinkApp - DEBUG - Indicateur mis à jour pour mqtt_wgs: rouge
2025-06-24 13:20:45,436 - MaxLinkApp - DEBUG - Indicateur mis à jour pour orchestrator: rouge
2025-06-24 13:21:20,308 - MaxLinkApp - DEBUG - Indicateur mis à jour pour update: vert
2025-06-24 13:21:20,308 - MaxLinkApp - DEBUG - Indicateur mis à jour pour ap: vert
2025-06-24 13:21:20,309 - MaxLinkApp - DEBUG - Indicateur mis à jour pour nginx: vert
2025-06-24 13:21:20,309 - MaxLinkApp - DEBUG - Indicateur mis à jour pour mqtt: vert
2025-06-24 13:21:20,309 - MaxLinkApp - DEBUG - Indicateur mis à jour pour mqtt_wgs: rouge
2025-06-24 13:21:20,309 - MaxLinkApp - DEBUG - Indicateur mis à jour pour orchestrator: rouge
2025-06-24 13:22:01,924 - MaxLinkApp - DEBUG - Indicateur mis à jour pour update: vert
2025-06-24 13:22:01,925 - MaxLinkApp - DEBUG - Indicateur mis à jour pour ap: vert
2025-06-24 13:22:01,925 - MaxLinkApp - DEBUG - Indicateur mis à jour pour nginx: vert
2025-06-24 13:22:01,925 - MaxLinkApp - DEBUG - Indicateur mis à jour pour mqtt: vert
2025-06-24 13:22:01,925 - MaxLinkApp - DEBUG - Indicateur mis à jour pour mqtt_wgs: vert
2025-06-24 13:22:01,925 - MaxLinkApp - DEBUG - Indicateur mis à jour pour orchestrator: rouge
2025-06-24 13:22:22,708 - MaxLinkApp - DEBUG - Indicateur mis à jour pour update: vert
2025-06-24 13:22:22,708 - MaxLinkApp - DEBUG - Indicateur mis à jour pour ap: vert
2025-06-24 13:22:22,708 - MaxLinkApp - DEBUG - Indicateur mis à jour pour nginx: vert
2025-06-24 13:22:22,708 - MaxLinkApp - DEBUG - Indicateur mis à jour pour mqtt: vert
2025-06-24 13:22:22,708 - MaxLinkApp - DEBUG - Indicateur mis à jour pour mqtt_wgs: vert
2025-06-24 13:22:22,708 - MaxLinkApp - DEBUG - Indicateur mis à jour pour orchestrator: vert
