2025-10-22 10:00:28,217 - MaxLinkApp - INFO - ======================================================================
2025-10-22 10:00:28,217 - MaxLinkApp - INFO - Démarrage de MaxLink Admin Panel (version simplifiée)
2025-10-22 10:00:28,218 - MaxLinkApp - INFO - ======================================================================
2025-10-22 10:00:28,218 - MaxLinkApp - INFO - Variables chargées: 1 variables
2025-10-22 10:00:28,274 - MaxLinkApp - INFO - Initialisation de l'application MaxLink (version simplifiée)
2025-10-22 10:00:28,278 - MaxLinkApp - INFO - Mode root: True
2025-10-22 10:00:28,279 - MaxLinkApp - INFO - Services chargés: 8
2025-10-22 10:00:28,321 - MaxLinkApp - DEBUG - Indicateur mis à jour pour update: rouge
2025-10-22 10:00:28,322 - MaxLinkApp - DEBUG - Indicateur mis à jour pour ap: rouge
2025-10-22 10:00:28,322 - MaxLinkApp - DEBUG - Indicateur mis à jour pour nginx: rouge
2025-10-22 10:00:28,322 - MaxLinkApp - DEBUG - Indicateur mis à jour pour fake_ncsi: rouge
2025-10-22 10:00:28,322 - MaxLinkApp - DEBUG - Indicateur mis à jour pour mqtt: rouge
2025-10-22 10:00:28,322 - MaxLinkApp - DEBUG - Indicateur mis à jour pour mqtt_wgs: rouge
2025-10-22 10:00:28,322 - MaxLinkApp - DEBUG - Indicateur mis à jour pour php_archives: rouge
2025-10-22 10:00:28,322 - MaxLinkApp - DEBUG - Indicateur mis à jour pour orchestrator: rouge
2025-10-22 10:00:28,322 - MaxLinkApp - DEBUG - Indicateur mis à jour pour update: rouge
2025-10-22 10:00:28,322 - MaxLinkApp - DEBUG - Indicateur mis à jour pour ap: rouge
2025-10-22 10:00:28,322 - MaxLinkApp - DEBUG - Indicateur mis à jour pour nginx: rouge
2025-10-22 10:00:28,322 - MaxLinkApp - DEBUG - Indicateur mis à jour pour fake_ncsi: rouge
2025-10-22 10:00:28,322 - MaxLinkApp - DEBUG - Indicateur mis à jour pour mqtt: rouge
2025-10-22 10:00:28,322 - MaxLinkApp - DEBUG - Indicateur mis à jour pour mqtt_wgs: rouge
2025-10-22 10:00:28,322 - MaxLinkApp - DEBUG - Indicateur mis à jour pour php_archives: rouge
2025-10-22 10:00:28,322 - MaxLinkApp - DEBUG - Indicateur mis à jour pour orchestrator: rouge
2025-10-22 10:00:28,322 - MaxLinkApp - DEBUG - Rafraîchissement des indicateurs effectué
2025-10-22 10:00:28,322 - MaxLinkApp - INFO - Interface prête
2025-10-22 10:00:30,323 - MaxLinkApp - DEBUG - Indicateur mis à jour pour update: rouge
2025-10-22 10:00:30,323 - MaxLinkApp - DEBUG - Indicateur mis à jour pour ap: rouge
2025-10-22 10:00:30,323 - MaxLinkApp - DEBUG - Indicateur mis à jour pour nginx: rouge
2025-10-22 10:00:30,323 - MaxLinkApp - DEBUG - Indicateur mis à jour pour fake_ncsi: rouge
2025-10-22 10:00:30,323 - MaxLinkApp - DEBUG - Indicateur mis à jour pour mqtt: rouge
2025-10-22 10:00:30,323 - MaxLinkApp - DEBUG - Indicateur mis à jour pour mqtt_wgs: rouge
2025-10-22 10:00:30,323 - MaxLinkApp - DEBUG - Indicateur mis à jour pour php_archives: rouge
2025-10-22 10:00:30,323 - MaxLinkApp - DEBUG - Indicateur mis à jour pour orchestrator: rouge
2025-10-22 10:00:30,323 - MaxLinkApp - DEBUG - Rafraîchissement des indicateurs effectué
2025-10-22 10:00:32,324 - MaxLinkApp - DEBUG - Indicateur mis à jour pour update: rouge
2025-10-22 10:00:32,324 - MaxLinkApp - DEBUG - Indicateur mis à jour pour ap: rouge
2025-10-22 10:00:32,324 - MaxLinkApp - DEBUG - Indicateur mis à jour pour nginx: rouge
2025-10-22 10:00:32,324 - MaxLinkApp - DEBUG - Indicateur mis à jour pour fake_ncsi: rouge
2025-10-22 10:00:32,324 - MaxLinkApp - DEBUG - Indicateur mis à jour pour mqtt: rouge
2025-10-22 10:00:32,324 - MaxLinkApp - DEBUG - Indicateur mis à jour pour mqtt_wgs: rouge
2025-10-22 10:00:32,324 - MaxLinkApp - DEBUG - Indicateur mis à jour pour php_archives: rouge
2025-10-22 10:00:32,324 - MaxLinkApp - DEBUG - Indicateur mis à jour pour orchestrator: rouge
2025-10-22 10:00:32,324 - MaxLinkApp - DEBUG - Rafraîchissement des indicateurs effectué
2025-10-22 10:00:34,325 - MaxLinkApp - DEBUG - Indicateur mis à jour pour update: rouge
2025-10-22 10:00:34,325 - MaxLinkApp - DEBUG - Indicateur mis à jour pour ap: rouge
2025-10-22 10:00:34,325 - MaxLinkApp - DEBUG - Indicateur mis à jour pour nginx: rouge
2025-10-22 10:00:34,325 - MaxLinkApp - DEBUG - Indicateur mis à jour pour fake_ncsi: rouge
2025-10-22 10:00:34,325 - MaxLinkApp - DEBUG - Indicateur mis à jour pour mqtt: rouge
2025-10-22 10:00:34,325 - MaxLinkApp - DEBUG - Indicateur mis à jour pour mqtt_wgs: rouge
2025-10-22 10:00:34,325 - MaxLinkApp - DEBUG - Indicateur mis à jour pour php_archives: rouge
2025-10-22 10:00:34,325 - MaxLinkApp - DEBUG - Indicateur mis à jour pour orchestrator: rouge
2025-10-22 10:00:34,325 - MaxLinkApp - DEBUG - Rafraîchissement des indicateurs effectué
2025-10-22 10:00:36,326 - MaxLinkApp - DEBUG - Indicateur mis à jour pour update: rouge
2025-10-22 10:00:36,326 - MaxLinkApp - DEBUG - Indicateur mis à jour pour ap: rouge
2025-10-22 10:00:36,326 - MaxLinkApp - DEBUG - Indicateur mis à jour pour nginx: rouge
2025-10-22 10:00:36,326 - MaxLinkApp - DEBUG - Indicateur mis à jour pour fake_ncsi: rouge
2025-10-22 10:00:36,326 - MaxLinkApp - DEBUG - Indicateur mis à jour pour mqtt: rouge
2025-10-22 10:00:36,327 - MaxLinkApp - DEBUG - Indicateur mis à jour pour mqtt_wgs: rouge
2025-10-22 10:00:36,327 - MaxLinkApp - DEBUG - Indicateur mis à jour pour php_archives: rouge
2025-10-22 10:00:36,327 - MaxLinkApp - DEBUG - Indicateur mis à jour pour orchestrator: rouge
2025-10-22 10:00:36,327 - MaxLinkApp - DEBUG - Rafraîchissement des indicateurs effectué
2025-10-22 10:00:38,327 - MaxLinkApp - DEBUG - Indicateur mis à jour pour update: rouge
2025-10-22 10:00:38,328 - MaxLinkApp - DEBUG - Indicateur mis à jour pour ap: rouge
2025-10-22 10:00:38,328 - MaxLinkApp - DEBUG - Indicateur mis à jour pour nginx: rouge
2025-10-22 10:00:38,328 - MaxLinkApp - DEBUG - Indicateur mis à jour pour fake_ncsi: rouge
2025-10-22 10:00:38,328 - MaxLinkApp - DEBUG - Indicateur mis à jour pour mqtt: rouge
2025-10-22 10:00:38,328 - MaxLinkApp - DEBUG - Indicateur mis à jour pour mqtt_wgs: rouge
2025-10-22 10:00:38,328 - MaxLinkApp - DEBUG - Indicateur mis à jour pour php_archives: rouge
2025-10-22 10:00:38,329 - MaxLinkApp - DEBUG - Indicateur mis à jour pour orchestrator: rouge
2025-10-22 10:00:38,329 - MaxLinkApp - DEBUG - Rafraîchissement des indicateurs effectué
2025-10-22 10:00:40,329 - MaxLinkApp - DEBUG - Indicateur mis à jour pour update: rouge
2025-10-22 10:00:40,329 - MaxLinkApp - DEBUG - Indicateur mis à jour pour ap: rouge
2025-10-22 10:00:40,330 - MaxLinkApp - DEBUG - Indicateur mis à jour pour nginx: rouge
2025-10-22 10:00:40,330 - MaxLinkApp - DEBUG - Indicateur mis à jour pour fake_ncsi: rouge
2025-10-22 10:00:40,330 - MaxLinkApp - DEBUG - Indicateur mis à jour pour mqtt: rouge
2025-10-22 10:00:40,330 - MaxLinkApp - DEBUG - Indicateur mis à jour pour mqtt_wgs: rouge
2025-10-22 10:00:40,330 - MaxLinkApp - DEBUG - Indicateur mis à jour pour php_archives: rouge
2025-10-22 10:00:40,330 - MaxLinkApp - DEBUG - Indicateur mis à jour pour orchestrator: rouge
2025-10-22 10:00:40,330 - MaxLinkApp - DEBUG - Rafraîchissement des indicateurs effectué
2025-10-22 10:00:42,330 - MaxLinkApp - DEBUG - Indicateur mis à jour pour update: rouge
2025-10-22 10:00:42,331 - MaxLinkApp - DEBUG - Indicateur mis à jour pour ap: rouge
2025-10-22 10:00:42,331 - MaxLinkApp - DEBUG - Indicateur mis à jour pour nginx: rouge
2025-10-22 10:00:42,331 - MaxLinkApp - DEBUG - Indicateur mis à jour pour fake_ncsi: rouge
2025-10-22 10:00:42,331 - MaxLinkApp - DEBUG - Indicateur mis à jour pour mqtt: rouge
2025-10-22 10:00:42,331 - MaxLinkApp - DEBUG - Indicateur mis à jour pour mqtt_wgs: rouge
2025-10-22 10:00:42,331 - MaxLinkApp - DEBUG - Indicateur mis à jour pour php_archives: rouge
2025-10-22 10:00:42,332 - MaxLinkApp - DEBUG - Indicateur mis à jour pour orchestrator: rouge
2025-10-22 10:00:42,332 - MaxLinkApp - DEBUG - Rafraîchissement des indicateurs effectué
2025-10-22 10:00:44,333 - MaxLinkApp - DEBUG - Indicateur mis à jour pour update: rouge
2025-10-22 10:00:44,333 - MaxLinkApp - DEBUG - Indicateur mis à jour pour ap: rouge
2025-10-22 10:00:44,333 - MaxLinkApp - DEBUG - Indicateur mis à jour pour nginx: rouge
2025-10-22 10:00:44,333 - MaxLinkApp - DEBUG - Indicateur mis à jour pour fake_ncsi: rouge
2025-10-22 10:00:44,333 - MaxLinkApp - DEBUG - Indicateur mis à jour pour mqtt: rouge
2025-10-22 10:00:44,333 - MaxLinkApp - DEBUG - Indicateur mis à jour pour mqtt_wgs: rouge
2025-10-22 10:00:44,333 - MaxLinkApp - DEBUG - Indicateur mis à jour pour php_archives: rouge
2025-10-22 10:00:44,333 - MaxLinkApp - DEBUG - Indicateur mis à jour pour orchestrator: rouge
2025-10-22 10:00:44,333 - MaxLinkApp - DEBUG - Rafraîchissement des indicateurs effectué
2025-10-22 10:00:46,333 - MaxLinkApp - DEBUG - Indicateur mis à jour pour update: rouge
2025-10-22 10:00:46,334 - MaxLinkApp - DEBUG - Indicateur mis à jour pour ap: rouge
2025-10-22 10:00:46,334 - MaxLinkApp - DEBUG - Indicateur mis à jour pour nginx: rouge
2025-10-22 10:00:46,334 - MaxLinkApp - DEBUG - Indicateur mis à jour pour fake_ncsi: rouge
2025-10-22 10:00:46,334 - MaxLinkApp - DEBUG - Indicateur mis à jour pour mqtt: rouge
2025-10-22 10:00:46,334 - MaxLinkApp - DEBUG - Indicateur mis à jour pour mqtt_wgs: rouge
2025-10-22 10:00:46,334 - MaxLinkApp - DEBUG - Indicateur mis à jour pour php_archives: rouge
2025-10-22 10:00:46,334 - MaxLinkApp - DEBUG - Indicateur mis à jour pour orchestrator: rouge
2025-10-22 10:00:46,334 - MaxLinkApp - DEBUG - Rafraîchissement des indicateurs effectué
2025-10-22 10:00:48,334 - MaxLinkApp - DEBUG - Indicateur mis à jour pour update: rouge
2025-10-22 10:00:48,334 - MaxLinkApp - DEBUG - Indicateur mis à jour pour ap: rouge
2025-10-22 10:00:48,335 - MaxLinkApp - DEBUG - Indicateur mis à jour pour nginx: rouge
2025-10-22 10:00:48,335 - MaxLinkApp - DEBUG - Indicateur mis à jour pour fake_ncsi: rouge
2025-10-22 10:00:48,335 - MaxLinkApp - DEBUG - Indicateur mis à jour pour mqtt: rouge
2025-10-22 10:00:48,335 - MaxLinkApp - DEBUG - Indicateur mis à jour pour mqtt_wgs: rouge
2025-10-22 10:00:48,335 - MaxLinkApp - DEBUG - Indicateur mis à jour pour php_archives: rouge
2025-10-22 10:00:48,335 - MaxLinkApp - DEBUG - Indicateur mis à jour pour orchestrator: rouge
2025-10-22 10:00:48,335 - MaxLinkApp - DEBUG - Rafraîchissement des indicateurs effectué
2025-10-22 10:00:50,335 - MaxLinkApp - DEBUG - Indicateur mis à jour pour update: rouge
2025-10-22 10:00:50,336 - MaxLinkApp - DEBUG - Indicateur mis à jour pour ap: rouge
2025-10-22 10:00:50,336 - MaxLinkApp - DEBUG - Indicateur mis à jour pour nginx: rouge
2025-10-22 10:00:50,336 - MaxLinkApp - DEBUG - Indicateur mis à jour pour fake_ncsi: rouge
2025-10-22 10:00:50,336 - MaxLinkApp - DEBUG - Indicateur mis à jour pour mqtt: rouge
2025-10-22 10:00:50,336 - MaxLinkApp - DEBUG - Indicateur mis à jour pour mqtt_wgs: rouge
2025-10-22 10:00:50,336 - MaxLinkApp - DEBUG - Indicateur mis à jour pour php_archives: rouge
2025-10-22 10:00:50,336 - MaxLinkApp - DEBUG - Indicateur mis à jour pour orchestrator: rouge
2025-10-22 10:00:50,336 - MaxLinkApp - DEBUG - Rafraîchissement des indicateurs effectué
2025-10-22 10:00:52,337 - MaxLinkApp - DEBUG - Indicateur mis à jour pour update: rouge
2025-10-22 10:00:52,337 - MaxLinkApp - DEBUG - Indicateur mis à jour pour ap: rouge
2025-10-22 10:00:52,337 - MaxLinkApp - DEBUG - Indicateur mis à jour pour nginx: rouge
2025-10-22 10:00:52,337 - MaxLinkApp - DEBUG - Indicateur mis à jour pour fake_ncsi: rouge
2025-10-22 10:00:52,337 - MaxLinkApp - DEBUG - Indicateur mis à jour pour mqtt: rouge
2025-10-22 10:00:52,337 - MaxLinkApp - DEBUG - Indicateur mis à jour pour mqtt_wgs: rouge
2025-10-22 10:00:52,337 - MaxLinkApp - DEBUG - Indicateur mis à jour pour php_archives: rouge
2025-10-22 10:00:52,337 - MaxLinkApp - DEBUG - Indicateur mis à jour pour orchestrator: rouge
2025-10-22 10:00:52,337 - MaxLinkApp - DEBUG - Rafraîchissement des indicateurs effectué
2025-10-22 10:00:54,338 - MaxLinkApp - DEBUG - Indicateur mis à jour pour update: rouge
2025-10-22 10:00:54,338 - MaxLinkApp - DEBUG - Indicateur mis à jour pour ap: rouge
2025-10-22 10:00:54,338 - MaxLinkApp - DEBUG - Indicateur mis à jour pour nginx: rouge
2025-10-22 10:00:54,338 - MaxLinkApp - DEBUG - Indicateur mis à jour pour fake_ncsi: rouge
2025-10-22 10:00:54,338 - MaxLinkApp - DEBUG - Indicateur mis à jour pour mqtt: rouge
2025-10-22 10:00:54,338 - MaxLinkApp - DEBUG - Indicateur mis à jour pour mqtt_wgs: rouge
2025-10-22 10:00:54,338 - MaxLinkApp - DEBUG - Indicateur mis à jour pour php_archives: rouge
2025-10-22 10:00:54,338 - MaxLinkApp - DEBUG - Indicateur mis à jour pour orchestrator: rouge
2025-10-22 10:00:54,338 - MaxLinkApp - DEBUG - Rafraîchissement des indicateurs effectué
2025-10-22 10:00:56,339 - MaxLinkApp - DEBUG - Indicateur mis à jour pour update: rouge
2025-10-22 10:00:56,339 - MaxLinkApp - DEBUG - Indicateur mis à jour pour ap: rouge
2025-10-22 10:00:56,339 - MaxLinkApp - DEBUG - Indicateur mis à jour pour nginx: rouge
2025-10-22 10:00:56,339 - MaxLinkApp - DEBUG - Indicateur mis à jour pour fake_ncsi: rouge
2025-10-22 10:00:56,339 - MaxLinkApp - DEBUG - Indicateur mis à jour pour mqtt: rouge
2025-10-22 10:00:56,339 - MaxLinkApp - DEBUG - Indicateur mis à jour pour mqtt_wgs: rouge
2025-10-22 10:00:56,339 - MaxLinkApp - DEBUG - Indicateur mis à jour pour php_archives: rouge
2025-10-22 10:00:56,339 - MaxLinkApp - DEBUG - Indicateur mis à jour pour orchestrator: rouge
2025-10-22 10:00:56,339 - MaxLinkApp - DEBUG - Rafraîchissement des indicateurs effectué
2025-10-22 10:00:58,339 - MaxLinkApp - DEBUG - Indicateur mis à jour pour update: rouge
2025-10-22 10:00:58,339 - MaxLinkApp - DEBUG - Indicateur mis à jour pour ap: rouge
2025-10-22 10:00:58,340 - MaxLinkApp - DEBUG - Indicateur mis à jour pour nginx: rouge
2025-10-22 10:00:58,340 - MaxLinkApp - DEBUG - Indicateur mis à jour pour fake_ncsi: rouge
2025-10-22 10:00:58,340 - MaxLinkApp - DEBUG - Indicateur mis à jour pour mqtt: rouge
2025-10-22 10:00:58,340 - MaxLinkApp - DEBUG - Indicateur mis à jour pour mqtt_wgs: rouge
2025-10-22 10:00:58,340 - MaxLinkApp - DEBUG - Indicateur mis à jour pour php_archives: rouge
2025-10-22 10:00:58,340 - MaxLinkApp - DEBUG - Indicateur mis à jour pour orchestrator: rouge
2025-10-22 10:00:58,340 - MaxLinkApp - DEBUG - Rafraîchissement des indicateurs effectué
2025-10-22 10:01:00,340 - MaxLinkApp - DEBUG - Indicateur mis à jour pour update: rouge
2025-10-22 10:01:00,340 - MaxLinkApp - DEBUG - Indicateur mis à jour pour ap: rouge
2025-10-22 10:01:00,341 - MaxLinkApp - DEBUG - Indicateur mis à jour pour nginx: rouge
2025-10-22 10:01:00,341 - MaxLinkApp - DEBUG - Indicateur mis à jour pour fake_ncsi: rouge
2025-10-22 10:01:00,341 - MaxLinkApp - DEBUG - Indicateur mis à jour pour mqtt: rouge
2025-10-22 10:01:00,341 - MaxLinkApp - DEBUG - Indicateur mis à jour pour mqtt_wgs: rouge
2025-10-22 10:01:00,341 - MaxLinkApp - DEBUG - Indicateur mis à jour pour php_archives: rouge
2025-10-22 10:01:00,341 - MaxLinkApp - DEBUG - Indicateur mis à jour pour orchestrator: rouge
2025-10-22 10:01:00,341 - MaxLinkApp - DEBUG - Rafraîchissement des indicateurs effectué
2025-10-22 10:01:02,342 - MaxLinkApp - DEBUG - Indicateur mis à jour pour update: rouge
2025-10-22 10:01:02,342 - MaxLinkApp - DEBUG - Indicateur mis à jour pour ap: rouge
2025-10-22 10:01:02,342 - MaxLinkApp - DEBUG - Indicateur mis à jour pour nginx: rouge
2025-10-22 10:01:02,342 - MaxLinkApp - DEBUG - Indicateur mis à jour pour fake_ncsi: rouge
2025-10-22 10:01:02,342 - MaxLinkApp - DEBUG - Indicateur mis à jour pour mqtt: rouge
2025-10-22 10:01:02,342 - MaxLinkApp - DEBUG - Indicateur mis à jour pour mqtt_wgs: rouge
2025-10-22 10:01:02,342 - MaxLinkApp - DEBUG - Indicateur mis à jour pour php_archives: rouge
2025-10-22 10:01:02,342 - MaxLinkApp - DEBUG - Indicateur mis à jour pour orchestrator: rouge
2025-10-22 10:01:02,342 - MaxLinkApp - DEBUG - Rafraîchissement des indicateurs effectué
2025-10-22 10:01:04,343 - MaxLinkApp - DEBUG - Indicateur mis à jour pour update: rouge
2025-10-22 10:01:04,343 - MaxLinkApp - DEBUG - Indicateur mis à jour pour ap: rouge
2025-10-22 10:01:04,343 - MaxLinkApp - DEBUG - Indicateur mis à jour pour nginx: rouge
2025-10-22 10:01:04,343 - MaxLinkApp - DEBUG - Indicateur mis à jour pour fake_ncsi: rouge
2025-10-22 10:01:04,344 - MaxLinkApp - DEBUG - Indicateur mis à jour pour mqtt: rouge
2025-10-22 10:01:04,344 - MaxLinkApp - DEBUG - Indicateur mis à jour pour mqtt_wgs: rouge
2025-10-22 10:01:04,344 - MaxLinkApp - DEBUG - Indicateur mis à jour pour php_archives: rouge
2025-10-22 10:01:04,344 - MaxLinkApp - DEBUG - Indicateur mis à jour pour orchestrator: rouge
2025-10-22 10:01:04,344 - MaxLinkApp - DEBUG - Rafraîchissement des indicateurs effectué
2025-10-22 10:01:06,345 - MaxLinkApp - DEBUG - Indicateur mis à jour pour update: rouge
2025-10-22 10:01:06,345 - MaxLinkApp - DEBUG - Indicateur mis à jour pour ap: rouge
2025-10-22 10:01:06,345 - MaxLinkApp - DEBUG - Indicateur mis à jour pour nginx: rouge
2025-10-22 10:01:06,346 - MaxLinkApp - DEBUG - Indicateur mis à jour pour fake_ncsi: rouge
2025-10-22 10:01:06,346 - MaxLinkApp - DEBUG - Indicateur mis à jour pour mqtt: rouge
2025-10-22 10:01:06,346 - MaxLinkApp - DEBUG - Indicateur mis à jour pour mqtt_wgs: rouge
2025-10-22 10:01:06,346 - MaxLinkApp - DEBUG - Indicateur mis à jour pour php_archives: rouge
2025-10-22 10:01:06,346 - MaxLinkApp - DEBUG - Indicateur mis à jour pour orchestrator: rouge
2025-10-22 10:01:06,346 - MaxLinkApp - DEBUG - Rafraîchissement des indicateurs effectué
2025-10-22 10:01:08,346 - MaxLinkApp - DEBUG - Indicateur mis à jour pour update: rouge
2025-10-22 10:01:08,346 - MaxLinkApp - DEBUG - Indicateur mis à jour pour ap: rouge
2025-10-22 10:01:08,346 - MaxLinkApp - DEBUG - Indicateur mis à jour pour nginx: rouge
2025-10-22 10:01:08,346 - MaxLinkApp - DEBUG - Indicateur mis à jour pour fake_ncsi: rouge
2025-10-22 10:01:08,346 - MaxLinkApp - DEBUG - Indicateur mis à jour pour mqtt: rouge
2025-10-22 10:01:08,346 - MaxLinkApp - DEBUG - Indicateur mis à jour pour mqtt_wgs: rouge
2025-10-22 10:01:08,347 - MaxLinkApp - DEBUG - Indicateur mis à jour pour php_archives: rouge
2025-10-22 10:01:08,347 - MaxLinkApp - DEBUG - Indicateur mis à jour pour orchestrator: rouge
2025-10-22 10:01:08,347 - MaxLinkApp - DEBUG - Rafraîchissement des indicateurs effectué
2025-10-22 10:01:10,347 - MaxLinkApp - DEBUG - Indicateur mis à jour pour update: rouge
2025-10-22 10:01:10,347 - MaxLinkApp - DEBUG - Indicateur mis à jour pour ap: rouge
2025-10-22 10:01:10,347 - MaxLinkApp - DEBUG - Indicateur mis à jour pour nginx: rouge
2025-10-22 10:01:10,347 - MaxLinkApp - DEBUG - Indicateur mis à jour pour fake_ncsi: rouge
2025-10-22 10:01:10,347 - MaxLinkApp - DEBUG - Indicateur mis à jour pour mqtt: rouge
2025-10-22 10:01:10,347 - MaxLinkApp - DEBUG - Indicateur mis à jour pour mqtt_wgs: rouge
2025-10-22 10:01:10,347 - MaxLinkApp - DEBUG - Indicateur mis à jour pour php_archives: rouge
2025-10-22 10:01:10,347 - MaxLinkApp - DEBUG - Indicateur mis à jour pour orchestrator: rouge
2025-10-22 10:01:10,347 - MaxLinkApp - DEBUG - Rafraîchissement des indicateurs effectué
2025-10-22 10:01:12,348 - MaxLinkApp - DEBUG - Indicateur mis à jour pour update: rouge
2025-10-22 10:01:12,348 - MaxLinkApp - DEBUG - Indicateur mis à jour pour ap: rouge
2025-10-22 10:01:12,348 - MaxLinkApp - DEBUG - Indicateur mis à jour pour nginx: rouge
2025-10-22 10:01:12,348 - MaxLinkApp - DEBUG - Indicateur mis à jour pour fake_ncsi: rouge
2025-10-22 10:01:12,348 - MaxLinkApp - DEBUG - Indicateur mis à jour pour mqtt: rouge
2025-10-22 10:01:12,348 - MaxLinkApp - DEBUG - Indicateur mis à jour pour mqtt_wgs: rouge
2025-10-22 10:01:12,348 - MaxLinkApp - DEBUG - Indicateur mis à jour pour php_archives: rouge
2025-10-22 10:01:12,349 - MaxLinkApp - DEBUG - Indicateur mis à jour pour orchestrator: rouge
2025-10-22 10:01:12,349 - MaxLinkApp - DEBUG - Rafraîchissement des indicateurs effectué
2025-10-22 10:01:14,349 - MaxLinkApp - DEBUG - Indicateur mis à jour pour update: rouge
2025-10-22 10:01:14,349 - MaxLinkApp - DEBUG - Indicateur mis à jour pour ap: rouge
2025-10-22 10:01:14,349 - MaxLinkApp - DEBUG - Indicateur mis à jour pour nginx: rouge
2025-10-22 10:01:14,349 - MaxLinkApp - DEBUG - Indicateur mis à jour pour fake_ncsi: rouge
2025-10-22 10:01:14,349 - MaxLinkApp - DEBUG - Indicateur mis à jour pour mqtt: rouge
2025-10-22 10:01:14,349 - MaxLinkApp - DEBUG - Indicateur mis à jour pour mqtt_wgs: rouge
2025-10-22 10:01:14,349 - MaxLinkApp - DEBUG - Indicateur mis à jour pour php_archives: rouge
2025-10-22 10:01:14,349 - MaxLinkApp - DEBUG - Indicateur mis à jour pour orchestrator: rouge
2025-10-22 10:01:14,349 - MaxLinkApp - DEBUG - Rafraîchissement des indicateurs effectué
2025-10-22 10:01:16,350 - MaxLinkApp - DEBUG - Indicateur mis à jour pour update: rouge
2025-10-22 10:01:16,350 - MaxLinkApp - DEBUG - Indicateur mis à jour pour ap: rouge
2025-10-22 10:01:16,350 - MaxLinkApp - DEBUG - Indicateur mis à jour pour nginx: rouge
2025-10-22 10:01:16,350 - MaxLinkApp - DEBUG - Indicateur mis à jour pour fake_ncsi: rouge
2025-10-22 10:01:16,350 - MaxLinkApp - DEBUG - Indicateur mis à jour pour mqtt: rouge
2025-10-22 10:01:16,350 - MaxLinkApp - DEBUG - Indicateur mis à jour pour mqtt_wgs: rouge
2025-10-22 10:01:16,350 - MaxLinkApp - DEBUG - Indicateur mis à jour pour php_archives: rouge
2025-10-22 10:01:16,350 - MaxLinkApp - DEBUG - Indicateur mis à jour pour orchestrator: rouge
2025-10-22 10:01:16,350 - MaxLinkApp - DEBUG - Rafraîchissement des indicateurs effectué
2025-10-22 10:01:18,352 - MaxLinkApp - DEBUG - Indicateur mis à jour pour update: rouge
2025-10-22 10:01:18,352 - MaxLinkApp - DEBUG - Indicateur mis à jour pour ap: rouge
2025-10-22 10:01:18,352 - MaxLinkApp - DEBUG - Indicateur mis à jour pour nginx: rouge
2025-10-22 10:01:18,352 - MaxLinkApp - DEBUG - Indicateur mis à jour pour fake_ncsi: rouge
2025-10-22 10:01:18,352 - MaxLinkApp - DEBUG - Indicateur mis à jour pour mqtt: rouge
2025-10-22 10:01:18,352 - MaxLinkApp - DEBUG - Indicateur mis à jour pour mqtt_wgs: rouge
2025-10-22 10:01:18,352 - MaxLinkApp - DEBUG - Indicateur mis à jour pour php_archives: rouge
2025-10-22 10:01:18,352 - MaxLinkApp - DEBUG - Indicateur mis à jour pour orchestrator: rouge
2025-10-22 10:01:18,352 - MaxLinkApp - DEBUG - Rafraîchissement des indicateurs effectué
2025-10-22 10:01:20,354 - MaxLinkApp - DEBUG - Indicateur mis à jour pour update: rouge
2025-10-22 10:01:20,354 - MaxLinkApp - DEBUG - Indicateur mis à jour pour ap: rouge
2025-10-22 10:01:20,355 - MaxLinkApp - DEBUG - Indicateur mis à jour pour nginx: rouge
2025-10-22 10:01:20,355 - MaxLinkApp - DEBUG - Indicateur mis à jour pour fake_ncsi: rouge
2025-10-22 10:01:20,355 - MaxLinkApp - DEBUG - Indicateur mis à jour pour mqtt: rouge
2025-10-22 10:01:20,355 - MaxLinkApp - DEBUG - Indicateur mis à jour pour mqtt_wgs: rouge
2025-10-22 10:01:20,355 - MaxLinkApp - DEBUG - Indicateur mis à jour pour php_archives: rouge
2025-10-22 10:01:20,355 - MaxLinkApp - DEBUG - Indicateur mis à jour pour orchestrator: rouge
2025-10-22 10:01:20,355 - MaxLinkApp - DEBUG - Rafraîchissement des indicateurs effectué
2025-10-22 10:01:22,356 - MaxLinkApp - DEBUG - Indicateur mis à jour pour update: rouge
2025-10-22 10:01:22,356 - MaxLinkApp - DEBUG - Indicateur mis à jour pour ap: rouge
2025-10-22 10:01:22,357 - MaxLinkApp - DEBUG - Indicateur mis à jour pour nginx: rouge
2025-10-22 10:01:22,357 - MaxLinkApp - DEBUG - Indicateur mis à jour pour fake_ncsi: rouge
2025-10-22 10:01:22,357 - MaxLinkApp - DEBUG - Indicateur mis à jour pour mqtt: rouge
2025-10-22 10:01:22,357 - MaxLinkApp - DEBUG - Indicateur mis à jour pour mqtt_wgs: rouge
2025-10-22 10:01:22,357 - MaxLinkApp - DEBUG - Indicateur mis à jour pour php_archives: rouge
2025-10-22 10:01:22,357 - MaxLinkApp - DEBUG - Indicateur mis à jour pour orchestrator: rouge
2025-10-22 10:01:22,357 - MaxLinkApp - DEBUG - Rafraîchissement des indicateurs effectué
2025-10-22 10:01:24,357 - MaxLinkApp - DEBUG - Indicateur mis à jour pour update: rouge
2025-10-22 10:01:24,358 - MaxLinkApp - DEBUG - Indicateur mis à jour pour ap: rouge
2025-10-22 10:01:24,358 - MaxLinkApp - DEBUG - Indicateur mis à jour pour nginx: rouge
2025-10-22 10:01:24,358 - MaxLinkApp - DEBUG - Indicateur mis à jour pour fake_ncsi: rouge
2025-10-22 10:01:24,358 - MaxLinkApp - DEBUG - Indicateur mis à jour pour mqtt: rouge
2025-10-22 10:01:24,358 - MaxLinkApp - DEBUG - Indicateur mis à jour pour mqtt_wgs: rouge
2025-10-22 10:01:24,358 - MaxLinkApp - DEBUG - Indicateur mis à jour pour php_archives: rouge
2025-10-22 10:01:24,358 - MaxLinkApp - DEBUG - Indicateur mis à jour pour orchestrator: rouge
2025-10-22 10:01:24,358 - MaxLinkApp - DEBUG - Rafraîchissement des indicateurs effectué
2025-10-22 10:01:26,358 - MaxLinkApp - DEBUG - Indicateur mis à jour pour update: rouge
2025-10-22 10:01:26,358 - MaxLinkApp - DEBUG - Indicateur mis à jour pour ap: rouge
2025-10-22 10:01:26,358 - MaxLinkApp - DEBUG - Indicateur mis à jour pour nginx: rouge
2025-10-22 10:01:26,358 - MaxLinkApp - DEBUG - Indicateur mis à jour pour fake_ncsi: rouge
2025-10-22 10:01:26,358 - MaxLinkApp - DEBUG - Indicateur mis à jour pour mqtt: rouge
2025-10-22 10:01:26,358 - MaxLinkApp - DEBUG - Indicateur mis à jour pour mqtt_wgs: rouge
2025-10-22 10:01:26,359 - MaxLinkApp - DEBUG - Indicateur mis à jour pour php_archives: rouge
2025-10-22 10:01:26,359 - MaxLinkApp - DEBUG - Indicateur mis à jour pour orchestrator: rouge
2025-10-22 10:01:26,359 - MaxLinkApp - DEBUG - Rafraîchissement des indicateurs effectué
2025-10-22 10:01:28,359 - MaxLinkApp - DEBUG - Indicateur mis à jour pour update: rouge
2025-10-22 10:01:28,359 - MaxLinkApp - DEBUG - Indicateur mis à jour pour ap: rouge
2025-10-22 10:01:28,359 - MaxLinkApp - DEBUG - Indicateur mis à jour pour nginx: rouge
2025-10-22 10:01:28,359 - MaxLinkApp - DEBUG - Indicateur mis à jour pour fake_ncsi: rouge
2025-10-22 10:01:28,359 - MaxLinkApp - DEBUG - Indicateur mis à jour pour mqtt: rouge
2025-10-22 10:01:28,360 - MaxLinkApp - DEBUG - Indicateur mis à jour pour mqtt_wgs: rouge
2025-10-22 10:01:28,360 - MaxLinkApp - DEBUG - Indicateur mis à jour pour php_archives: rouge
2025-10-22 10:01:28,360 - MaxLinkApp - DEBUG - Indicateur mis à jour pour orchestrator: rouge
2025-10-22 10:01:28,360 - MaxLinkApp - DEBUG - Rafraîchissement des indicateurs effectué
2025-10-22 10:01:30,361 - MaxLinkApp - DEBUG - Indicateur mis à jour pour update: rouge
2025-10-22 10:01:30,361 - MaxLinkApp - DEBUG - Indicateur mis à jour pour ap: rouge
2025-10-22 10:01:30,361 - MaxLinkApp - DEBUG - Indicateur mis à jour pour nginx: rouge
2025-10-22 10:01:30,361 - MaxLinkApp - DEBUG - Indicateur mis à jour pour fake_ncsi: rouge
2025-10-22 10:01:30,361 - MaxLinkApp - DEBUG - Indicateur mis à jour pour mqtt: rouge
2025-10-22 10:01:30,361 - MaxLinkApp - DEBUG - Indicateur mis à jour pour mqtt_wgs: rouge
2025-10-22 10:01:30,362 - MaxLinkApp - DEBUG - Indicateur mis à jour pour php_archives: rouge
2025-10-22 10:01:30,362 - MaxLinkApp - DEBUG - Indicateur mis à jour pour orchestrator: rouge
2025-10-22 10:01:30,362 - MaxLinkApp - DEBUG - Rafraîchissement des indicateurs effectué
2025-10-22 10:01:32,362 - MaxLinkApp - DEBUG - Indicateur mis à jour pour update: rouge
2025-10-22 10:01:32,362 - MaxLinkApp - DEBUG - Indicateur mis à jour pour ap: rouge
2025-10-22 10:01:32,362 - MaxLinkApp - DEBUG - Indicateur mis à jour pour nginx: rouge
2025-10-22 10:01:32,362 - MaxLinkApp - DEBUG - Indicateur mis à jour pour fake_ncsi: rouge
2025-10-22 10:01:32,362 - MaxLinkApp - DEBUG - Indicateur mis à jour pour mqtt: rouge
2025-10-22 10:01:32,363 - MaxLinkApp - DEBUG - Indicateur mis à jour pour mqtt_wgs: rouge
2025-10-22 10:01:32,363 - MaxLinkApp - DEBUG - Indicateur mis à jour pour php_archives: rouge
2025-10-22 10:01:32,363 - MaxLinkApp - DEBUG - Indicateur mis à jour pour orchestrator: rouge
2025-10-22 10:01:32,363 - MaxLinkApp - DEBUG - Rafraîchissement des indicateurs effectué
2025-10-22 10:01:34,363 - MaxLinkApp - DEBUG - Indicateur mis à jour pour update: rouge
2025-10-22 10:01:34,363 - MaxLinkApp - DEBUG - Indicateur mis à jour pour ap: rouge
2025-10-22 10:01:34,363 - MaxLinkApp - DEBUG - Indicateur mis à jour pour nginx: rouge
2025-10-22 10:01:34,364 - MaxLinkApp - DEBUG - Indicateur mis à jour pour fake_ncsi: rouge
2025-10-22 10:01:34,364 - MaxLinkApp - DEBUG - Indicateur mis à jour pour mqtt: rouge
2025-10-22 10:01:34,364 - MaxLinkApp - DEBUG - Indicateur mis à jour pour mqtt_wgs: rouge
2025-10-22 10:01:34,364 - MaxLinkApp - DEBUG - Indicateur mis à jour pour php_archives: rouge
2025-10-22 10:01:34,364 - MaxLinkApp - DEBUG - Indicateur mis à jour pour orchestrator: rouge
2025-10-22 10:01:34,364 - MaxLinkApp - DEBUG - Rafraîchissement des indicateurs effectué
2025-10-22 10:01:36,364 - MaxLinkApp - DEBUG - Indicateur mis à jour pour update: rouge
2025-10-22 10:01:36,364 - MaxLinkApp - DEBUG - Indicateur mis à jour pour ap: rouge
2025-10-22 10:01:36,365 - MaxLinkApp - DEBUG - Indicateur mis à jour pour nginx: rouge
2025-10-22 10:01:36,365 - MaxLinkApp - DEBUG - Indicateur mis à jour pour fake_ncsi: rouge
2025-10-22 10:01:36,365 - MaxLinkApp - DEBUG - Indicateur mis à jour pour mqtt: rouge
2025-10-22 10:01:36,365 - MaxLinkApp - DEBUG - Indicateur mis à jour pour mqtt_wgs: rouge
2025-10-22 10:01:36,365 - MaxLinkApp - DEBUG - Indicateur mis à jour pour php_archives: rouge
2025-10-22 10:01:36,365 - MaxLinkApp - DEBUG - Indicateur mis à jour pour orchestrator: rouge
2025-10-22 10:01:36,365 - MaxLinkApp - DEBUG - Rafraîchissement des indicateurs effectué
2025-10-22 10:01:38,365 - MaxLinkApp - DEBUG - Indicateur mis à jour pour update: rouge
2025-10-22 10:01:38,366 - MaxLinkApp - DEBUG - Indicateur mis à jour pour ap: rouge
2025-10-22 10:01:38,366 - MaxLinkApp - DEBUG - Indicateur mis à jour pour nginx: rouge
2025-10-22 10:01:38,366 - MaxLinkApp - DEBUG - Indicateur mis à jour pour fake_ncsi: rouge
2025-10-22 10:01:38,366 - MaxLinkApp - DEBUG - Indicateur mis à jour pour mqtt: rouge
2025-10-22 10:01:38,366 - MaxLinkApp - DEBUG - Indicateur mis à jour pour mqtt_wgs: rouge
2025-10-22 10:01:38,366 - MaxLinkApp - DEBUG - Indicateur mis à jour pour php_archives: rouge
2025-10-22 10:01:38,366 - MaxLinkApp - DEBUG - Indicateur mis à jour pour orchestrator: rouge
2025-10-22 10:01:38,366 - MaxLinkApp - DEBUG - Rafraîchissement des indicateurs effectué
2025-10-22 10:01:40,367 - MaxLinkApp - DEBUG - Indicateur mis à jour pour update: rouge
2025-10-22 10:01:40,367 - MaxLinkApp - DEBUG - Indicateur mis à jour pour ap: rouge
2025-10-22 10:01:40,367 - MaxLinkApp - DEBUG - Indicateur mis à jour pour nginx: rouge
2025-10-22 10:01:40,367 - MaxLinkApp - DEBUG - Indicateur mis à jour pour fake_ncsi: rouge
2025-10-22 10:01:40,367 - MaxLinkApp - DEBUG - Indicateur mis à jour pour mqtt: rouge
2025-10-22 10:01:40,367 - MaxLinkApp - DEBUG - Indicateur mis à jour pour mqtt_wgs: rouge
2025-10-22 10:01:40,367 - MaxLinkApp - DEBUG - Indicateur mis à jour pour php_archives: rouge
2025-10-22 10:01:40,367 - MaxLinkApp - DEBUG - Indicateur mis à jour pour orchestrator: rouge
2025-10-22 10:01:40,367 - MaxLinkApp - DEBUG - Rafraîchissement des indicateurs effectué
2025-10-22 10:01:42,368 - MaxLinkApp - DEBUG - Indicateur mis à jour pour update: rouge
2025-10-22 10:01:42,368 - MaxLinkApp - DEBUG - Indicateur mis à jour pour ap: rouge
2025-10-22 10:01:42,368 - MaxLinkApp - DEBUG - Indicateur mis à jour pour nginx: rouge
2025-10-22 10:01:42,368 - MaxLinkApp - DEBUG - Indicateur mis à jour pour fake_ncsi: rouge
2025-10-22 10:01:42,368 - MaxLinkApp - DEBUG - Indicateur mis à jour pour mqtt: rouge
2025-10-22 10:01:42,368 - MaxLinkApp - DEBUG - Indicateur mis à jour pour mqtt_wgs: rouge
2025-10-22 10:01:42,369 - MaxLinkApp - DEBUG - Indicateur mis à jour pour php_archives: rouge
2025-10-22 10:01:42,369 - MaxLinkApp - DEBUG - Indicateur mis à jour pour orchestrator: rouge
2025-10-22 10:01:42,369 - MaxLinkApp - DEBUG - Rafraîchissement des indicateurs effectué
2025-10-22 10:01:44,370 - MaxLinkApp - DEBUG - Indicateur mis à jour pour update: rouge
2025-10-22 10:01:44,370 - MaxLinkApp - DEBUG - Indicateur mis à jour pour ap: rouge
2025-10-22 10:01:44,370 - MaxLinkApp - DEBUG - Indicateur mis à jour pour nginx: rouge
2025-10-22 10:01:44,370 - MaxLinkApp - DEBUG - Indicateur mis à jour pour fake_ncsi: rouge
2025-10-22 10:01:44,370 - MaxLinkApp - DEBUG - Indicateur mis à jour pour mqtt: rouge
2025-10-22 10:01:44,370 - MaxLinkApp - DEBUG - Indicateur mis à jour pour mqtt_wgs: rouge
2025-10-22 10:01:44,370 - MaxLinkApp - DEBUG - Indicateur mis à jour pour php_archives: rouge
2025-10-22 10:01:44,370 - MaxLinkApp - DEBUG - Indicateur mis à jour pour orchestrator: rouge
2025-10-22 10:01:44,370 - MaxLinkApp - DEBUG - Rafraîchissement des indicateurs effectué
2025-10-22 10:01:46,371 - MaxLinkApp - DEBUG - Indicateur mis à jour pour update: rouge
2025-10-22 10:01:46,371 - MaxLinkApp - DEBUG - Indicateur mis à jour pour ap: rouge
2025-10-22 10:01:46,371 - MaxLinkApp - DEBUG - Indicateur mis à jour pour nginx: rouge
2025-10-22 10:01:46,371 - MaxLinkApp - DEBUG - Indicateur mis à jour pour fake_ncsi: rouge
2025-10-22 10:01:46,371 - MaxLinkApp - DEBUG - Indicateur mis à jour pour mqtt: rouge
2025-10-22 10:01:46,371 - MaxLinkApp - DEBUG - Indicateur mis à jour pour mqtt_wgs: rouge
2025-10-22 10:01:46,371 - MaxLinkApp - DEBUG - Indicateur mis à jour pour php_archives: rouge
2025-10-22 10:01:46,372 - MaxLinkApp - DEBUG - Indicateur mis à jour pour orchestrator: rouge
2025-10-22 10:01:46,372 - MaxLinkApp - DEBUG - Rafraîchissement des indicateurs effectué
2025-10-22 10:01:48,372 - MaxLinkApp - DEBUG - Indicateur mis à jour pour update: rouge
2025-10-22 10:01:48,373 - MaxLinkApp - DEBUG - Indicateur mis à jour pour ap: rouge
2025-10-22 10:01:48,373 - MaxLinkApp - DEBUG - Indicateur mis à jour pour nginx: rouge
2025-10-22 10:01:48,373 - MaxLinkApp - DEBUG - Indicateur mis à jour pour fake_ncsi: rouge
2025-10-22 10:01:48,373 - MaxLinkApp - DEBUG - Indicateur mis à jour pour mqtt: rouge
2025-10-22 10:01:48,373 - MaxLinkApp - DEBUG - Indicateur mis à jour pour mqtt_wgs: rouge
2025-10-22 10:01:48,373 - MaxLinkApp - DEBUG - Indicateur mis à jour pour php_archives: rouge
2025-10-22 10:01:48,373 - MaxLinkApp - DEBUG - Indicateur mis à jour pour orchestrator: rouge
2025-10-22 10:01:48,373 - MaxLinkApp - DEBUG - Rafraîchissement des indicateurs effectué
2025-10-22 10:01:50,374 - MaxLinkApp - DEBUG - Indicateur mis à jour pour update: rouge
2025-10-22 10:01:50,374 - MaxLinkApp - DEBUG - Indicateur mis à jour pour ap: rouge
2025-10-22 10:01:50,374 - MaxLinkApp - DEBUG - Indicateur mis à jour pour nginx: rouge
2025-10-22 10:01:50,374 - MaxLinkApp - DEBUG - Indicateur mis à jour pour fake_ncsi: rouge
2025-10-22 10:01:50,374 - MaxLinkApp - DEBUG - Indicateur mis à jour pour mqtt: rouge
2025-10-22 10:01:50,374 - MaxLinkApp - DEBUG - Indicateur mis à jour pour mqtt_wgs: rouge
2025-10-22 10:01:50,374 - MaxLinkApp - DEBUG - Indicateur mis à jour pour php_archives: rouge
2025-10-22 10:01:50,374 - MaxLinkApp - DEBUG - Indicateur mis à jour pour orchestrator: rouge
2025-10-22 10:01:50,374 - MaxLinkApp - DEBUG - Rafraîchissement des indicateurs effectué
2025-10-22 10:01:52,375 - MaxLinkApp - DEBUG - Indicateur mis à jour pour update: rouge
2025-10-22 10:01:52,375 - MaxLinkApp - DEBUG - Indicateur mis à jour pour ap: rouge
2025-10-22 10:01:52,375 - MaxLinkApp - DEBUG - Indicateur mis à jour pour nginx: rouge
2025-10-22 10:01:52,375 - MaxLinkApp - DEBUG - Indicateur mis à jour pour fake_ncsi: rouge
2025-10-22 10:01:52,375 - MaxLinkApp - DEBUG - Indicateur mis à jour pour mqtt: rouge
2025-10-22 10:01:52,375 - MaxLinkApp - DEBUG - Indicateur mis à jour pour mqtt_wgs: rouge
2025-10-22 10:01:52,375 - MaxLinkApp - DEBUG - Indicateur mis à jour pour php_archives: rouge
2025-10-22 10:01:52,375 - MaxLinkApp - DEBUG - Indicateur mis à jour pour orchestrator: rouge
2025-10-22 10:01:52,375 - MaxLinkApp - DEBUG - Rafraîchissement des indicateurs effectué
2025-10-22 10:01:54,376 - MaxLinkApp - DEBUG - Indicateur mis à jour pour update: rouge
2025-10-22 10:01:54,376 - MaxLinkApp - DEBUG - Indicateur mis à jour pour ap: rouge
2025-10-22 10:01:54,376 - MaxLinkApp - DEBUG - Indicateur mis à jour pour nginx: rouge
2025-10-22 10:01:54,376 - MaxLinkApp - DEBUG - Indicateur mis à jour pour fake_ncsi: rouge
2025-10-22 10:01:54,376 - MaxLinkApp - DEBUG - Indicateur mis à jour pour mqtt: rouge
2025-10-22 10:01:54,376 - MaxLinkApp - DEBUG - Indicateur mis à jour pour mqtt_wgs: rouge
2025-10-22 10:01:54,376 - MaxLinkApp - DEBUG - Indicateur mis à jour pour php_archives: rouge
2025-10-22 10:01:54,377 - MaxLinkApp - DEBUG - Indicateur mis à jour pour orchestrator: rouge
2025-10-22 10:01:54,377 - MaxLinkApp - DEBUG - Rafraîchissement des indicateurs effectué
2025-10-22 10:01:56,377 - MaxLinkApp - DEBUG - Indicateur mis à jour pour update: rouge
2025-10-22 10:01:56,377 - MaxLinkApp - DEBUG - Indicateur mis à jour pour ap: rouge
2025-10-22 10:01:56,377 - MaxLinkApp - DEBUG - Indicateur mis à jour pour nginx: rouge
2025-10-22 10:01:56,378 - MaxLinkApp - DEBUG - Indicateur mis à jour pour fake_ncsi: rouge
2025-10-22 10:01:56,378 - MaxLinkApp - DEBUG - Indicateur mis à jour pour mqtt: rouge
2025-10-22 10:01:56,378 - MaxLinkApp - DEBUG - Indicateur mis à jour pour mqtt_wgs: rouge
2025-10-22 10:01:56,378 - MaxLinkApp - DEBUG - Indicateur mis à jour pour php_archives: rouge
2025-10-22 10:01:56,378 - MaxLinkApp - DEBUG - Indicateur mis à jour pour orchestrator: rouge
2025-10-22 10:01:56,378 - MaxLinkApp - DEBUG - Rafraîchissement des indicateurs effectué
2025-10-22 10:01:58,379 - MaxLinkApp - DEBUG - Indicateur mis à jour pour update: rouge
2025-10-22 10:01:58,379 - MaxLinkApp - DEBUG - Indicateur mis à jour pour ap: rouge
2025-10-22 10:01:58,379 - MaxLinkApp - DEBUG - Indicateur mis à jour pour nginx: rouge
2025-10-22 10:01:58,379 - MaxLinkApp - DEBUG - Indicateur mis à jour pour fake_ncsi: rouge
2025-10-22 10:01:58,379 - MaxLinkApp - DEBUG - Indicateur mis à jour pour mqtt: rouge
2025-10-22 10:01:58,380 - MaxLinkApp - DEBUG - Indicateur mis à jour pour mqtt_wgs: rouge
2025-10-22 10:01:58,380 - MaxLinkApp - DEBUG - Indicateur mis à jour pour php_archives: rouge
2025-10-22 10:01:58,380 - MaxLinkApp - DEBUG - Indicateur mis à jour pour orchestrator: rouge
2025-10-22 10:01:58,380 - MaxLinkApp - DEBUG - Rafraîchissement des indicateurs effectué
2025-10-22 10:02:00,381 - MaxLinkApp - DEBUG - Indicateur mis à jour pour update: rouge
2025-10-22 10:02:00,381 - MaxLinkApp - DEBUG - Indicateur mis à jour pour ap: rouge
2025-10-22 10:02:00,381 - MaxLinkApp - DEBUG - Indicateur mis à jour pour nginx: rouge
2025-10-22 10:02:00,381 - MaxLinkApp - DEBUG - Indicateur mis à jour pour fake_ncsi: rouge
2025-10-22 10:02:00,381 - MaxLinkApp - DEBUG - Indicateur mis à jour pour mqtt: rouge
2025-10-22 10:02:00,381 - MaxLinkApp - DEBUG - Indicateur mis à jour pour mqtt_wgs: rouge
2025-10-22 10:02:00,382 - MaxLinkApp - DEBUG - Indicateur mis à jour pour php_archives: rouge
2025-10-22 10:02:00,382 - MaxLinkApp - DEBUG - Indicateur mis à jour pour orchestrator: rouge
2025-10-22 10:02:00,382 - MaxLinkApp - DEBUG - Rafraîchissement des indicateurs effectué
2025-10-22 10:02:02,382 - MaxLinkApp - DEBUG - Indicateur mis à jour pour update: rouge
2025-10-22 10:02:02,382 - MaxLinkApp - DEBUG - Indicateur mis à jour pour ap: rouge
2025-10-22 10:02:02,382 - MaxLinkApp - DEBUG - Indicateur mis à jour pour nginx: rouge
2025-10-22 10:02:02,383 - MaxLinkApp - DEBUG - Indicateur mis à jour pour fake_ncsi: rouge
2025-10-22 10:02:02,383 - MaxLinkApp - DEBUG - Indicateur mis à jour pour mqtt: rouge
2025-10-22 10:02:02,383 - MaxLinkApp - DEBUG - Indicateur mis à jour pour mqtt_wgs: rouge
2025-10-22 10:02:02,383 - MaxLinkApp - DEBUG - Indicateur mis à jour pour php_archives: rouge
2025-10-22 10:02:02,383 - MaxLinkApp - DEBUG - Indicateur mis à jour pour orchestrator: rouge
2025-10-22 10:02:02,383 - MaxLinkApp - DEBUG - Rafraîchissement des indicateurs effectué
2025-10-22 10:02:04,383 - MaxLinkApp - DEBUG - Indicateur mis à jour pour update: rouge
2025-10-22 10:02:04,384 - MaxLinkApp - DEBUG - Indicateur mis à jour pour ap: rouge
2025-10-22 10:02:04,384 - MaxLinkApp - DEBUG - Indicateur mis à jour pour nginx: rouge
2025-10-22 10:02:04,384 - MaxLinkApp - DEBUG - Indicateur mis à jour pour fake_ncsi: rouge
2025-10-22 10:02:04,384 - MaxLinkApp - DEBUG - Indicateur mis à jour pour mqtt: rouge
2025-10-22 10:02:04,384 - MaxLinkApp - DEBUG - Indicateur mis à jour pour mqtt_wgs: rouge
2025-10-22 10:02:04,384 - MaxLinkApp - DEBUG - Indicateur mis à jour pour php_archives: rouge
2025-10-22 10:02:04,384 - MaxLinkApp - DEBUG - Indicateur mis à jour pour orchestrator: rouge
2025-10-22 10:02:04,385 - MaxLinkApp - DEBUG - Rafraîchissement des indicateurs effectué
2025-10-22 10:02:06,386 - MaxLinkApp - DEBUG - Indicateur mis à jour pour update: rouge
2025-10-22 10:02:06,386 - MaxLinkApp - DEBUG - Indicateur mis à jour pour ap: rouge
2025-10-22 10:02:06,386 - MaxLinkApp - DEBUG - Indicateur mis à jour pour nginx: rouge
2025-10-22 10:02:06,386 - MaxLinkApp - DEBUG - Indicateur mis à jour pour fake_ncsi: rouge
2025-10-22 10:02:06,386 - MaxLinkApp - DEBUG - Indicateur mis à jour pour mqtt: rouge
2025-10-22 10:02:06,386 - MaxLinkApp - DEBUG - Indicateur mis à jour pour mqtt_wgs: rouge
2025-10-22 10:02:06,386 - MaxLinkApp - DEBUG - Indicateur mis à jour pour php_archives: rouge
2025-10-22 10:02:06,386 - MaxLinkApp - DEBUG - Indicateur mis à jour pour orchestrator: rouge
2025-10-22 10:02:06,386 - MaxLinkApp - DEBUG - Rafraîchissement des indicateurs effectué
2025-10-22 10:02:08,387 - MaxLinkApp - DEBUG - Indicateur mis à jour pour update: rouge
2025-10-22 10:02:08,387 - MaxLinkApp - DEBUG - Indicateur mis à jour pour ap: rouge
2025-10-22 10:02:08,387 - MaxLinkApp - DEBUG - Indicateur mis à jour pour nginx: rouge
2025-10-22 10:02:08,387 - MaxLinkApp - DEBUG - Indicateur mis à jour pour fake_ncsi: rouge
2025-10-22 10:02:08,387 - MaxLinkApp - DEBUG - Indicateur mis à jour pour mqtt: rouge
2025-10-22 10:02:08,387 - MaxLinkApp - DEBUG - Indicateur mis à jour pour mqtt_wgs: rouge
2025-10-22 10:02:08,387 - MaxLinkApp - DEBUG - Indicateur mis à jour pour php_archives: rouge
2025-10-22 10:02:08,387 - MaxLinkApp - DEBUG - Indicateur mis à jour pour orchestrator: rouge
2025-10-22 10:02:08,387 - MaxLinkApp - DEBUG - Rafraîchissement des indicateurs effectué
2025-10-22 10:02:10,388 - MaxLinkApp - DEBUG - Indicateur mis à jour pour update: rouge
2025-10-22 10:02:10,388 - MaxLinkApp - DEBUG - Indicateur mis à jour pour ap: rouge
2025-10-22 10:02:10,388 - MaxLinkApp - DEBUG - Indicateur mis à jour pour nginx: rouge
2025-10-22 10:02:10,388 - MaxLinkApp - DEBUG - Indicateur mis à jour pour fake_ncsi: rouge
2025-10-22 10:02:10,389 - MaxLinkApp - DEBUG - Indicateur mis à jour pour mqtt: rouge
2025-10-22 10:02:10,389 - MaxLinkApp - DEBUG - Indicateur mis à jour pour mqtt_wgs: rouge
2025-10-22 10:02:10,389 - MaxLinkApp - DEBUG - Indicateur mis à jour pour php_archives: rouge
2025-10-22 10:02:10,389 - MaxLinkApp - DEBUG - Indicateur mis à jour pour orchestrator: rouge
2025-10-22 10:02:10,389 - MaxLinkApp - DEBUG - Rafraîchissement des indicateurs effectué
2025-10-22 10:02:12,390 - MaxLinkApp - DEBUG - Indicateur mis à jour pour update: rouge
2025-10-22 10:02:12,390 - MaxLinkApp - DEBUG - Indicateur mis à jour pour ap: rouge
2025-10-22 10:02:12,390 - MaxLinkApp - DEBUG - Indicateur mis à jour pour nginx: rouge
2025-10-22 10:02:12,390 - MaxLinkApp - DEBUG - Indicateur mis à jour pour fake_ncsi: rouge
2025-10-22 10:02:12,390 - MaxLinkApp - DEBUG - Indicateur mis à jour pour mqtt: rouge
2025-10-22 10:02:12,390 - MaxLinkApp - DEBUG - Indicateur mis à jour pour mqtt_wgs: rouge
2025-10-22 10:02:12,390 - MaxLinkApp - DEBUG - Indicateur mis à jour pour php_archives: rouge
2025-10-22 10:02:12,390 - MaxLinkApp - DEBUG - Indicateur mis à jour pour orchestrator: rouge
2025-10-22 10:02:12,390 - MaxLinkApp - DEBUG - Rafraîchissement des indicateurs effectué
2025-10-22 10:02:14,391 - MaxLinkApp - DEBUG - Indicateur mis à jour pour update: rouge
2025-10-22 10:02:14,391 - MaxLinkApp - DEBUG - Indicateur mis à jour pour ap: rouge
2025-10-22 10:02:14,391 - MaxLinkApp - DEBUG - Indicateur mis à jour pour nginx: rouge
2025-10-22 10:02:14,391 - MaxLinkApp - DEBUG - Indicateur mis à jour pour fake_ncsi: rouge
2025-10-22 10:02:14,392 - MaxLinkApp - DEBUG - Indicateur mis à jour pour mqtt: rouge
2025-10-22 10:02:14,392 - MaxLinkApp - DEBUG - Indicateur mis à jour pour mqtt_wgs: rouge
2025-10-22 10:02:14,392 - MaxLinkApp - DEBUG - Indicateur mis à jour pour php_archives: rouge
2025-10-22 10:02:14,392 - MaxLinkApp - DEBUG - Indicateur mis à jour pour orchestrator: rouge
2025-10-22 10:02:14,392 - MaxLinkApp - DEBUG - Rafraîchissement des indicateurs effectué
2025-10-22 10:02:16,393 - MaxLinkApp - DEBUG - Indicateur mis à jour pour update: rouge
2025-10-22 10:02:16,393 - MaxLinkApp - DEBUG - Indicateur mis à jour pour ap: rouge
2025-10-22 10:02:16,393 - MaxLinkApp - DEBUG - Indicateur mis à jour pour nginx: rouge
2025-10-22 10:02:16,394 - MaxLinkApp - DEBUG - Indicateur mis à jour pour fake_ncsi: rouge
2025-10-22 10:02:16,394 - MaxLinkApp - DEBUG - Indicateur mis à jour pour mqtt: rouge
2025-10-22 10:02:16,394 - MaxLinkApp - DEBUG - Indicateur mis à jour pour mqtt_wgs: rouge
2025-10-22 10:02:16,394 - MaxLinkApp - DEBUG - Indicateur mis à jour pour php_archives: rouge
2025-10-22 10:02:16,394 - MaxLinkApp - DEBUG - Indicateur mis à jour pour orchestrator: rouge
2025-10-22 10:02:16,394 - MaxLinkApp - DEBUG - Rafraîchissement des indicateurs effectué
2025-10-22 10:02:18,395 - MaxLinkApp - DEBUG - Indicateur mis à jour pour update: rouge
2025-10-22 10:02:18,395 - MaxLinkApp - DEBUG - Indicateur mis à jour pour ap: rouge
2025-10-22 10:02:18,395 - MaxLinkApp - DEBUG - Indicateur mis à jour pour nginx: rouge
2025-10-22 10:02:18,396 - MaxLinkApp - DEBUG - Indicateur mis à jour pour fake_ncsi: rouge
2025-10-22 10:02:18,396 - MaxLinkApp - DEBUG - Indicateur mis à jour pour mqtt: rouge
2025-10-22 10:02:18,396 - MaxLinkApp - DEBUG - Indicateur mis à jour pour mqtt_wgs: rouge
2025-10-22 10:02:18,396 - MaxLinkApp - DEBUG - Indicateur mis à jour pour php_archives: rouge
2025-10-22 10:02:18,396 - MaxLinkApp - DEBUG - Indicateur mis à jour pour orchestrator: rouge
2025-10-22 10:02:18,397 - MaxLinkApp - DEBUG - Rafraîchissement des indicateurs effectué
2025-10-22 10:02:20,397 - MaxLinkApp - DEBUG - Indicateur mis à jour pour update: rouge
2025-10-22 10:02:20,397 - MaxLinkApp - DEBUG - Indicateur mis à jour pour ap: rouge
2025-10-22 10:02:20,398 - MaxLinkApp - DEBUG - Indicateur mis à jour pour nginx: rouge
2025-10-22 10:02:20,398 - MaxLinkApp - DEBUG - Indicateur mis à jour pour fake_ncsi: rouge
2025-10-22 10:02:20,398 - MaxLinkApp - DEBUG - Indicateur mis à jour pour mqtt: rouge
2025-10-22 10:02:20,398 - MaxLinkApp - DEBUG - Indicateur mis à jour pour mqtt_wgs: rouge
2025-10-22 10:02:20,398 - MaxLinkApp - DEBUG - Indicateur mis à jour pour php_archives: rouge
2025-10-22 10:02:20,398 - MaxLinkApp - DEBUG - Indicateur mis à jour pour orchestrator: rouge
2025-10-22 10:02:20,399 - MaxLinkApp - DEBUG - Rafraîchissement des indicateurs effectué
2025-10-22 10:02:22,399 - MaxLinkApp - DEBUG - Indicateur mis à jour pour update: rouge
2025-10-22 10:02:22,399 - MaxLinkApp - DEBUG - Indicateur mis à jour pour ap: rouge
2025-10-22 10:02:22,400 - MaxLinkApp - DEBUG - Indicateur mis à jour pour nginx: rouge
2025-10-22 10:02:22,400 - MaxLinkApp - DEBUG - Indicateur mis à jour pour fake_ncsi: rouge
2025-10-22 10:02:22,400 - MaxLinkApp - DEBUG - Indicateur mis à jour pour mqtt: rouge
2025-10-22 10:02:22,400 - MaxLinkApp - DEBUG - Indicateur mis à jour pour mqtt_wgs: rouge
2025-10-22 10:02:22,400 - MaxLinkApp - DEBUG - Indicateur mis à jour pour php_archives: rouge
2025-10-22 10:02:22,400 - MaxLinkApp - DEBUG - Indicateur mis à jour pour orchestrator: rouge
2025-10-22 10:02:22,400 - MaxLinkApp - DEBUG - Rafraîchissement des indicateurs effectué
2025-10-22 10:02:24,401 - MaxLinkApp - DEBUG - Indicateur mis à jour pour update: rouge
2025-10-22 10:02:24,401 - MaxLinkApp - DEBUG - Indicateur mis à jour pour ap: rouge
2025-10-22 10:02:24,401 - MaxLinkApp - DEBUG - Indicateur mis à jour pour nginx: rouge
2025-10-22 10:02:24,401 - MaxLinkApp - DEBUG - Indicateur mis à jour pour fake_ncsi: rouge
2025-10-22 10:02:24,401 - MaxLinkApp - DEBUG - Indicateur mis à jour pour mqtt: rouge
2025-10-22 10:02:24,401 - MaxLinkApp - DEBUG - Indicateur mis à jour pour mqtt_wgs: rouge
2025-10-22 10:02:24,402 - MaxLinkApp - DEBUG - Indicateur mis à jour pour php_archives: rouge
2025-10-22 10:02:24,402 - MaxLinkApp - DEBUG - Indicateur mis à jour pour orchestrator: rouge
2025-10-22 10:02:24,402 - MaxLinkApp - DEBUG - Rafraîchissement des indicateurs effectué
2025-10-22 10:02:26,402 - MaxLinkApp - DEBUG - Indicateur mis à jour pour update: rouge
2025-10-22 10:02:26,402 - MaxLinkApp - DEBUG - Indicateur mis à jour pour ap: rouge
2025-10-22 10:02:26,402 - MaxLinkApp - DEBUG - Indicateur mis à jour pour nginx: rouge
2025-10-22 10:02:26,402 - MaxLinkApp - DEBUG - Indicateur mis à jour pour fake_ncsi: rouge
2025-10-22 10:02:26,402 - MaxLinkApp - DEBUG - Indicateur mis à jour pour mqtt: rouge
2025-10-22 10:02:26,403 - MaxLinkApp - DEBUG - Indicateur mis à jour pour mqtt_wgs: rouge
2025-10-22 10:02:26,403 - MaxLinkApp - DEBUG - Indicateur mis à jour pour php_archives: rouge
2025-10-22 10:02:26,403 - MaxLinkApp - DEBUG - Indicateur mis à jour pour orchestrator: rouge
2025-10-22 10:02:26,403 - MaxLinkApp - DEBUG - Rafraîchissement des indicateurs effectué
2025-10-22 10:02:28,403 - MaxLinkApp - DEBUG - Indicateur mis à jour pour update: rouge
2025-10-22 10:02:28,403 - MaxLinkApp - DEBUG - Indicateur mis à jour pour ap: rouge
2025-10-22 10:02:28,403 - MaxLinkApp - DEBUG - Indicateur mis à jour pour nginx: rouge
2025-10-22 10:02:28,403 - MaxLinkApp - DEBUG - Indicateur mis à jour pour fake_ncsi: rouge
2025-10-22 10:02:28,404 - MaxLinkApp - DEBUG - Indicateur mis à jour pour mqtt: rouge
2025-10-22 10:02:28,404 - MaxLinkApp - DEBUG - Indicateur mis à jour pour mqtt_wgs: rouge
2025-10-22 10:02:28,404 - MaxLinkApp - DEBUG - Indicateur mis à jour pour php_archives: rouge
2025-10-22 10:02:28,404 - MaxLinkApp - DEBUG - Indicateur mis à jour pour orchestrator: rouge
2025-10-22 10:02:28,404 - MaxLinkApp - DEBUG - Rafraîchissement des indicateurs effectué
2025-10-22 10:02:30,404 - MaxLinkApp - DEBUG - Indicateur mis à jour pour update: rouge
2025-10-22 10:02:30,405 - MaxLinkApp - DEBUG - Indicateur mis à jour pour ap: rouge
2025-10-22 10:02:30,405 - MaxLinkApp - DEBUG - Indicateur mis à jour pour nginx: rouge
2025-10-22 10:02:30,405 - MaxLinkApp - DEBUG - Indicateur mis à jour pour fake_ncsi: rouge
2025-10-22 10:02:30,405 - MaxLinkApp - DEBUG - Indicateur mis à jour pour mqtt: rouge
2025-10-22 10:02:30,405 - MaxLinkApp - DEBUG - Indicateur mis à jour pour mqtt_wgs: rouge
2025-10-22 10:02:30,405 - MaxLinkApp - DEBUG - Indicateur mis à jour pour php_archives: rouge
2025-10-22 10:02:30,406 - MaxLinkApp - DEBUG - Indicateur mis à jour pour orchestrator: rouge
2025-10-22 10:02:30,406 - MaxLinkApp - DEBUG - Rafraîchissement des indicateurs effectué
2025-10-22 10:02:32,406 - MaxLinkApp - DEBUG - Indicateur mis à jour pour update: rouge
2025-10-22 10:02:32,407 - MaxLinkApp - DEBUG - Indicateur mis à jour pour ap: rouge
2025-10-22 10:02:32,407 - MaxLinkApp - DEBUG - Indicateur mis à jour pour nginx: rouge
2025-10-22 10:02:32,407 - MaxLinkApp - DEBUG - Indicateur mis à jour pour fake_ncsi: rouge
2025-10-22 10:02:32,407 - MaxLinkApp - DEBUG - Indicateur mis à jour pour mqtt: rouge
2025-10-22 10:02:32,407 - MaxLinkApp - DEBUG - Indicateur mis à jour pour mqtt_wgs: rouge
2025-10-22 10:02:32,407 - MaxLinkApp - DEBUG - Indicateur mis à jour pour php_archives: rouge
2025-10-22 10:02:32,408 - MaxLinkApp - DEBUG - Indicateur mis à jour pour orchestrator: rouge
2025-10-22 10:02:32,408 - MaxLinkApp - DEBUG - Rafraîchissement des indicateurs effectué
2025-10-22 10:02:34,408 - MaxLinkApp - DEBUG - Indicateur mis à jour pour update: rouge
2025-10-22 10:02:34,409 - MaxLinkApp - DEBUG - Indicateur mis à jour pour ap: rouge
2025-10-22 10:02:34,409 - MaxLinkApp - DEBUG - Indicateur mis à jour pour nginx: rouge
2025-10-22 10:02:34,409 - MaxLinkApp - DEBUG - Indicateur mis à jour pour fake_ncsi: rouge
2025-10-22 10:02:34,409 - MaxLinkApp - DEBUG - Indicateur mis à jour pour mqtt: rouge
2025-10-22 10:02:34,410 - MaxLinkApp - DEBUG - Indicateur mis à jour pour mqtt_wgs: rouge
2025-10-22 10:02:34,410 - MaxLinkApp - DEBUG - Indicateur mis à jour pour php_archives: rouge
2025-10-22 10:02:34,410 - MaxLinkApp - DEBUG - Indicateur mis à jour pour orchestrator: rouge
2025-10-22 10:02:34,410 - MaxLinkApp - DEBUG - Rafraîchissement des indicateurs effectué
2025-10-22 10:02:36,411 - MaxLinkApp - DEBUG - Indicateur mis à jour pour update: rouge
2025-10-22 10:02:36,411 - MaxLinkApp - DEBUG - Indicateur mis à jour pour ap: rouge
2025-10-22 10:02:36,411 - MaxLinkApp - DEBUG - Indicateur mis à jour pour nginx: rouge
2025-10-22 10:02:36,412 - MaxLinkApp - DEBUG - Indicateur mis à jour pour fake_ncsi: rouge
2025-10-22 10:02:36,412 - MaxLinkApp - DEBUG - Indicateur mis à jour pour mqtt: rouge
2025-10-22 10:02:36,412 - MaxLinkApp - DEBUG - Indicateur mis à jour pour mqtt_wgs: rouge
2025-10-22 10:02:36,412 - MaxLinkApp - DEBUG - Indicateur mis à jour pour php_archives: rouge
2025-10-22 10:02:36,412 - MaxLinkApp - DEBUG - Indicateur mis à jour pour orchestrator: rouge
2025-10-22 10:02:36,412 - MaxLinkApp - DEBUG - Rafraîchissement des indicateurs effectué
2025-10-22 10:02:38,413 - MaxLinkApp - DEBUG - Indicateur mis à jour pour update: rouge
2025-10-22 10:02:38,413 - MaxLinkApp - DEBUG - Indicateur mis à jour pour ap: rouge
2025-10-22 10:02:38,413 - MaxLinkApp - DEBUG - Indicateur mis à jour pour nginx: rouge
2025-10-22 10:02:38,413 - MaxLinkApp - DEBUG - Indicateur mis à jour pour fake_ncsi: rouge
2025-10-22 10:02:38,414 - MaxLinkApp - DEBUG - Indicateur mis à jour pour mqtt: rouge
2025-10-22 10:02:38,414 - MaxLinkApp - DEBUG - Indicateur mis à jour pour mqtt_wgs: rouge
2025-10-22 10:02:38,414 - MaxLinkApp - DEBUG - Indicateur mis à jour pour php_archives: rouge
2025-10-22 10:02:38,414 - MaxLinkApp - DEBUG - Indicateur mis à jour pour orchestrator: rouge
2025-10-22 10:02:38,414 - MaxLinkApp - DEBUG - Rafraîchissement des indicateurs effectué
2025-10-22 10:02:40,414 - MaxLinkApp - DEBUG - Indicateur mis à jour pour update: rouge
2025-10-22 10:02:40,414 - MaxLinkApp - DEBUG - Indicateur mis à jour pour ap: rouge
2025-10-22 10:02:40,415 - MaxLinkApp - DEBUG - Indicateur mis à jour pour nginx: rouge
2025-10-22 10:02:40,415 - MaxLinkApp - DEBUG - Indicateur mis à jour pour fake_ncsi: rouge
2025-10-22 10:02:40,415 - MaxLinkApp - DEBUG - Indicateur mis à jour pour mqtt: rouge
2025-10-22 10:02:40,415 - MaxLinkApp - DEBUG - Indicateur mis à jour pour mqtt_wgs: rouge
2025-10-22 10:02:40,415 - MaxLinkApp - DEBUG - Indicateur mis à jour pour php_archives: rouge
2025-10-22 10:02:40,415 - MaxLinkApp - DEBUG - Indicateur mis à jour pour orchestrator: rouge
2025-10-22 10:02:40,415 - MaxLinkApp - DEBUG - Rafraîchissement des indicateurs effectué
2025-10-22 10:02:42,415 - MaxLinkApp - DEBUG - Indicateur mis à jour pour update: rouge
2025-10-22 10:02:42,416 - MaxLinkApp - DEBUG - Indicateur mis à jour pour ap: rouge
2025-10-22 10:02:42,416 - MaxLinkApp - DEBUG - Indicateur mis à jour pour nginx: rouge
2025-10-22 10:02:42,416 - MaxLinkApp - DEBUG - Indicateur mis à jour pour fake_ncsi: rouge
2025-10-22 10:02:42,416 - MaxLinkApp - DEBUG - Indicateur mis à jour pour mqtt: rouge
2025-10-22 10:02:42,416 - MaxLinkApp - DEBUG - Indicateur mis à jour pour mqtt_wgs: rouge
2025-10-22 10:02:42,416 - MaxLinkApp - DEBUG - Indicateur mis à jour pour php_archives: rouge
2025-10-22 10:02:42,417 - MaxLinkApp - DEBUG - Indicateur mis à jour pour orchestrator: rouge
2025-10-22 10:02:42,417 - MaxLinkApp - DEBUG - Rafraîchissement des indicateurs effectué
2025-10-22 10:02:44,418 - MaxLinkApp - DEBUG - Indicateur mis à jour pour update: rouge
2025-10-22 10:02:44,419 - MaxLinkApp - DEBUG - Indicateur mis à jour pour ap: rouge
2025-10-22 10:02:44,420 - MaxLinkApp - DEBUG - Indicateur mis à jour pour nginx: rouge
2025-10-22 10:02:44,421 - MaxLinkApp - DEBUG - Indicateur mis à jour pour fake_ncsi: rouge
2025-10-22 10:02:44,422 - MaxLinkApp - DEBUG - Indicateur mis à jour pour mqtt: rouge
2025-10-22 10:02:44,422 - MaxLinkApp - DEBUG - Indicateur mis à jour pour mqtt_wgs: rouge
2025-10-22 10:02:44,423 - MaxLinkApp - DEBUG - Indicateur mis à jour pour php_archives: rouge
2025-10-22 10:02:44,424 - MaxLinkApp - DEBUG - Indicateur mis à jour pour orchestrator: rouge
2025-10-22 10:02:44,424 - MaxLinkApp - DEBUG - Rafraîchissement des indicateurs effectué
2025-10-22 10:02:46,426 - MaxLinkApp - DEBUG - Indicateur mis à jour pour update: rouge
2025-10-22 10:02:46,426 - MaxLinkApp - DEBUG - Indicateur mis à jour pour ap: rouge
2025-10-22 10:02:46,426 - MaxLinkApp - DEBUG - Indicateur mis à jour pour nginx: rouge
2025-10-22 10:02:46,426 - MaxLinkApp - DEBUG - Indicateur mis à jour pour fake_ncsi: rouge
2025-10-22 10:02:46,426 - MaxLinkApp - DEBUG - Indicateur mis à jour pour mqtt: rouge
2025-10-22 10:02:46,426 - MaxLinkApp - DEBUG - Indicateur mis à jour pour mqtt_wgs: rouge
2025-10-22 10:02:46,426 - MaxLinkApp - DEBUG - Indicateur mis à jour pour php_archives: rouge
2025-10-22 10:02:46,426 - MaxLinkApp - DEBUG - Indicateur mis à jour pour orchestrator: rouge
2025-10-22 10:02:46,426 - MaxLinkApp - DEBUG - Rafraîchissement des indicateurs effectué
2025-10-22 10:02:48,427 - MaxLinkApp - DEBUG - Indicateur mis à jour pour update: rouge
2025-10-22 10:02:48,428 - MaxLinkApp - DEBUG - Indicateur mis à jour pour ap: rouge
2025-10-22 10:02:48,428 - MaxLinkApp - DEBUG - Indicateur mis à jour pour nginx: rouge
2025-10-22 10:02:48,428 - MaxLinkApp - DEBUG - Indicateur mis à jour pour fake_ncsi: rouge
2025-10-22 10:02:48,428 - MaxLinkApp - DEBUG - Indicateur mis à jour pour mqtt: rouge
2025-10-22 10:02:48,429 - MaxLinkApp - DEBUG - Indicateur mis à jour pour mqtt_wgs: rouge
2025-10-22 10:02:48,429 - MaxLinkApp - DEBUG - Indicateur mis à jour pour php_archives: rouge
2025-10-22 10:02:48,429 - MaxLinkApp - DEBUG - Indicateur mis à jour pour orchestrator: rouge
2025-10-22 10:02:48,429 - MaxLinkApp - DEBUG - Rafraîchissement des indicateurs effectué
2025-10-22 10:02:50,430 - MaxLinkApp - DEBUG - Indicateur mis à jour pour update: rouge
2025-10-22 10:02:50,432 - MaxLinkApp - DEBUG - Indicateur mis à jour pour ap: rouge
2025-10-22 10:02:50,432 - MaxLinkApp - DEBUG - Indicateur mis à jour pour nginx: rouge
2025-10-22 10:02:50,432 - MaxLinkApp - DEBUG - Indicateur mis à jour pour fake_ncsi: rouge
2025-10-22 10:02:50,433 - MaxLinkApp - DEBUG - Indicateur mis à jour pour mqtt: rouge
2025-10-22 10:02:50,433 - MaxLinkApp - DEBUG - Indicateur mis à jour pour mqtt_wgs: rouge
2025-10-22 10:02:50,433 - MaxLinkApp - DEBUG - Indicateur mis à jour pour php_archives: rouge
2025-10-22 10:02:50,433 - MaxLinkApp - DEBUG - Indicateur mis à jour pour orchestrator: rouge
2025-10-22 10:02:50,433 - MaxLinkApp - DEBUG - Rafraîchissement des indicateurs effectué
2025-10-22 10:02:52,433 - MaxLinkApp - DEBUG - Indicateur mis à jour pour update: rouge
2025-10-22 10:02:52,434 - MaxLinkApp - DEBUG - Indicateur mis à jour pour ap: rouge
2025-10-22 10:02:52,434 - MaxLinkApp - DEBUG - Indicateur mis à jour pour nginx: rouge
2025-10-22 10:02:52,434 - MaxLinkApp - DEBUG - Indicateur mis à jour pour fake_ncsi: rouge
2025-10-22 10:02:52,434 - MaxLinkApp - DEBUG - Indicateur mis à jour pour mqtt: rouge
2025-10-22 10:02:52,434 - MaxLinkApp - DEBUG - Indicateur mis à jour pour mqtt_wgs: rouge
2025-10-22 10:02:52,434 - MaxLinkApp - DEBUG - Indicateur mis à jour pour php_archives: rouge
2025-10-22 10:02:52,434 - MaxLinkApp - DEBUG - Indicateur mis à jour pour orchestrator: rouge
2025-10-22 10:02:52,434 - MaxLinkApp - DEBUG - Rafraîchissement des indicateurs effectué
2025-10-22 10:02:54,435 - MaxLinkApp - DEBUG - Indicateur mis à jour pour update: rouge
2025-10-22 10:02:54,435 - MaxLinkApp - DEBUG - Indicateur mis à jour pour ap: rouge
2025-10-22 10:02:54,435 - MaxLinkApp - DEBUG - Indicateur mis à jour pour nginx: rouge
2025-10-22 10:02:54,435 - MaxLinkApp - DEBUG - Indicateur mis à jour pour fake_ncsi: rouge
2025-10-22 10:02:54,435 - MaxLinkApp - DEBUG - Indicateur mis à jour pour mqtt: rouge
2025-10-22 10:02:54,435 - MaxLinkApp - DEBUG - Indicateur mis à jour pour mqtt_wgs: rouge
2025-10-22 10:02:54,435 - MaxLinkApp - DEBUG - Indicateur mis à jour pour php_archives: rouge
2025-10-22 10:02:54,435 - MaxLinkApp - DEBUG - Indicateur mis à jour pour orchestrator: rouge
2025-10-22 10:02:54,435 - MaxLinkApp - DEBUG - Rafraîchissement des indicateurs effectué
2025-10-22 10:02:56,436 - MaxLinkApp - DEBUG - Indicateur mis à jour pour update: rouge
2025-10-22 10:02:56,436 - MaxLinkApp - DEBUG - Indicateur mis à jour pour ap: rouge
2025-10-22 10:02:56,436 - MaxLinkApp - DEBUG - Indicateur mis à jour pour nginx: rouge
2025-10-22 10:02:56,436 - MaxLinkApp - DEBUG - Indicateur mis à jour pour fake_ncsi: rouge
2025-10-22 10:02:56,436 - MaxLinkApp - DEBUG - Indicateur mis à jour pour mqtt: rouge
2025-10-22 10:02:56,436 - MaxLinkApp - DEBUG - Indicateur mis à jour pour mqtt_wgs: rouge
2025-10-22 10:02:56,436 - MaxLinkApp - DEBUG - Indicateur mis à jour pour php_archives: rouge
2025-10-22 10:02:56,437 - MaxLinkApp - DEBUG - Indicateur mis à jour pour orchestrator: rouge
2025-10-22 10:02:56,437 - MaxLinkApp - DEBUG - Rafraîchissement des indicateurs effectué
2025-10-22 10:02:58,437 - MaxLinkApp - DEBUG - Indicateur mis à jour pour update: rouge
2025-10-22 10:02:58,438 - MaxLinkApp - DEBUG - Indicateur mis à jour pour ap: rouge
2025-10-22 10:02:58,438 - MaxLinkApp - DEBUG - Indicateur mis à jour pour nginx: rouge
2025-10-22 10:02:58,438 - MaxLinkApp - DEBUG - Indicateur mis à jour pour fake_ncsi: rouge
2025-10-22 10:02:58,438 - MaxLinkApp - DEBUG - Indicateur mis à jour pour mqtt: rouge
2025-10-22 10:02:58,438 - MaxLinkApp - DEBUG - Indicateur mis à jour pour mqtt_wgs: rouge
2025-10-22 10:02:58,438 - MaxLinkApp - DEBUG - Indicateur mis à jour pour php_archives: rouge
2025-10-22 10:02:58,438 - MaxLinkApp - DEBUG - Indicateur mis à jour pour orchestrator: rouge
2025-10-22 10:02:58,438 - MaxLinkApp - DEBUG - Rafraîchissement des indicateurs effectué
2025-10-22 10:03:00,439 - MaxLinkApp - DEBUG - Indicateur mis à jour pour update: rouge
2025-10-22 10:03:00,439 - MaxLinkApp - DEBUG - Indicateur mis à jour pour ap: rouge
2025-10-22 10:03:00,439 - MaxLinkApp - DEBUG - Indicateur mis à jour pour nginx: rouge
2025-10-22 10:03:00,439 - MaxLinkApp - DEBUG - Indicateur mis à jour pour fake_ncsi: rouge
2025-10-22 10:03:00,439 - MaxLinkApp - DEBUG - Indicateur mis à jour pour mqtt: rouge
2025-10-22 10:03:00,439 - MaxLinkApp - DEBUG - Indicateur mis à jour pour mqtt_wgs: rouge
2025-10-22 10:03:00,439 - MaxLinkApp - DEBUG - Indicateur mis à jour pour php_archives: rouge
2025-10-22 10:03:00,439 - MaxLinkApp - DEBUG - Indicateur mis à jour pour orchestrator: rouge
2025-10-22 10:03:00,439 - MaxLinkApp - DEBUG - Rafraîchissement des indicateurs effectué
2025-10-22 10:03:02,440 - MaxLinkApp - DEBUG - Indicateur mis à jour pour update: rouge
2025-10-22 10:03:02,441 - MaxLinkApp - DEBUG - Indicateur mis à jour pour ap: rouge
2025-10-22 10:03:02,441 - MaxLinkApp - DEBUG - Indicateur mis à jour pour nginx: rouge
2025-10-22 10:03:02,441 - MaxLinkApp - DEBUG - Indicateur mis à jour pour fake_ncsi: rouge
2025-10-22 10:03:02,441 - MaxLinkApp - DEBUG - Indicateur mis à jour pour mqtt: rouge
2025-10-22 10:03:02,441 - MaxLinkApp - DEBUG - Indicateur mis à jour pour mqtt_wgs: rouge
2025-10-22 10:03:02,441 - MaxLinkApp - DEBUG - Indicateur mis à jour pour php_archives: rouge
2025-10-22 10:03:02,442 - MaxLinkApp - DEBUG - Indicateur mis à jour pour orchestrator: rouge
2025-10-22 10:03:02,442 - MaxLinkApp - DEBUG - Rafraîchissement des indicateurs effectué
2025-10-22 10:03:04,443 - MaxLinkApp - DEBUG - Indicateur mis à jour pour update: rouge
2025-10-22 10:03:04,443 - MaxLinkApp - DEBUG - Indicateur mis à jour pour ap: rouge
2025-10-22 10:03:04,443 - MaxLinkApp - DEBUG - Indicateur mis à jour pour nginx: rouge
2025-10-22 10:03:04,443 - MaxLinkApp - DEBUG - Indicateur mis à jour pour fake_ncsi: rouge
2025-10-22 10:03:04,443 - MaxLinkApp - DEBUG - Indicateur mis à jour pour mqtt: rouge
2025-10-22 10:03:04,443 - MaxLinkApp - DEBUG - Indicateur mis à jour pour mqtt_wgs: rouge
2025-10-22 10:03:04,443 - MaxLinkApp - DEBUG - Indicateur mis à jour pour php_archives: rouge
2025-10-22 10:03:04,443 - MaxLinkApp - DEBUG - Indicateur mis à jour pour orchestrator: rouge
2025-10-22 10:03:04,443 - MaxLinkApp - DEBUG - Rafraîchissement des indicateurs effectué
2025-10-22 10:03:06,444 - MaxLinkApp - DEBUG - Indicateur mis à jour pour update: rouge
2025-10-22 10:03:06,444 - MaxLinkApp - DEBUG - Indicateur mis à jour pour ap: rouge
2025-10-22 10:03:06,444 - MaxLinkApp - DEBUG - Indicateur mis à jour pour nginx: rouge
2025-10-22 10:03:06,444 - MaxLinkApp - DEBUG - Indicateur mis à jour pour fake_ncsi: rouge
2025-10-22 10:03:06,444 - MaxLinkApp - DEBUG - Indicateur mis à jour pour mqtt: rouge
2025-10-22 10:03:06,444 - MaxLinkApp - DEBUG - Indicateur mis à jour pour mqtt_wgs: rouge
2025-10-22 10:03:06,444 - MaxLinkApp - DEBUG - Indicateur mis à jour pour php_archives: rouge
2025-10-22 10:03:06,445 - MaxLinkApp - DEBUG - Indicateur mis à jour pour orchestrator: rouge
2025-10-22 10:03:06,445 - MaxLinkApp - DEBUG - Rafraîchissement des indicateurs effectué
2025-10-22 10:03:08,445 - MaxLinkApp - DEBUG - Indicateur mis à jour pour update: rouge
2025-10-22 10:03:08,445 - MaxLinkApp - DEBUG - Indicateur mis à jour pour ap: rouge
2025-10-22 10:03:08,445 - MaxLinkApp - DEBUG - Indicateur mis à jour pour nginx: rouge
2025-10-22 10:03:08,445 - MaxLinkApp - DEBUG - Indicateur mis à jour pour fake_ncsi: rouge
2025-10-22 10:03:08,446 - MaxLinkApp - DEBUG - Indicateur mis à jour pour mqtt: rouge
2025-10-22 10:03:08,446 - MaxLinkApp - DEBUG - Indicateur mis à jour pour mqtt_wgs: rouge
2025-10-22 10:03:08,446 - MaxLinkApp - DEBUG - Indicateur mis à jour pour php_archives: rouge
2025-10-22 10:03:08,446 - MaxLinkApp - DEBUG - Indicateur mis à jour pour orchestrator: rouge
2025-10-22 10:03:08,446 - MaxLinkApp - DEBUG - Rafraîchissement des indicateurs effectué
2025-10-22 10:03:10,446 - MaxLinkApp - DEBUG - Indicateur mis à jour pour update: rouge
2025-10-22 10:03:10,447 - MaxLinkApp - DEBUG - Indicateur mis à jour pour ap: rouge
2025-10-22 10:03:10,447 - MaxLinkApp - DEBUG - Indicateur mis à jour pour nginx: rouge
2025-10-22 10:03:10,447 - MaxLinkApp - DEBUG - Indicateur mis à jour pour fake_ncsi: rouge
2025-10-22 10:03:10,447 - MaxLinkApp - DEBUG - Indicateur mis à jour pour mqtt: rouge
2025-10-22 10:03:10,447 - MaxLinkApp - DEBUG - Indicateur mis à jour pour mqtt_wgs: rouge
2025-10-22 10:03:10,447 - MaxLinkApp - DEBUG - Indicateur mis à jour pour php_archives: rouge
2025-10-22 10:03:10,447 - MaxLinkApp - DEBUG - Indicateur mis à jour pour orchestrator: rouge
2025-10-22 10:03:10,447 - MaxLinkApp - DEBUG - Rafraîchissement des indicateurs effectué
2025-10-22 10:03:12,448 - MaxLinkApp - DEBUG - Indicateur mis à jour pour update: rouge
2025-10-22 10:03:12,448 - MaxLinkApp - DEBUG - Indicateur mis à jour pour ap: rouge
2025-10-22 10:03:12,448 - MaxLinkApp - DEBUG - Indicateur mis à jour pour nginx: rouge
2025-10-22 10:03:12,449 - MaxLinkApp - DEBUG - Indicateur mis à jour pour fake_ncsi: rouge
2025-10-22 10:03:12,449 - MaxLinkApp - DEBUG - Indicateur mis à jour pour mqtt: rouge
2025-10-22 10:03:12,449 - MaxLinkApp - DEBUG - Indicateur mis à jour pour mqtt_wgs: rouge
2025-10-22 10:03:12,449 - MaxLinkApp - DEBUG - Indicateur mis à jour pour php_archives: rouge
2025-10-22 10:03:12,450 - MaxLinkApp - DEBUG - Indicateur mis à jour pour orchestrator: rouge
2025-10-22 10:03:12,450 - MaxLinkApp - DEBUG - Rafraîchissement des indicateurs effectué
2025-10-22 10:03:14,452 - MaxLinkApp - DEBUG - Indicateur mis à jour pour update: rouge
2025-10-22 10:03:14,453 - MaxLinkApp - DEBUG - Indicateur mis à jour pour ap: rouge
2025-10-22 10:03:14,453 - MaxLinkApp - DEBUG - Indicateur mis à jour pour nginx: rouge
2025-10-22 10:03:14,453 - MaxLinkApp - DEBUG - Indicateur mis à jour pour fake_ncsi: rouge
2025-10-22 10:03:14,453 - MaxLinkApp - DEBUG - Indicateur mis à jour pour mqtt: rouge
2025-10-22 10:03:14,453 - MaxLinkApp - DEBUG - Indicateur mis à jour pour mqtt_wgs: rouge
2025-10-22 10:03:14,453 - MaxLinkApp - DEBUG - Indicateur mis à jour pour php_archives: rouge
2025-10-22 10:03:14,453 - MaxLinkApp - DEBUG - Indicateur mis à jour pour orchestrator: rouge
2025-10-22 10:03:14,453 - MaxLinkApp - DEBUG - Rafraîchissement des indicateurs effectué
2025-10-22 10:03:16,454 - MaxLinkApp - DEBUG - Indicateur mis à jour pour update: rouge
2025-10-22 10:03:16,454 - MaxLinkApp - DEBUG - Indicateur mis à jour pour ap: rouge
2025-10-22 10:03:16,454 - MaxLinkApp - DEBUG - Indicateur mis à jour pour nginx: rouge
2025-10-22 10:03:16,454 - MaxLinkApp - DEBUG - Indicateur mis à jour pour fake_ncsi: rouge
2025-10-22 10:03:16,454 - MaxLinkApp - DEBUG - Indicateur mis à jour pour mqtt: rouge
2025-10-22 10:03:16,455 - MaxLinkApp - DEBUG - Indicateur mis à jour pour mqtt_wgs: rouge
2025-10-22 10:03:16,455 - MaxLinkApp - DEBUG - Indicateur mis à jour pour php_archives: rouge
2025-10-22 10:03:16,455 - MaxLinkApp - DEBUG - Indicateur mis à jour pour orchestrator: rouge
2025-10-22 10:03:16,455 - MaxLinkApp - DEBUG - Rafraîchissement des indicateurs effectué
2025-10-22 10:03:18,456 - MaxLinkApp - DEBUG - Indicateur mis à jour pour update: rouge
2025-10-22 10:03:18,456 - MaxLinkApp - DEBUG - Indicateur mis à jour pour ap: rouge
2025-10-22 10:03:18,456 - MaxLinkApp - DEBUG - Indicateur mis à jour pour nginx: rouge
2025-10-22 10:03:18,456 - MaxLinkApp - DEBUG - Indicateur mis à jour pour fake_ncsi: rouge
2025-10-22 10:03:18,456 - MaxLinkApp - DEBUG - Indicateur mis à jour pour mqtt: rouge
2025-10-22 10:03:18,456 - MaxLinkApp - DEBUG - Indicateur mis à jour pour mqtt_wgs: rouge
2025-10-22 10:03:18,456 - MaxLinkApp - DEBUG - Indicateur mis à jour pour php_archives: rouge
2025-10-22 10:03:18,456 - MaxLinkApp - DEBUG - Indicateur mis à jour pour orchestrator: rouge
2025-10-22 10:03:18,456 - MaxLinkApp - DEBUG - Rafraîchissement des indicateurs effectué
2025-10-22 10:03:20,457 - MaxLinkApp - DEBUG - Indicateur mis à jour pour update: rouge
2025-10-22 10:03:20,457 - MaxLinkApp - DEBUG - Indicateur mis à jour pour ap: rouge
2025-10-22 10:03:20,457 - MaxLinkApp - DEBUG - Indicateur mis à jour pour nginx: rouge
2025-10-22 10:03:20,458 - MaxLinkApp - DEBUG - Indicateur mis à jour pour fake_ncsi: rouge
2025-10-22 10:03:20,458 - MaxLinkApp - DEBUG - Indicateur mis à jour pour mqtt: rouge
2025-10-22 10:03:20,458 - MaxLinkApp - DEBUG - Indicateur mis à jour pour mqtt_wgs: rouge
2025-10-22 10:03:20,458 - MaxLinkApp - DEBUG - Indicateur mis à jour pour php_archives: rouge
2025-10-22 10:03:20,458 - MaxLinkApp - DEBUG - Indicateur mis à jour pour orchestrator: rouge
2025-10-22 10:03:20,458 - MaxLinkApp - DEBUG - Rafraîchissement des indicateurs effectué
2025-10-22 10:03:22,459 - MaxLinkApp - DEBUG - Indicateur mis à jour pour update: rouge
2025-10-22 10:03:22,460 - MaxLinkApp - DEBUG - Indicateur mis à jour pour ap: rouge
2025-10-22 10:03:22,460 - MaxLinkApp - DEBUG - Indicateur mis à jour pour nginx: rouge
2025-10-22 10:03:22,460 - MaxLinkApp - DEBUG - Indicateur mis à jour pour fake_ncsi: rouge
2025-10-22 10:03:22,460 - MaxLinkApp - DEBUG - Indicateur mis à jour pour mqtt: rouge
2025-10-22 10:03:22,460 - MaxLinkApp - DEBUG - Indicateur mis à jour pour mqtt_wgs: rouge
2025-10-22 10:03:22,460 - MaxLinkApp - DEBUG - Indicateur mis à jour pour php_archives: rouge
2025-10-22 10:03:22,460 - MaxLinkApp - DEBUG - Indicateur mis à jour pour orchestrator: rouge
2025-10-22 10:03:22,460 - MaxLinkApp - DEBUG - Rafraîchissement des indicateurs effectué
2025-10-22 10:03:24,461 - MaxLinkApp - DEBUG - Indicateur mis à jour pour update: rouge
2025-10-22 10:03:24,462 - MaxLinkApp - DEBUG - Indicateur mis à jour pour ap: rouge
2025-10-22 10:03:24,462 - MaxLinkApp - DEBUG - Indicateur mis à jour pour nginx: rouge
2025-10-22 10:03:24,462 - MaxLinkApp - DEBUG - Indicateur mis à jour pour fake_ncsi: rouge
2025-10-22 10:03:24,462 - MaxLinkApp - DEBUG - Indicateur mis à jour pour mqtt: rouge
2025-10-22 10:03:24,462 - MaxLinkApp - DEBUG - Indicateur mis à jour pour mqtt_wgs: rouge
2025-10-22 10:03:24,463 - MaxLinkApp - DEBUG - Indicateur mis à jour pour php_archives: rouge
2025-10-22 10:03:24,463 - MaxLinkApp - DEBUG - Indicateur mis à jour pour orchestrator: rouge
2025-10-22 10:03:24,463 - MaxLinkApp - DEBUG - Rafraîchissement des indicateurs effectué
2025-10-22 10:03:26,464 - MaxLinkApp - DEBUG - Indicateur mis à jour pour update: rouge
2025-10-22 10:03:26,464 - MaxLinkApp - DEBUG - Indicateur mis à jour pour ap: rouge
2025-10-22 10:03:26,464 - MaxLinkApp - DEBUG - Indicateur mis à jour pour nginx: rouge
2025-10-22 10:03:26,464 - MaxLinkApp - DEBUG - Indicateur mis à jour pour fake_ncsi: rouge
2025-10-22 10:03:26,464 - MaxLinkApp - DEBUG - Indicateur mis à jour pour mqtt: rouge
2025-10-22 10:03:26,464 - MaxLinkApp - DEBUG - Indicateur mis à jour pour mqtt_wgs: rouge
2025-10-22 10:03:26,465 - MaxLinkApp - DEBUG - Indicateur mis à jour pour php_archives: rouge
2025-10-22 10:03:26,465 - MaxLinkApp - DEBUG - Indicateur mis à jour pour orchestrator: rouge
2025-10-22 10:03:26,465 - MaxLinkApp - DEBUG - Rafraîchissement des indicateurs effectué
2025-10-22 10:03:28,465 - MaxLinkApp - DEBUG - Indicateur mis à jour pour update: rouge
2025-10-22 10:03:28,466 - MaxLinkApp - DEBUG - Indicateur mis à jour pour ap: rouge
2025-10-22 10:03:28,466 - MaxLinkApp - DEBUG - Indicateur mis à jour pour nginx: rouge
2025-10-22 10:03:28,466 - MaxLinkApp - DEBUG - Indicateur mis à jour pour fake_ncsi: rouge
2025-10-22 10:03:28,466 - MaxLinkApp - DEBUG - Indicateur mis à jour pour mqtt: rouge
2025-10-22 10:03:28,466 - MaxLinkApp - DEBUG - Indicateur mis à jour pour mqtt_wgs: rouge
2025-10-22 10:03:28,466 - MaxLinkApp - DEBUG - Indicateur mis à jour pour php_archives: rouge
2025-10-22 10:03:28,466 - MaxLinkApp - DEBUG - Indicateur mis à jour pour orchestrator: rouge
2025-10-22 10:03:28,466 - MaxLinkApp - DEBUG - Rafraîchissement des indicateurs effectué
2025-10-22 10:03:30,467 - MaxLinkApp - DEBUG - Indicateur mis à jour pour update: rouge
2025-10-22 10:03:30,468 - MaxLinkApp - DEBUG - Indicateur mis à jour pour ap: rouge
2025-10-22 10:03:30,468 - MaxLinkApp - DEBUG - Indicateur mis à jour pour nginx: rouge
2025-10-22 10:03:30,468 - MaxLinkApp - DEBUG - Indicateur mis à jour pour fake_ncsi: rouge
2025-10-22 10:03:30,468 - MaxLinkApp - DEBUG - Indicateur mis à jour pour mqtt: rouge
2025-10-22 10:03:30,468 - MaxLinkApp - DEBUG - Indicateur mis à jour pour mqtt_wgs: rouge
2025-10-22 10:03:30,468 - MaxLinkApp - DEBUG - Indicateur mis à jour pour php_archives: rouge
2025-10-22 10:03:30,469 - MaxLinkApp - DEBUG - Indicateur mis à jour pour orchestrator: rouge
2025-10-22 10:03:30,469 - MaxLinkApp - DEBUG - Rafraîchissement des indicateurs effectué
2025-10-22 10:03:32,469 - MaxLinkApp - DEBUG - Indicateur mis à jour pour update: rouge
2025-10-22 10:03:32,470 - MaxLinkApp - DEBUG - Indicateur mis à jour pour ap: rouge
2025-10-22 10:03:32,470 - MaxLinkApp - DEBUG - Indicateur mis à jour pour nginx: rouge
2025-10-22 10:03:32,470 - MaxLinkApp - DEBUG - Indicateur mis à jour pour fake_ncsi: rouge
2025-10-22 10:03:32,470 - MaxLinkApp - DEBUG - Indicateur mis à jour pour mqtt: rouge
2025-10-22 10:03:32,470 - MaxLinkApp - DEBUG - Indicateur mis à jour pour mqtt_wgs: rouge
2025-10-22 10:03:32,470 - MaxLinkApp - DEBUG - Indicateur mis à jour pour php_archives: rouge
2025-10-22 10:03:32,470 - MaxLinkApp - DEBUG - Indicateur mis à jour pour orchestrator: rouge
2025-10-22 10:03:32,470 - MaxLinkApp - DEBUG - Rafraîchissement des indicateurs effectué
2025-10-22 10:03:34,471 - MaxLinkApp - DEBUG - Indicateur mis à jour pour update: rouge
2025-10-22 10:03:34,472 - MaxLinkApp - DEBUG - Indicateur mis à jour pour ap: rouge
2025-10-22 10:03:34,472 - MaxLinkApp - DEBUG - Indicateur mis à jour pour nginx: rouge
2025-10-22 10:03:34,472 - MaxLinkApp - DEBUG - Indicateur mis à jour pour fake_ncsi: rouge
2025-10-22 10:03:34,472 - MaxLinkApp - DEBUG - Indicateur mis à jour pour mqtt: rouge
2025-10-22 10:03:34,472 - MaxLinkApp - DEBUG - Indicateur mis à jour pour mqtt_wgs: rouge
2025-10-22 10:03:34,472 - MaxLinkApp - DEBUG - Indicateur mis à jour pour php_archives: rouge
2025-10-22 10:03:34,473 - MaxLinkApp - DEBUG - Indicateur mis à jour pour orchestrator: rouge
2025-10-22 10:03:34,473 - MaxLinkApp - DEBUG - Rafraîchissement des indicateurs effectué
2025-10-22 10:03:36,474 - MaxLinkApp - DEBUG - Indicateur mis à jour pour update: rouge
2025-10-22 10:03:36,474 - MaxLinkApp - DEBUG - Indicateur mis à jour pour ap: rouge
2025-10-22 10:03:36,474 - MaxLinkApp - DEBUG - Indicateur mis à jour pour nginx: rouge
2025-10-22 10:03:36,474 - MaxLinkApp - DEBUG - Indicateur mis à jour pour fake_ncsi: rouge
2025-10-22 10:03:36,474 - MaxLinkApp - DEBUG - Indicateur mis à jour pour mqtt: rouge
2025-10-22 10:03:36,475 - MaxLinkApp - DEBUG - Indicateur mis à jour pour mqtt_wgs: rouge
2025-10-22 10:03:36,475 - MaxLinkApp - DEBUG - Indicateur mis à jour pour php_archives: rouge
2025-10-22 10:03:36,475 - MaxLinkApp - DEBUG - Indicateur mis à jour pour orchestrator: rouge
2025-10-22 10:03:36,475 - MaxLinkApp - DEBUG - Rafraîchissement des indicateurs effectué
2025-10-22 10:03:38,476 - MaxLinkApp - DEBUG - Indicateur mis à jour pour update: rouge
2025-10-22 10:03:38,476 - MaxLinkApp - DEBUG - Indicateur mis à jour pour ap: rouge
2025-10-22 10:03:38,477 - MaxLinkApp - DEBUG - Indicateur mis à jour pour nginx: rouge
2025-10-22 10:03:38,477 - MaxLinkApp - DEBUG - Indicateur mis à jour pour fake_ncsi: rouge
2025-10-22 10:03:38,477 - MaxLinkApp - DEBUG - Indicateur mis à jour pour mqtt: rouge
2025-10-22 10:03:38,477 - MaxLinkApp - DEBUG - Indicateur mis à jour pour mqtt_wgs: rouge
2025-10-22 10:03:38,477 - MaxLinkApp - DEBUG - Indicateur mis à jour pour php_archives: rouge
2025-10-22 10:03:38,477 - MaxLinkApp - DEBUG - Indicateur mis à jour pour orchestrator: rouge
2025-10-22 10:03:38,477 - MaxLinkApp - DEBUG - Rafraîchissement des indicateurs effectué
2025-10-22 10:03:40,479 - MaxLinkApp - DEBUG - Indicateur mis à jour pour update: rouge
2025-10-22 10:03:40,479 - MaxLinkApp - DEBUG - Indicateur mis à jour pour ap: rouge
2025-10-22 10:03:40,479 - MaxLinkApp - DEBUG - Indicateur mis à jour pour nginx: rouge
2025-10-22 10:03:40,479 - MaxLinkApp - DEBUG - Indicateur mis à jour pour fake_ncsi: rouge
2025-10-22 10:03:40,479 - MaxLinkApp - DEBUG - Indicateur mis à jour pour mqtt: rouge
2025-10-22 10:03:40,479 - MaxLinkApp - DEBUG - Indicateur mis à jour pour mqtt_wgs: rouge
2025-10-22 10:03:40,480 - MaxLinkApp - DEBUG - Indicateur mis à jour pour php_archives: rouge
2025-10-22 10:03:40,480 - MaxLinkApp - DEBUG - Indicateur mis à jour pour orchestrator: rouge
2025-10-22 10:03:40,480 - MaxLinkApp - DEBUG - Rafraîchissement des indicateurs effectué
2025-10-22 10:03:42,481 - MaxLinkApp - DEBUG - Indicateur mis à jour pour update: rouge
2025-10-22 10:03:42,481 - MaxLinkApp - DEBUG - Indicateur mis à jour pour ap: rouge
2025-10-22 10:03:42,481 - MaxLinkApp - DEBUG - Indicateur mis à jour pour nginx: rouge
2025-10-22 10:03:42,482 - MaxLinkApp - DEBUG - Indicateur mis à jour pour fake_ncsi: rouge
2025-10-22 10:03:42,482 - MaxLinkApp - DEBUG - Indicateur mis à jour pour mqtt: rouge
2025-10-22 10:03:42,482 - MaxLinkApp - DEBUG - Indicateur mis à jour pour mqtt_wgs: rouge
2025-10-22 10:03:42,482 - MaxLinkApp - DEBUG - Indicateur mis à jour pour php_archives: rouge
2025-10-22 10:03:42,482 - MaxLinkApp - DEBUG - Indicateur mis à jour pour orchestrator: rouge
2025-10-22 10:03:42,482 - MaxLinkApp - DEBUG - Rafraîchissement des indicateurs effectué
2025-10-22 10:03:44,484 - MaxLinkApp - DEBUG - Indicateur mis à jour pour update: rouge
2025-10-22 10:03:44,484 - MaxLinkApp - DEBUG - Indicateur mis à jour pour ap: rouge
2025-10-22 10:03:44,484 - MaxLinkApp - DEBUG - Indicateur mis à jour pour nginx: rouge
2025-10-22 10:03:44,484 - MaxLinkApp - DEBUG - Indicateur mis à jour pour fake_ncsi: rouge
2025-10-22 10:03:44,484 - MaxLinkApp - DEBUG - Indicateur mis à jour pour mqtt: rouge
2025-10-22 10:03:44,484 - MaxLinkApp - DEBUG - Indicateur mis à jour pour mqtt_wgs: rouge
2025-10-22 10:03:44,484 - MaxLinkApp - DEBUG - Indicateur mis à jour pour php_archives: rouge
2025-10-22 10:03:44,484 - MaxLinkApp - DEBUG - Indicateur mis à jour pour orchestrator: rouge
2025-10-22 10:03:44,484 - MaxLinkApp - DEBUG - Rafraîchissement des indicateurs effectué
2025-10-22 10:03:46,485 - MaxLinkApp - DEBUG - Indicateur mis à jour pour update: rouge
2025-10-22 10:03:46,485 - MaxLinkApp - DEBUG - Indicateur mis à jour pour ap: rouge
2025-10-22 10:03:46,485 - MaxLinkApp - DEBUG - Indicateur mis à jour pour nginx: rouge
2025-10-22 10:03:46,485 - MaxLinkApp - DEBUG - Indicateur mis à jour pour fake_ncsi: rouge
2025-10-22 10:03:46,485 - MaxLinkApp - DEBUG - Indicateur mis à jour pour mqtt: rouge
2025-10-22 10:03:46,485 - MaxLinkApp - DEBUG - Indicateur mis à jour pour mqtt_wgs: rouge
2025-10-22 10:03:46,485 - MaxLinkApp - DEBUG - Indicateur mis à jour pour php_archives: rouge
2025-10-22 10:03:46,485 - MaxLinkApp - DEBUG - Indicateur mis à jour pour orchestrator: rouge
2025-10-22 10:03:46,485 - MaxLinkApp - DEBUG - Rafraîchissement des indicateurs effectué
2025-10-22 10:03:48,486 - MaxLinkApp - DEBUG - Indicateur mis à jour pour update: rouge
2025-10-22 10:03:48,486 - MaxLinkApp - DEBUG - Indicateur mis à jour pour ap: rouge
2025-10-22 10:03:48,486 - MaxLinkApp - DEBUG - Indicateur mis à jour pour nginx: rouge
2025-10-22 10:03:48,486 - MaxLinkApp - DEBUG - Indicateur mis à jour pour fake_ncsi: rouge
2025-10-22 10:03:48,486 - MaxLinkApp - DEBUG - Indicateur mis à jour pour mqtt: rouge
2025-10-22 10:03:48,487 - MaxLinkApp - DEBUG - Indicateur mis à jour pour mqtt_wgs: rouge
2025-10-22 10:03:48,487 - MaxLinkApp - DEBUG - Indicateur mis à jour pour php_archives: rouge
2025-10-22 10:03:48,487 - MaxLinkApp - DEBUG - Indicateur mis à jour pour orchestrator: rouge
2025-10-22 10:03:48,487 - MaxLinkApp - DEBUG - Rafraîchissement des indicateurs effectué
2025-10-22 10:03:50,488 - MaxLinkApp - DEBUG - Indicateur mis à jour pour update: rouge
2025-10-22 10:03:50,488 - MaxLinkApp - DEBUG - Indicateur mis à jour pour ap: rouge
2025-10-22 10:03:50,488 - MaxLinkApp - DEBUG - Indicateur mis à jour pour nginx: rouge
2025-10-22 10:03:50,488 - MaxLinkApp - DEBUG - Indicateur mis à jour pour fake_ncsi: rouge
2025-10-22 10:03:50,488 - MaxLinkApp - DEBUG - Indicateur mis à jour pour mqtt: rouge
2025-10-22 10:03:50,488 - MaxLinkApp - DEBUG - Indicateur mis à jour pour mqtt_wgs: rouge
2025-10-22 10:03:50,488 - MaxLinkApp - DEBUG - Indicateur mis à jour pour php_archives: rouge
2025-10-22 10:03:50,488 - MaxLinkApp - DEBUG - Indicateur mis à jour pour orchestrator: rouge
2025-10-22 10:03:50,488 - MaxLinkApp - DEBUG - Rafraîchissement des indicateurs effectué
