2025-06-16 13:18:32,951 - MaxLinkApp - INFO - ======================================================================
2025-06-16 13:18:32,951 - MaxLinkApp - INFO - Démarrage de MaxLink Admin Panel (version simplifiée)
2025-06-16 13:18:32,951 - MaxLinkApp - INFO - ======================================================================
2025-06-16 13:18:32,959 - MaxLinkApp - INFO - Variables chargées: 1 variables
2025-06-16 13:18:33,020 - MaxLinkApp - INFO - Initialisation de l'application MaxLink (version simplifiée)
2025-06-16 13:18:33,043 - MaxLinkApp - INFO - Mode root: True
2025-06-16 13:18:33,044 - MaxLinkApp - INFO - Services chargés: 6
2025-06-16 13:18:33,080 - MaxLinkApp - DEBUG - Indicateur mis à jour pour update: rouge
2025-06-16 13:18:33,080 - MaxLinkApp - DEBUG - Indicateur mis à jour pour ap: rouge
2025-06-16 13:18:33,080 - MaxLinkApp - DEBUG - Indicateur mis à jour pour nginx: rouge
2025-06-16 13:18:33,080 - MaxLinkApp - DEBUG - Indicateur mis à jour pour mqtt: rouge
2025-06-16 13:18:33,080 - MaxLinkApp - DEBUG - Indicateur mis à jour pour mqtt_wgs: rouge
2025-06-16 13:18:33,081 - MaxLinkApp - DEBUG - Indicateur mis à jour pour orchestrator: rouge
2025-06-16 13:18:33,081 - MaxLinkApp - DEBUG - Indicateur mis à jour pour update: rouge
2025-06-16 13:18:33,081 - MaxLinkApp - DEBUG - Indicateur mis à jour pour ap: rouge
2025-06-16 13:18:33,081 - MaxLinkApp - DEBUG - Indicateur mis à jour pour nginx: rouge
2025-06-16 13:18:33,081 - MaxLinkApp - DEBUG - Indicateur mis à jour pour mqtt: rouge
2025-06-16 13:18:33,081 - MaxLinkApp - DEBUG - Indicateur mis à jour pour mqtt_wgs: rouge
2025-06-16 13:18:33,081 - MaxLinkApp - DEBUG - Indicateur mis à jour pour orchestrator: rouge
2025-06-16 13:18:33,081 - MaxLinkApp - DEBUG - Rafraîchissement des indicateurs effectué
2025-06-16 13:18:33,081 - MaxLinkApp - INFO - Interface prête
2025-06-16 13:18:35,081 - MaxLinkApp - DEBUG - Indicateur mis à jour pour update: rouge
2025-06-16 13:18:35,081 - MaxLinkApp - DEBUG - Indicateur mis à jour pour ap: rouge
2025-06-16 13:18:35,081 - MaxLinkApp - DEBUG - Indicateur mis à jour pour nginx: rouge
2025-06-16 13:18:35,082 - MaxLinkApp - DEBUG - Indicateur mis à jour pour mqtt: rouge
2025-06-16 13:18:35,082 - MaxLinkApp - DEBUG - Indicateur mis à jour pour mqtt_wgs: rouge
2025-06-16 13:18:35,082 - MaxLinkApp - DEBUG - Indicateur mis à jour pour orchestrator: rouge
2025-06-16 13:18:35,082 - MaxLinkApp - DEBUG - Rafraîchissement des indicateurs effectué
2025-06-16 13:18:37,082 - MaxLinkApp - DEBUG - Indicateur mis à jour pour update: rouge
2025-06-16 13:18:37,082 - MaxLinkApp - DEBUG - Indicateur mis à jour pour ap: rouge
2025-06-16 13:18:37,082 - MaxLinkApp - DEBUG - Indicateur mis à jour pour nginx: rouge
2025-06-16 13:18:37,082 - MaxLinkApp - DEBUG - Indicateur mis à jour pour mqtt: rouge
2025-06-16 13:18:37,082 - MaxLinkApp - DEBUG - Indicateur mis à jour pour mqtt_wgs: rouge
2025-06-16 13:18:37,082 - MaxLinkApp - DEBUG - Indicateur mis à jour pour orchestrator: rouge
2025-06-16 13:18:37,082 - MaxLinkApp - DEBUG - Rafraîchissement des indicateurs effectué
2025-06-16 13:18:37,225 - MaxLinkApp - INFO - Lancement de l'installation complète
2025-06-16 13:18:39,083 - MaxLinkApp - DEBUG - Indicateur mis à jour pour update: rouge
2025-06-16 13:18:39,083 - MaxLinkApp - DEBUG - Indicateur mis à jour pour ap: rouge
2025-06-16 13:18:39,083 - MaxLinkApp - DEBUG - Indicateur mis à jour pour nginx: rouge
2025-06-16 13:18:39,083 - MaxLinkApp - DEBUG - Indicateur mis à jour pour mqtt: rouge
2025-06-16 13:18:39,083 - MaxLinkApp - DEBUG - Indicateur mis à jour pour mqtt_wgs: rouge
2025-06-16 13:18:39,083 - MaxLinkApp - DEBUG - Indicateur mis à jour pour orchestrator: rouge
2025-06-16 13:18:39,083 - MaxLinkApp - DEBUG - Rafraîchissement des indicateurs effectué
2025-06-16 13:18:41,083 - MaxLinkApp - DEBUG - Indicateur mis à jour pour update: rouge
2025-06-16 13:18:41,084 - MaxLinkApp - DEBUG - Indicateur mis à jour pour ap: rouge
2025-06-16 13:18:41,084 - MaxLinkApp - DEBUG - Indicateur mis à jour pour nginx: rouge
2025-06-16 13:18:41,084 - MaxLinkApp - DEBUG - Indicateur mis à jour pour mqtt: rouge
2025-06-16 13:18:41,084 - MaxLinkApp - DEBUG - Indicateur mis à jour pour mqtt_wgs: rouge
2025-06-16 13:18:41,084 - MaxLinkApp - DEBUG - Indicateur mis à jour pour orchestrator: rouge
2025-06-16 13:18:41,084 - MaxLinkApp - DEBUG - Rafraîchissement des indicateurs effectué
2025-06-16 13:18:43,084 - MaxLinkApp - DEBUG - Indicateur mis à jour pour update: rouge
2025-06-16 13:18:43,084 - MaxLinkApp - DEBUG - Indicateur mis à jour pour ap: rouge
2025-06-16 13:18:43,084 - MaxLinkApp - DEBUG - Indicateur mis à jour pour nginx: rouge
2025-06-16 13:18:43,084 - MaxLinkApp - DEBUG - Indicateur mis à jour pour mqtt: rouge
2025-06-16 13:18:43,084 - MaxLinkApp - DEBUG - Indicateur mis à jour pour mqtt_wgs: rouge
2025-06-16 13:18:43,084 - MaxLinkApp - DEBUG - Indicateur mis à jour pour orchestrator: rouge
2025-06-16 13:18:43,084 - MaxLinkApp - DEBUG - Rafraîchissement des indicateurs effectué
2025-06-16 13:18:45,085 - MaxLinkApp - DEBUG - Indicateur mis à jour pour update: rouge
2025-06-16 13:18:45,085 - MaxLinkApp - DEBUG - Indicateur mis à jour pour ap: rouge
2025-06-16 13:18:45,085 - MaxLinkApp - DEBUG - Indicateur mis à jour pour nginx: rouge
2025-06-16 13:18:45,085 - MaxLinkApp - DEBUG - Indicateur mis à jour pour mqtt: rouge
2025-06-16 13:18:45,085 - MaxLinkApp - DEBUG - Indicateur mis à jour pour mqtt_wgs: rouge
2025-06-16 13:18:45,085 - MaxLinkApp - DEBUG - Indicateur mis à jour pour orchestrator: rouge
2025-06-16 13:18:45,085 - MaxLinkApp - DEBUG - Rafraîchissement des indicateurs effectué
2025-06-16 13:18:46,636 - MaxLinkApp - INFO - Exécution du script: /media/prod/WERIT/scripts/install/full_install_install.sh
2025-06-16 13:24:08,948 - MaxLinkApp - INFO - Signal de rafraîchissement reçu
2025-06-16 13:24:09,048 - MaxLinkApp - DEBUG - Indicateur mis à jour pour update: vert
2025-06-16 13:24:09,048 - MaxLinkApp - DEBUG - Indicateur mis à jour pour ap: rouge
2025-06-16 13:24:09,048 - MaxLinkApp - DEBUG - Indicateur mis à jour pour nginx: rouge
2025-06-16 13:24:09,049 - MaxLinkApp - DEBUG - Indicateur mis à jour pour mqtt: rouge
2025-06-16 13:24:09,049 - MaxLinkApp - DEBUG - Indicateur mis à jour pour mqtt_wgs: rouge
2025-06-16 13:24:09,049 - MaxLinkApp - DEBUG - Indicateur mis à jour pour orchestrator: rouge
2025-06-16 13:24:09,177 - MaxLinkApp - DEBUG - Indicateur mis à jour pour update: vert
2025-06-16 13:24:09,177 - MaxLinkApp - DEBUG - Indicateur mis à jour pour ap: rouge
2025-06-16 13:24:09,177 - MaxLinkApp - DEBUG - Indicateur mis à jour pour nginx: rouge
2025-06-16 13:24:09,177 - MaxLinkApp - DEBUG - Indicateur mis à jour pour mqtt: rouge
2025-06-16 13:24:09,177 - MaxLinkApp - DEBUG - Indicateur mis à jour pour mqtt_wgs: rouge
2025-06-16 13:24:09,177 - MaxLinkApp - DEBUG - Indicateur mis à jour pour orchestrator: rouge
2025-06-16 13:24:43,026 - MaxLinkApp - INFO - Signal de rafraîchissement reçu
2025-06-16 13:24:43,126 - MaxLinkApp - DEBUG - Indicateur mis à jour pour update: vert
2025-06-16 13:24:43,126 - MaxLinkApp - DEBUG - Indicateur mis à jour pour ap: vert
2025-06-16 13:24:43,126 - MaxLinkApp - DEBUG - Indicateur mis à jour pour nginx: rouge
2025-06-16 13:24:43,127 - MaxLinkApp - DEBUG - Indicateur mis à jour pour mqtt: rouge
2025-06-16 13:24:43,127 - MaxLinkApp - DEBUG - Indicateur mis à jour pour mqtt_wgs: rouge
2025-06-16 13:24:43,127 - MaxLinkApp - DEBUG - Indicateur mis à jour pour orchestrator: rouge
2025-06-16 13:24:43,226 - MaxLinkApp - DEBUG - Indicateur mis à jour pour update: vert
2025-06-16 13:24:43,226 - MaxLinkApp - DEBUG - Indicateur mis à jour pour ap: vert
2025-06-16 13:24:43,227 - MaxLinkApp - DEBUG - Indicateur mis à jour pour nginx: rouge
2025-06-16 13:24:43,227 - MaxLinkApp - DEBUG - Indicateur mis à jour pour mqtt: rouge
2025-06-16 13:24:43,227 - MaxLinkApp - DEBUG - Indicateur mis à jour pour mqtt_wgs: rouge
2025-06-16 13:24:43,227 - MaxLinkApp - DEBUG - Indicateur mis à jour pour orchestrator: rouge
2025-06-16 13:25:07,171 - MaxLinkApp - INFO - Signal de rafraîchissement reçu
2025-06-16 13:25:07,241 - MaxLinkApp - DEBUG - Indicateur mis à jour pour update: vert
2025-06-16 13:25:07,242 - MaxLinkApp - DEBUG - Indicateur mis à jour pour ap: vert
2025-06-16 13:25:07,242 - MaxLinkApp - DEBUG - Indicateur mis à jour pour nginx: vert
2025-06-16 13:25:07,242 - MaxLinkApp - DEBUG - Indicateur mis à jour pour mqtt: rouge
2025-06-16 13:25:07,242 - MaxLinkApp - DEBUG - Indicateur mis à jour pour mqtt_wgs: rouge
2025-06-16 13:25:07,242 - MaxLinkApp - DEBUG - Indicateur mis à jour pour orchestrator: rouge
2025-06-16 13:25:07,373 - MaxLinkApp - DEBUG - Indicateur mis à jour pour update: vert
2025-06-16 13:25:07,373 - MaxLinkApp - DEBUG - Indicateur mis à jour pour ap: vert
2025-06-16 13:25:07,373 - MaxLinkApp - DEBUG - Indicateur mis à jour pour nginx: vert
2025-06-16 13:25:07,373 - MaxLinkApp - DEBUG - Indicateur mis à jour pour mqtt: rouge
2025-06-16 13:25:07,373 - MaxLinkApp - DEBUG - Indicateur mis à jour pour mqtt_wgs: rouge
2025-06-16 13:25:07,374 - MaxLinkApp - DEBUG - Indicateur mis à jour pour orchestrator: rouge
2025-06-16 13:25:38,250 - MaxLinkApp - INFO - Signal de rafraîchissement reçu
2025-06-16 13:25:38,294 - MaxLinkApp - DEBUG - Indicateur mis à jour pour update: vert
2025-06-16 13:25:38,294 - MaxLinkApp - DEBUG - Indicateur mis à jour pour ap: vert
2025-06-16 13:25:38,294 - MaxLinkApp - DEBUG - Indicateur mis à jour pour nginx: vert
2025-06-16 13:25:38,294 - MaxLinkApp - DEBUG - Indicateur mis à jour pour mqtt: vert
2025-06-16 13:25:38,294 - MaxLinkApp - DEBUG - Indicateur mis à jour pour mqtt_wgs: rouge
2025-06-16 13:25:38,295 - MaxLinkApp - DEBUG - Indicateur mis à jour pour orchestrator: rouge
2025-06-16 13:25:38,451 - MaxLinkApp - DEBUG - Indicateur mis à jour pour update: vert
2025-06-16 13:25:38,451 - MaxLinkApp - DEBUG - Indicateur mis à jour pour ap: vert
2025-06-16 13:25:38,451 - MaxLinkApp - DEBUG - Indicateur mis à jour pour nginx: vert
2025-06-16 13:25:38,451 - MaxLinkApp - DEBUG - Indicateur mis à jour pour mqtt: vert
2025-06-16 13:25:38,451 - MaxLinkApp - DEBUG - Indicateur mis à jour pour mqtt_wgs: rouge
2025-06-16 13:25:38,451 - MaxLinkApp - DEBUG - Indicateur mis à jour pour orchestrator: rouge
2025-06-16 13:26:07,083 - MaxLinkApp - INFO - Signal de rafraîchissement reçu
2025-06-16 13:26:07,183 - MaxLinkApp - DEBUG - Indicateur mis à jour pour update: vert
2025-06-16 13:26:07,184 - MaxLinkApp - DEBUG - Indicateur mis à jour pour ap: vert
2025-06-16 13:26:07,184 - MaxLinkApp - DEBUG - Indicateur mis à jour pour nginx: vert
2025-06-16 13:26:07,184 - MaxLinkApp - DEBUG - Indicateur mis à jour pour mqtt: vert
2025-06-16 13:26:07,184 - MaxLinkApp - DEBUG - Indicateur mis à jour pour mqtt_wgs: vert
2025-06-16 13:26:07,184 - MaxLinkApp - DEBUG - Indicateur mis à jour pour orchestrator: rouge
2025-06-16 13:26:07,284 - MaxLinkApp - DEBUG - Indicateur mis à jour pour update: vert
2025-06-16 13:26:07,284 - MaxLinkApp - DEBUG - Indicateur mis à jour pour ap: vert
2025-06-16 13:26:07,284 - MaxLinkApp - DEBUG - Indicateur mis à jour pour nginx: vert
2025-06-16 13:26:07,284 - MaxLinkApp - DEBUG - Indicateur mis à jour pour mqtt: vert
2025-06-16 13:26:07,284 - MaxLinkApp - DEBUG - Indicateur mis à jour pour mqtt_wgs: vert
2025-06-16 13:26:07,284 - MaxLinkApp - DEBUG - Indicateur mis à jour pour orchestrator: rouge
2025-06-16 13:26:19,246 - MaxLinkApp - INFO - Signal de rafraîchissement reçu
2025-06-16 13:26:19,304 - MaxLinkApp - DEBUG - Indicateur mis à jour pour update: vert
2025-06-16 13:26:19,304 - MaxLinkApp - DEBUG - Indicateur mis à jour pour ap: vert
2025-06-16 13:26:19,305 - MaxLinkApp - DEBUG - Indicateur mis à jour pour nginx: vert
2025-06-16 13:26:19,305 - MaxLinkApp - DEBUG - Indicateur mis à jour pour mqtt: vert
2025-06-16 13:26:19,305 - MaxLinkApp - DEBUG - Indicateur mis à jour pour mqtt_wgs: vert
2025-06-16 13:26:19,305 - MaxLinkApp - DEBUG - Indicateur mis à jour pour orchestrator: vert
2025-06-16 13:26:19,449 - MaxLinkApp - DEBUG - Indicateur mis à jour pour update: vert
2025-06-16 13:26:19,449 - MaxLinkApp - DEBUG - Indicateur mis à jour pour ap: vert
2025-06-16 13:26:19,449 - MaxLinkApp - DEBUG - Indicateur mis à jour pour nginx: vert
2025-06-16 13:26:19,449 - MaxLinkApp - DEBUG - Indicateur mis à jour pour mqtt: vert
2025-06-16 13:26:19,449 - MaxLinkApp - DEBUG - Indicateur mis à jour pour mqtt_wgs: vert
2025-06-16 13:26:19,449 - MaxLinkApp - DEBUG - Indicateur mis à jour pour orchestrator: vert
2025-06-16 13:26:20,269 - MaxLinkApp - INFO - Installation terminée avec code: 0
2025-06-16 13:26:20,270 - MaxLinkApp - INFO - Installation complète réussie
2025-06-16 13:26:21,271 - MaxLinkApp - DEBUG - Indicateur mis à jour pour update: vert
2025-06-16 13:26:21,271 - MaxLinkApp - DEBUG - Indicateur mis à jour pour ap: vert
2025-06-16 13:26:21,271 - MaxLinkApp - DEBUG - Indicateur mis à jour pour nginx: vert
2025-06-16 13:26:21,271 - MaxLinkApp - DEBUG - Indicateur mis à jour pour mqtt: vert
2025-06-16 13:26:21,271 - MaxLinkApp - DEBUG - Indicateur mis à jour pour mqtt_wgs: vert
2025-06-16 13:26:21,271 - MaxLinkApp - DEBUG - Indicateur mis à jour pour orchestrator: vert
2025-06-16 13:26:58,860 - MaxLinkApp - INFO - Fermeture de l'application
