2025-07-14 17:02:20,404 - MaxLinkApp - INFO - ======================================================================
2025-07-14 17:02:20,404 - MaxLinkApp - INFO - Démarrage de MaxLink Admin Panel (version simplifiée)
2025-07-14 17:02:20,405 - MaxLinkApp - INFO - ======================================================================
2025-07-14 17:02:20,407 - MaxLinkApp - INFO - Variables chargées: 1 variables
2025-07-14 17:02:20,479 - MaxLinkApp - INFO - Initialisation de l'application MaxLink (version simplifiée)
2025-07-14 17:02:20,502 - MaxLinkApp - INFO - Mode root: True
2025-07-14 17:02:20,502 - MaxLinkApp - INFO - Services chargés: 7
2025-07-14 17:02:20,541 - MaxLinkApp - DEBUG - Indicateur mis à jour pour update: rouge
2025-07-14 17:02:20,541 - MaxLinkApp - DEBUG - Indicateur mis à jour pour ap: rouge
2025-07-14 17:02:20,541 - MaxLinkApp - DEBUG - Indicateur mis à jour pour nginx: rouge
2025-07-14 17:02:20,541 - MaxLinkApp - DEBUG - Indicateur mis à jour pour mqtt: rouge
2025-07-14 17:02:20,542 - MaxLinkApp - DEBUG - Indicateur mis à jour pour mqtt_wgs: rouge
2025-07-14 17:02:20,542 - MaxLinkApp - DEBUG - Indicateur mis à jour pour php_archives: rouge
2025-07-14 17:02:20,542 - MaxLinkApp - DEBUG - Indicateur mis à jour pour orchestrator: rouge
2025-07-14 17:02:20,542 - MaxLinkApp - DEBUG - Indicateur mis à jour pour update: rouge
2025-07-14 17:02:20,542 - MaxLinkApp - DEBUG - Indicateur mis à jour pour ap: rouge
2025-07-14 17:02:20,542 - MaxLinkApp - DEBUG - Indicateur mis à jour pour nginx: rouge
2025-07-14 17:02:20,542 - MaxLinkApp - DEBUG - Indicateur mis à jour pour mqtt: rouge
2025-07-14 17:02:20,542 - MaxLinkApp - DEBUG - Indicateur mis à jour pour mqtt_wgs: rouge
2025-07-14 17:02:20,542 - MaxLinkApp - DEBUG - Indicateur mis à jour pour php_archives: rouge
2025-07-14 17:02:20,542 - MaxLinkApp - DEBUG - Indicateur mis à jour pour orchestrator: rouge
2025-07-14 17:02:20,542 - MaxLinkApp - DEBUG - Rafraîchissement des indicateurs effectué
2025-07-14 17:02:20,542 - MaxLinkApp - INFO - Interface prête
2025-07-14 17:02:22,543 - MaxLinkApp - DEBUG - Indicateur mis à jour pour update: rouge
2025-07-14 17:02:22,543 - MaxLinkApp - DEBUG - Indicateur mis à jour pour ap: rouge
2025-07-14 17:02:22,543 - MaxLinkApp - DEBUG - Indicateur mis à jour pour nginx: rouge
2025-07-14 17:02:22,543 - MaxLinkApp - DEBUG - Indicateur mis à jour pour mqtt: rouge
2025-07-14 17:02:22,543 - MaxLinkApp - DEBUG - Indicateur mis à jour pour mqtt_wgs: rouge
2025-07-14 17:02:22,543 - MaxLinkApp - DEBUG - Indicateur mis à jour pour php_archives: rouge
2025-07-14 17:02:22,543 - MaxLinkApp - DEBUG - Indicateur mis à jour pour orchestrator: rouge
2025-07-14 17:02:22,543 - MaxLinkApp - DEBUG - Rafraîchissement des indicateurs effectué
2025-07-14 17:02:24,543 - MaxLinkApp - DEBUG - Indicateur mis à jour pour update: rouge
2025-07-14 17:02:24,543 - MaxLinkApp - DEBUG - Indicateur mis à jour pour ap: rouge
2025-07-14 17:02:24,544 - MaxLinkApp - DEBUG - Indicateur mis à jour pour nginx: rouge
2025-07-14 17:02:24,544 - MaxLinkApp - DEBUG - Indicateur mis à jour pour mqtt: rouge
2025-07-14 17:02:24,544 - MaxLinkApp - DEBUG - Indicateur mis à jour pour mqtt_wgs: rouge
2025-07-14 17:02:24,544 - MaxLinkApp - DEBUG - Indicateur mis à jour pour php_archives: rouge
2025-07-14 17:02:24,544 - MaxLinkApp - DEBUG - Indicateur mis à jour pour orchestrator: rouge
2025-07-14 17:02:24,544 - MaxLinkApp - DEBUG - Rafraîchissement des indicateurs effectué
2025-07-14 17:02:25,283 - MaxLinkApp - INFO - Lancement de l'installation complète
2025-07-14 17:02:26,544 - MaxLinkApp - DEBUG - Indicateur mis à jour pour update: rouge
2025-07-14 17:02:26,544 - MaxLinkApp - DEBUG - Indicateur mis à jour pour ap: rouge
2025-07-14 17:02:26,544 - MaxLinkApp - DEBUG - Indicateur mis à jour pour nginx: rouge
2025-07-14 17:02:26,545 - MaxLinkApp - DEBUG - Indicateur mis à jour pour mqtt: rouge
2025-07-14 17:02:26,545 - MaxLinkApp - DEBUG - Indicateur mis à jour pour mqtt_wgs: rouge
2025-07-14 17:02:26,545 - MaxLinkApp - DEBUG - Indicateur mis à jour pour php_archives: rouge
2025-07-14 17:02:26,545 - MaxLinkApp - DEBUG - Indicateur mis à jour pour orchestrator: rouge
2025-07-14 17:02:26,545 - MaxLinkApp - DEBUG - Rafraîchissement des indicateurs effectué
2025-07-14 17:02:28,545 - MaxLinkApp - DEBUG - Indicateur mis à jour pour update: rouge
2025-07-14 17:02:28,545 - MaxLinkApp - DEBUG - Indicateur mis à jour pour ap: rouge
2025-07-14 17:02:28,546 - MaxLinkApp - DEBUG - Indicateur mis à jour pour nginx: rouge
2025-07-14 17:02:28,546 - MaxLinkApp - DEBUG - Indicateur mis à jour pour mqtt: rouge
2025-07-14 17:02:28,546 - MaxLinkApp - DEBUG - Indicateur mis à jour pour mqtt_wgs: rouge
2025-07-14 17:02:28,546 - MaxLinkApp - DEBUG - Indicateur mis à jour pour php_archives: rouge
2025-07-14 17:02:28,546 - MaxLinkApp - DEBUG - Indicateur mis à jour pour orchestrator: rouge
2025-07-14 17:02:28,546 - MaxLinkApp - DEBUG - Rafraîchissement des indicateurs effectué
2025-07-14 17:02:30,546 - MaxLinkApp - DEBUG - Indicateur mis à jour pour update: rouge
2025-07-14 17:02:30,547 - MaxLinkApp - DEBUG - Indicateur mis à jour pour ap: rouge
2025-07-14 17:02:30,547 - MaxLinkApp - DEBUG - Indicateur mis à jour pour nginx: rouge
2025-07-14 17:02:30,547 - MaxLinkApp - DEBUG - Indicateur mis à jour pour mqtt: rouge
2025-07-14 17:02:30,547 - MaxLinkApp - DEBUG - Indicateur mis à jour pour mqtt_wgs: rouge
2025-07-14 17:02:30,547 - MaxLinkApp - DEBUG - Indicateur mis à jour pour php_archives: rouge
2025-07-14 17:02:30,547 - MaxLinkApp - DEBUG - Indicateur mis à jour pour orchestrator: rouge
2025-07-14 17:02:30,547 - MaxLinkApp - DEBUG - Rafraîchissement des indicateurs effectué
2025-07-14 17:02:31,094 - MaxLinkApp - INFO - Exécution du script: /media/prod/USBTOOL/scripts/install/full_install_install.sh
2025-07-14 17:07:14,167 - MaxLinkApp - DEBUG - Indicateur mis à jour pour update: vert
2025-07-14 17:07:14,167 - MaxLinkApp - DEBUG - Indicateur mis à jour pour ap: rouge
2025-07-14 17:07:14,167 - MaxLinkApp - DEBUG - Indicateur mis à jour pour nginx: rouge
2025-07-14 17:07:14,167 - MaxLinkApp - DEBUG - Indicateur mis à jour pour mqtt: rouge
2025-07-14 17:07:14,167 - MaxLinkApp - DEBUG - Indicateur mis à jour pour mqtt_wgs: rouge
2025-07-14 17:07:14,167 - MaxLinkApp - DEBUG - Indicateur mis à jour pour php_archives: rouge
2025-07-14 17:07:14,167 - MaxLinkApp - DEBUG - Indicateur mis à jour pour orchestrator: rouge
2025-07-14 17:07:54,171 - MaxLinkApp - DEBUG - Indicateur mis à jour pour update: vert
2025-07-14 17:07:54,171 - MaxLinkApp - DEBUG - Indicateur mis à jour pour ap: vert
2025-07-14 17:07:54,172 - MaxLinkApp - DEBUG - Indicateur mis à jour pour nginx: rouge
2025-07-14 17:07:54,172 - MaxLinkApp - DEBUG - Indicateur mis à jour pour mqtt: rouge
2025-07-14 17:07:54,172 - MaxLinkApp - DEBUG - Indicateur mis à jour pour mqtt_wgs: rouge
2025-07-14 17:07:54,172 - MaxLinkApp - DEBUG - Indicateur mis à jour pour php_archives: rouge
2025-07-14 17:07:54,172 - MaxLinkApp - DEBUG - Indicateur mis à jour pour orchestrator: rouge
2025-07-14 17:08:25,351 - MaxLinkApp - DEBUG - Indicateur mis à jour pour update: vert
2025-07-14 17:08:25,351 - MaxLinkApp - DEBUG - Indicateur mis à jour pour ap: vert
2025-07-14 17:08:25,351 - MaxLinkApp - DEBUG - Indicateur mis à jour pour nginx: vert
2025-07-14 17:08:25,351 - MaxLinkApp - DEBUG - Indicateur mis à jour pour mqtt: rouge
2025-07-14 17:08:25,351 - MaxLinkApp - DEBUG - Indicateur mis à jour pour mqtt_wgs: rouge
2025-07-14 17:08:25,351 - MaxLinkApp - DEBUG - Indicateur mis à jour pour php_archives: rouge
2025-07-14 17:08:25,351 - MaxLinkApp - DEBUG - Indicateur mis à jour pour orchestrator: rouge
2025-07-14 17:09:00,287 - MaxLinkApp - DEBUG - Indicateur mis à jour pour update: vert
2025-07-14 17:09:00,287 - MaxLinkApp - DEBUG - Indicateur mis à jour pour ap: vert
2025-07-14 17:09:00,288 - MaxLinkApp - DEBUG - Indicateur mis à jour pour nginx: vert
2025-07-14 17:09:00,288 - MaxLinkApp - DEBUG - Indicateur mis à jour pour mqtt: vert
2025-07-14 17:09:00,288 - MaxLinkApp - DEBUG - Indicateur mis à jour pour mqtt_wgs: rouge
2025-07-14 17:09:00,288 - MaxLinkApp - DEBUG - Indicateur mis à jour pour php_archives: rouge
2025-07-14 17:09:00,288 - MaxLinkApp - DEBUG - Indicateur mis à jour pour orchestrator: rouge
2025-07-14 17:09:46,035 - MaxLinkApp - DEBUG - Indicateur mis à jour pour update: vert
2025-07-14 17:09:46,035 - MaxLinkApp - DEBUG - Indicateur mis à jour pour ap: vert
2025-07-14 17:09:46,035 - MaxLinkApp - DEBUG - Indicateur mis à jour pour nginx: vert
2025-07-14 17:09:46,035 - MaxLinkApp - DEBUG - Indicateur mis à jour pour mqtt: vert
2025-07-14 17:09:46,035 - MaxLinkApp - DEBUG - Indicateur mis à jour pour mqtt_wgs: vert
2025-07-14 17:09:46,035 - MaxLinkApp - DEBUG - Indicateur mis à jour pour php_archives: rouge
2025-07-14 17:09:46,036 - MaxLinkApp - DEBUG - Indicateur mis à jour pour orchestrator: rouge
2025-07-14 17:10:50,839 - MaxLinkApp - DEBUG - Indicateur mis à jour pour update: vert
2025-07-14 17:10:50,839 - MaxLinkApp - DEBUG - Indicateur mis à jour pour ap: vert
2025-07-14 17:10:50,839 - MaxLinkApp - DEBUG - Indicateur mis à jour pour nginx: vert
2025-07-14 17:10:50,839 - MaxLinkApp - DEBUG - Indicateur mis à jour pour mqtt: vert
2025-07-14 17:10:50,839 - MaxLinkApp - DEBUG - Indicateur mis à jour pour mqtt_wgs: vert
2025-07-14 17:10:50,839 - MaxLinkApp - DEBUG - Indicateur mis à jour pour php_archives: rouge
2025-07-14 17:10:50,839 - MaxLinkApp - DEBUG - Indicateur mis à jour pour orchestrator: vert
