2025-06-24 13:28:31,077 - MaxLinkApp - INFO - ======================================================================
2025-06-24 13:28:31,077 - MaxLinkApp - INFO - Démarrage de MaxLink Admin Panel (version simplifiée)
2025-06-24 13:28:31,077 - MaxLinkApp - INFO - ======================================================================
2025-06-24 13:28:31,080 - MaxLinkApp - INFO - Variables chargées: 1 variables
2025-06-24 13:28:31,142 - MaxLinkApp - INFO - Initialisation de l'application MaxLink (version simplifiée)
2025-06-24 13:28:31,164 - MaxLinkApp - INFO - Mode root: True
2025-06-24 13:28:31,165 - MaxLinkApp - INFO - Services chargés: 6
2025-06-24 13:28:31,204 - MaxLinkApp - DEBUG - Indicateur mis à jour pour update: rouge
2025-06-24 13:28:31,204 - MaxLinkApp - DEBUG - Indicateur mis à jour pour ap: rouge
2025-06-24 13:28:31,205 - MaxLinkApp - DEBUG - Indicateur mis à jour pour nginx: rouge
2025-06-24 13:28:31,205 - MaxLinkApp - DEBUG - Indicateur mis à jour pour mqtt: rouge
2025-06-24 13:28:31,205 - MaxLinkApp - DEBUG - Indicateur mis à jour pour mqtt_wgs: rouge
2025-06-24 13:28:31,205 - MaxLinkApp - DEBUG - Indicateur mis à jour pour orchestrator: rouge
2025-06-24 13:28:31,205 - MaxLinkApp - DEBUG - Indicateur mis à jour pour update: rouge
2025-06-24 13:28:31,205 - MaxLinkApp - DEBUG - Indicateur mis à jour pour ap: rouge
2025-06-24 13:28:31,205 - MaxLinkApp - DEBUG - Indicateur mis à jour pour nginx: rouge
2025-06-24 13:28:31,205 - MaxLinkApp - DEBUG - Indicateur mis à jour pour mqtt: rouge
2025-06-24 13:28:31,205 - MaxLinkApp - DEBUG - Indicateur mis à jour pour mqtt_wgs: rouge
2025-06-24 13:28:31,205 - MaxLinkApp - DEBUG - Indicateur mis à jour pour orchestrator: rouge
2025-06-24 13:28:31,205 - MaxLinkApp - DEBUG - Rafraîchissement des indicateurs effectué
2025-06-24 13:28:31,205 - MaxLinkApp - INFO - Interface prête
2025-06-24 13:28:33,206 - MaxLinkApp - DEBUG - Indicateur mis à jour pour update: rouge
2025-06-24 13:28:33,206 - MaxLinkApp - DEBUG - Indicateur mis à jour pour ap: rouge
2025-06-24 13:28:33,206 - MaxLinkApp - DEBUG - Indicateur mis à jour pour nginx: rouge
2025-06-24 13:28:33,206 - MaxLinkApp - DEBUG - Indicateur mis à jour pour mqtt: rouge
2025-06-24 13:28:33,206 - MaxLinkApp - DEBUG - Indicateur mis à jour pour mqtt_wgs: rouge
2025-06-24 13:28:33,206 - MaxLinkApp - DEBUG - Indicateur mis à jour pour orchestrator: rouge
2025-06-24 13:28:33,206 - MaxLinkApp - DEBUG - Rafraîchissement des indicateurs effectué
2025-06-24 13:28:35,206 - MaxLinkApp - DEBUG - Indicateur mis à jour pour update: rouge
2025-06-24 13:28:35,206 - MaxLinkApp - DEBUG - Indicateur mis à jour pour ap: rouge
2025-06-24 13:28:35,206 - MaxLinkApp - DEBUG - Indicateur mis à jour pour nginx: rouge
2025-06-24 13:28:35,207 - MaxLinkApp - DEBUG - Indicateur mis à jour pour mqtt: rouge
2025-06-24 13:28:35,207 - MaxLinkApp - DEBUG - Indicateur mis à jour pour mqtt_wgs: rouge
2025-06-24 13:28:35,207 - MaxLinkApp - DEBUG - Indicateur mis à jour pour orchestrator: rouge
2025-06-24 13:28:35,207 - MaxLinkApp - DEBUG - Rafraîchissement des indicateurs effectué
2025-06-24 13:28:37,207 - MaxLinkApp - DEBUG - Indicateur mis à jour pour update: rouge
2025-06-24 13:28:37,207 - MaxLinkApp - DEBUG - Indicateur mis à jour pour ap: rouge
2025-06-24 13:28:37,207 - MaxLinkApp - DEBUG - Indicateur mis à jour pour nginx: rouge
2025-06-24 13:28:37,207 - MaxLinkApp - DEBUG - Indicateur mis à jour pour mqtt: rouge
2025-06-24 13:28:37,207 - MaxLinkApp - DEBUG - Indicateur mis à jour pour mqtt_wgs: rouge
2025-06-24 13:28:37,207 - MaxLinkApp - DEBUG - Indicateur mis à jour pour orchestrator: rouge
2025-06-24 13:28:37,207 - MaxLinkApp - DEBUG - Rafraîchissement des indicateurs effectué
2025-06-24 13:28:37,352 - MaxLinkApp - INFO - Lancement de l'installation complète
2025-06-24 13:28:39,208 - MaxLinkApp - DEBUG - Indicateur mis à jour pour update: rouge
2025-06-24 13:28:39,208 - MaxLinkApp - DEBUG - Indicateur mis à jour pour ap: rouge
2025-06-24 13:28:39,208 - MaxLinkApp - DEBUG - Indicateur mis à jour pour nginx: rouge
2025-06-24 13:28:39,208 - MaxLinkApp - DEBUG - Indicateur mis à jour pour mqtt: rouge
2025-06-24 13:28:39,208 - MaxLinkApp - DEBUG - Indicateur mis à jour pour mqtt_wgs: rouge
2025-06-24 13:28:39,208 - MaxLinkApp - DEBUG - Indicateur mis à jour pour orchestrator: rouge
2025-06-24 13:28:39,208 - MaxLinkApp - DEBUG - Rafraîchissement des indicateurs effectué
2025-06-24 13:28:39,451 - MaxLinkApp - INFO - Exécution du script: /media/prod/USBTOOL/scripts/install/full_install_install.sh
2025-06-24 13:33:37,881 - MaxLinkApp - DEBUG - Indicateur mis à jour pour update: vert
2025-06-24 13:33:37,881 - MaxLinkApp - DEBUG - Indicateur mis à jour pour ap: rouge
2025-06-24 13:33:37,881 - MaxLinkApp - DEBUG - Indicateur mis à jour pour nginx: rouge
2025-06-24 13:33:37,881 - MaxLinkApp - DEBUG - Indicateur mis à jour pour mqtt: rouge
2025-06-24 13:33:37,881 - MaxLinkApp - DEBUG - Indicateur mis à jour pour mqtt_wgs: rouge
2025-06-24 13:33:37,881 - MaxLinkApp - DEBUG - Indicateur mis à jour pour orchestrator: rouge
2025-06-24 13:34:17,934 - MaxLinkApp - DEBUG - Indicateur mis à jour pour update: vert
2025-06-24 13:34:17,934 - MaxLinkApp - DEBUG - Indicateur mis à jour pour ap: vert
2025-06-24 13:34:17,934 - MaxLinkApp - DEBUG - Indicateur mis à jour pour nginx: rouge
2025-06-24 13:34:17,935 - MaxLinkApp - DEBUG - Indicateur mis à jour pour mqtt: rouge
2025-06-24 13:34:17,935 - MaxLinkApp - DEBUG - Indicateur mis à jour pour mqtt_wgs: rouge
2025-06-24 13:34:17,935 - MaxLinkApp - DEBUG - Indicateur mis à jour pour orchestrator: rouge
2025-06-24 13:34:49,325 - MaxLinkApp - DEBUG - Indicateur mis à jour pour update: vert
2025-06-24 13:34:49,326 - MaxLinkApp - DEBUG - Indicateur mis à jour pour ap: vert
2025-06-24 13:34:49,326 - MaxLinkApp - DEBUG - Indicateur mis à jour pour nginx: vert
2025-06-24 13:34:49,326 - MaxLinkApp - DEBUG - Indicateur mis à jour pour mqtt: rouge
2025-06-24 13:34:49,326 - MaxLinkApp - DEBUG - Indicateur mis à jour pour mqtt_wgs: rouge
2025-06-24 13:34:49,326 - MaxLinkApp - DEBUG - Indicateur mis à jour pour orchestrator: rouge
2025-06-24 13:35:24,390 - MaxLinkApp - DEBUG - Indicateur mis à jour pour update: vert
2025-06-24 13:35:24,390 - MaxLinkApp - DEBUG - Indicateur mis à jour pour ap: vert
2025-06-24 13:35:24,390 - MaxLinkApp - DEBUG - Indicateur mis à jour pour nginx: vert
2025-06-24 13:35:24,390 - MaxLinkApp - DEBUG - Indicateur mis à jour pour mqtt: vert
2025-06-24 13:35:24,390 - MaxLinkApp - DEBUG - Indicateur mis à jour pour mqtt_wgs: rouge
2025-06-24 13:35:24,390 - MaxLinkApp - DEBUG - Indicateur mis à jour pour orchestrator: rouge
2025-06-24 13:36:10,297 - MaxLinkApp - DEBUG - Indicateur mis à jour pour update: vert
2025-06-24 13:36:10,297 - MaxLinkApp - DEBUG - Indicateur mis à jour pour ap: vert
2025-06-24 13:36:10,298 - MaxLinkApp - DEBUG - Indicateur mis à jour pour nginx: vert
2025-06-24 13:36:10,298 - MaxLinkApp - DEBUG - Indicateur mis à jour pour mqtt: vert
2025-06-24 13:36:10,298 - MaxLinkApp - DEBUG - Indicateur mis à jour pour mqtt_wgs: vert
2025-06-24 13:36:10,298 - MaxLinkApp - DEBUG - Indicateur mis à jour pour orchestrator: rouge
2025-06-24 13:36:31,858 - MaxLinkApp - DEBUG - Indicateur mis à jour pour update: vert
2025-06-24 13:36:31,859 - MaxLinkApp - DEBUG - Indicateur mis à jour pour ap: vert
2025-06-24 13:36:31,859 - MaxLinkApp - DEBUG - Indicateur mis à jour pour nginx: vert
2025-06-24 13:36:31,859 - MaxLinkApp - DEBUG - Indicateur mis à jour pour mqtt: vert
2025-06-24 13:36:31,859 - MaxLinkApp - DEBUG - Indicateur mis à jour pour mqtt_wgs: vert
2025-06-24 13:36:31,859 - MaxLinkApp - DEBUG - Indicateur mis à jour pour orchestrator: vert
