2025-07-14 17:36:16,894 - MaxLinkApp - INFO - ======================================================================
2025-07-14 17:36:16,894 - MaxLinkApp - INFO - Démarrage de MaxLink Admin Panel (version simplifiée)
2025-07-14 17:36:16,894 - MaxLinkApp - INFO - ======================================================================
2025-07-14 17:36:16,897 - MaxLinkApp - INFO - Variables chargées: 1 variables
2025-07-14 17:36:16,969 - MaxLinkApp - INFO - Initialisation de l'application MaxLink (version simplifiée)
2025-07-14 17:36:16,993 - MaxLinkApp - INFO - Mode root: True
2025-07-14 17:36:16,993 - MaxLinkApp - INFO - Services chargés: 7
2025-07-14 17:36:17,036 - MaxLinkApp - DEBUG - Indicateur mis à jour pour update: rouge
2025-07-14 17:36:17,036 - MaxLinkApp - DEBUG - Indicateur mis à jour pour ap: rouge
2025-07-14 17:36:17,036 - MaxLinkApp - DEBUG - Indicateur mis à jour pour nginx: rouge
2025-07-14 17:36:17,036 - MaxLinkApp - DEBUG - Indicateur mis à jour pour mqtt: rouge
2025-07-14 17:36:17,036 - MaxLinkApp - DEBUG - Indicateur mis à jour pour mqtt_wgs: rouge
2025-07-14 17:36:17,036 - MaxLinkApp - DEBUG - Indicateur mis à jour pour php_archives: rouge
2025-07-14 17:36:17,036 - MaxLinkApp - DEBUG - Indicateur mis à jour pour orchestrator: rouge
2025-07-14 17:36:17,037 - MaxLinkApp - DEBUG - Indicateur mis à jour pour update: rouge
2025-07-14 17:36:17,037 - MaxLinkApp - DEBUG - Indicateur mis à jour pour ap: rouge
2025-07-14 17:36:17,037 - MaxLinkApp - DEBUG - Indicateur mis à jour pour nginx: rouge
2025-07-14 17:36:17,037 - MaxLinkApp - DEBUG - Indicateur mis à jour pour mqtt: rouge
2025-07-14 17:36:17,037 - MaxLinkApp - DEBUG - Indicateur mis à jour pour mqtt_wgs: rouge
2025-07-14 17:36:17,037 - MaxLinkApp - DEBUG - Indicateur mis à jour pour php_archives: rouge
2025-07-14 17:36:17,037 - MaxLinkApp - DEBUG - Indicateur mis à jour pour orchestrator: rouge
2025-07-14 17:36:17,037 - MaxLinkApp - DEBUG - Rafraîchissement des indicateurs effectué
2025-07-14 17:36:17,037 - MaxLinkApp - INFO - Interface prête
2025-07-14 17:36:19,037 - MaxLinkApp - DEBUG - Indicateur mis à jour pour update: rouge
2025-07-14 17:36:19,037 - MaxLinkApp - DEBUG - Indicateur mis à jour pour ap: rouge
2025-07-14 17:36:19,037 - MaxLinkApp - DEBUG - Indicateur mis à jour pour nginx: rouge
2025-07-14 17:36:19,037 - MaxLinkApp - DEBUG - Indicateur mis à jour pour mqtt: rouge
2025-07-14 17:36:19,038 - MaxLinkApp - DEBUG - Indicateur mis à jour pour mqtt_wgs: rouge
2025-07-14 17:36:19,038 - MaxLinkApp - DEBUG - Indicateur mis à jour pour php_archives: rouge
2025-07-14 17:36:19,038 - MaxLinkApp - DEBUG - Indicateur mis à jour pour orchestrator: rouge
2025-07-14 17:36:19,038 - MaxLinkApp - DEBUG - Rafraîchissement des indicateurs effectué
2025-07-14 17:36:21,038 - MaxLinkApp - DEBUG - Indicateur mis à jour pour update: rouge
2025-07-14 17:36:21,038 - MaxLinkApp - DEBUG - Indicateur mis à jour pour ap: rouge
2025-07-14 17:36:21,038 - MaxLinkApp - DEBUG - Indicateur mis à jour pour nginx: rouge
2025-07-14 17:36:21,038 - MaxLinkApp - DEBUG - Indicateur mis à jour pour mqtt: rouge
2025-07-14 17:36:21,039 - MaxLinkApp - DEBUG - Indicateur mis à jour pour mqtt_wgs: rouge
2025-07-14 17:36:21,039 - MaxLinkApp - DEBUG - Indicateur mis à jour pour php_archives: rouge
2025-07-14 17:36:21,039 - MaxLinkApp - DEBUG - Indicateur mis à jour pour orchestrator: rouge
2025-07-14 17:36:21,039 - MaxLinkApp - DEBUG - Rafraîchissement des indicateurs effectué
2025-07-14 17:36:23,039 - MaxLinkApp - DEBUG - Indicateur mis à jour pour update: rouge
2025-07-14 17:36:23,040 - MaxLinkApp - DEBUG - Indicateur mis à jour pour ap: rouge
2025-07-14 17:36:23,040 - MaxLinkApp - DEBUG - Indicateur mis à jour pour nginx: rouge
2025-07-14 17:36:23,040 - MaxLinkApp - DEBUG - Indicateur mis à jour pour mqtt: rouge
2025-07-14 17:36:23,040 - MaxLinkApp - DEBUG - Indicateur mis à jour pour mqtt_wgs: rouge
2025-07-14 17:36:23,040 - MaxLinkApp - DEBUG - Indicateur mis à jour pour php_archives: rouge
2025-07-14 17:36:23,041 - MaxLinkApp - DEBUG - Indicateur mis à jour pour orchestrator: rouge
2025-07-14 17:36:23,041 - MaxLinkApp - DEBUG - Rafraîchissement des indicateurs effectué
2025-07-14 17:36:23,622 - MaxLinkApp - INFO - Lancement de l'installation complète
2025-07-14 17:36:25,041 - MaxLinkApp - DEBUG - Indicateur mis à jour pour update: rouge
2025-07-14 17:36:25,041 - MaxLinkApp - DEBUG - Indicateur mis à jour pour ap: rouge
2025-07-14 17:36:25,042 - MaxLinkApp - DEBUG - Indicateur mis à jour pour nginx: rouge
2025-07-14 17:36:25,042 - MaxLinkApp - DEBUG - Indicateur mis à jour pour mqtt: rouge
2025-07-14 17:36:25,042 - MaxLinkApp - DEBUG - Indicateur mis à jour pour mqtt_wgs: rouge
2025-07-14 17:36:25,042 - MaxLinkApp - DEBUG - Indicateur mis à jour pour php_archives: rouge
2025-07-14 17:36:25,042 - MaxLinkApp - DEBUG - Indicateur mis à jour pour orchestrator: rouge
2025-07-14 17:36:25,042 - MaxLinkApp - DEBUG - Rafraîchissement des indicateurs effectué
2025-07-14 17:36:25,097 - MaxLinkApp - INFO - Exécution du script: /media/prod/USBTOOL/scripts/install/full_install_install.sh
2025-07-14 17:41:04,417 - MaxLinkApp - DEBUG - Indicateur mis à jour pour update: vert
2025-07-14 17:41:04,417 - MaxLinkApp - DEBUG - Indicateur mis à jour pour ap: rouge
2025-07-14 17:41:04,417 - MaxLinkApp - DEBUG - Indicateur mis à jour pour nginx: rouge
2025-07-14 17:41:04,417 - MaxLinkApp - DEBUG - Indicateur mis à jour pour mqtt: rouge
2025-07-14 17:41:04,417 - MaxLinkApp - DEBUG - Indicateur mis à jour pour mqtt_wgs: rouge
2025-07-14 17:41:04,417 - MaxLinkApp - DEBUG - Indicateur mis à jour pour php_archives: rouge
2025-07-14 17:41:04,417 - MaxLinkApp - DEBUG - Indicateur mis à jour pour orchestrator: rouge
2025-07-14 17:41:44,392 - MaxLinkApp - DEBUG - Indicateur mis à jour pour update: vert
2025-07-14 17:41:44,393 - MaxLinkApp - DEBUG - Indicateur mis à jour pour ap: vert
2025-07-14 17:41:44,393 - MaxLinkApp - DEBUG - Indicateur mis à jour pour nginx: rouge
2025-07-14 17:41:44,393 - MaxLinkApp - DEBUG - Indicateur mis à jour pour mqtt: rouge
2025-07-14 17:41:44,393 - MaxLinkApp - DEBUG - Indicateur mis à jour pour mqtt_wgs: rouge
2025-07-14 17:41:44,393 - MaxLinkApp - DEBUG - Indicateur mis à jour pour php_archives: rouge
2025-07-14 17:41:44,393 - MaxLinkApp - DEBUG - Indicateur mis à jour pour orchestrator: rouge
2025-07-14 17:42:15,837 - MaxLinkApp - DEBUG - Indicateur mis à jour pour update: vert
2025-07-14 17:42:15,837 - MaxLinkApp - DEBUG - Indicateur mis à jour pour ap: vert
2025-07-14 17:42:15,837 - MaxLinkApp - DEBUG - Indicateur mis à jour pour nginx: vert
2025-07-14 17:42:15,837 - MaxLinkApp - DEBUG - Indicateur mis à jour pour mqtt: rouge
2025-07-14 17:42:15,837 - MaxLinkApp - DEBUG - Indicateur mis à jour pour mqtt_wgs: rouge
2025-07-14 17:42:15,837 - MaxLinkApp - DEBUG - Indicateur mis à jour pour php_archives: rouge
2025-07-14 17:42:15,837 - MaxLinkApp - DEBUG - Indicateur mis à jour pour orchestrator: rouge
2025-07-14 17:42:50,689 - MaxLinkApp - DEBUG - Indicateur mis à jour pour update: vert
2025-07-14 17:42:50,690 - MaxLinkApp - DEBUG - Indicateur mis à jour pour ap: vert
2025-07-14 17:42:50,690 - MaxLinkApp - DEBUG - Indicateur mis à jour pour nginx: vert
2025-07-14 17:42:50,690 - MaxLinkApp - DEBUG - Indicateur mis à jour pour mqtt: vert
2025-07-14 17:42:50,690 - MaxLinkApp - DEBUG - Indicateur mis à jour pour mqtt_wgs: rouge
2025-07-14 17:42:50,690 - MaxLinkApp - DEBUG - Indicateur mis à jour pour php_archives: rouge
2025-07-14 17:42:50,690 - MaxLinkApp - DEBUG - Indicateur mis à jour pour orchestrator: rouge
2025-07-14 17:43:37,261 - MaxLinkApp - DEBUG - Indicateur mis à jour pour update: vert
2025-07-14 17:43:37,261 - MaxLinkApp - DEBUG - Indicateur mis à jour pour ap: vert
2025-07-14 17:43:37,261 - MaxLinkApp - DEBUG - Indicateur mis à jour pour nginx: vert
2025-07-14 17:43:37,261 - MaxLinkApp - DEBUG - Indicateur mis à jour pour mqtt: vert
2025-07-14 17:43:37,261 - MaxLinkApp - DEBUG - Indicateur mis à jour pour mqtt_wgs: vert
2025-07-14 17:43:37,262 - MaxLinkApp - DEBUG - Indicateur mis à jour pour php_archives: rouge
2025-07-14 17:43:37,262 - MaxLinkApp - DEBUG - Indicateur mis à jour pour orchestrator: rouge
2025-07-14 17:44:24,401 - MaxLinkApp - DEBUG - Indicateur mis à jour pour update: vert
2025-07-14 17:44:24,401 - MaxLinkApp - DEBUG - Indicateur mis à jour pour ap: vert
2025-07-14 17:44:24,401 - MaxLinkApp - DEBUG - Indicateur mis à jour pour nginx: vert
2025-07-14 17:44:24,401 - MaxLinkApp - DEBUG - Indicateur mis à jour pour mqtt: vert
2025-07-14 17:44:24,401 - MaxLinkApp - DEBUG - Indicateur mis à jour pour mqtt_wgs: vert
2025-07-14 17:44:24,401 - MaxLinkApp - DEBUG - Indicateur mis à jour pour php_archives: rouge
2025-07-14 17:44:24,401 - MaxLinkApp - DEBUG - Indicateur mis à jour pour orchestrator: vert
