
================================================================================
DÉMARRAGE: interface
Description: Interface graphique MaxLink Admin Panel
Date: Tue May 13 02:18:18 2025
Utilisateur: root
Répertoire: /media/prod/USBTOOL
================================================================================

[2025-05-13 02:18:18] [INFO] [interface] Interface MaxLink démarrée
[2025-05-13 02:18:18] [INFO] [interface] Variables chargées: 55 variables
[2025-05-13 02:18:18] [INFO] [interface] Variables chargées avec succès
[2025-05-13 02:18:18] [INFO] [interface] Initialisation de l'application MaxLink
[2025-05-13 02:18:18] [INFO] [interface] Mode root: True
[2025-05-13 02:18:18] [INFO] [interface] Services chargés: 7
[2025-05-13 02:18:18] [INFO] [interface] Interface créée avec succès
[2025-05-13 02:18:27] [INFO] [interface] Exécution action: install sur Installation total
[2025-05-13 02:18:27] [INFO] [interface] Exécution du script: /media/prod/USBTOOL/scripts/install/full_install_install_install.sh
[2025-05-13 02:18:27] [ERROR] [interface] Script non trouvé: /media/prod/USBTOOL/scripts/install/full_install_install_install.sh

================================================================================
FIN: interface
Date: Tue May 13 02:19:41 2025
================================================================================


================================================================================
DÉMARRAGE: interface
Description: Interface graphique MaxLink Admin Panel
Date: Tue May 13 02:19:50 2025
Utilisateur: root
Répertoire: /media/prod/USBTOOL
================================================================================

[2025-05-13 02:19:50] [INFO] [interface] Interface MaxLink démarrée
[2025-05-13 02:19:50] [INFO] [interface] Variables chargées: 55 variables
[2025-05-13 02:19:50] [INFO] [interface] Variables chargées avec succès
[2025-05-13 02:19:50] [INFO] [interface] Initialisation de l'application MaxLink
[2025-05-13 02:19:50] [INFO] [interface] Mode root: True
[2025-05-13 02:19:50] [INFO] [interface] Services chargés: 7
[2025-05-13 02:19:51] [INFO] [interface] Interface créée avec succès
[2025-05-13 02:19:54] [INFO] [interface] Exécution action: install sur Installation total
[2025-05-13 02:19:54] [INFO] [interface] Exécution du script: /media/prod/USBTOOL/scripts/install/full_install_install.sh
[2025-05-13 02:19:54] [INFO] [interface] Démarrage du processus: /media/prod/USBTOOL/scripts/install/full_install_install.sh
[2025-06-06 22:33:10] [INFO] [interface] Statuts chargés depuis /var/lib/maxlink/services_status.json
[2025-06-06 22:33:15] [INFO] [interface] Statuts chargés depuis /var/lib/maxlink/services_status.json
[2025-06-06 22:33:20] [INFO] [interface] Statuts chargés depuis /var/lib/maxlink/services_status.json
[2025-06-06 22:33:25] [INFO] [interface] Statuts chargés depuis /var/lib/maxlink/services_status.json
[2025-06-06 22:33:30] [INFO] [interface] Statuts chargés depuis /var/lib/maxlink/services_status.json
[2025-06-06 22:33:35] [INFO] [interface] Statuts chargés depuis /var/lib/maxlink/services_status.json
[2025-06-06 22:33:40] [INFO] [interface] Statuts chargés depuis /var/lib/maxlink/services_status.json
[2025-06-06 22:33:45] [INFO] [interface] Statuts chargés depuis /var/lib/maxlink/services_status.json
[2025-06-06 22:33:50] [INFO] [interface] Statuts chargés depuis /var/lib/maxlink/services_status.json
[2025-06-06 22:33:55] [INFO] [interface] Statuts chargés depuis /var/lib/maxlink/services_status.json
[2025-06-06 22:34:00] [INFO] [interface] Statuts chargés depuis /var/lib/maxlink/services_status.json
[2025-06-06 22:34:05] [INFO] [interface] Statuts chargés depuis /var/lib/maxlink/services_status.json
[2025-06-06 22:34:10] [INFO] [interface] Statuts chargés depuis /var/lib/maxlink/services_status.json
[2025-06-06 22:34:15] [INFO] [interface] Statuts chargés depuis /var/lib/maxlink/services_status.json
[2025-06-06 22:34:20] [INFO] [interface] Statuts chargés depuis /var/lib/maxlink/services_status.json
[2025-06-06 22:34:25] [INFO] [interface] Statuts chargés depuis /var/lib/maxlink/services_status.json
[2025-06-06 22:34:30] [INFO] [interface] Statuts chargés depuis /var/lib/maxlink/services_status.json
[2025-06-06 22:34:35] [INFO] [interface] Statuts chargés depuis /var/lib/maxlink/services_status.json
[2025-06-06 22:34:40] [INFO] [interface] Statuts chargés depuis /var/lib/maxlink/services_status.json
[2025-06-06 22:34:45] [INFO] [interface] Statuts chargés depuis /var/lib/maxlink/services_status.json
[2025-06-06 22:34:50] [INFO] [interface] Statuts chargés depuis /var/lib/maxlink/services_status.json
[2025-06-06 22:34:55] [INFO] [interface] Statuts chargés depuis /var/lib/maxlink/services_status.json
[2025-06-06 22:35:00] [INFO] [interface] Statuts chargés depuis /var/lib/maxlink/services_status.json
[2025-06-06 22:35:05] [INFO] [interface] Statuts chargés depuis /var/lib/maxlink/services_status.json
[2025-06-06 22:35:10] [INFO] [interface] Statuts chargés depuis /var/lib/maxlink/services_status.json
[2025-06-06 22:35:15] [INFO] [interface] Statuts chargés depuis /var/lib/maxlink/services_status.json
[2025-06-06 22:35:20] [INFO] [interface] Statuts chargés depuis /var/lib/maxlink/services_status.json
[2025-06-06 22:35:25] [INFO] [interface] Statuts chargés depuis /var/lib/maxlink/services_status.json
[2025-06-06 22:35:30] [INFO] [interface] Statuts chargés depuis /var/lib/maxlink/services_status.json
[2025-06-06 22:35:35] [INFO] [interface] Statuts chargés depuis /var/lib/maxlink/services_status.json
[2025-06-06 22:35:40] [INFO] [interface] Statuts chargés depuis /var/lib/maxlink/services_status.json
[2025-06-06 22:35:46] [INFO] [interface] Statuts chargés depuis /var/lib/maxlink/services_status.json
[2025-06-06 22:35:51] [INFO] [interface] Statuts chargés depuis /var/lib/maxlink/services_status.json
[2025-06-06 22:35:56] [INFO] [interface] Statuts chargés depuis /var/lib/maxlink/services_status.json
[2025-06-06 22:36:01] [INFO] [interface] Statuts chargés depuis /var/lib/maxlink/services_status.json
[2025-06-06 22:36:06] [INFO] [interface] Statuts chargés depuis /var/lib/maxlink/services_status.json
[2025-06-06 22:36:11] [INFO] [interface] Statuts chargés depuis /var/lib/maxlink/services_status.json
[2025-06-06 22:36:16] [INFO] [interface] Statuts chargés depuis /var/lib/maxlink/services_status.json
[2025-06-06 22:36:21] [INFO] [interface] Statuts chargés depuis /var/lib/maxlink/services_status.json
[2025-06-06 22:36:26] [INFO] [interface] Statuts chargés depuis /var/lib/maxlink/services_status.json
