2025-06-17 11:12:15,059 - MaxLinkApp - INFO - ======================================================================
2025-06-17 11:12:15,059 - MaxLinkApp - INFO - Démarrage de MaxLink Admin Panel (version simplifiée)
2025-06-17 11:12:15,059 - MaxLinkApp - INFO - ======================================================================
2025-06-17 11:12:15,069 - MaxLinkApp - INFO - Variables chargées: 1 variables
2025-06-17 11:12:15,115 - MaxLinkApp - INFO - Initialisation de l'application MaxLink (version simplifiée)
2025-06-17 11:12:15,139 - MaxLinkApp - INFO - Mode root: False
2025-06-17 11:12:15,139 - MaxLinkApp - INFO - Services chargés: 6
2025-06-17 11:12:15,149 - MaxLinkApp - DEBUG - Indicateur mis à jour pour update: rouge
2025-06-17 11:12:15,150 - MaxLinkApp - DEBUG - Indicateur mis à jour pour ap: rouge
2025-06-17 11:12:15,150 - MaxLinkApp - DEBUG - Indicateur mis à jour pour nginx: rouge
2025-06-17 11:12:15,150 - MaxLinkApp - DEBUG - Indicateur mis à jour pour mqtt: rouge
2025-06-17 11:12:15,151 - MaxLinkApp - DEBUG - Indicateur mis à jour pour mqtt_wgs: rouge
2025-06-17 11:12:15,151 - MaxLinkApp - DEBUG - Indicateur mis à jour pour orchestrator: rouge
2025-06-17 11:12:15,151 - MaxLinkApp - DEBUG - Indicateur mis à jour pour update: rouge
2025-06-17 11:12:15,151 - MaxLinkApp - DEBUG - Indicateur mis à jour pour ap: rouge
2025-06-17 11:12:15,151 - MaxLinkApp - DEBUG - Indicateur mis à jour pour nginx: rouge
2025-06-17 11:12:15,152 - MaxLinkApp - DEBUG - Indicateur mis à jour pour mqtt: rouge
2025-06-17 11:12:15,152 - MaxLinkApp - DEBUG - Indicateur mis à jour pour mqtt_wgs: rouge
2025-06-17 11:12:15,152 - MaxLinkApp - DEBUG - Indicateur mis à jour pour orchestrator: rouge
2025-06-17 11:12:15,152 - MaxLinkApp - DEBUG - Rafraîchissement des indicateurs effectué
2025-06-17 11:12:15,152 - MaxLinkApp - INFO - Interface prête
2025-06-17 11:12:16,875 - MaxLinkApp - INFO - Fermeture de l'application
