2025-06-19 13:06:52,586 - MaxLinkApp - INFO - ======================================================================
2025-06-19 13:06:52,586 - MaxLinkApp - INFO - Démarrage de MaxLink Admin Panel (version simplifiée)
2025-06-19 13:06:52,586 - MaxLinkApp - INFO - ======================================================================
2025-06-19 13:06:52,589 - MaxLinkApp - INFO - Variables chargées: 1 variables
2025-06-19 13:06:52,650 - MaxLinkApp - INFO - Initialisation de l'application MaxLink (version simplifiée)
2025-06-19 13:06:52,672 - MaxLinkApp - INFO - Mode root: True
2025-06-19 13:06:52,673 - MaxLinkApp - INFO - Services chargés: 6
2025-06-19 13:06:52,712 - MaxLinkApp - DEBUG - Indicateur mis à jour pour update: rouge
2025-06-19 13:06:52,712 - MaxLinkApp - DEBUG - Indicateur mis à jour pour ap: rouge
2025-06-19 13:06:52,712 - MaxLinkApp - DEBUG - Indicateur mis à jour pour nginx: rouge
2025-06-19 13:06:52,712 - MaxLinkApp - DEBUG - Indicateur mis à jour pour mqtt: rouge
2025-06-19 13:06:52,712 - MaxLinkApp - DEBUG - Indicateur mis à jour pour mqtt_wgs: rouge
2025-06-19 13:06:52,712 - MaxLinkApp - DEBUG - Indicateur mis à jour pour orchestrator: rouge
2025-06-19 13:06:52,712 - MaxLinkApp - DEBUG - Indicateur mis à jour pour update: rouge
2025-06-19 13:06:52,712 - MaxLinkApp - DEBUG - Indicateur mis à jour pour ap: rouge
2025-06-19 13:06:52,712 - MaxLinkApp - DEBUG - Indicateur mis à jour pour nginx: rouge
2025-06-19 13:06:52,712 - MaxLinkApp - DEBUG - Indicateur mis à jour pour mqtt: rouge
2025-06-19 13:06:52,712 - MaxLinkApp - DEBUG - Indicateur mis à jour pour mqtt_wgs: rouge
2025-06-19 13:06:52,712 - MaxLinkApp - DEBUG - Indicateur mis à jour pour orchestrator: rouge
2025-06-19 13:06:52,712 - MaxLinkApp - DEBUG - Rafraîchissement des indicateurs effectué
2025-06-19 13:06:52,712 - MaxLinkApp - INFO - Interface prête
2025-06-19 13:06:54,713 - MaxLinkApp - DEBUG - Indicateur mis à jour pour update: rouge
2025-06-19 13:06:54,713 - MaxLinkApp - DEBUG - Indicateur mis à jour pour ap: rouge
2025-06-19 13:06:54,713 - MaxLinkApp - DEBUG - Indicateur mis à jour pour nginx: rouge
2025-06-19 13:06:54,713 - MaxLinkApp - DEBUG - Indicateur mis à jour pour mqtt: rouge
2025-06-19 13:06:54,713 - MaxLinkApp - DEBUG - Indicateur mis à jour pour mqtt_wgs: rouge
2025-06-19 13:06:54,713 - MaxLinkApp - DEBUG - Indicateur mis à jour pour orchestrator: rouge
2025-06-19 13:06:54,713 - MaxLinkApp - DEBUG - Rafraîchissement des indicateurs effectué
2025-06-19 13:06:56,713 - MaxLinkApp - DEBUG - Indicateur mis à jour pour update: rouge
2025-06-19 13:06:56,714 - MaxLinkApp - DEBUG - Indicateur mis à jour pour ap: rouge
2025-06-19 13:06:56,714 - MaxLinkApp - DEBUG - Indicateur mis à jour pour nginx: rouge
2025-06-19 13:06:56,714 - MaxLinkApp - DEBUG - Indicateur mis à jour pour mqtt: rouge
2025-06-19 13:06:56,714 - MaxLinkApp - DEBUG - Indicateur mis à jour pour mqtt_wgs: rouge
2025-06-19 13:06:56,714 - MaxLinkApp - DEBUG - Indicateur mis à jour pour orchestrator: rouge
2025-06-19 13:06:56,714 - MaxLinkApp - DEBUG - Rafraîchissement des indicateurs effectué
2025-06-19 13:06:58,714 - MaxLinkApp - DEBUG - Indicateur mis à jour pour update: rouge
2025-06-19 13:06:58,714 - MaxLinkApp - DEBUG - Indicateur mis à jour pour ap: rouge
2025-06-19 13:06:58,715 - MaxLinkApp - DEBUG - Indicateur mis à jour pour nginx: rouge
2025-06-19 13:06:58,715 - MaxLinkApp - DEBUG - Indicateur mis à jour pour mqtt: rouge
2025-06-19 13:06:58,715 - MaxLinkApp - DEBUG - Indicateur mis à jour pour mqtt_wgs: rouge
2025-06-19 13:06:58,715 - MaxLinkApp - DEBUG - Indicateur mis à jour pour orchestrator: rouge
2025-06-19 13:06:58,715 - MaxLinkApp - DEBUG - Rafraîchissement des indicateurs effectué
2025-06-19 13:06:59,628 - MaxLinkApp - INFO - Lancement de l'installation complète
2025-06-19 13:07:00,715 - MaxLinkApp - DEBUG - Indicateur mis à jour pour update: rouge
2025-06-19 13:07:00,715 - MaxLinkApp - DEBUG - Indicateur mis à jour pour ap: rouge
2025-06-19 13:07:00,715 - MaxLinkApp - DEBUG - Indicateur mis à jour pour nginx: rouge
2025-06-19 13:07:00,716 - MaxLinkApp - DEBUG - Indicateur mis à jour pour mqtt: rouge
2025-06-19 13:07:00,716 - MaxLinkApp - DEBUG - Indicateur mis à jour pour mqtt_wgs: rouge
2025-06-19 13:07:00,716 - MaxLinkApp - DEBUG - Indicateur mis à jour pour orchestrator: rouge
2025-06-19 13:07:00,716 - MaxLinkApp - DEBUG - Rafraîchissement des indicateurs effectué
2025-06-19 13:07:01,700 - MaxLinkApp - INFO - Exécution du script: /media/prod/USBTOOL/scripts/install/full_install_install.sh
2025-06-19 13:15:16,000 - MaxLinkApp - DEBUG - Indicateur mis à jour pour update: vert
2025-06-19 13:15:16,001 - MaxLinkApp - DEBUG - Indicateur mis à jour pour ap: rouge
2025-06-19 13:15:16,001 - MaxLinkApp - DEBUG - Indicateur mis à jour pour nginx: rouge
2025-06-19 13:15:16,001 - MaxLinkApp - DEBUG - Indicateur mis à jour pour mqtt: rouge
2025-06-19 13:15:16,001 - MaxLinkApp - DEBUG - Indicateur mis à jour pour mqtt_wgs: rouge
2025-06-19 13:15:16,001 - MaxLinkApp - DEBUG - Indicateur mis à jour pour orchestrator: rouge
2025-06-19 13:15:55,917 - MaxLinkApp - DEBUG - Indicateur mis à jour pour update: vert
2025-06-19 13:15:55,917 - MaxLinkApp - DEBUG - Indicateur mis à jour pour ap: vert
2025-06-19 13:15:55,917 - MaxLinkApp - DEBUG - Indicateur mis à jour pour nginx: rouge
2025-06-19 13:15:55,917 - MaxLinkApp - DEBUG - Indicateur mis à jour pour mqtt: rouge
2025-06-19 13:15:55,917 - MaxLinkApp - DEBUG - Indicateur mis à jour pour mqtt_wgs: rouge
2025-06-19 13:15:55,917 - MaxLinkApp - DEBUG - Indicateur mis à jour pour orchestrator: rouge
2025-06-19 13:16:27,308 - MaxLinkApp - DEBUG - Indicateur mis à jour pour update: vert
2025-06-19 13:16:27,309 - MaxLinkApp - DEBUG - Indicateur mis à jour pour ap: vert
2025-06-19 13:16:27,309 - MaxLinkApp - DEBUG - Indicateur mis à jour pour nginx: vert
2025-06-19 13:16:27,309 - MaxLinkApp - DEBUG - Indicateur mis à jour pour mqtt: rouge
2025-06-19 13:16:27,309 - MaxLinkApp - DEBUG - Indicateur mis à jour pour mqtt_wgs: rouge
2025-06-19 13:16:27,309 - MaxLinkApp - DEBUG - Indicateur mis à jour pour orchestrator: rouge
2025-06-19 13:17:02,401 - MaxLinkApp - DEBUG - Indicateur mis à jour pour update: vert
2025-06-19 13:17:02,401 - MaxLinkApp - DEBUG - Indicateur mis à jour pour ap: vert
2025-06-19 13:17:02,401 - MaxLinkApp - DEBUG - Indicateur mis à jour pour nginx: vert
2025-06-19 13:17:02,401 - MaxLinkApp - DEBUG - Indicateur mis à jour pour mqtt: vert
2025-06-19 13:17:02,401 - MaxLinkApp - DEBUG - Indicateur mis à jour pour mqtt_wgs: rouge
2025-06-19 13:17:02,401 - MaxLinkApp - DEBUG - Indicateur mis à jour pour orchestrator: rouge
2025-06-19 13:17:40,929 - MaxLinkApp - DEBUG - Indicateur mis à jour pour update: vert
2025-06-19 13:17:40,929 - MaxLinkApp - DEBUG - Indicateur mis à jour pour ap: vert
2025-06-19 13:17:40,929 - MaxLinkApp - DEBUG - Indicateur mis à jour pour nginx: vert
2025-06-19 13:17:40,929 - MaxLinkApp - DEBUG - Indicateur mis à jour pour mqtt: vert
2025-06-19 13:17:40,929 - MaxLinkApp - DEBUG - Indicateur mis à jour pour mqtt_wgs: vert
2025-06-19 13:17:40,929 - MaxLinkApp - DEBUG - Indicateur mis à jour pour orchestrator: rouge
2025-06-19 13:18:01,508 - MaxLinkApp - DEBUG - Indicateur mis à jour pour update: vert
2025-06-19 13:18:01,508 - MaxLinkApp - DEBUG - Indicateur mis à jour pour ap: vert
2025-06-19 13:18:01,508 - MaxLinkApp - DEBUG - Indicateur mis à jour pour nginx: vert
2025-06-19 13:18:01,508 - MaxLinkApp - DEBUG - Indicateur mis à jour pour mqtt: vert
2025-06-19 13:18:01,508 - MaxLinkApp - DEBUG - Indicateur mis à jour pour mqtt_wgs: vert
2025-06-19 13:18:01,508 - MaxLinkApp - DEBUG - Indicateur mis à jour pour orchestrator: vert
