2025-06-16 11:41:42,118 - MaxLinkApp - INFO - ======================================================================
2025-06-16 11:41:42,119 - MaxLinkApp - INFO - Démarrage de MaxLink Admin Panel (version simplifiée)
2025-06-16 11:41:42,119 - MaxLinkApp - INFO - ======================================================================
2025-06-16 11:41:42,126 - MaxLinkApp - INFO - Variables chargées: 1 variables
2025-06-16 11:41:42,189 - MaxLinkApp - INFO - Initialisation de l'application MaxLink (version simplifiée)
2025-06-16 11:41:42,196 - MaxLinkApp - INFO - Mode root: True
2025-06-16 11:41:42,197 - MaxLinkApp - INFO - Services chargés: 6
2025-06-16 11:41:42,239 - MaxLinkApp - DEBUG - Indicateur mis à jour pour update: rouge
2025-06-16 11:41:42,239 - MaxLinkApp - DEBUG - Indicateur mis à jour pour ap: rouge
2025-06-16 11:41:42,239 - MaxLinkApp - DEBUG - Indicateur mis à jour pour nginx: rouge
2025-06-16 11:41:42,239 - MaxLinkApp - DEBUG - Indicateur mis à jour pour mqtt: rouge
2025-06-16 11:41:42,239 - MaxLinkApp - DEBUG - Indicateur mis à jour pour mqtt_wgs: rouge
2025-06-16 11:41:42,239 - MaxLinkApp - DEBUG - Indicateur mis à jour pour orchestrator: rouge
2025-06-16 11:41:42,240 - MaxLinkApp - DEBUG - Indicateur mis à jour pour update: rouge
2025-06-16 11:41:42,240 - MaxLinkApp - DEBUG - Indicateur mis à jour pour ap: rouge
2025-06-16 11:41:42,240 - MaxLinkApp - DEBUG - Indicateur mis à jour pour nginx: rouge
2025-06-16 11:41:42,240 - MaxLinkApp - DEBUG - Indicateur mis à jour pour mqtt: rouge
2025-06-16 11:41:42,240 - MaxLinkApp - DEBUG - Indicateur mis à jour pour mqtt_wgs: rouge
2025-06-16 11:41:42,240 - MaxLinkApp - DEBUG - Indicateur mis à jour pour orchestrator: rouge
2025-06-16 11:41:42,240 - MaxLinkApp - DEBUG - Rafraîchissement des indicateurs effectué
2025-06-16 11:41:42,240 - MaxLinkApp - INFO - Interface prête
2025-06-16 11:41:44,240 - MaxLinkApp - DEBUG - Indicateur mis à jour pour update: rouge
2025-06-16 11:41:44,240 - MaxLinkApp - DEBUG - Indicateur mis à jour pour ap: rouge
2025-06-16 11:41:44,240 - MaxLinkApp - DEBUG - Indicateur mis à jour pour nginx: rouge
2025-06-16 11:41:44,240 - MaxLinkApp - DEBUG - Indicateur mis à jour pour mqtt: rouge
2025-06-16 11:41:44,240 - MaxLinkApp - DEBUG - Indicateur mis à jour pour mqtt_wgs: rouge
2025-06-16 11:41:44,241 - MaxLinkApp - DEBUG - Indicateur mis à jour pour orchestrator: rouge
2025-06-16 11:41:44,241 - MaxLinkApp - DEBUG - Rafraîchissement des indicateurs effectué
2025-06-16 11:41:46,241 - MaxLinkApp - DEBUG - Indicateur mis à jour pour update: rouge
2025-06-16 11:41:46,241 - MaxLinkApp - DEBUG - Indicateur mis à jour pour ap: rouge
2025-06-16 11:41:46,241 - MaxLinkApp - DEBUG - Indicateur mis à jour pour nginx: rouge
2025-06-16 11:41:46,241 - MaxLinkApp - DEBUG - Indicateur mis à jour pour mqtt: rouge
2025-06-16 11:41:46,241 - MaxLinkApp - DEBUG - Indicateur mis à jour pour mqtt_wgs: rouge
2025-06-16 11:41:46,241 - MaxLinkApp - DEBUG - Indicateur mis à jour pour orchestrator: rouge
2025-06-16 11:41:46,241 - MaxLinkApp - DEBUG - Rafraîchissement des indicateurs effectué
2025-06-16 11:41:47,353 - MaxLinkApp - INFO - Lancement de l'installation complète
2025-06-16 11:41:48,242 - MaxLinkApp - DEBUG - Indicateur mis à jour pour update: rouge
2025-06-16 11:41:48,242 - MaxLinkApp - DEBUG - Indicateur mis à jour pour ap: rouge
2025-06-16 11:41:48,242 - MaxLinkApp - DEBUG - Indicateur mis à jour pour nginx: rouge
2025-06-16 11:41:48,242 - MaxLinkApp - DEBUG - Indicateur mis à jour pour mqtt: rouge
2025-06-16 11:41:48,242 - MaxLinkApp - DEBUG - Indicateur mis à jour pour mqtt_wgs: rouge
2025-06-16 11:41:48,242 - MaxLinkApp - DEBUG - Indicateur mis à jour pour orchestrator: rouge
2025-06-16 11:41:48,243 - MaxLinkApp - DEBUG - Rafraîchissement des indicateurs effectué
2025-06-16 11:41:50,202 - MaxLinkApp - INFO - Exécution du script: /media/prod/WERIT/scripts/install/full_install_install.sh
2025-06-16 11:46:25,541 - MaxLinkApp - INFO - Signal de rafraîchissement reçu
2025-06-16 11:46:25,642 - MaxLinkApp - DEBUG - Indicateur mis à jour pour update: vert
2025-06-16 11:46:25,642 - MaxLinkApp - DEBUG - Indicateur mis à jour pour ap: rouge
2025-06-16 11:46:25,642 - MaxLinkApp - DEBUG - Indicateur mis à jour pour nginx: rouge
2025-06-16 11:46:25,642 - MaxLinkApp - DEBUG - Indicateur mis à jour pour mqtt: rouge
2025-06-16 11:46:25,642 - MaxLinkApp - DEBUG - Indicateur mis à jour pour mqtt_wgs: vert
2025-06-16 11:46:25,642 - MaxLinkApp - DEBUG - Indicateur mis à jour pour orchestrator: vert
2025-06-16 11:46:25,795 - MaxLinkApp - DEBUG - Indicateur mis à jour pour update: vert
2025-06-16 11:46:25,795 - MaxLinkApp - DEBUG - Indicateur mis à jour pour ap: rouge
2025-06-16 11:46:25,796 - MaxLinkApp - DEBUG - Indicateur mis à jour pour nginx: rouge
2025-06-16 11:46:25,796 - MaxLinkApp - DEBUG - Indicateur mis à jour pour mqtt: rouge
2025-06-16 11:46:25,796 - MaxLinkApp - DEBUG - Indicateur mis à jour pour mqtt_wgs: vert
2025-06-16 11:46:25,796 - MaxLinkApp - DEBUG - Indicateur mis à jour pour orchestrator: vert
2025-06-16 11:46:27,536 - MaxLinkApp - INFO - Installation terminée avec code: 127
